[2022-09-23T11:10:27.222+0000] {taskinstance.py:1165} INFO - Dependencies all met for <TaskInstance: extract.create_table manual__2022-09-23T11:10:25.915884+00:00 [queued]>
[2022-09-23T11:10:27.232+0000] {taskinstance.py:1165} INFO - Dependencies all met for <TaskInstance: extract.create_table manual__2022-09-23T11:10:25.915884+00:00 [queued]>
[2022-09-23T11:10:27.232+0000] {taskinstance.py:1362} INFO - 
--------------------------------------------------------------------------------
[2022-09-23T11:10:27.232+0000] {taskinstance.py:1363} INFO - Starting attempt 1 of 1
[2022-09-23T11:10:27.232+0000] {taskinstance.py:1364} INFO - 
--------------------------------------------------------------------------------
[2022-09-23T11:10:27.244+0000] {taskinstance.py:1383} INFO - Executing <Task(PostgresOperator): create_table> on 2022-09-23 11:10:25.915884+00:00
[2022-09-23T11:10:27.248+0000] {standard_task_runner.py:54} INFO - Started process 96 to run task
[2022-09-23T11:10:27.251+0000] {standard_task_runner.py:82} INFO - Running: ['***', 'tasks', 'run', 'extract', 'create_table', 'manual__2022-09-23T11:10:25.915884+00:00', '--job-id', '94', '--raw', '--subdir', 'DAGS_FOLDER/extract.py', '--cfg-path', '/tmp/tmpt97kzk6b']
[2022-09-23T11:10:27.252+0000] {standard_task_runner.py:83} INFO - Job 94: Subtask create_table
[2022-09-23T11:10:27.252+0000] {dagbag.py:525} INFO - Filling up the DagBag from /opt/***/dags/extract.py
[2022-09-23T11:10:27.435+0000] {task_command.py:384} INFO - Running <TaskInstance: extract.create_table manual__2022-09-23T11:10:25.915884+00:00 [running]> on host b8dbd57348f7
[2022-09-23T11:10:27.496+0000] {taskinstance.py:1592} INFO - Exporting the following env vars:
AIRFLOW_CTX_DAG_EMAIL=isaaclucky88@gmail.com
AIRFLOW_CTX_DAG_OWNER=yishaktadele
AIRFLOW_CTX_DAG_ID=extract
AIRFLOW_CTX_TASK_ID=create_table
AIRFLOW_CTX_EXECUTION_DATE=2022-09-23T11:10:25.915884+00:00
AIRFLOW_CTX_TRY_NUMBER=1
AIRFLOW_CTX_DAG_RUN_ID=manual__2022-09-23T11:10:25.915884+00:00
[2022-09-23T11:10:27.504+0000] {base.py:71} INFO - Using connection ID 'postgres' for task execution.
[2022-09-23T11:10:27.508+0000] {sql.py:315} INFO - Running statement: -- CREATE DATABASE IF NOT EXISTS `city_traffic`;
CREATE TABLE IF NOT EXISTS  objects (
   track_id INT PRIMARY KEY,
   type varchar(20),
   traveled_d FLOAT,
   avg_speed FLOAT,
   lat FLOAT,
   lon FLOAT,
   speed FLOAT, 
   lon_acc FLOAT,
   lat_acc FLOAT,
   time FLOAT
);, parameters: None
[2022-09-23T11:10:27.509+0000] {postgres.py:94} INFO - NOTICE:  relation "objects" already exists, skipping

[2022-09-23T11:10:27.518+0000] {taskinstance.py:1406} INFO - Marking task as SUCCESS. dag_id=extract, task_id=create_table, execution_date=20220923T111025, start_date=20220923T111027, end_date=20220923T111027
[2022-09-23T11:10:27.543+0000] {local_task_job.py:164} INFO - Task exited with return code 0
[2022-09-23T11:10:27.563+0000] {local_task_job.py:273} INFO - 1 downstream tasks scheduled from follow-on schedule check
