[2022-09-26T08:30:34.385+0000] {taskinstance.py:1165} INFO - Dependencies all met for <TaskInstance: dbt_dag.model.migrate_to_dbt.view_data scheduled__2021-06-11T00:00:00+00:00 [queued]>
[2022-09-26T08:30:34.406+0000] {taskinstance.py:1165} INFO - Dependencies all met for <TaskInstance: dbt_dag.model.migrate_to_dbt.view_data scheduled__2021-06-11T00:00:00+00:00 [queued]>
[2022-09-26T08:30:34.406+0000] {taskinstance.py:1362} INFO - 
--------------------------------------------------------------------------------
[2022-09-26T08:30:34.407+0000] {taskinstance.py:1363} INFO - Starting attempt 1 of 2
[2022-09-26T08:30:34.407+0000] {taskinstance.py:1364} INFO - 
--------------------------------------------------------------------------------
[2022-09-26T08:30:34.433+0000] {taskinstance.py:1383} INFO - Executing <Task(BashOperator): model.migrate_to_dbt.view_data> on 2021-06-11 00:00:00+00:00
[2022-09-26T08:30:34.439+0000] {standard_task_runner.py:54} INFO - Started process 3686 to run task
[2022-09-26T08:30:34.443+0000] {standard_task_runner.py:82} INFO - Running: ['***', 'tasks', 'run', 'dbt_dag', 'model.migrate_to_dbt.view_data', 'scheduled__2021-06-11T00:00:00+00:00', '--job-id', '682', '--raw', '--subdir', 'DAGS_FOLDER/dbt_dag.py', '--cfg-path', '/tmp/tmpxno2orfs']
[2022-09-26T08:30:34.444+0000] {standard_task_runner.py:83} INFO - Job 682: Subtask model.migrate_to_dbt.view_data
[2022-09-26T08:30:34.445+0000] {dagbag.py:525} INFO - Filling up the DagBag from /opt/***/dags/dbt_dag.py
[2022-09-26T08:30:34.545+0000] {task_command.py:384} INFO - Running <TaskInstance: dbt_dag.model.migrate_to_dbt.view_data scheduled__2021-06-11T00:00:00+00:00 [running]> on host 3c654011b3f0
[2022-09-26T08:30:34.684+0000] {taskinstance.py:1592} INFO - Exporting the following env vars:
AIRFLOW_CTX_DAG_EMAIL=isaaclucky88@gmail.com
AIRFLOW_CTX_DAG_OWNER=astronomer
AIRFLOW_CTX_DAG_ID=dbt_dag
AIRFLOW_CTX_TASK_ID=model.migrate_to_dbt.view_data
AIRFLOW_CTX_EXECUTION_DATE=2021-06-11T00:00:00+00:00
AIRFLOW_CTX_TRY_NUMBER=1
AIRFLOW_CTX_DAG_RUN_ID=scheduled__2021-06-11T00:00:00+00:00
[2022-09-26T08:30:34.685+0000] {subprocess.py:63} INFO - Tmp dir root location: 
 /tmp
[2022-09-26T08:30:34.686+0000] {subprocess.py:75} INFO - Running command: ['/bin/bash', '-c', '\n            cd /opt/***/migrate_to_dbt &&\n            dbt --no-write-json run --target prod --models view_data\n            ']
[2022-09-26T08:30:34.701+0000] {subprocess.py:86} INFO - Output:
[2022-09-26T08:30:34.704+0000] {subprocess.py:93} INFO - /bin/bash: line 3: dbt: command not found
[2022-09-26T08:30:34.705+0000] {subprocess.py:97} INFO - Command exited with return code 127
[2022-09-26T08:30:34.726+0000] {taskinstance.py:1851} ERROR - Task failed with exception
Traceback (most recent call last):
  File "/home/airflow/.local/lib/python3.7/site-packages/airflow/operators/bash.py", line 197, in execute
    f'Bash command failed. The command returned a non-zero exit code {result.exit_code}.'
airflow.exceptions.AirflowException: Bash command failed. The command returned a non-zero exit code 127.
[2022-09-26T08:30:34.733+0000] {taskinstance.py:1406} INFO - Marking task as UP_FOR_RETRY. dag_id=dbt_dag, task_id=model.migrate_to_dbt.view_data, execution_date=20210611T000000, start_date=20220926T083034, end_date=20220926T083034
[2022-09-26T08:30:34.754+0000] {standard_task_runner.py:107} ERROR - Failed to execute job 682 for task model.migrate_to_dbt.view_data (Bash command failed. The command returned a non-zero exit code 127.; 3686)
[2022-09-26T08:30:34.774+0000] {local_task_job.py:164} INFO - Task exited with return code 1
[2022-09-26T08:30:34.902+0000] {local_task_job.py:273} INFO - 0 downstream tasks scheduled from follow-on schedule check
