[2022-09-25T12:23:19.435+0000] {taskinstance.py:1165} INFO - Dependencies all met for <TaskInstance: dbt_dag.model.migrate_to_dbt.view_data scheduled__2020-12-24T00:00:00+00:00 [queued]>
[2022-09-25T12:23:19.444+0000] {taskinstance.py:1165} INFO - Dependencies all met for <TaskInstance: dbt_dag.model.migrate_to_dbt.view_data scheduled__2020-12-24T00:00:00+00:00 [queued]>
[2022-09-25T12:23:19.445+0000] {taskinstance.py:1362} INFO - 
--------------------------------------------------------------------------------
[2022-09-25T12:23:19.445+0000] {taskinstance.py:1363} INFO - Starting attempt 2 of 2
[2022-09-25T12:23:19.445+0000] {taskinstance.py:1364} INFO - 
--------------------------------------------------------------------------------
[2022-09-25T12:23:19.457+0000] {taskinstance.py:1383} INFO - Executing <Task(BashOperator): model.migrate_to_dbt.view_data> on 2020-12-24 00:00:00+00:00
[2022-09-25T12:23:19.463+0000] {standard_task_runner.py:54} INFO - Started process 122 to run task
[2022-09-25T12:23:19.466+0000] {standard_task_runner.py:82} INFO - Running: ['***', 'tasks', 'run', 'dbt_dag', 'model.migrate_to_dbt.view_data', 'scheduled__2020-12-24T00:00:00+00:00', '--job-id', '79', '--raw', '--subdir', 'DAGS_FOLDER/dbt_dag.py', '--cfg-path', '/tmp/tmp1yis2e8q']
[2022-09-25T12:23:19.466+0000] {standard_task_runner.py:83} INFO - Job 79: Subtask model.migrate_to_dbt.view_data
[2022-09-25T12:23:19.467+0000] {dagbag.py:525} INFO - Filling up the DagBag from /opt/***/dags/dbt_dag.py
[2022-09-25T12:23:19.536+0000] {task_command.py:384} INFO - Running <TaskInstance: dbt_dag.model.migrate_to_dbt.view_data scheduled__2020-12-24T00:00:00+00:00 [running]> on host 2768f2fff4c2
[2022-09-25T12:23:19.608+0000] {taskinstance.py:1592} INFO - Exporting the following env vars:
AIRFLOW_CTX_DAG_EMAIL=isaaclucky88@gmail.com
AIRFLOW_CTX_DAG_OWNER=astronomer
AIRFLOW_CTX_DAG_ID=dbt_dag
AIRFLOW_CTX_TASK_ID=model.migrate_to_dbt.view_data
AIRFLOW_CTX_EXECUTION_DATE=2020-12-24T00:00:00+00:00
AIRFLOW_CTX_TRY_NUMBER=2
AIRFLOW_CTX_DAG_RUN_ID=scheduled__2020-12-24T00:00:00+00:00
[2022-09-25T12:23:19.609+0000] {subprocess.py:63} INFO - Tmp dir root location: 
 /tmp
[2022-09-25T12:23:19.611+0000] {subprocess.py:75} INFO - Running command: ['/bin/bash', '-c', '\n            cd /opt/***/migrate_to_dbt &&\n            dbt --no-write-json run --target prod --models view_data\n            ']
[2022-09-25T12:23:19.622+0000] {subprocess.py:86} INFO - Output:
[2022-09-25T12:23:19.624+0000] {subprocess.py:93} INFO - /bin/bash: line 3: dbt: command not found
[2022-09-25T12:23:19.625+0000] {subprocess.py:97} INFO - Command exited with return code 127
[2022-09-25T12:23:19.640+0000] {taskinstance.py:1851} ERROR - Task failed with exception
Traceback (most recent call last):
  File "/home/airflow/.local/lib/python3.7/site-packages/airflow/operators/bash.py", line 197, in execute
    f'Bash command failed. The command returned a non-zero exit code {result.exit_code}.'
airflow.exceptions.AirflowException: Bash command failed. The command returned a non-zero exit code 127.
[2022-09-25T12:23:19.645+0000] {taskinstance.py:1406} INFO - Marking task as FAILED. dag_id=dbt_dag, task_id=model.migrate_to_dbt.view_data, execution_date=20201224T000000, start_date=20220925T122319, end_date=20220925T122319
[2022-09-25T12:23:19.657+0000] {standard_task_runner.py:107} ERROR - Failed to execute job 79 for task model.migrate_to_dbt.view_data (Bash command failed. The command returned a non-zero exit code 127.; 122)
[2022-09-25T12:23:19.678+0000] {local_task_job.py:164} INFO - Task exited with return code 1
[2022-09-25T12:23:19.706+0000] {local_task_job.py:273} INFO - 0 downstream tasks scheduled from follow-on schedule check
[2022-09-25T15:24:39.025+0000] {taskinstance.py:1165} INFO - Dependencies all met for <TaskInstance: dbt_dag.model.migrate_to_dbt.view_data scheduled__2020-12-24T00:00:00+00:00 [queued]>
[2022-09-25T15:24:39.061+0000] {taskinstance.py:1165} INFO - Dependencies all met for <TaskInstance: dbt_dag.model.migrate_to_dbt.view_data scheduled__2020-12-24T00:00:00+00:00 [queued]>
[2022-09-25T15:24:39.061+0000] {taskinstance.py:1362} INFO - 
--------------------------------------------------------------------------------
[2022-09-25T15:24:39.062+0000] {taskinstance.py:1363} INFO - Starting attempt 2 of 2
[2022-09-25T15:24:39.062+0000] {taskinstance.py:1364} INFO - 
--------------------------------------------------------------------------------
[2022-09-25T15:24:39.186+0000] {taskinstance.py:1383} INFO - Executing <Task(BashOperator): model.migrate_to_dbt.view_data> on 2020-12-24 00:00:00+00:00
[2022-09-25T15:24:39.203+0000] {standard_task_runner.py:54} INFO - Started process 2348 to run task
[2022-09-25T15:24:39.212+0000] {standard_task_runner.py:82} INFO - Running: ['***', 'tasks', 'run', 'dbt_dag', 'model.migrate_to_dbt.view_data', 'scheduled__2020-12-24T00:00:00+00:00', '--job-id', '71', '--raw', '--subdir', 'DAGS_FOLDER/dbt_dag.py', '--cfg-path', '/tmp/tmpqz7ehhle']
[2022-09-25T15:24:39.213+0000] {standard_task_runner.py:83} INFO - Job 71: Subtask model.migrate_to_dbt.view_data
[2022-09-25T15:24:39.215+0000] {dagbag.py:525} INFO - Filling up the DagBag from /opt/***/dags/dbt_dag.py
[2022-09-25T15:24:39.795+0000] {task_command.py:384} INFO - Running <TaskInstance: dbt_dag.model.migrate_to_dbt.view_data scheduled__2020-12-24T00:00:00+00:00 [running]> on host 3c654011b3f0
[2022-09-25T15:24:40.335+0000] {taskinstance.py:1592} INFO - Exporting the following env vars:
AIRFLOW_CTX_DAG_EMAIL=isaaclucky88@gmail.com
AIRFLOW_CTX_DAG_OWNER=astronomer
AIRFLOW_CTX_DAG_ID=dbt_dag
AIRFLOW_CTX_TASK_ID=model.migrate_to_dbt.view_data
AIRFLOW_CTX_EXECUTION_DATE=2020-12-24T00:00:00+00:00
AIRFLOW_CTX_TRY_NUMBER=2
AIRFLOW_CTX_DAG_RUN_ID=scheduled__2020-12-24T00:00:00+00:00
[2022-09-25T15:24:40.337+0000] {subprocess.py:63} INFO - Tmp dir root location: 
 /tmp
[2022-09-25T15:24:40.339+0000] {subprocess.py:75} INFO - Running command: ['/bin/bash', '-c', '\n            cd /opt/***/migrate_to_dbt &&\n            dbt --no-write-json run --target prod --models view_data\n            ']
[2022-09-25T15:24:40.390+0000] {subprocess.py:86} INFO - Output:
[2022-09-25T15:24:40.393+0000] {subprocess.py:93} INFO - /bin/bash: line 3: dbt: command not found
[2022-09-25T15:24:40.395+0000] {subprocess.py:97} INFO - Command exited with return code 127
[2022-09-25T15:24:40.501+0000] {taskinstance.py:1851} ERROR - Task failed with exception
Traceback (most recent call last):
  File "/home/airflow/.local/lib/python3.7/site-packages/airflow/operators/bash.py", line 197, in execute
    f'Bash command failed. The command returned a non-zero exit code {result.exit_code}.'
airflow.exceptions.AirflowException: Bash command failed. The command returned a non-zero exit code 127.
[2022-09-25T15:24:40.553+0000] {taskinstance.py:1406} INFO - Marking task as FAILED. dag_id=dbt_dag, task_id=model.migrate_to_dbt.view_data, execution_date=20201224T000000, start_date=20220925T152439, end_date=20220925T152440
[2022-09-25T15:24:40.712+0000] {standard_task_runner.py:107} ERROR - Failed to execute job 71 for task model.migrate_to_dbt.view_data (Bash command failed. The command returned a non-zero exit code 127.; 2348)
[2022-09-25T15:24:40.741+0000] {local_task_job.py:164} INFO - Task exited with return code 1
[2022-09-25T15:24:40.889+0000] {local_task_job.py:273} INFO - 0 downstream tasks scheduled from follow-on schedule check
