[2022-09-25T12:24:03.770+0000] {taskinstance.py:1165} INFO - Dependencies all met for <TaskInstance: dbt_dag.model.migrate_to_dbt.view_data scheduled__2021-01-18T00:00:00+00:00 [queued]>
[2022-09-25T12:24:03.792+0000] {taskinstance.py:1165} INFO - Dependencies all met for <TaskInstance: dbt_dag.model.migrate_to_dbt.view_data scheduled__2021-01-18T00:00:00+00:00 [queued]>
[2022-09-25T12:24:03.792+0000] {taskinstance.py:1362} INFO - 
--------------------------------------------------------------------------------
[2022-09-25T12:24:03.792+0000] {taskinstance.py:1363} INFO - Starting attempt 1 of 2
[2022-09-25T12:24:03.792+0000] {taskinstance.py:1364} INFO - 
--------------------------------------------------------------------------------
[2022-09-25T12:24:03.820+0000] {taskinstance.py:1383} INFO - Executing <Task(BashOperator): model.migrate_to_dbt.view_data> on 2021-01-18 00:00:00+00:00
[2022-09-25T12:24:03.829+0000] {standard_task_runner.py:54} INFO - Started process 308 to run task
[2022-09-25T12:24:03.833+0000] {standard_task_runner.py:82} INFO - Running: ['***', 'tasks', 'run', 'dbt_dag', 'model.migrate_to_dbt.view_data', 'scheduled__2021-01-18T00:00:00+00:00', '--job-id', '116', '--raw', '--subdir', 'DAGS_FOLDER/dbt_dag.py', '--cfg-path', '/tmp/tmpi051o1bo']
[2022-09-25T12:24:03.834+0000] {standard_task_runner.py:83} INFO - Job 116: Subtask model.migrate_to_dbt.view_data
[2022-09-25T12:24:03.835+0000] {dagbag.py:525} INFO - Filling up the DagBag from /opt/***/dags/dbt_dag.py
[2022-09-25T12:24:03.947+0000] {task_command.py:384} INFO - Running <TaskInstance: dbt_dag.model.migrate_to_dbt.view_data scheduled__2021-01-18T00:00:00+00:00 [running]> on host 2768f2fff4c2
[2022-09-25T12:24:04.066+0000] {taskinstance.py:1592} INFO - Exporting the following env vars:
AIRFLOW_CTX_DAG_EMAIL=isaaclucky88@gmail.com
AIRFLOW_CTX_DAG_OWNER=astronomer
AIRFLOW_CTX_DAG_ID=dbt_dag
AIRFLOW_CTX_TASK_ID=model.migrate_to_dbt.view_data
AIRFLOW_CTX_EXECUTION_DATE=2021-01-18T00:00:00+00:00
AIRFLOW_CTX_TRY_NUMBER=1
AIRFLOW_CTX_DAG_RUN_ID=scheduled__2021-01-18T00:00:00+00:00
[2022-09-25T12:24:04.068+0000] {subprocess.py:63} INFO - Tmp dir root location: 
 /tmp
[2022-09-25T12:24:04.069+0000] {subprocess.py:75} INFO - Running command: ['/bin/bash', '-c', '\n            cd /opt/***/migrate_to_dbt &&\n            dbt --no-write-json run --target prod --models view_data\n            ']
[2022-09-25T12:24:04.098+0000] {subprocess.py:86} INFO - Output:
[2022-09-25T12:24:04.103+0000] {subprocess.py:93} INFO - /bin/bash: line 3: dbt: command not found
[2022-09-25T12:24:04.105+0000] {subprocess.py:97} INFO - Command exited with return code 127
[2022-09-25T12:24:04.126+0000] {taskinstance.py:1851} ERROR - Task failed with exception
Traceback (most recent call last):
  File "/home/airflow/.local/lib/python3.7/site-packages/airflow/operators/bash.py", line 197, in execute
    f'Bash command failed. The command returned a non-zero exit code {result.exit_code}.'
airflow.exceptions.AirflowException: Bash command failed. The command returned a non-zero exit code 127.
[2022-09-25T12:24:04.136+0000] {taskinstance.py:1406} INFO - Marking task as UP_FOR_RETRY. dag_id=dbt_dag, task_id=model.migrate_to_dbt.view_data, execution_date=20210118T000000, start_date=20220925T122403, end_date=20220925T122404
[2022-09-25T12:24:04.164+0000] {standard_task_runner.py:107} ERROR - Failed to execute job 116 for task model.migrate_to_dbt.view_data (Bash command failed. The command returned a non-zero exit code 127.; 308)
[2022-09-25T12:24:04.205+0000] {local_task_job.py:164} INFO - Task exited with return code 1
[2022-09-25T12:24:04.335+0000] {local_task_job.py:273} INFO - 0 downstream tasks scheduled from follow-on schedule check
[2022-09-25T15:24:53.008+0000] {taskinstance.py:1165} INFO - Dependencies all met for <TaskInstance: dbt_dag.model.migrate_to_dbt.view_data scheduled__2021-01-18T00:00:00+00:00 [queued]>
[2022-09-25T15:24:53.043+0000] {taskinstance.py:1165} INFO - Dependencies all met for <TaskInstance: dbt_dag.model.migrate_to_dbt.view_data scheduled__2021-01-18T00:00:00+00:00 [queued]>
[2022-09-25T15:24:53.044+0000] {taskinstance.py:1362} INFO - 
--------------------------------------------------------------------------------
[2022-09-25T15:24:53.044+0000] {taskinstance.py:1363} INFO - Starting attempt 1 of 2
[2022-09-25T15:24:53.044+0000] {taskinstance.py:1364} INFO - 
--------------------------------------------------------------------------------
[2022-09-25T15:24:53.078+0000] {taskinstance.py:1383} INFO - Executing <Task(BashOperator): model.migrate_to_dbt.view_data> on 2021-01-18 00:00:00+00:00
[2022-09-25T15:24:53.086+0000] {standard_task_runner.py:54} INFO - Started process 2487 to run task
[2022-09-25T15:24:53.095+0000] {standard_task_runner.py:82} INFO - Running: ['***', 'tasks', 'run', 'dbt_dag', 'model.migrate_to_dbt.view_data', 'scheduled__2021-01-18T00:00:00+00:00', '--job-id', '107', '--raw', '--subdir', 'DAGS_FOLDER/dbt_dag.py', '--cfg-path', '/tmp/tmp4bre8so1']
[2022-09-25T15:24:53.097+0000] {standard_task_runner.py:83} INFO - Job 107: Subtask model.migrate_to_dbt.view_data
[2022-09-25T15:24:53.100+0000] {dagbag.py:525} INFO - Filling up the DagBag from /opt/***/dags/dbt_dag.py
[2022-09-25T15:24:53.232+0000] {task_command.py:384} INFO - Running <TaskInstance: dbt_dag.model.migrate_to_dbt.view_data scheduled__2021-01-18T00:00:00+00:00 [running]> on host 3c654011b3f0
[2022-09-25T15:24:53.378+0000] {taskinstance.py:1592} INFO - Exporting the following env vars:
AIRFLOW_CTX_DAG_EMAIL=isaaclucky88@gmail.com
AIRFLOW_CTX_DAG_OWNER=astronomer
AIRFLOW_CTX_DAG_ID=dbt_dag
AIRFLOW_CTX_TASK_ID=model.migrate_to_dbt.view_data
AIRFLOW_CTX_EXECUTION_DATE=2021-01-18T00:00:00+00:00
AIRFLOW_CTX_TRY_NUMBER=1
AIRFLOW_CTX_DAG_RUN_ID=scheduled__2021-01-18T00:00:00+00:00
[2022-09-25T15:24:53.380+0000] {subprocess.py:63} INFO - Tmp dir root location: 
 /tmp
[2022-09-25T15:24:53.381+0000] {subprocess.py:75} INFO - Running command: ['/bin/bash', '-c', '\n            cd /opt/***/migrate_to_dbt &&\n            dbt --no-write-json run --target prod --models view_data\n            ']
[2022-09-25T15:24:53.418+0000] {subprocess.py:86} INFO - Output:
[2022-09-25T15:24:53.456+0000] {subprocess.py:93} INFO - /bin/bash: line 3: dbt: command not found
[2022-09-25T15:24:53.459+0000] {subprocess.py:97} INFO - Command exited with return code 127
[2022-09-25T15:24:53.486+0000] {taskinstance.py:1851} ERROR - Task failed with exception
Traceback (most recent call last):
  File "/home/airflow/.local/lib/python3.7/site-packages/airflow/operators/bash.py", line 197, in execute
    f'Bash command failed. The command returned a non-zero exit code {result.exit_code}.'
airflow.exceptions.AirflowException: Bash command failed. The command returned a non-zero exit code 127.
[2022-09-25T15:24:53.495+0000] {taskinstance.py:1406} INFO - Marking task as UP_FOR_RETRY. dag_id=dbt_dag, task_id=model.migrate_to_dbt.view_data, execution_date=20210118T000000, start_date=20220925T152453, end_date=20220925T152453
[2022-09-25T15:24:53.522+0000] {standard_task_runner.py:107} ERROR - Failed to execute job 107 for task model.migrate_to_dbt.view_data (Bash command failed. The command returned a non-zero exit code 127.; 2487)
[2022-09-25T15:24:53.547+0000] {local_task_job.py:164} INFO - Task exited with return code 1
[2022-09-25T15:24:53.669+0000] {local_task_job.py:273} INFO - 0 downstream tasks scheduled from follow-on schedule check
