[2022-09-25T15:29:54.779+0000] {taskinstance.py:1165} INFO - Dependencies all met for <TaskInstance: dbt_dag.model.migrate_to_dbt.view_data scheduled__2021-01-18T00:00:00+00:00 [queued]>
[2022-09-25T15:29:54.801+0000] {taskinstance.py:1165} INFO - Dependencies all met for <TaskInstance: dbt_dag.model.migrate_to_dbt.view_data scheduled__2021-01-18T00:00:00+00:00 [queued]>
[2022-09-25T15:29:54.802+0000] {taskinstance.py:1362} INFO - 
--------------------------------------------------------------------------------
[2022-09-25T15:29:54.803+0000] {taskinstance.py:1363} INFO - Starting attempt 2 of 2
[2022-09-25T15:29:54.803+0000] {taskinstance.py:1364} INFO - 
--------------------------------------------------------------------------------
[2022-09-25T15:29:54.830+0000] {taskinstance.py:1383} INFO - Executing <Task(BashOperator): model.migrate_to_dbt.view_data> on 2021-01-18 00:00:00+00:00
[2022-09-25T15:29:54.837+0000] {standard_task_runner.py:54} INFO - Started process 2839 to run task
[2022-09-25T15:29:54.842+0000] {standard_task_runner.py:82} INFO - Running: ['***', 'tasks', 'run', 'dbt_dag', 'model.migrate_to_dbt.view_data', 'scheduled__2021-01-18T00:00:00+00:00', '--job-id', '142', '--raw', '--subdir', 'DAGS_FOLDER/dbt_dag.py', '--cfg-path', '/tmp/tmpit0auc0_']
[2022-09-25T15:29:54.843+0000] {standard_task_runner.py:83} INFO - Job 142: Subtask model.migrate_to_dbt.view_data
[2022-09-25T15:29:54.844+0000] {dagbag.py:525} INFO - Filling up the DagBag from /opt/***/dags/dbt_dag.py
[2022-09-25T15:29:54.971+0000] {task_command.py:384} INFO - Running <TaskInstance: dbt_dag.model.migrate_to_dbt.view_data scheduled__2021-01-18T00:00:00+00:00 [running]> on host 3c654011b3f0
[2022-09-25T15:29:55.096+0000] {taskinstance.py:1592} INFO - Exporting the following env vars:
AIRFLOW_CTX_DAG_EMAIL=isaaclucky88@gmail.com
AIRFLOW_CTX_DAG_OWNER=astronomer
AIRFLOW_CTX_DAG_ID=dbt_dag
AIRFLOW_CTX_TASK_ID=model.migrate_to_dbt.view_data
AIRFLOW_CTX_EXECUTION_DATE=2021-01-18T00:00:00+00:00
AIRFLOW_CTX_TRY_NUMBER=2
AIRFLOW_CTX_DAG_RUN_ID=scheduled__2021-01-18T00:00:00+00:00
[2022-09-25T15:29:55.098+0000] {subprocess.py:63} INFO - Tmp dir root location: 
 /tmp
[2022-09-25T15:29:55.098+0000] {subprocess.py:75} INFO - Running command: ['/bin/bash', '-c', '\n            cd /opt/***/migrate_to_dbt &&\n            dbt --no-write-json run --target prod --models view_data\n            ']
[2022-09-25T15:29:55.114+0000] {subprocess.py:86} INFO - Output:
[2022-09-25T15:29:55.117+0000] {subprocess.py:93} INFO - /bin/bash: line 3: dbt: command not found
[2022-09-25T15:29:55.118+0000] {subprocess.py:97} INFO - Command exited with return code 127
[2022-09-25T15:29:55.135+0000] {taskinstance.py:1851} ERROR - Task failed with exception
Traceback (most recent call last):
  File "/home/airflow/.local/lib/python3.7/site-packages/airflow/operators/bash.py", line 197, in execute
    f'Bash command failed. The command returned a non-zero exit code {result.exit_code}.'
airflow.exceptions.AirflowException: Bash command failed. The command returned a non-zero exit code 127.
[2022-09-25T15:29:55.140+0000] {taskinstance.py:1406} INFO - Marking task as FAILED. dag_id=dbt_dag, task_id=model.migrate_to_dbt.view_data, execution_date=20210118T000000, start_date=20220925T152954, end_date=20220925T152955
[2022-09-25T15:29:55.166+0000] {standard_task_runner.py:107} ERROR - Failed to execute job 142 for task model.migrate_to_dbt.view_data (Bash command failed. The command returned a non-zero exit code 127.; 2839)
[2022-09-25T15:29:55.214+0000] {local_task_job.py:164} INFO - Task exited with return code 1
[2022-09-25T15:29:55.333+0000] {local_task_job.py:273} INFO - 0 downstream tasks scheduled from follow-on schedule check
