[2022-09-25T12:24:01.118+0000] {taskinstance.py:1165} INFO - Dependencies all met for <TaskInstance: dbt_dag.model.migrate_to_dbt.view_data scheduled__2021-01-14T00:00:00+00:00 [queued]>
[2022-09-25T12:24:01.150+0000] {taskinstance.py:1165} INFO - Dependencies all met for <TaskInstance: dbt_dag.model.migrate_to_dbt.view_data scheduled__2021-01-14T00:00:00+00:00 [queued]>
[2022-09-25T12:24:01.151+0000] {taskinstance.py:1362} INFO - 
--------------------------------------------------------------------------------
[2022-09-25T12:24:01.151+0000] {taskinstance.py:1363} INFO - Starting attempt 1 of 2
[2022-09-25T12:24:01.152+0000] {taskinstance.py:1364} INFO - 
--------------------------------------------------------------------------------
[2022-09-25T12:24:01.214+0000] {taskinstance.py:1383} INFO - Executing <Task(BashOperator): model.migrate_to_dbt.view_data> on 2021-01-14 00:00:00+00:00
[2022-09-25T12:24:01.234+0000] {standard_task_runner.py:54} INFO - Started process 267 to run task
[2022-09-25T12:24:01.252+0000] {standard_task_runner.py:82} INFO - Running: ['***', 'tasks', 'run', 'dbt_dag', 'model.migrate_to_dbt.view_data', 'scheduled__2021-01-14T00:00:00+00:00', '--job-id', '109', '--raw', '--subdir', 'DAGS_FOLDER/dbt_dag.py', '--cfg-path', '/tmp/tmppo7e_max']
[2022-09-25T12:24:01.259+0000] {standard_task_runner.py:83} INFO - Job 109: Subtask model.migrate_to_dbt.view_data
[2022-09-25T12:24:01.262+0000] {dagbag.py:525} INFO - Filling up the DagBag from /opt/***/dags/dbt_dag.py
[2022-09-25T12:24:01.435+0000] {task_command.py:384} INFO - Running <TaskInstance: dbt_dag.model.migrate_to_dbt.view_data scheduled__2021-01-14T00:00:00+00:00 [running]> on host 2768f2fff4c2
[2022-09-25T12:24:01.574+0000] {taskinstance.py:1592} INFO - Exporting the following env vars:
AIRFLOW_CTX_DAG_EMAIL=isaaclucky88@gmail.com
AIRFLOW_CTX_DAG_OWNER=astronomer
AIRFLOW_CTX_DAG_ID=dbt_dag
AIRFLOW_CTX_TASK_ID=model.migrate_to_dbt.view_data
AIRFLOW_CTX_EXECUTION_DATE=2021-01-14T00:00:00+00:00
AIRFLOW_CTX_TRY_NUMBER=1
AIRFLOW_CTX_DAG_RUN_ID=scheduled__2021-01-14T00:00:00+00:00
[2022-09-25T12:24:01.579+0000] {subprocess.py:63} INFO - Tmp dir root location: 
 /tmp
[2022-09-25T12:24:01.580+0000] {subprocess.py:75} INFO - Running command: ['/bin/bash', '-c', '\n            cd /opt/***/migrate_to_dbt &&\n            dbt --no-write-json run --target prod --models view_data\n            ']
[2022-09-25T12:24:01.607+0000] {subprocess.py:86} INFO - Output:
[2022-09-25T12:24:01.610+0000] {subprocess.py:93} INFO - /bin/bash: line 3: dbt: command not found
[2022-09-25T12:24:01.611+0000] {subprocess.py:97} INFO - Command exited with return code 127
[2022-09-25T12:24:01.635+0000] {taskinstance.py:1851} ERROR - Task failed with exception
Traceback (most recent call last):
  File "/home/airflow/.local/lib/python3.7/site-packages/airflow/operators/bash.py", line 197, in execute
    f'Bash command failed. The command returned a non-zero exit code {result.exit_code}.'
airflow.exceptions.AirflowException: Bash command failed. The command returned a non-zero exit code 127.
[2022-09-25T12:24:01.641+0000] {taskinstance.py:1406} INFO - Marking task as UP_FOR_RETRY. dag_id=dbt_dag, task_id=model.migrate_to_dbt.view_data, execution_date=20210114T000000, start_date=20220925T122401, end_date=20220925T122401
[2022-09-25T12:24:01.685+0000] {standard_task_runner.py:107} ERROR - Failed to execute job 109 for task model.migrate_to_dbt.view_data (Bash command failed. The command returned a non-zero exit code 127.; 267)
[2022-09-25T12:24:01.704+0000] {local_task_job.py:164} INFO - Task exited with return code 1
[2022-09-25T12:24:01.784+0000] {local_task_job.py:273} INFO - 0 downstream tasks scheduled from follow-on schedule check
[2022-09-25T15:24:50.475+0000] {taskinstance.py:1165} INFO - Dependencies all met for <TaskInstance: dbt_dag.model.migrate_to_dbt.view_data scheduled__2021-01-14T00:00:00+00:00 [queued]>
[2022-09-25T15:24:50.493+0000] {taskinstance.py:1165} INFO - Dependencies all met for <TaskInstance: dbt_dag.model.migrate_to_dbt.view_data scheduled__2021-01-14T00:00:00+00:00 [queued]>
[2022-09-25T15:24:50.493+0000] {taskinstance.py:1362} INFO - 
--------------------------------------------------------------------------------
[2022-09-25T15:24:50.494+0000] {taskinstance.py:1363} INFO - Starting attempt 1 of 2
[2022-09-25T15:24:50.494+0000] {taskinstance.py:1364} INFO - 
--------------------------------------------------------------------------------
[2022-09-25T15:24:50.518+0000] {taskinstance.py:1383} INFO - Executing <Task(BashOperator): model.migrate_to_dbt.view_data> on 2021-01-14 00:00:00+00:00
[2022-09-25T15:24:50.526+0000] {standard_task_runner.py:54} INFO - Started process 2456 to run task
[2022-09-25T15:24:50.531+0000] {standard_task_runner.py:82} INFO - Running: ['***', 'tasks', 'run', 'dbt_dag', 'model.migrate_to_dbt.view_data', 'scheduled__2021-01-14T00:00:00+00:00', '--job-id', '100', '--raw', '--subdir', 'DAGS_FOLDER/dbt_dag.py', '--cfg-path', '/tmp/tmpnnq8hmcl']
[2022-09-25T15:24:50.533+0000] {standard_task_runner.py:83} INFO - Job 100: Subtask model.migrate_to_dbt.view_data
[2022-09-25T15:24:50.536+0000] {dagbag.py:525} INFO - Filling up the DagBag from /opt/***/dags/dbt_dag.py
[2022-09-25T15:24:50.707+0000] {task_command.py:384} INFO - Running <TaskInstance: dbt_dag.model.migrate_to_dbt.view_data scheduled__2021-01-14T00:00:00+00:00 [running]> on host 3c654011b3f0
[2022-09-25T15:24:50.908+0000] {taskinstance.py:1592} INFO - Exporting the following env vars:
AIRFLOW_CTX_DAG_EMAIL=isaaclucky88@gmail.com
AIRFLOW_CTX_DAG_OWNER=astronomer
AIRFLOW_CTX_DAG_ID=dbt_dag
AIRFLOW_CTX_TASK_ID=model.migrate_to_dbt.view_data
AIRFLOW_CTX_EXECUTION_DATE=2021-01-14T00:00:00+00:00
AIRFLOW_CTX_TRY_NUMBER=1
AIRFLOW_CTX_DAG_RUN_ID=scheduled__2021-01-14T00:00:00+00:00
[2022-09-25T15:24:50.910+0000] {subprocess.py:63} INFO - Tmp dir root location: 
 /tmp
[2022-09-25T15:24:50.911+0000] {subprocess.py:75} INFO - Running command: ['/bin/bash', '-c', '\n            cd /opt/***/migrate_to_dbt &&\n            dbt --no-write-json run --target prod --models view_data\n            ']
[2022-09-25T15:24:50.947+0000] {subprocess.py:86} INFO - Output:
[2022-09-25T15:24:50.953+0000] {subprocess.py:93} INFO - /bin/bash: line 3: dbt: command not found
[2022-09-25T15:24:50.954+0000] {subprocess.py:97} INFO - Command exited with return code 127
[2022-09-25T15:24:50.994+0000] {taskinstance.py:1851} ERROR - Task failed with exception
Traceback (most recent call last):
  File "/home/airflow/.local/lib/python3.7/site-packages/airflow/operators/bash.py", line 197, in execute
    f'Bash command failed. The command returned a non-zero exit code {result.exit_code}.'
airflow.exceptions.AirflowException: Bash command failed. The command returned a non-zero exit code 127.
[2022-09-25T15:24:51.006+0000] {taskinstance.py:1406} INFO - Marking task as UP_FOR_RETRY. dag_id=dbt_dag, task_id=model.migrate_to_dbt.view_data, execution_date=20210114T000000, start_date=20220925T152450, end_date=20220925T152451
[2022-09-25T15:24:51.042+0000] {standard_task_runner.py:107} ERROR - Failed to execute job 100 for task model.migrate_to_dbt.view_data (Bash command failed. The command returned a non-zero exit code 127.; 2456)
[2022-09-25T15:24:51.068+0000] {local_task_job.py:164} INFO - Task exited with return code 1
[2022-09-25T15:24:51.150+0000] {local_task_job.py:273} INFO - 0 downstream tasks scheduled from follow-on schedule check
