[2022-09-24T11:23:34.962+0000] {taskinstance.py:1165} INFO - Dependencies all met for <TaskInstance: migrate_data.read_data manual__2022-09-24T11:17:33.149179+00:00 [queued]>
[2022-09-24T11:23:34.980+0000] {taskinstance.py:1165} INFO - Dependencies all met for <TaskInstance: migrate_data.read_data manual__2022-09-24T11:17:33.149179+00:00 [queued]>
[2022-09-24T11:23:34.980+0000] {taskinstance.py:1362} INFO - 
--------------------------------------------------------------------------------
[2022-09-24T11:23:34.981+0000] {taskinstance.py:1363} INFO - Starting attempt 1 of 3
[2022-09-24T11:23:34.981+0000] {taskinstance.py:1364} INFO - 
--------------------------------------------------------------------------------
[2022-09-24T11:23:35.001+0000] {taskinstance.py:1383} INFO - Executing <Task(PostgresOperator): read_data> on 2022-09-24 11:17:33.149179+00:00
[2022-09-24T11:23:35.006+0000] {standard_task_runner.py:54} INFO - Started process 361 to run task
[2022-09-24T11:23:35.010+0000] {standard_task_runner.py:82} INFO - Running: ['***', 'tasks', 'run', 'migrate_data', 'read_data', 'manual__2022-09-24T11:17:33.149179+00:00', '--job-id', '10', '--raw', '--subdir', 'DAGS_FOLDER/migrate.py', '--cfg-path', '/tmp/tmpxrj_bg0h']
[2022-09-24T11:23:35.011+0000] {standard_task_runner.py:83} INFO - Job 10: Subtask read_data
[2022-09-24T11:23:35.012+0000] {dagbag.py:525} INFO - Filling up the DagBag from /opt/***/dags/migrate.py
[2022-09-24T11:23:35.801+0000] {task_command.py:384} INFO - Running <TaskInstance: migrate_data.read_data manual__2022-09-24T11:17:33.149179+00:00 [running]> on host d3bad4f46616
[2022-09-24T11:23:35.893+0000] {taskinstance.py:1592} INFO - Exporting the following env vars:
AIRFLOW_CTX_DAG_EMAIL=isaaclucky88@gmail.com
AIRFLOW_CTX_DAG_OWNER=yishaktadele
AIRFLOW_CTX_DAG_ID=migrate_data
AIRFLOW_CTX_TASK_ID=read_data
AIRFLOW_CTX_EXECUTION_DATE=2022-09-24T11:17:33.149179+00:00
AIRFLOW_CTX_TRY_NUMBER=1
AIRFLOW_CTX_DAG_RUN_ID=manual__2022-09-24T11:17:33.149179+00:00
[2022-09-24T11:23:35.906+0000] {base.py:71} INFO - Using connection ID 'postgres' for task execution.
[2022-09-24T11:23:35.910+0000] {sql.py:315} INFO - Running statement: select * from traffic_data limit 5;, parameters: None
[2022-09-24T11:23:35.912+0000] {sql.py:324} INFO - Rows affected: 5
[2022-09-24T11:23:35.925+0000] {taskinstance.py:1406} INFO - Marking task as SUCCESS. dag_id=migrate_data, task_id=read_data, execution_date=20220924T111733, start_date=20220924T112334, end_date=20220924T112335
[2022-09-24T11:23:35.984+0000] {local_task_job.py:164} INFO - Task exited with return code 0
[2022-09-24T11:23:36.010+0000] {local_task_job.py:273} INFO - 0 downstream tasks scheduled from follow-on schedule check
