[2022-09-24T06:15:40.083+0000] {taskinstance.py:1165} INFO - Dependencies all met for <TaskInstance: migrate_data.migrate scheduled__2022-09-23T00:00:00+00:00 [queued]>
[2022-09-24T06:15:40.099+0000] {taskinstance.py:1165} INFO - Dependencies all met for <TaskInstance: migrate_data.migrate scheduled__2022-09-23T00:00:00+00:00 [queued]>
[2022-09-24T06:15:40.099+0000] {taskinstance.py:1362} INFO - 
--------------------------------------------------------------------------------
[2022-09-24T06:15:40.099+0000] {taskinstance.py:1363} INFO - Starting attempt 3 of 3
[2022-09-24T06:15:40.099+0000] {taskinstance.py:1364} INFO - 
--------------------------------------------------------------------------------
[2022-09-24T06:15:40.119+0000] {taskinstance.py:1383} INFO - Executing <Task(PythonOperator): migrate> on 2022-09-23 00:00:00+00:00
[2022-09-24T06:15:40.125+0000] {standard_task_runner.py:54} INFO - Started process 320 to run task
[2022-09-24T06:15:40.129+0000] {standard_task_runner.py:82} INFO - Running: ['***', 'tasks', 'run', 'migrate_data', 'migrate', 'scheduled__2022-09-23T00:00:00+00:00', '--job-id', '25', '--raw', '--subdir', 'DAGS_FOLDER/migrate.py', '--cfg-path', '/tmp/tmppo79lx87']
[2022-09-24T06:15:40.130+0000] {standard_task_runner.py:83} INFO - Job 25: Subtask migrate
[2022-09-24T06:15:40.131+0000] {dagbag.py:525} INFO - Filling up the DagBag from /opt/***/dags/migrate.py
[2022-09-24T06:15:40.679+0000] {task_command.py:384} INFO - Running <TaskInstance: migrate_data.migrate scheduled__2022-09-23T00:00:00+00:00 [running]> on host 6b141fc40122
[2022-09-24T06:15:40.807+0000] {taskinstance.py:1592} INFO - Exporting the following env vars:
AIRFLOW_CTX_DAG_EMAIL=isaaclucky88@gmail.com
AIRFLOW_CTX_DAG_OWNER=yishaktadele
AIRFLOW_CTX_DAG_ID=migrate_data
AIRFLOW_CTX_TASK_ID=migrate
AIRFLOW_CTX_EXECUTION_DATE=2022-09-23T00:00:00+00:00
AIRFLOW_CTX_TRY_NUMBER=3
AIRFLOW_CTX_DAG_RUN_ID=scheduled__2022-09-23T00:00:00+00:00
[2022-09-24T06:15:40.845+0000] {taskinstance.py:1851} ERROR - Task failed with exception
Traceback (most recent call last):
  File "/home/airflow/.local/lib/python3.7/site-packages/airflow/operators/python.py", line 175, in execute
    return_value = self.execute_callable()
  File "/home/airflow/.local/lib/python3.7/site-packages/airflow/operators/python.py", line 193, in execute_callable
    return self.python_callable(*self.op_args, **self.op_kwargs)
  File "/opt/airflow/dags/migrate.py", line 33, in migrate_data
    echo=True, future=True)
  File "<string>", line 2, in create_engine
  File "/home/airflow/.local/lib/python3.7/site-packages/sqlalchemy/util/deprecations.py", line 309, in warned
    return fn(*args, **kwargs)
  File "/home/airflow/.local/lib/python3.7/site-packages/sqlalchemy/engine/create.py", line 534, in create_engine
    entrypoint = u._get_entrypoint()
  File "/home/airflow/.local/lib/python3.7/site-packages/sqlalchemy/engine/url.py", line 645, in _get_entrypoint
    cls = registry.load(name)
  File "/home/airflow/.local/lib/python3.7/site-packages/sqlalchemy/util/langhelpers.py", line 344, in load
    "Can't load plugin: %s:%s" % (self.group, name)
sqlalchemy.exc.NoSuchModuleError: Can't load plugin: sqlalchemy.dialects:postgres.psycopg2
[2022-09-24T06:15:40.859+0000] {taskinstance.py:1406} INFO - Marking task as FAILED. dag_id=migrate_data, task_id=migrate, execution_date=20220923T000000, start_date=20220924T061540, end_date=20220924T061540
[2022-09-24T06:15:40.882+0000] {warnings.py:110} WARNING - /home/***/.local/lib/python3.7/site-packages/***/utils/email.py:120: RemovedInAirflow3Warning: Fetching SMTP credentials from configuration variables will be deprecated in a future release. Please set credentials using a connection instead.
  send_mime_email(e_from=mail_from, e_to=recipients, mime_msg=msg, conn_id=conn_id, dryrun=dryrun)

[2022-09-24T06:15:40.883+0000] {configuration.py:569} WARNING - section/key [smtp/smtp_user] not found in config
[2022-09-24T06:15:40.883+0000] {email.py:229} INFO - Email alerting: attempt 1
[2022-09-24T06:15:40.893+0000] {configuration.py:569} WARNING - section/key [smtp/smtp_user] not found in config
[2022-09-24T06:15:40.894+0000] {email.py:229} INFO - Email alerting: attempt 1
[2022-09-24T06:15:40.894+0000] {taskinstance.py:1914} ERROR - Failed to send email to: ['isaaclucky88@gmail.com']
Traceback (most recent call last):
  File "/home/airflow/.local/lib/python3.7/site-packages/airflow/models/taskinstance.py", line 1457, in _run_raw_task
    self._execute_task_with_callbacks(context, test_mode)
  File "/home/airflow/.local/lib/python3.7/site-packages/airflow/models/taskinstance.py", line 1603, in _execute_task_with_callbacks
    result = self._execute_task(context, task_orig)
  File "/home/airflow/.local/lib/python3.7/site-packages/airflow/models/taskinstance.py", line 1664, in _execute_task
    result = execute_callable(context=context)
  File "/home/airflow/.local/lib/python3.7/site-packages/airflow/operators/python.py", line 175, in execute
    return_value = self.execute_callable()
  File "/home/airflow/.local/lib/python3.7/site-packages/airflow/operators/python.py", line 193, in execute_callable
    return self.python_callable(*self.op_args, **self.op_kwargs)
  File "/opt/airflow/dags/migrate.py", line 33, in migrate_data
    echo=True, future=True)
  File "<string>", line 2, in create_engine
  File "/home/airflow/.local/lib/python3.7/site-packages/sqlalchemy/util/deprecations.py", line 309, in warned
    return fn(*args, **kwargs)
  File "/home/airflow/.local/lib/python3.7/site-packages/sqlalchemy/engine/create.py", line 534, in create_engine
    entrypoint = u._get_entrypoint()
  File "/home/airflow/.local/lib/python3.7/site-packages/sqlalchemy/engine/url.py", line 645, in _get_entrypoint
    cls = registry.load(name)
  File "/home/airflow/.local/lib/python3.7/site-packages/sqlalchemy/util/langhelpers.py", line 344, in load
    "Can't load plugin: %s:%s" % (self.group, name)
sqlalchemy.exc.NoSuchModuleError: Can't load plugin: sqlalchemy.dialects:postgres.psycopg2

During handling of the above exception, another exception occurred:

Traceback (most recent call last):
  File "/home/airflow/.local/lib/python3.7/site-packages/airflow/models/taskinstance.py", line 2311, in email_alert
    send_email(task.email, subject, html_content)
  File "/home/airflow/.local/lib/python3.7/site-packages/airflow/utils/email.py", line 72, in send_email
    **kwargs,
  File "/home/airflow/.local/lib/python3.7/site-packages/airflow/utils/email.py", line 120, in send_email_smtp
    send_mime_email(e_from=mail_from, e_to=recipients, mime_msg=msg, conn_id=conn_id, dryrun=dryrun)
  File "/home/airflow/.local/lib/python3.7/site-packages/airflow/utils/email.py", line 231, in send_mime_email
    smtp_conn = _get_smtp_connection(smtp_host, smtp_port, smtp_timeout, smtp_ssl)
  File "/home/airflow/.local/lib/python3.7/site-packages/airflow/utils/email.py", line 265, in _get_smtp_connection
    else smtplib.SMTP(host=host, port=port, timeout=timeout)
  File "/usr/local/lib/python3.7/smtplib.py", line 251, in __init__
    (code, msg) = self.connect(host, port)
  File "/usr/local/lib/python3.7/smtplib.py", line 336, in connect
    self.sock = self._get_socket(host, port, self.timeout)
  File "/usr/local/lib/python3.7/smtplib.py", line 307, in _get_socket
    self.source_address)
  File "/usr/local/lib/python3.7/socket.py", line 728, in create_connection
    raise err
  File "/usr/local/lib/python3.7/socket.py", line 716, in create_connection
    sock.connect(sa)
OSError: [Errno 99] Cannot assign requested address

During handling of the above exception, another exception occurred:

Traceback (most recent call last):
  File "/home/airflow/.local/lib/python3.7/site-packages/airflow/models/taskinstance.py", line 1912, in handle_failure
    self.email_alert(error, task)
  File "/home/airflow/.local/lib/python3.7/site-packages/airflow/models/taskinstance.py", line 2313, in email_alert
    send_email(task.email, subject, html_content_err)
  File "/home/airflow/.local/lib/python3.7/site-packages/airflow/utils/email.py", line 72, in send_email
    **kwargs,
  File "/home/airflow/.local/lib/python3.7/site-packages/airflow/utils/email.py", line 120, in send_email_smtp
    send_mime_email(e_from=mail_from, e_to=recipients, mime_msg=msg, conn_id=conn_id, dryrun=dryrun)
  File "/home/airflow/.local/lib/python3.7/site-packages/airflow/utils/email.py", line 231, in send_mime_email
    smtp_conn = _get_smtp_connection(smtp_host, smtp_port, smtp_timeout, smtp_ssl)
  File "/home/airflow/.local/lib/python3.7/site-packages/airflow/utils/email.py", line 265, in _get_smtp_connection
    else smtplib.SMTP(host=host, port=port, timeout=timeout)
  File "/usr/local/lib/python3.7/smtplib.py", line 251, in __init__
    (code, msg) = self.connect(host, port)
  File "/usr/local/lib/python3.7/smtplib.py", line 336, in connect
    self.sock = self._get_socket(host, port, self.timeout)
  File "/usr/local/lib/python3.7/smtplib.py", line 307, in _get_socket
    self.source_address)
  File "/usr/local/lib/python3.7/socket.py", line 728, in create_connection
    raise err
  File "/usr/local/lib/python3.7/socket.py", line 716, in create_connection
    sock.connect(sa)
OSError: [Errno 99] Cannot assign requested address
[2022-09-24T06:15:40.914+0000] {standard_task_runner.py:107} ERROR - Failed to execute job 25 for task migrate (Can't load plugin: sqlalchemy.dialects:postgres.psycopg2; 320)
[2022-09-24T06:15:40.943+0000] {local_task_job.py:164} INFO - Task exited with return code 1
[2022-09-24T06:15:40.980+0000] {local_task_job.py:273} INFO - 0 downstream tasks scheduled from follow-on schedule check
[2022-09-24T06:46:04.836+0000] {taskinstance.py:1165} INFO - Dependencies all met for <TaskInstance: migrate_data.migrate scheduled__2022-09-23T00:00:00+00:00 [queued]>
[2022-09-24T06:46:04.875+0000] {taskinstance.py:1165} INFO - Dependencies all met for <TaskInstance: migrate_data.migrate scheduled__2022-09-23T00:00:00+00:00 [queued]>
[2022-09-24T06:46:04.876+0000] {taskinstance.py:1362} INFO - 
--------------------------------------------------------------------------------
[2022-09-24T06:46:04.876+0000] {taskinstance.py:1363} INFO - Starting attempt 3 of 3
[2022-09-24T06:46:04.876+0000] {taskinstance.py:1364} INFO - 
--------------------------------------------------------------------------------
[2022-09-24T06:46:04.921+0000] {taskinstance.py:1383} INFO - Executing <Task(PythonOperator): migrate> on 2022-09-23 00:00:00+00:00
[2022-09-24T06:46:04.936+0000] {standard_task_runner.py:54} INFO - Started process 669 to run task
[2022-09-24T06:46:04.945+0000] {standard_task_runner.py:82} INFO - Running: ['***', 'tasks', 'run', 'migrate_data', 'migrate', 'scheduled__2022-09-23T00:00:00+00:00', '--job-id', '49', '--raw', '--subdir', 'DAGS_FOLDER/migrate.py', '--cfg-path', '/tmp/tmpfaqp1_xo']
[2022-09-24T06:46:04.946+0000] {standard_task_runner.py:83} INFO - Job 49: Subtask migrate
[2022-09-24T06:46:04.948+0000] {dagbag.py:525} INFO - Filling up the DagBag from /opt/***/dags/migrate.py
[2022-09-24T06:46:05.692+0000] {task_command.py:384} INFO - Running <TaskInstance: migrate_data.migrate scheduled__2022-09-23T00:00:00+00:00 [running]> on host 6b141fc40122
[2022-09-24T06:46:05.792+0000] {taskinstance.py:1592} INFO - Exporting the following env vars:
AIRFLOW_CTX_DAG_EMAIL=isaaclucky88@gmail.com
AIRFLOW_CTX_DAG_OWNER=yishaktadele
AIRFLOW_CTX_DAG_ID=migrate_data
AIRFLOW_CTX_TASK_ID=migrate
AIRFLOW_CTX_EXECUTION_DATE=2022-09-23T00:00:00+00:00
AIRFLOW_CTX_TRY_NUMBER=3
AIRFLOW_CTX_DAG_RUN_ID=scheduled__2022-09-23T00:00:00+00:00
[2022-09-24T06:46:05.794+0000] {warnings.py:110} WARNING - /home/***/.local/lib/python3.7/site-packages/pandas/util/_decorators.py:311: ParserWarning: Falling back to the 'python' engine because the 'c' engine does not support regex separators (separators > 1 char and different from '\s+' are interpreted as regex); you can avoid this warning by specifying engine='python'.
  return func(*args, **kwargs)

[2022-09-24T06:46:05.804+0000] {warnings.py:110} WARNING - /home/***/.local/lib/python3.7/site-packages/pandas/io/parsers/readers.py:586: ParserWarning: Length of header or names does not match length of data. This leads to a loss of data with index_col=False.
  return _read(filepath_or_buffer, kwds)

[2022-09-24T06:46:05.812+0000] {logging_mixin.py:117} INFO - <<<<<<<<<<start migrating data>>>>>>>>>>>>>>
[2022-09-24T06:46:05.830+0000] {logging_mixin.py:117} INFO - 2022-09-24 06:46:05,829 INFO sqlalchemy.engine.Engine select pg_catalog.version()
[2022-09-24T06:46:05.829+0000] {log.py:117} INFO - select pg_catalog.version()
[2022-09-24T06:46:05.830+0000] {logging_mixin.py:117} INFO - 2022-09-24 06:46:05,830 INFO sqlalchemy.engine.Engine [raw sql] {}
[2022-09-24T06:46:05.830+0000] {log.py:117} INFO - [raw sql] {}
[2022-09-24T06:46:05.832+0000] {logging_mixin.py:117} INFO - 2022-09-24 06:46:05,832 INFO sqlalchemy.engine.Engine select current_schema()
[2022-09-24T06:46:05.832+0000] {log.py:117} INFO - select current_schema()
[2022-09-24T06:46:05.833+0000] {logging_mixin.py:117} INFO - 2022-09-24 06:46:05,833 INFO sqlalchemy.engine.Engine [raw sql] {}
[2022-09-24T06:46:05.833+0000] {log.py:117} INFO - [raw sql] {}
[2022-09-24T06:46:05.834+0000] {logging_mixin.py:117} INFO - 2022-09-24 06:46:05,834 INFO sqlalchemy.engine.Engine show standard_conforming_strings
[2022-09-24T06:46:05.834+0000] {log.py:117} INFO - show standard_conforming_strings
[2022-09-24T06:46:05.835+0000] {logging_mixin.py:117} INFO - 2022-09-24 06:46:05,835 INFO sqlalchemy.engine.Engine [raw sql] {}
[2022-09-24T06:46:05.835+0000] {log.py:117} INFO - [raw sql] {}
[2022-09-24T06:46:05.838+0000] {logging_mixin.py:117} INFO - 2022-09-24 06:46:05,838 INFO sqlalchemy.engine.Engine BEGIN (implicit)
[2022-09-24T06:46:05.838+0000] {log.py:117} INFO - BEGIN (implicit)
[2022-09-24T06:46:05.839+0000] {logging_mixin.py:117} INFO - 2022-09-24 06:46:05,839 INFO sqlalchemy.engine.Engine select relname from pg_class c join pg_namespace n on n.oid=c.relnamespace where pg_catalog.pg_table_is_visible(c.oid) and relname=%(name)s
[2022-09-24T06:46:05.839+0000] {log.py:117} INFO - select relname from pg_class c join pg_namespace n on n.oid=c.relnamespace where pg_catalog.pg_table_is_visible(c.oid) and relname=%(name)s
[2022-09-24T06:46:05.839+0000] {logging_mixin.py:117} INFO - 2022-09-24 06:46:05,839 INFO sqlalchemy.engine.Engine [generated in 0.00111s] {'name': 'traffic_data'}
[2022-09-24T06:46:05.839+0000] {log.py:117} INFO - [generated in 0.00111s] {'name': 'traffic_data'}
[2022-09-24T06:46:05.841+0000] {logging_mixin.py:117} INFO - 2022-09-24 06:46:05,841 INFO sqlalchemy.engine.Engine ROLLBACK
[2022-09-24T06:46:05.841+0000] {log.py:117} INFO - ROLLBACK
[2022-09-24T06:46:05.842+0000] {logging_mixin.py:117} INFO - 2022-09-24 06:46:05,842 INFO sqlalchemy.engine.Engine BEGIN (implicit)
[2022-09-24T06:46:05.842+0000] {log.py:117} INFO - BEGIN (implicit)
[2022-09-24T06:46:05.843+0000] {logging_mixin.py:117} INFO - 2022-09-24 06:46:05,843 INFO sqlalchemy.engine.Engine select relname from pg_class c join pg_namespace n on n.oid=c.relnamespace where pg_catalog.pg_table_is_visible(c.oid) and relname=%(name)s
[2022-09-24T06:46:05.843+0000] {log.py:117} INFO - select relname from pg_class c join pg_namespace n on n.oid=c.relnamespace where pg_catalog.pg_table_is_visible(c.oid) and relname=%(name)s
[2022-09-24T06:46:05.843+0000] {logging_mixin.py:117} INFO - 2022-09-24 06:46:05,843 INFO sqlalchemy.engine.Engine [cached since 0.004927s ago] {'name': 'traffic_data'}
[2022-09-24T06:46:05.843+0000] {log.py:117} INFO - [cached since 0.004927s ago] {'name': 'traffic_data'}
[2022-09-24T06:46:05.844+0000] {logging_mixin.py:117} INFO - 2022-09-24 06:46:05,844 INFO sqlalchemy.engine.Engine ROLLBACK
[2022-09-24T06:46:05.844+0000] {log.py:117} INFO - ROLLBACK
[2022-09-24T06:46:05.846+0000] {logging_mixin.py:117} INFO - 2022-09-24 06:46:05,846 INFO sqlalchemy.engine.Engine BEGIN (implicit)
[2022-09-24T06:46:05.846+0000] {log.py:117} INFO - BEGIN (implicit)
[2022-09-24T06:46:05.847+0000] {logging_mixin.py:117} INFO - 2022-09-24 06:46:05,847 INFO sqlalchemy.engine.Engine SELECT c.relname FROM pg_class c JOIN pg_namespace n ON n.oid = c.relnamespace WHERE n.nspname = %(schema)s AND c.relkind in ('r', 'p')
[2022-09-24T06:46:05.847+0000] {log.py:117} INFO - SELECT c.relname FROM pg_class c JOIN pg_namespace n ON n.oid = c.relnamespace WHERE n.nspname = %(schema)s AND c.relkind in ('r', 'p')
[2022-09-24T06:46:05.847+0000] {logging_mixin.py:117} INFO - 2022-09-24 06:46:05,847 INFO sqlalchemy.engine.Engine [generated in 0.00123s] {'schema': 'public'}
[2022-09-24T06:46:05.847+0000] {log.py:117} INFO - [generated in 0.00123s] {'schema': 'public'}
[2022-09-24T06:46:05.851+0000] {logging_mixin.py:117} INFO - 2022-09-24 06:46:05,851 INFO sqlalchemy.engine.Engine 
            SELECT c.oid
            FROM pg_catalog.pg_class c
            LEFT JOIN pg_catalog.pg_namespace n ON n.oid = c.relnamespace
            WHERE (pg_catalog.pg_table_is_visible(c.oid))
            AND c.relname = %(table_name)s AND c.relkind in
            ('r', 'v', 'm', 'f', 'p')
[2022-09-24T06:46:05.851+0000] {log.py:117} INFO - 
            SELECT c.oid
            FROM pg_catalog.pg_class c
            LEFT JOIN pg_catalog.pg_namespace n ON n.oid = c.relnamespace
            WHERE (pg_catalog.pg_table_is_visible(c.oid))
            AND c.relname = %(table_name)s AND c.relkind in
            ('r', 'v', 'm', 'f', 'p')
        
[2022-09-24T06:46:05.852+0000] {logging_mixin.py:117} INFO - 2022-09-24 06:46:05,851 INFO sqlalchemy.engine.Engine [generated in 0.00076s] {'table_name': 'traffic_data'}
[2022-09-24T06:46:05.851+0000] {log.py:117} INFO - [generated in 0.00076s] {'table_name': 'traffic_data'}
[2022-09-24T06:46:05.854+0000] {logging_mixin.py:117} INFO - 2022-09-24 06:46:05,854 INFO sqlalchemy.engine.Engine 
            SELECT a.attname,
              pg_catalog.format_type(a.atttypid, a.atttypmod),
              (
                SELECT pg_catalog.pg_get_expr(d.adbin, d.adrelid)
                FROM pg_catalog.pg_attrdef d
                WHERE d.adrelid = a.attrelid AND d.adnum = a.attnum
                AND a.atthasdef
              ) AS DEFAULT,
              a.attnotnull,
              a.attrelid as table_oid,
              pgd.description as comment,
              a.attgenerated as generated,
                              (SELECT json_build_object(
                    'always', a.attidentity = 'a',
                    'start', s.seqstart,
                    'increment', s.seqincrement,
                    'minvalue', s.seqmin,
                    'maxvalue', s.seqmax,
                    'cache', s.seqcache,
                    'cycle', s.seqcycle)
                FROM pg_catalog.pg_sequence s
                JOIN pg_catalog.pg_class c on s.seqrelid = c."oid"
                WHERE c.relkind = 'S'
                AND a.attidentity != ''
                AND s.seqrelid = pg_catalog.pg_get_serial_sequence(
                    a.attrelid::regclass::text, a.attname
                )::regclass::oid
                ) as identity_options                
            FROM pg_catalog.pg_attribute a
            LEFT JOIN pg_catalog.pg_description pgd ON (
                pgd.objoid = a.attrelid AND pgd.objsubid = a.attnum)
            WHERE a.attrelid = %(table_oid)s
            AND a.attnum > 0 AND NOT a.attisdropped
            ORDER BY a.attnum
[2022-09-24T06:46:05.854+0000] {log.py:117} INFO - 
            SELECT a.attname,
              pg_catalog.format_type(a.atttypid, a.atttypmod),
              (
                SELECT pg_catalog.pg_get_expr(d.adbin, d.adrelid)
                FROM pg_catalog.pg_attrdef d
                WHERE d.adrelid = a.attrelid AND d.adnum = a.attnum
                AND a.atthasdef
              ) AS DEFAULT,
              a.attnotnull,
              a.attrelid as table_oid,
              pgd.description as comment,
              a.attgenerated as generated,
                              (SELECT json_build_object(
                    'always', a.attidentity = 'a',
                    'start', s.seqstart,
                    'increment', s.seqincrement,
                    'minvalue', s.seqmin,
                    'maxvalue', s.seqmax,
                    'cache', s.seqcache,
                    'cycle', s.seqcycle)
                FROM pg_catalog.pg_sequence s
                JOIN pg_catalog.pg_class c on s.seqrelid = c."oid"
                WHERE c.relkind = 'S'
                AND a.attidentity != ''
                AND s.seqrelid = pg_catalog.pg_get_serial_sequence(
                    a.attrelid::regclass::text, a.attname
                )::regclass::oid
                ) as identity_options                
            FROM pg_catalog.pg_attribute a
            LEFT JOIN pg_catalog.pg_description pgd ON (
                pgd.objoid = a.attrelid AND pgd.objsubid = a.attnum)
            WHERE a.attrelid = %(table_oid)s
            AND a.attnum > 0 AND NOT a.attisdropped
            ORDER BY a.attnum
        
[2022-09-24T06:46:05.855+0000] {logging_mixin.py:117} INFO - 2022-09-24 06:46:05,855 INFO sqlalchemy.engine.Engine [generated in 0.00073s] {'table_oid': 17014}
[2022-09-24T06:46:05.855+0000] {log.py:117} INFO - [generated in 0.00073s] {'table_oid': 17014}
[2022-09-24T06:46:05.860+0000] {logging_mixin.py:117} INFO - 2022-09-24 06:46:05,860 INFO sqlalchemy.engine.Engine 
            SELECT t.typname as "name",
               pg_catalog.format_type(t.typbasetype, t.typtypmod) as "attype",
               not t.typnotnull as "nullable",
               t.typdefault as "default",
               pg_catalog.pg_type_is_visible(t.oid) as "visible",
               n.nspname as "schema"
            FROM pg_catalog.pg_type t
               LEFT JOIN pg_catalog.pg_namespace n ON n.oid = t.typnamespace
            WHERE t.typtype = 'd'
[2022-09-24T06:46:05.860+0000] {log.py:117} INFO - 
            SELECT t.typname as "name",
               pg_catalog.format_type(t.typbasetype, t.typtypmod) as "attype",
               not t.typnotnull as "nullable",
               t.typdefault as "default",
               pg_catalog.pg_type_is_visible(t.oid) as "visible",
               n.nspname as "schema"
            FROM pg_catalog.pg_type t
               LEFT JOIN pg_catalog.pg_namespace n ON n.oid = t.typnamespace
            WHERE t.typtype = 'd'
        
[2022-09-24T06:46:05.861+0000] {logging_mixin.py:117} INFO - 2022-09-24 06:46:05,860 INFO sqlalchemy.engine.Engine [generated in 0.00071s] {}
[2022-09-24T06:46:05.860+0000] {log.py:117} INFO - [generated in 0.00071s] {}
[2022-09-24T06:46:05.863+0000] {logging_mixin.py:117} INFO - 2022-09-24 06:46:05,863 INFO sqlalchemy.engine.Engine 
            SELECT t.typname as "name",
               -- no enum defaults in 8.4 at least
               -- t.typdefault as "default",
               pg_catalog.pg_type_is_visible(t.oid) as "visible",
               n.nspname as "schema",
               e.enumlabel as "label"
            FROM pg_catalog.pg_type t
                 LEFT JOIN pg_catalog.pg_namespace n ON n.oid = t.typnamespace
                 LEFT JOIN pg_catalog.pg_enum e ON t.oid = e.enumtypid
            WHERE t.typtype = 'e'
        ORDER BY "schema", "name", e.oid
[2022-09-24T06:46:05.863+0000] {log.py:117} INFO - 
            SELECT t.typname as "name",
               -- no enum defaults in 8.4 at least
               -- t.typdefault as "default",
               pg_catalog.pg_type_is_visible(t.oid) as "visible",
               n.nspname as "schema",
               e.enumlabel as "label"
            FROM pg_catalog.pg_type t
                 LEFT JOIN pg_catalog.pg_namespace n ON n.oid = t.typnamespace
                 LEFT JOIN pg_catalog.pg_enum e ON t.oid = e.enumtypid
            WHERE t.typtype = 'e'
        ORDER BY "schema", "name", e.oid
[2022-09-24T06:46:05.864+0000] {logging_mixin.py:117} INFO - 2022-09-24 06:46:05,864 INFO sqlalchemy.engine.Engine [generated in 0.00067s] {}
[2022-09-24T06:46:05.864+0000] {log.py:117} INFO - [generated in 0.00067s] {}
[2022-09-24T06:46:05.870+0000] {logging_mixin.py:117} INFO - 2022-09-24 06:46:05,870 INFO sqlalchemy.engine.Engine 
                SELECT a.attname
                FROM pg_attribute a JOIN (
                    SELECT unnest(ix.indkey) attnum,
                           generate_subscripts(ix.indkey, 1) ord
                    FROM pg_index ix
                    WHERE ix.indrelid = %(table_oid)s AND ix.indisprimary
                    ) k ON a.attnum=k.attnum
                WHERE a.attrelid = %(table_oid)s
                ORDER BY k.ord
[2022-09-24T06:46:05.870+0000] {log.py:117} INFO - 
                SELECT a.attname
                FROM pg_attribute a JOIN (
                    SELECT unnest(ix.indkey) attnum,
                           generate_subscripts(ix.indkey, 1) ord
                    FROM pg_index ix
                    WHERE ix.indrelid = %(table_oid)s AND ix.indisprimary
                    ) k ON a.attnum=k.attnum
                WHERE a.attrelid = %(table_oid)s
                ORDER BY k.ord
            
[2022-09-24T06:46:05.871+0000] {logging_mixin.py:117} INFO - 2022-09-24 06:46:05,871 INFO sqlalchemy.engine.Engine [generated in 0.00077s] {'table_oid': 17014}
[2022-09-24T06:46:05.871+0000] {log.py:117} INFO - [generated in 0.00077s] {'table_oid': 17014}
[2022-09-24T06:46:05.874+0000] {logging_mixin.py:117} INFO - 2022-09-24 06:46:05,873 INFO sqlalchemy.engine.Engine 
        SELECT conname
           FROM  pg_catalog.pg_constraint r
           WHERE r.conrelid = %(table_oid)s AND r.contype = 'p'
           ORDER BY 1
[2022-09-24T06:46:05.873+0000] {log.py:117} INFO - 
        SELECT conname
           FROM  pg_catalog.pg_constraint r
           WHERE r.conrelid = %(table_oid)s AND r.contype = 'p'
           ORDER BY 1
        
[2022-09-24T06:46:05.874+0000] {logging_mixin.py:117} INFO - 2022-09-24 06:46:05,874 INFO sqlalchemy.engine.Engine [generated in 0.00070s] {'table_oid': 17014}
[2022-09-24T06:46:05.874+0000] {log.py:117} INFO - [generated in 0.00070s] {'table_oid': 17014}
[2022-09-24T06:46:05.877+0000] {logging_mixin.py:117} INFO - 2022-09-24 06:46:05,877 INFO sqlalchemy.engine.Engine 
          SELECT r.conname,
                pg_catalog.pg_get_constraintdef(r.oid, true) as condef,
                n.nspname as conschema
          FROM  pg_catalog.pg_constraint r,
                pg_namespace n,
                pg_class c

          WHERE r.conrelid = %(table)s AND
                r.contype = 'f' AND
                c.oid = confrelid AND
                n.oid = c.relnamespace
          ORDER BY 1
[2022-09-24T06:46:05.877+0000] {log.py:117} INFO - 
          SELECT r.conname,
                pg_catalog.pg_get_constraintdef(r.oid, true) as condef,
                n.nspname as conschema
          FROM  pg_catalog.pg_constraint r,
                pg_namespace n,
                pg_class c

          WHERE r.conrelid = %(table)s AND
                r.contype = 'f' AND
                c.oid = confrelid AND
                n.oid = c.relnamespace
          ORDER BY 1
        
[2022-09-24T06:46:05.878+0000] {logging_mixin.py:117} INFO - 2022-09-24 06:46:05,877 INFO sqlalchemy.engine.Engine [generated in 0.00075s] {'table': 17014}
[2022-09-24T06:46:05.877+0000] {log.py:117} INFO - [generated in 0.00075s] {'table': 17014}
[2022-09-24T06:46:05.881+0000] {logging_mixin.py:117} INFO - 2022-09-24 06:46:05,881 INFO sqlalchemy.engine.Engine 
              SELECT
                  i.relname as relname,
                  ix.indisunique, ix.indexprs,
                  a.attname, a.attnum, c.conrelid, ix.indkey::varchar,
                  ix.indoption::varchar, i.reloptions, am.amname,
                  pg_get_expr(ix.indpred, ix.indrelid),
                  ix.indnkeyatts as indnkeyatts
              FROM
                  pg_class t
                        join pg_index ix on t.oid = ix.indrelid
                        join pg_class i on i.oid = ix.indexrelid
                        left outer join
                            pg_attribute a
                            on t.oid = a.attrelid and a.attnum = ANY(ix.indkey)
                        left outer join
                            pg_constraint c
                            on (ix.indrelid = c.conrelid and
                                ix.indexrelid = c.conindid and
                                c.contype in ('p', 'u', 'x'))
                        left outer join
                            pg_am am
                            on i.relam = am.oid
              WHERE
                  t.relkind IN ('r', 'v', 'f', 'm', 'p')
                  and t.oid = %(table_oid)s
                  and ix.indisprimary = 'f'
              ORDER BY
                  t.relname,
                  i.relname
[2022-09-24T06:46:05.881+0000] {log.py:117} INFO - 
              SELECT
                  i.relname as relname,
                  ix.indisunique, ix.indexprs,
                  a.attname, a.attnum, c.conrelid, ix.indkey::varchar,
                  ix.indoption::varchar, i.reloptions, am.amname,
                  pg_get_expr(ix.indpred, ix.indrelid),
                  ix.indnkeyatts as indnkeyatts
              FROM
                  pg_class t
                        join pg_index ix on t.oid = ix.indrelid
                        join pg_class i on i.oid = ix.indexrelid
                        left outer join
                            pg_attribute a
                            on t.oid = a.attrelid and a.attnum = ANY(ix.indkey)
                        left outer join
                            pg_constraint c
                            on (ix.indrelid = c.conrelid and
                                ix.indexrelid = c.conindid and
                                c.contype in ('p', 'u', 'x'))
                        left outer join
                            pg_am am
                            on i.relam = am.oid
              WHERE
                  t.relkind IN ('r', 'v', 'f', 'm', 'p')
                  and t.oid = %(table_oid)s
                  and ix.indisprimary = 'f'
              ORDER BY
                  t.relname,
                  i.relname
            
[2022-09-24T06:46:05.881+0000] {logging_mixin.py:117} INFO - 2022-09-24 06:46:05,881 INFO sqlalchemy.engine.Engine [generated in 0.00078s] {'table_oid': 17014}
[2022-09-24T06:46:05.881+0000] {log.py:117} INFO - [generated in 0.00078s] {'table_oid': 17014}
[2022-09-24T06:46:05.886+0000] {logging_mixin.py:117} INFO - 2022-09-24 06:46:05,886 INFO sqlalchemy.engine.Engine 
            SELECT
                cons.conname as name,
                cons.conkey as key,
                a.attnum as col_num,
                a.attname as col_name
            FROM
                pg_catalog.pg_constraint cons
                join pg_attribute a
                  on cons.conrelid = a.attrelid AND
                    a.attnum = ANY(cons.conkey)
            WHERE
                cons.conrelid = %(table_oid)s AND
                cons.contype = 'u'
[2022-09-24T06:46:05.886+0000] {log.py:117} INFO - 
            SELECT
                cons.conname as name,
                cons.conkey as key,
                a.attnum as col_num,
                a.attname as col_name
            FROM
                pg_catalog.pg_constraint cons
                join pg_attribute a
                  on cons.conrelid = a.attrelid AND
                    a.attnum = ANY(cons.conkey)
            WHERE
                cons.conrelid = %(table_oid)s AND
                cons.contype = 'u'
        
[2022-09-24T06:46:05.886+0000] {logging_mixin.py:117} INFO - 2022-09-24 06:46:05,886 INFO sqlalchemy.engine.Engine [generated in 0.00077s] {'table_oid': 17014}
[2022-09-24T06:46:05.886+0000] {log.py:117} INFO - [generated in 0.00077s] {'table_oid': 17014}
[2022-09-24T06:46:05.888+0000] {logging_mixin.py:117} INFO - 2022-09-24 06:46:05,888 INFO sqlalchemy.engine.Engine 
            SELECT
                cons.conname as name,
                pg_get_constraintdef(cons.oid) as src
            FROM
                pg_catalog.pg_constraint cons
            WHERE
                cons.conrelid = %(table_oid)s AND
                cons.contype = 'c'
[2022-09-24T06:46:05.888+0000] {log.py:117} INFO - 
            SELECT
                cons.conname as name,
                pg_get_constraintdef(cons.oid) as src
            FROM
                pg_catalog.pg_constraint cons
            WHERE
                cons.conrelid = %(table_oid)s AND
                cons.contype = 'c'
        
[2022-09-24T06:46:05.889+0000] {logging_mixin.py:117} INFO - 2022-09-24 06:46:05,889 INFO sqlalchemy.engine.Engine [generated in 0.00071s] {'table_oid': 17014}
[2022-09-24T06:46:05.889+0000] {log.py:117} INFO - [generated in 0.00071s] {'table_oid': 17014}
[2022-09-24T06:46:05.891+0000] {logging_mixin.py:117} INFO - 2022-09-24 06:46:05,891 INFO sqlalchemy.engine.Engine 
            SELECT
                pgd.description as table_comment
            FROM
                pg_catalog.pg_description pgd
            WHERE
                pgd.objsubid = 0 AND
                pgd.objoid = %(table_oid)s
[2022-09-24T06:46:05.891+0000] {log.py:117} INFO - 
            SELECT
                pgd.description as table_comment
            FROM
                pg_catalog.pg_description pgd
            WHERE
                pgd.objsubid = 0 AND
                pgd.objoid = %(table_oid)s
        
[2022-09-24T06:46:05.891+0000] {logging_mixin.py:117} INFO - 2022-09-24 06:46:05,891 INFO sqlalchemy.engine.Engine [generated in 0.00063s] {'table_oid': 17014}
[2022-09-24T06:46:05.891+0000] {log.py:117} INFO - [generated in 0.00063s] {'table_oid': 17014}
[2022-09-24T06:46:05.892+0000] {logging_mixin.py:117} INFO - 2022-09-24 06:46:05,892 INFO sqlalchemy.engine.Engine ROLLBACK
[2022-09-24T06:46:05.892+0000] {log.py:117} INFO - ROLLBACK
[2022-09-24T06:46:05.893+0000] {logging_mixin.py:117} INFO - 2022-09-24 06:46:05,893 INFO sqlalchemy.engine.Engine BEGIN (implicit)
[2022-09-24T06:46:05.893+0000] {log.py:117} INFO - BEGIN (implicit)
[2022-09-24T06:46:05.894+0000] {logging_mixin.py:117} INFO - 2022-09-24 06:46:05,894 INFO sqlalchemy.engine.Engine 
DROP TABLE traffic_data
[2022-09-24T06:46:05.894+0000] {log.py:117} INFO - 
DROP TABLE traffic_data
[2022-09-24T06:46:05.895+0000] {logging_mixin.py:117} INFO - 2022-09-24 06:46:05,895 INFO sqlalchemy.engine.Engine [no key 0.00058s] {}
[2022-09-24T06:46:05.895+0000] {log.py:117} INFO - [no key 0.00058s] {}
[2022-09-24T06:46:05.897+0000] {logging_mixin.py:117} INFO - 2022-09-24 06:46:05,896 INFO sqlalchemy.engine.Engine COMMIT
[2022-09-24T06:46:05.896+0000] {log.py:117} INFO - COMMIT
[2022-09-24T06:46:05.903+0000] {logging_mixin.py:117} INFO - 2022-09-24 06:46:05,903 INFO sqlalchemy.engine.Engine BEGIN (implicit)
[2022-09-24T06:46:05.903+0000] {log.py:117} INFO - BEGIN (implicit)
[2022-09-24T06:46:05.905+0000] {logging_mixin.py:117} INFO - 2022-09-24 06:46:05,905 INFO sqlalchemy.engine.Engine 
CREATE TABLE traffic_data (
	id BIGINT, 
	track_id BIGINT, 
	" type" TEXT, 
	" traveled_d" FLOAT(53), 
	" avg_speed" FLOAT(53), 
	" lat" FLOAT(53), 
	" lon" FLOAT(53), 
	" speed" FLOAT(53), 
	" lon_acc" FLOAT(53), 
	" lat_acc" FLOAT(53), 
	" time" FLOAT(53)
)
[2022-09-24T06:46:05.905+0000] {log.py:117} INFO - 
CREATE TABLE traffic_data (
	id BIGINT, 
	track_id BIGINT, 
	" type" TEXT, 
	" traveled_d" FLOAT(53), 
	" avg_speed" FLOAT(53), 
	" lat" FLOAT(53), 
	" lon" FLOAT(53), 
	" speed" FLOAT(53), 
	" lon_acc" FLOAT(53), 
	" lat_acc" FLOAT(53), 
	" time" FLOAT(53)
)


[2022-09-24T06:46:05.906+0000] {logging_mixin.py:117} INFO - 2022-09-24 06:46:05,906 INFO sqlalchemy.engine.Engine [no key 0.00047s] {}
[2022-09-24T06:46:05.906+0000] {log.py:117} INFO - [no key 0.00047s] {}
[2022-09-24T06:46:05.910+0000] {logging_mixin.py:117} INFO - 2022-09-24 06:46:05,909 INFO sqlalchemy.engine.Engine CREATE INDEX ix_traffic_data_id ON traffic_data (id)
[2022-09-24T06:46:05.909+0000] {log.py:117} INFO - CREATE INDEX ix_traffic_data_id ON traffic_data (id)
[2022-09-24T06:46:05.910+0000] {logging_mixin.py:117} INFO - 2022-09-24 06:46:05,910 INFO sqlalchemy.engine.Engine [no key 0.00052s] {}
[2022-09-24T06:46:05.910+0000] {log.py:117} INFO - [no key 0.00052s] {}
[2022-09-24T06:46:05.912+0000] {logging_mixin.py:117} INFO - 2022-09-24 06:46:05,912 INFO sqlalchemy.engine.Engine COMMIT
[2022-09-24T06:46:05.912+0000] {log.py:117} INFO - COMMIT
[2022-09-24T06:46:05.917+0000] {logging_mixin.py:117} INFO - 2022-09-24 06:46:05,916 INFO sqlalchemy.engine.Engine BEGIN (implicit)
[2022-09-24T06:46:05.916+0000] {log.py:117} INFO - BEGIN (implicit)
[2022-09-24T06:46:05.918+0000] {logging_mixin.py:117} INFO - 2022-09-24 06:46:05,918 INFO sqlalchemy.engine.Engine INSERT INTO traffic_data (id, track_id, " type", " traveled_d", " avg_speed", " lat", " lon", " speed", " lon_acc", " lat_acc", " time") VALUES (%(id)s, %(track_id)s, %( type)s, %( traveled_d)s, %( avg_speed)s, %( lat)s, %( lon)s, %( speed)s, %( lon_acc)s, %( lat_acc)s, %( time)s)
[2022-09-24T06:46:05.918+0000] {log.py:117} INFO - INSERT INTO traffic_data (id, track_id, " type", " traveled_d", " avg_speed", " lat", " lon", " speed", " lon_acc", " lat_acc", " time") VALUES (%(id)s, %(track_id)s, %( type)s, %( traveled_d)s, %( avg_speed)s, %( lat)s, %( lon)s, %( speed)s, %( lon_acc)s, %( lat_acc)s, %( time)s)
[2022-09-24T06:46:05.919+0000] {logging_mixin.py:117} INFO - 2022-09-24 06:46:05,918 INFO sqlalchemy.engine.Engine [generated in 0.00071s] ({'id': 0, 'track_id': 1, ' type': ' Car', ' traveled_d': 48.85, ' avg_speed': 9.770344, ' lat': 37.977391, ' lon': 23.737688, ' speed': 4.9178, ' lon_acc': 0.0518, ' lat_acc': -0.0299, ' time': 0.0}, {'id': 1, 'track_id': 2, ' type': ' Motorcycle', ' traveled_d': 98.09, ' avg_speed': 19.839417, ' lat': 37.977642, ' lon': 23.7374, ' speed': 16.9759, ' lon_acc': -0.0361, ' lat_acc': -0.0228, ' time': 0.0}, {'id': 2, 'track_id': 3, ' type': ' Motorcycle', ' traveled_d': 63.8, ' avg_speed': 18.228752, ' lat': 37.977997, ' lon': 23.737264, ' speed': 20.1906, ' lon_acc': -0.0795, ' lat_acc': -0.3395, ' time': 0.0}, {'id': 3, 'track_id': 4, ' type': ' Motorcycle', ' traveled_d': 145.72, ' avg_speed': 26.229014, ' lat': 37.978135, ' lon': 23.737072, ' speed': 2.7555, ' lon_acc': -0.0302, ' lat_acc': 0.0948, ' time': 0.0}, {'id': 4, 'track_id': 5, ' type': ' Motorcycle', ' traveled_d': 138.01, ' avg_speed': 24.841425, ' lat': 37.978134, ' lon': 23.737103, ' speed': 0.0, ' lon_acc': 0.0, ' lat_acc': 0.0, ' time': 0.0})
[2022-09-24T06:46:05.918+0000] {log.py:117} INFO - [generated in 0.00071s] ({'id': 0, 'track_id': 1, ' type': ' Car', ' traveled_d': 48.85, ' avg_speed': 9.770344, ' lat': 37.977391, ' lon': 23.737688, ' speed': 4.9178, ' lon_acc': 0.0518, ' lat_acc': -0.0299, ' time': 0.0}, {'id': 1, 'track_id': 2, ' type': ' Motorcycle', ' traveled_d': 98.09, ' avg_speed': 19.839417, ' lat': 37.977642, ' lon': 23.7374, ' speed': 16.9759, ' lon_acc': -0.0361, ' lat_acc': -0.0228, ' time': 0.0}, {'id': 2, 'track_id': 3, ' type': ' Motorcycle', ' traveled_d': 63.8, ' avg_speed': 18.228752, ' lat': 37.977997, ' lon': 23.737264, ' speed': 20.1906, ' lon_acc': -0.0795, ' lat_acc': -0.3395, ' time': 0.0}, {'id': 3, 'track_id': 4, ' type': ' Motorcycle', ' traveled_d': 145.72, ' avg_speed': 26.229014, ' lat': 37.978135, ' lon': 23.737072, ' speed': 2.7555, ' lon_acc': -0.0302, ' lat_acc': 0.0948, ' time': 0.0}, {'id': 4, 'track_id': 5, ' type': ' Motorcycle', ' traveled_d': 138.01, ' avg_speed': 24.841425, ' lat': 37.978134, ' lon': 23.737103, ' speed': 0.0, ' lon_acc': 0.0, ' lat_acc': 0.0, ' time': 0.0})
[2022-09-24T06:46:05.921+0000] {logging_mixin.py:117} INFO - 2022-09-24 06:46:05,921 INFO sqlalchemy.engine.Engine COMMIT
[2022-09-24T06:46:05.921+0000] {log.py:117} INFO - COMMIT
[2022-09-24T06:46:05.922+0000] {logging_mixin.py:117} INFO - <<<<<<<<<<<<<<<<<<<completed>>>>>>>>>>>>>>>>
[2022-09-24T06:46:05.922+0000] {python.py:177} INFO - Done. Returned value was: None
[2022-09-24T06:46:05.936+0000] {taskinstance.py:1406} INFO - Marking task as SUCCESS. dag_id=migrate_data, task_id=migrate, execution_date=20220923T000000, start_date=20220924T064604, end_date=20220924T064605
[2022-09-24T06:46:06.001+0000] {local_task_job.py:164} INFO - Task exited with return code 0
[2022-09-24T06:46:06.028+0000] {local_task_job.py:273} INFO - 0 downstream tasks scheduled from follow-on schedule check
[2022-09-24T14:01:08.847+0000] {taskinstance.py:1165} INFO - Dependencies all met for <TaskInstance: migrate_data.migrate scheduled__2022-09-23T00:00:00+00:00 [queued]>
[2022-09-24T14:01:08.857+0000] {taskinstance.py:1165} INFO - Dependencies all met for <TaskInstance: migrate_data.migrate scheduled__2022-09-23T00:00:00+00:00 [queued]>
[2022-09-24T14:01:08.857+0000] {taskinstance.py:1362} INFO - 
--------------------------------------------------------------------------------
[2022-09-24T14:01:08.857+0000] {taskinstance.py:1363} INFO - Starting attempt 3 of 3
[2022-09-24T14:01:08.858+0000] {taskinstance.py:1364} INFO - 
--------------------------------------------------------------------------------
[2022-09-24T14:01:08.870+0000] {taskinstance.py:1383} INFO - Executing <Task(PythonOperator): migrate> on 2022-09-23 00:00:00+00:00
[2022-09-24T14:01:08.874+0000] {standard_task_runner.py:54} INFO - Started process 1466 to run task
[2022-09-24T14:01:08.877+0000] {standard_task_runner.py:82} INFO - Running: ['***', 'tasks', 'run', 'migrate_data', 'migrate', 'scheduled__2022-09-23T00:00:00+00:00', '--job-id', '19', '--raw', '--subdir', 'DAGS_FOLDER/migrate.py', '--cfg-path', '/tmp/tmpb_1a2hoi']
[2022-09-24T14:01:08.877+0000] {standard_task_runner.py:83} INFO - Job 19: Subtask migrate
[2022-09-24T14:01:08.878+0000] {dagbag.py:525} INFO - Filling up the DagBag from /opt/***/dags/migrate.py
[2022-09-24T14:01:09.166+0000] {task_command.py:384} INFO - Running <TaskInstance: migrate_data.migrate scheduled__2022-09-23T00:00:00+00:00 [running]> on host a1ff555f5633
[2022-09-24T14:01:09.226+0000] {taskinstance.py:1592} INFO - Exporting the following env vars:
AIRFLOW_CTX_DAG_EMAIL=isaaclucky88@gmail.com
AIRFLOW_CTX_DAG_OWNER=yishaktadele
AIRFLOW_CTX_DAG_ID=migrate_data
AIRFLOW_CTX_TASK_ID=migrate
AIRFLOW_CTX_EXECUTION_DATE=2022-09-23T00:00:00+00:00
AIRFLOW_CTX_TRY_NUMBER=3
AIRFLOW_CTX_DAG_RUN_ID=scheduled__2022-09-23T00:00:00+00:00
[2022-09-24T14:01:09.227+0000] {warnings.py:110} WARNING - /home/***/.local/lib/python3.7/site-packages/pandas/util/_decorators.py:311: ParserWarning: Falling back to the 'python' engine because the 'c' engine does not support regex separators (separators > 1 char and different from '\s+' are interpreted as regex); you can avoid this warning by specifying engine='python'.
  return func(*args, **kwargs)

[2022-09-24T14:01:09.233+0000] {warnings.py:110} WARNING - /home/***/.local/lib/python3.7/site-packages/pandas/io/parsers/readers.py:586: ParserWarning: Length of header or names does not match length of data. This leads to a loss of data with index_col=False.
  return _read(filepath_or_buffer, kwds)

[2022-09-24T14:01:09.235+0000] {logging_mixin.py:117} INFO - <<<<<<<<<<start migrating data>>>>>>>>>>>>>>
[2022-09-24T14:01:09.242+0000] {logging_mixin.py:117} INFO - 2022-09-24 14:01:09,242 INFO sqlalchemy.engine.Engine select pg_catalog.version()
[2022-09-24T14:01:09.242+0000] {log.py:117} INFO - select pg_catalog.version()
[2022-09-24T14:01:09.242+0000] {logging_mixin.py:117} INFO - 2022-09-24 14:01:09,242 INFO sqlalchemy.engine.Engine [raw sql] {}
[2022-09-24T14:01:09.242+0000] {log.py:117} INFO - [raw sql] {}
[2022-09-24T14:01:09.243+0000] {logging_mixin.py:117} INFO - 2022-09-24 14:01:09,243 INFO sqlalchemy.engine.Engine select current_schema()
[2022-09-24T14:01:09.243+0000] {log.py:117} INFO - select current_schema()
[2022-09-24T14:01:09.243+0000] {logging_mixin.py:117} INFO - 2022-09-24 14:01:09,243 INFO sqlalchemy.engine.Engine [raw sql] {}
[2022-09-24T14:01:09.243+0000] {log.py:117} INFO - [raw sql] {}
[2022-09-24T14:01:09.244+0000] {logging_mixin.py:117} INFO - 2022-09-24 14:01:09,244 INFO sqlalchemy.engine.Engine show standard_conforming_strings
[2022-09-24T14:01:09.244+0000] {log.py:117} INFO - show standard_conforming_strings
[2022-09-24T14:01:09.244+0000] {logging_mixin.py:117} INFO - 2022-09-24 14:01:09,244 INFO sqlalchemy.engine.Engine [raw sql] {}
[2022-09-24T14:01:09.244+0000] {log.py:117} INFO - [raw sql] {}
[2022-09-24T14:01:09.246+0000] {logging_mixin.py:117} INFO - 2022-09-24 14:01:09,246 INFO sqlalchemy.engine.Engine BEGIN (implicit)
[2022-09-24T14:01:09.246+0000] {log.py:117} INFO - BEGIN (implicit)
[2022-09-24T14:01:09.246+0000] {logging_mixin.py:117} INFO - 2022-09-24 14:01:09,246 INFO sqlalchemy.engine.Engine select relname from pg_class c join pg_namespace n on n.oid=c.relnamespace where pg_catalog.pg_table_is_visible(c.oid) and relname=%(name)s
[2022-09-24T14:01:09.246+0000] {log.py:117} INFO - select relname from pg_class c join pg_namespace n on n.oid=c.relnamespace where pg_catalog.pg_table_is_visible(c.oid) and relname=%(name)s
[2022-09-24T14:01:09.246+0000] {logging_mixin.py:117} INFO - 2022-09-24 14:01:09,246 INFO sqlalchemy.engine.Engine [generated in 0.00051s] {'name': 'traffic_data'}
[2022-09-24T14:01:09.246+0000] {log.py:117} INFO - [generated in 0.00051s] {'name': 'traffic_data'}
[2022-09-24T14:01:09.247+0000] {logging_mixin.py:117} INFO - 2022-09-24 14:01:09,247 INFO sqlalchemy.engine.Engine ROLLBACK
[2022-09-24T14:01:09.247+0000] {log.py:117} INFO - ROLLBACK
[2022-09-24T14:01:09.248+0000] {logging_mixin.py:117} INFO - 2022-09-24 14:01:09,248 INFO sqlalchemy.engine.Engine BEGIN (implicit)
[2022-09-24T14:01:09.248+0000] {log.py:117} INFO - BEGIN (implicit)
[2022-09-24T14:01:09.248+0000] {logging_mixin.py:117} INFO - 2022-09-24 14:01:09,248 INFO sqlalchemy.engine.Engine select relname from pg_class c join pg_namespace n on n.oid=c.relnamespace where pg_catalog.pg_table_is_visible(c.oid) and relname=%(name)s
[2022-09-24T14:01:09.248+0000] {log.py:117} INFO - select relname from pg_class c join pg_namespace n on n.oid=c.relnamespace where pg_catalog.pg_table_is_visible(c.oid) and relname=%(name)s
[2022-09-24T14:01:09.249+0000] {logging_mixin.py:117} INFO - 2022-09-24 14:01:09,248 INFO sqlalchemy.engine.Engine [cached since 0.003031s ago] {'name': 'traffic_data'}
[2022-09-24T14:01:09.248+0000] {log.py:117} INFO - [cached since 0.003031s ago] {'name': 'traffic_data'}
[2022-09-24T14:01:09.249+0000] {logging_mixin.py:117} INFO - 2022-09-24 14:01:09,249 INFO sqlalchemy.engine.Engine ROLLBACK
[2022-09-24T14:01:09.249+0000] {log.py:117} INFO - ROLLBACK
[2022-09-24T14:01:09.250+0000] {logging_mixin.py:117} INFO - 2022-09-24 14:01:09,250 INFO sqlalchemy.engine.Engine BEGIN (implicit)
[2022-09-24T14:01:09.250+0000] {log.py:117} INFO - BEGIN (implicit)
[2022-09-24T14:01:09.251+0000] {logging_mixin.py:117} INFO - 2022-09-24 14:01:09,251 INFO sqlalchemy.engine.Engine SELECT c.relname FROM pg_class c JOIN pg_namespace n ON n.oid = c.relnamespace WHERE n.nspname = %(schema)s AND c.relkind in ('r', 'p')
[2022-09-24T14:01:09.251+0000] {log.py:117} INFO - SELECT c.relname FROM pg_class c JOIN pg_namespace n ON n.oid = c.relnamespace WHERE n.nspname = %(schema)s AND c.relkind in ('r', 'p')
[2022-09-24T14:01:09.251+0000] {logging_mixin.py:117} INFO - 2022-09-24 14:01:09,251 INFO sqlalchemy.engine.Engine [generated in 0.00069s] {'schema': 'public'}
[2022-09-24T14:01:09.251+0000] {log.py:117} INFO - [generated in 0.00069s] {'schema': 'public'}
[2022-09-24T14:01:09.253+0000] {logging_mixin.py:117} INFO - 2022-09-24 14:01:09,253 INFO sqlalchemy.engine.Engine 
            SELECT c.oid
            FROM pg_catalog.pg_class c
            LEFT JOIN pg_catalog.pg_namespace n ON n.oid = c.relnamespace
            WHERE (pg_catalog.pg_table_is_visible(c.oid))
            AND c.relname = %(table_name)s AND c.relkind in
            ('r', 'v', 'm', 'f', 'p')
[2022-09-24T14:01:09.253+0000] {log.py:117} INFO - 
            SELECT c.oid
            FROM pg_catalog.pg_class c
            LEFT JOIN pg_catalog.pg_namespace n ON n.oid = c.relnamespace
            WHERE (pg_catalog.pg_table_is_visible(c.oid))
            AND c.relname = %(table_name)s AND c.relkind in
            ('r', 'v', 'm', 'f', 'p')
        
[2022-09-24T14:01:09.253+0000] {logging_mixin.py:117} INFO - 2022-09-24 14:01:09,253 INFO sqlalchemy.engine.Engine [generated in 0.00029s] {'table_name': 'traffic_data'}
[2022-09-24T14:01:09.253+0000] {log.py:117} INFO - [generated in 0.00029s] {'table_name': 'traffic_data'}
[2022-09-24T14:01:09.254+0000] {logging_mixin.py:117} INFO - 2022-09-24 14:01:09,254 INFO sqlalchemy.engine.Engine 
            SELECT a.attname,
              pg_catalog.format_type(a.atttypid, a.atttypmod),
              (
                SELECT pg_catalog.pg_get_expr(d.adbin, d.adrelid)
                FROM pg_catalog.pg_attrdef d
                WHERE d.adrelid = a.attrelid AND d.adnum = a.attnum
                AND a.atthasdef
              ) AS DEFAULT,
              a.attnotnull,
              a.attrelid as table_oid,
              pgd.description as comment,
              a.attgenerated as generated,
                              (SELECT json_build_object(
                    'always', a.attidentity = 'a',
                    'start', s.seqstart,
                    'increment', s.seqincrement,
                    'minvalue', s.seqmin,
                    'maxvalue', s.seqmax,
                    'cache', s.seqcache,
                    'cycle', s.seqcycle)
                FROM pg_catalog.pg_sequence s
                JOIN pg_catalog.pg_class c on s.seqrelid = c."oid"
                WHERE c.relkind = 'S'
                AND a.attidentity != ''
                AND s.seqrelid = pg_catalog.pg_get_serial_sequence(
                    a.attrelid::regclass::text, a.attname
                )::regclass::oid
                ) as identity_options                
            FROM pg_catalog.pg_attribute a
            LEFT JOIN pg_catalog.pg_description pgd ON (
                pgd.objoid = a.attrelid AND pgd.objsubid = a.attnum)
            WHERE a.attrelid = %(table_oid)s
            AND a.attnum > 0 AND NOT a.attisdropped
            ORDER BY a.attnum
[2022-09-24T14:01:09.254+0000] {log.py:117} INFO - 
            SELECT a.attname,
              pg_catalog.format_type(a.atttypid, a.atttypmod),
              (
                SELECT pg_catalog.pg_get_expr(d.adbin, d.adrelid)
                FROM pg_catalog.pg_attrdef d
                WHERE d.adrelid = a.attrelid AND d.adnum = a.attnum
                AND a.atthasdef
              ) AS DEFAULT,
              a.attnotnull,
              a.attrelid as table_oid,
              pgd.description as comment,
              a.attgenerated as generated,
                              (SELECT json_build_object(
                    'always', a.attidentity = 'a',
                    'start', s.seqstart,
                    'increment', s.seqincrement,
                    'minvalue', s.seqmin,
                    'maxvalue', s.seqmax,
                    'cache', s.seqcache,
                    'cycle', s.seqcycle)
                FROM pg_catalog.pg_sequence s
                JOIN pg_catalog.pg_class c on s.seqrelid = c."oid"
                WHERE c.relkind = 'S'
                AND a.attidentity != ''
                AND s.seqrelid = pg_catalog.pg_get_serial_sequence(
                    a.attrelid::regclass::text, a.attname
                )::regclass::oid
                ) as identity_options                
            FROM pg_catalog.pg_attribute a
            LEFT JOIN pg_catalog.pg_description pgd ON (
                pgd.objoid = a.attrelid AND pgd.objsubid = a.attnum)
            WHERE a.attrelid = %(table_oid)s
            AND a.attnum > 0 AND NOT a.attisdropped
            ORDER BY a.attnum
        
[2022-09-24T14:01:09.254+0000] {logging_mixin.py:117} INFO - 2022-09-24 14:01:09,254 INFO sqlalchemy.engine.Engine [generated in 0.00030s] {'table_oid': 16978}
[2022-09-24T14:01:09.254+0000] {log.py:117} INFO - [generated in 0.00030s] {'table_oid': 16978}
[2022-09-24T14:01:09.258+0000] {logging_mixin.py:117} INFO - 2022-09-24 14:01:09,257 INFO sqlalchemy.engine.Engine 
            SELECT t.typname as "name",
               pg_catalog.format_type(t.typbasetype, t.typtypmod) as "attype",
               not t.typnotnull as "nullable",
               t.typdefault as "default",
               pg_catalog.pg_type_is_visible(t.oid) as "visible",
               n.nspname as "schema"
            FROM pg_catalog.pg_type t
               LEFT JOIN pg_catalog.pg_namespace n ON n.oid = t.typnamespace
            WHERE t.typtype = 'd'
[2022-09-24T14:01:09.257+0000] {log.py:117} INFO - 
            SELECT t.typname as "name",
               pg_catalog.format_type(t.typbasetype, t.typtypmod) as "attype",
               not t.typnotnull as "nullable",
               t.typdefault as "default",
               pg_catalog.pg_type_is_visible(t.oid) as "visible",
               n.nspname as "schema"
            FROM pg_catalog.pg_type t
               LEFT JOIN pg_catalog.pg_namespace n ON n.oid = t.typnamespace
            WHERE t.typtype = 'd'
        
[2022-09-24T14:01:09.258+0000] {logging_mixin.py:117} INFO - 2022-09-24 14:01:09,258 INFO sqlalchemy.engine.Engine [generated in 0.00037s] {}
[2022-09-24T14:01:09.258+0000] {log.py:117} INFO - [generated in 0.00037s] {}
[2022-09-24T14:01:09.259+0000] {logging_mixin.py:117} INFO - 2022-09-24 14:01:09,259 INFO sqlalchemy.engine.Engine 
            SELECT t.typname as "name",
               -- no enum defaults in 8.4 at least
               -- t.typdefault as "default",
               pg_catalog.pg_type_is_visible(t.oid) as "visible",
               n.nspname as "schema",
               e.enumlabel as "label"
            FROM pg_catalog.pg_type t
                 LEFT JOIN pg_catalog.pg_namespace n ON n.oid = t.typnamespace
                 LEFT JOIN pg_catalog.pg_enum e ON t.oid = e.enumtypid
            WHERE t.typtype = 'e'
        ORDER BY "schema", "name", e.oid
[2022-09-24T14:01:09.259+0000] {log.py:117} INFO - 
            SELECT t.typname as "name",
               -- no enum defaults in 8.4 at least
               -- t.typdefault as "default",
               pg_catalog.pg_type_is_visible(t.oid) as "visible",
               n.nspname as "schema",
               e.enumlabel as "label"
            FROM pg_catalog.pg_type t
                 LEFT JOIN pg_catalog.pg_namespace n ON n.oid = t.typnamespace
                 LEFT JOIN pg_catalog.pg_enum e ON t.oid = e.enumtypid
            WHERE t.typtype = 'e'
        ORDER BY "schema", "name", e.oid
[2022-09-24T14:01:09.260+0000] {logging_mixin.py:117} INFO - 2022-09-24 14:01:09,260 INFO sqlalchemy.engine.Engine [generated in 0.00042s] {}
[2022-09-24T14:01:09.260+0000] {log.py:117} INFO - [generated in 0.00042s] {}
[2022-09-24T14:01:09.264+0000] {logging_mixin.py:117} INFO - 2022-09-24 14:01:09,264 INFO sqlalchemy.engine.Engine 
                SELECT a.attname
                FROM pg_attribute a JOIN (
                    SELECT unnest(ix.indkey) attnum,
                           generate_subscripts(ix.indkey, 1) ord
                    FROM pg_index ix
                    WHERE ix.indrelid = %(table_oid)s AND ix.indisprimary
                    ) k ON a.attnum=k.attnum
                WHERE a.attrelid = %(table_oid)s
                ORDER BY k.ord
[2022-09-24T14:01:09.264+0000] {log.py:117} INFO - 
                SELECT a.attname
                FROM pg_attribute a JOIN (
                    SELECT unnest(ix.indkey) attnum,
                           generate_subscripts(ix.indkey, 1) ord
                    FROM pg_index ix
                    WHERE ix.indrelid = %(table_oid)s AND ix.indisprimary
                    ) k ON a.attnum=k.attnum
                WHERE a.attrelid = %(table_oid)s
                ORDER BY k.ord
            
[2022-09-24T14:01:09.264+0000] {logging_mixin.py:117} INFO - 2022-09-24 14:01:09,264 INFO sqlalchemy.engine.Engine [generated in 0.00036s] {'table_oid': 16978}
[2022-09-24T14:01:09.264+0000] {log.py:117} INFO - [generated in 0.00036s] {'table_oid': 16978}
[2022-09-24T14:01:09.265+0000] {logging_mixin.py:117} INFO - 2022-09-24 14:01:09,265 INFO sqlalchemy.engine.Engine 
        SELECT conname
           FROM  pg_catalog.pg_constraint r
           WHERE r.conrelid = %(table_oid)s AND r.contype = 'p'
           ORDER BY 1
[2022-09-24T14:01:09.265+0000] {log.py:117} INFO - 
        SELECT conname
           FROM  pg_catalog.pg_constraint r
           WHERE r.conrelid = %(table_oid)s AND r.contype = 'p'
           ORDER BY 1
        
[2022-09-24T14:01:09.266+0000] {logging_mixin.py:117} INFO - 2022-09-24 14:01:09,266 INFO sqlalchemy.engine.Engine [generated in 0.00034s] {'table_oid': 16978}
[2022-09-24T14:01:09.266+0000] {log.py:117} INFO - [generated in 0.00034s] {'table_oid': 16978}
[2022-09-24T14:01:09.267+0000] {logging_mixin.py:117} INFO - 2022-09-24 14:01:09,267 INFO sqlalchemy.engine.Engine 
          SELECT r.conname,
                pg_catalog.pg_get_constraintdef(r.oid, true) as condef,
                n.nspname as conschema
          FROM  pg_catalog.pg_constraint r,
                pg_namespace n,
                pg_class c

          WHERE r.conrelid = %(table)s AND
                r.contype = 'f' AND
                c.oid = confrelid AND
                n.oid = c.relnamespace
          ORDER BY 1
[2022-09-24T14:01:09.267+0000] {log.py:117} INFO - 
          SELECT r.conname,
                pg_catalog.pg_get_constraintdef(r.oid, true) as condef,
                n.nspname as conschema
          FROM  pg_catalog.pg_constraint r,
                pg_namespace n,
                pg_class c

          WHERE r.conrelid = %(table)s AND
                r.contype = 'f' AND
                c.oid = confrelid AND
                n.oid = c.relnamespace
          ORDER BY 1
        
[2022-09-24T14:01:09.267+0000] {logging_mixin.py:117} INFO - 2022-09-24 14:01:09,267 INFO sqlalchemy.engine.Engine [generated in 0.00031s] {'table': 16978}
[2022-09-24T14:01:09.267+0000] {log.py:117} INFO - [generated in 0.00031s] {'table': 16978}
[2022-09-24T14:01:09.269+0000] {logging_mixin.py:117} INFO - 2022-09-24 14:01:09,269 INFO sqlalchemy.engine.Engine 
              SELECT
                  i.relname as relname,
                  ix.indisunique, ix.indexprs,
                  a.attname, a.attnum, c.conrelid, ix.indkey::varchar,
                  ix.indoption::varchar, i.reloptions, am.amname,
                  pg_get_expr(ix.indpred, ix.indrelid),
                  ix.indnkeyatts as indnkeyatts
              FROM
                  pg_class t
                        join pg_index ix on t.oid = ix.indrelid
                        join pg_class i on i.oid = ix.indexrelid
                        left outer join
                            pg_attribute a
                            on t.oid = a.attrelid and a.attnum = ANY(ix.indkey)
                        left outer join
                            pg_constraint c
                            on (ix.indrelid = c.conrelid and
                                ix.indexrelid = c.conindid and
                                c.contype in ('p', 'u', 'x'))
                        left outer join
                            pg_am am
                            on i.relam = am.oid
              WHERE
                  t.relkind IN ('r', 'v', 'f', 'm', 'p')
                  and t.oid = %(table_oid)s
                  and ix.indisprimary = 'f'
              ORDER BY
                  t.relname,
                  i.relname
[2022-09-24T14:01:09.269+0000] {log.py:117} INFO - 
              SELECT
                  i.relname as relname,
                  ix.indisunique, ix.indexprs,
                  a.attname, a.attnum, c.conrelid, ix.indkey::varchar,
                  ix.indoption::varchar, i.reloptions, am.amname,
                  pg_get_expr(ix.indpred, ix.indrelid),
                  ix.indnkeyatts as indnkeyatts
              FROM
                  pg_class t
                        join pg_index ix on t.oid = ix.indrelid
                        join pg_class i on i.oid = ix.indexrelid
                        left outer join
                            pg_attribute a
                            on t.oid = a.attrelid and a.attnum = ANY(ix.indkey)
                        left outer join
                            pg_constraint c
                            on (ix.indrelid = c.conrelid and
                                ix.indexrelid = c.conindid and
                                c.contype in ('p', 'u', 'x'))
                        left outer join
                            pg_am am
                            on i.relam = am.oid
              WHERE
                  t.relkind IN ('r', 'v', 'f', 'm', 'p')
                  and t.oid = %(table_oid)s
                  and ix.indisprimary = 'f'
              ORDER BY
                  t.relname,
                  i.relname
            
[2022-09-24T14:01:09.269+0000] {logging_mixin.py:117} INFO - 2022-09-24 14:01:09,269 INFO sqlalchemy.engine.Engine [generated in 0.00036s] {'table_oid': 16978}
[2022-09-24T14:01:09.269+0000] {log.py:117} INFO - [generated in 0.00036s] {'table_oid': 16978}
[2022-09-24T14:01:09.272+0000] {logging_mixin.py:117} INFO - 2022-09-24 14:01:09,272 INFO sqlalchemy.engine.Engine 
            SELECT
                cons.conname as name,
                cons.conkey as key,
                a.attnum as col_num,
                a.attname as col_name
            FROM
                pg_catalog.pg_constraint cons
                join pg_attribute a
                  on cons.conrelid = a.attrelid AND
                    a.attnum = ANY(cons.conkey)
            WHERE
                cons.conrelid = %(table_oid)s AND
                cons.contype = 'u'
[2022-09-24T14:01:09.272+0000] {log.py:117} INFO - 
            SELECT
                cons.conname as name,
                cons.conkey as key,
                a.attnum as col_num,
                a.attname as col_name
            FROM
                pg_catalog.pg_constraint cons
                join pg_attribute a
                  on cons.conrelid = a.attrelid AND
                    a.attnum = ANY(cons.conkey)
            WHERE
                cons.conrelid = %(table_oid)s AND
                cons.contype = 'u'
        
[2022-09-24T14:01:09.273+0000] {logging_mixin.py:117} INFO - 2022-09-24 14:01:09,273 INFO sqlalchemy.engine.Engine [generated in 0.00049s] {'table_oid': 16978}
[2022-09-24T14:01:09.273+0000] {log.py:117} INFO - [generated in 0.00049s] {'table_oid': 16978}
[2022-09-24T14:01:09.274+0000] {logging_mixin.py:117} INFO - 2022-09-24 14:01:09,274 INFO sqlalchemy.engine.Engine 
            SELECT
                cons.conname as name,
                pg_get_constraintdef(cons.oid) as src
            FROM
                pg_catalog.pg_constraint cons
            WHERE
                cons.conrelid = %(table_oid)s AND
                cons.contype = 'c'
[2022-09-24T14:01:09.274+0000] {log.py:117} INFO - 
            SELECT
                cons.conname as name,
                pg_get_constraintdef(cons.oid) as src
            FROM
                pg_catalog.pg_constraint cons
            WHERE
                cons.conrelid = %(table_oid)s AND
                cons.contype = 'c'
        
[2022-09-24T14:01:09.274+0000] {logging_mixin.py:117} INFO - 2022-09-24 14:01:09,274 INFO sqlalchemy.engine.Engine [generated in 0.00034s] {'table_oid': 16978}
[2022-09-24T14:01:09.274+0000] {log.py:117} INFO - [generated in 0.00034s] {'table_oid': 16978}
[2022-09-24T14:01:09.275+0000] {logging_mixin.py:117} INFO - 2022-09-24 14:01:09,275 INFO sqlalchemy.engine.Engine 
            SELECT
                pgd.description as table_comment
            FROM
                pg_catalog.pg_description pgd
            WHERE
                pgd.objsubid = 0 AND
                pgd.objoid = %(table_oid)s
[2022-09-24T14:01:09.275+0000] {log.py:117} INFO - 
            SELECT
                pgd.description as table_comment
            FROM
                pg_catalog.pg_description pgd
            WHERE
                pgd.objsubid = 0 AND
                pgd.objoid = %(table_oid)s
        
[2022-09-24T14:01:09.276+0000] {logging_mixin.py:117} INFO - 2022-09-24 14:01:09,275 INFO sqlalchemy.engine.Engine [generated in 0.00050s] {'table_oid': 16978}
[2022-09-24T14:01:09.275+0000] {log.py:117} INFO - [generated in 0.00050s] {'table_oid': 16978}
[2022-09-24T14:01:09.276+0000] {logging_mixin.py:117} INFO - 2022-09-24 14:01:09,276 INFO sqlalchemy.engine.Engine ROLLBACK
[2022-09-24T14:01:09.276+0000] {log.py:117} INFO - ROLLBACK
[2022-09-24T14:01:09.277+0000] {logging_mixin.py:117} INFO - 2022-09-24 14:01:09,277 INFO sqlalchemy.engine.Engine BEGIN (implicit)
[2022-09-24T14:01:09.277+0000] {log.py:117} INFO - BEGIN (implicit)
[2022-09-24T14:01:09.277+0000] {logging_mixin.py:117} INFO - 2022-09-24 14:01:09,277 INFO sqlalchemy.engine.Engine 
DROP TABLE traffic_data
[2022-09-24T14:01:09.277+0000] {log.py:117} INFO - 
DROP TABLE traffic_data
[2022-09-24T14:01:09.278+0000] {logging_mixin.py:117} INFO - 2022-09-24 14:01:09,278 INFO sqlalchemy.engine.Engine [no key 0.00025s] {}
[2022-09-24T14:01:09.278+0000] {log.py:117} INFO - [no key 0.00025s] {}
[2022-09-24T14:01:09.280+0000] {logging_mixin.py:117} INFO - 2022-09-24 14:01:09,280 INFO sqlalchemy.engine.Engine COMMIT
[2022-09-24T14:01:09.280+0000] {log.py:117} INFO - COMMIT
[2022-09-24T14:01:09.283+0000] {logging_mixin.py:117} INFO - 2022-09-24 14:01:09,283 INFO sqlalchemy.engine.Engine BEGIN (implicit)
[2022-09-24T14:01:09.283+0000] {log.py:117} INFO - BEGIN (implicit)
[2022-09-24T14:01:09.284+0000] {logging_mixin.py:117} INFO - 2022-09-24 14:01:09,284 INFO sqlalchemy.engine.Engine 
CREATE TABLE traffic_data (
	id BIGINT, 
	track_id BIGINT, 
	" type" TEXT, 
	" traveled_d" FLOAT(53), 
	" avg_speed" FLOAT(53), 
	" lat" FLOAT(53), 
	" lon" FLOAT(53), 
	" speed" FLOAT(53), 
	" lon_acc" FLOAT(53), 
	" lat_acc" FLOAT(53), 
	" time" FLOAT(53)
)
[2022-09-24T14:01:09.284+0000] {log.py:117} INFO - 
CREATE TABLE traffic_data (
	id BIGINT, 
	track_id BIGINT, 
	" type" TEXT, 
	" traveled_d" FLOAT(53), 
	" avg_speed" FLOAT(53), 
	" lat" FLOAT(53), 
	" lon" FLOAT(53), 
	" speed" FLOAT(53), 
	" lon_acc" FLOAT(53), 
	" lat_acc" FLOAT(53), 
	" time" FLOAT(53)
)


[2022-09-24T14:01:09.285+0000] {logging_mixin.py:117} INFO - 2022-09-24 14:01:09,285 INFO sqlalchemy.engine.Engine [no key 0.00037s] {}
[2022-09-24T14:01:09.285+0000] {log.py:117} INFO - [no key 0.00037s] {}
[2022-09-24T14:01:09.287+0000] {logging_mixin.py:117} INFO - 2022-09-24 14:01:09,287 INFO sqlalchemy.engine.Engine CREATE INDEX ix_traffic_data_id ON traffic_data (id)
[2022-09-24T14:01:09.287+0000] {log.py:117} INFO - CREATE INDEX ix_traffic_data_id ON traffic_data (id)
[2022-09-24T14:01:09.288+0000] {logging_mixin.py:117} INFO - 2022-09-24 14:01:09,288 INFO sqlalchemy.engine.Engine [no key 0.00032s] {}
[2022-09-24T14:01:09.288+0000] {log.py:117} INFO - [no key 0.00032s] {}
[2022-09-24T14:01:09.289+0000] {logging_mixin.py:117} INFO - 2022-09-24 14:01:09,289 INFO sqlalchemy.engine.Engine COMMIT
[2022-09-24T14:01:09.289+0000] {log.py:117} INFO - COMMIT
[2022-09-24T14:01:09.292+0000] {logging_mixin.py:117} INFO - 2022-09-24 14:01:09,292 INFO sqlalchemy.engine.Engine BEGIN (implicit)
[2022-09-24T14:01:09.292+0000] {log.py:117} INFO - BEGIN (implicit)
[2022-09-24T14:01:09.293+0000] {logging_mixin.py:117} INFO - 2022-09-24 14:01:09,293 INFO sqlalchemy.engine.Engine INSERT INTO traffic_data (id, track_id, " type", " traveled_d", " avg_speed", " lat", " lon", " speed", " lon_acc", " lat_acc", " time") VALUES (%(id)s, %(track_id)s, %( type)s, %( traveled_d)s, %( avg_speed)s, %( lat)s, %( lon)s, %( speed)s, %( lon_acc)s, %( lat_acc)s, %( time)s)
[2022-09-24T14:01:09.293+0000] {log.py:117} INFO - INSERT INTO traffic_data (id, track_id, " type", " traveled_d", " avg_speed", " lat", " lon", " speed", " lon_acc", " lat_acc", " time") VALUES (%(id)s, %(track_id)s, %( type)s, %( traveled_d)s, %( avg_speed)s, %( lat)s, %( lon)s, %( speed)s, %( lon_acc)s, %( lat_acc)s, %( time)s)
[2022-09-24T14:01:09.293+0000] {logging_mixin.py:117} INFO - 2022-09-24 14:01:09,293 INFO sqlalchemy.engine.Engine [generated in 0.00041s] ({'id': 0, 'track_id': 1, ' type': ' Car', ' traveled_d': 48.85, ' avg_speed': 9.770344, ' lat': 37.977391, ' lon': 23.737688, ' speed': 4.9178, ' lon_acc': 0.0518, ' lat_acc': -0.0299, ' time': 0.0}, {'id': 1, 'track_id': 2, ' type': ' Motorcycle', ' traveled_d': 98.09, ' avg_speed': 19.839417, ' lat': 37.977642, ' lon': 23.7374, ' speed': 16.9759, ' lon_acc': -0.0361, ' lat_acc': -0.0228, ' time': 0.0}, {'id': 2, 'track_id': 3, ' type': ' Motorcycle', ' traveled_d': 63.8, ' avg_speed': 18.228752, ' lat': 37.977997, ' lon': 23.737264, ' speed': 20.1906, ' lon_acc': -0.0795, ' lat_acc': -0.3395, ' time': 0.0}, {'id': 3, 'track_id': 4, ' type': ' Motorcycle', ' traveled_d': 145.72, ' avg_speed': 26.229014, ' lat': 37.978135, ' lon': 23.737072, ' speed': 2.7555, ' lon_acc': -0.0302, ' lat_acc': 0.0948, ' time': 0.0}, {'id': 4, 'track_id': 5, ' type': ' Motorcycle', ' traveled_d': 138.01, ' avg_speed': 24.841425, ' lat': 37.978134, ' lon': 23.737103, ' speed': 0.0, ' lon_acc': 0.0, ' lat_acc': 0.0, ' time': 0.0})
[2022-09-24T14:01:09.293+0000] {log.py:117} INFO - [generated in 0.00041s] ({'id': 0, 'track_id': 1, ' type': ' Car', ' traveled_d': 48.85, ' avg_speed': 9.770344, ' lat': 37.977391, ' lon': 23.737688, ' speed': 4.9178, ' lon_acc': 0.0518, ' lat_acc': -0.0299, ' time': 0.0}, {'id': 1, 'track_id': 2, ' type': ' Motorcycle', ' traveled_d': 98.09, ' avg_speed': 19.839417, ' lat': 37.977642, ' lon': 23.7374, ' speed': 16.9759, ' lon_acc': -0.0361, ' lat_acc': -0.0228, ' time': 0.0}, {'id': 2, 'track_id': 3, ' type': ' Motorcycle', ' traveled_d': 63.8, ' avg_speed': 18.228752, ' lat': 37.977997, ' lon': 23.737264, ' speed': 20.1906, ' lon_acc': -0.0795, ' lat_acc': -0.3395, ' time': 0.0}, {'id': 3, 'track_id': 4, ' type': ' Motorcycle', ' traveled_d': 145.72, ' avg_speed': 26.229014, ' lat': 37.978135, ' lon': 23.737072, ' speed': 2.7555, ' lon_acc': -0.0302, ' lat_acc': 0.0948, ' time': 0.0}, {'id': 4, 'track_id': 5, ' type': ' Motorcycle', ' traveled_d': 138.01, ' avg_speed': 24.841425, ' lat': 37.978134, ' lon': 23.737103, ' speed': 0.0, ' lon_acc': 0.0, ' lat_acc': 0.0, ' time': 0.0})
[2022-09-24T14:01:09.295+0000] {logging_mixin.py:117} INFO - 2022-09-24 14:01:09,295 INFO sqlalchemy.engine.Engine COMMIT
[2022-09-24T14:01:09.295+0000] {log.py:117} INFO - COMMIT
[2022-09-24T14:01:09.295+0000] {logging_mixin.py:117} INFO - <<<<<<<<<<<<<<<<<<<completed>>>>>>>>>>>>>>>>
[2022-09-24T14:01:09.295+0000] {python.py:177} INFO - Done. Returned value was: None
[2022-09-24T14:01:09.303+0000] {taskinstance.py:1406} INFO - Marking task as SUCCESS. dag_id=migrate_data, task_id=migrate, execution_date=20220923T000000, start_date=20220924T140108, end_date=20220924T140109
[2022-09-24T14:01:09.329+0000] {local_task_job.py:164} INFO - Task exited with return code 0
[2022-09-24T14:01:09.356+0000] {local_task_job.py:273} INFO - 0 downstream tasks scheduled from follow-on schedule check
