[2022-09-23T21:21:02.971+0000] {taskinstance.py:1165} INFO - Dependencies all met for <TaskInstance: extract.read_data manual__2022-09-23T21:20:55.634499+00:00 [queued]>
[2022-09-23T21:21:03.015+0000] {taskinstance.py:1165} INFO - Dependencies all met for <TaskInstance: extract.read_data manual__2022-09-23T21:20:55.634499+00:00 [queued]>
[2022-09-23T21:21:03.016+0000] {taskinstance.py:1362} INFO - 
--------------------------------------------------------------------------------
[2022-09-23T21:21:03.016+0000] {taskinstance.py:1363} INFO - Starting attempt 1 of 1
[2022-09-23T21:21:03.016+0000] {taskinstance.py:1364} INFO - 
--------------------------------------------------------------------------------
[2022-09-23T21:21:03.085+0000] {taskinstance.py:1383} INFO - Executing <Task(PostgresOperator): read_data> on 2022-09-23 21:20:55.634499+00:00
[2022-09-23T21:21:03.098+0000] {standard_task_runner.py:54} INFO - Started process 137 to run task
[2022-09-23T21:21:03.105+0000] {standard_task_runner.py:82} INFO - Running: ['***', 'tasks', 'run', 'extract', 'read_data', 'manual__2022-09-23T21:20:55.634499+00:00', '--job-id', '6', '--raw', '--subdir', 'DAGS_FOLDER/extract.py', '--cfg-path', '/tmp/tmpc__378wr']
[2022-09-23T21:21:03.108+0000] {standard_task_runner.py:83} INFO - Job 6: Subtask read_data
[2022-09-23T21:21:03.114+0000] {dagbag.py:525} INFO - Filling up the DagBag from /opt/***/dags/extract.py
[2022-09-23T21:21:03.704+0000] {task_command.py:384} INFO - Running <TaskInstance: extract.read_data manual__2022-09-23T21:20:55.634499+00:00 [running]> on host 5a2e1a5b1229
[2022-09-23T21:21:03.892+0000] {taskinstance.py:1592} INFO - Exporting the following env vars:
AIRFLOW_CTX_DAG_EMAIL=isaaclucky88@gmail.com
AIRFLOW_CTX_DAG_OWNER=yishaktadele
AIRFLOW_CTX_DAG_ID=extract
AIRFLOW_CTX_TASK_ID=read_data
AIRFLOW_CTX_EXECUTION_DATE=2022-09-23T21:20:55.634499+00:00
AIRFLOW_CTX_TRY_NUMBER=1
AIRFLOW_CTX_DAG_RUN_ID=manual__2022-09-23T21:20:55.634499+00:00
[2022-09-23T21:21:03.913+0000] {base.py:71} INFO - Using connection ID 'postgres' for task execution.
[2022-09-23T21:21:03.919+0000] {sql.py:315} INFO - Running statement: select distinct(type), SUM(avg_speed), AVG(traveled_d), count(type)
from public.objects
GROUP BY type;, parameters: None
[2022-09-23T21:21:03.931+0000] {sql.py:324} INFO - Rows affected: 6
[2022-09-23T21:21:03.949+0000] {taskinstance.py:1406} INFO - Marking task as SUCCESS. dag_id=extract, task_id=read_data, execution_date=20220923T212055, start_date=20220923T212102, end_date=20220923T212103
[2022-09-23T21:21:03.997+0000] {local_task_job.py:164} INFO - Task exited with return code 0
[2022-09-23T21:21:04.022+0000] {local_task_job.py:273} INFO - 0 downstream tasks scheduled from follow-on schedule check
