[2022-09-25T12:32:26.890+0000] {taskinstance.py:1165} INFO - Dependencies all met for <TaskInstance: migrate_data.read_data manual__2022-09-25T12:32:18.463521+00:00 [queued]>
[2022-09-25T12:32:26.898+0000] {taskinstance.py:1165} INFO - Dependencies all met for <TaskInstance: migrate_data.read_data manual__2022-09-25T12:32:18.463521+00:00 [queued]>
[2022-09-25T12:32:26.898+0000] {taskinstance.py:1362} INFO - 
--------------------------------------------------------------------------------
[2022-09-25T12:32:26.899+0000] {taskinstance.py:1363} INFO - Starting attempt 1 of 3
[2022-09-25T12:32:26.899+0000] {taskinstance.py:1364} INFO - 
--------------------------------------------------------------------------------
[2022-09-25T12:32:26.909+0000] {taskinstance.py:1383} INFO - Executing <Task(PostgresOperator): read_data> on 2022-09-25 12:32:18.463521+00:00
[2022-09-25T12:32:26.914+0000] {standard_task_runner.py:54} INFO - Started process 94 to run task
[2022-09-25T12:32:26.916+0000] {standard_task_runner.py:82} INFO - Running: ['***', 'tasks', 'run', 'migrate_data', 'read_data', 'manual__2022-09-25T12:32:18.463521+00:00', '--job-id', '10', '--raw', '--subdir', 'DAGS_FOLDER/migrate.py', '--cfg-path', '/tmp/tmp0w8btfsn']
[2022-09-25T12:32:26.917+0000] {standard_task_runner.py:83} INFO - Job 10: Subtask read_data
[2022-09-25T12:32:26.917+0000] {dagbag.py:525} INFO - Filling up the DagBag from /opt/***/dags/migrate.py
[2022-09-25T12:32:27.209+0000] {task_command.py:384} INFO - Running <TaskInstance: migrate_data.read_data manual__2022-09-25T12:32:18.463521+00:00 [running]> on host c138e22c1d18
[2022-09-25T12:32:27.263+0000] {taskinstance.py:1592} INFO - Exporting the following env vars:
AIRFLOW_CTX_DAG_EMAIL=isaaclucky88@gmail.com
AIRFLOW_CTX_DAG_OWNER=yishaktadele
AIRFLOW_CTX_DAG_ID=migrate_data
AIRFLOW_CTX_TASK_ID=read_data
AIRFLOW_CTX_EXECUTION_DATE=2022-09-25T12:32:18.463521+00:00
AIRFLOW_CTX_TRY_NUMBER=1
AIRFLOW_CTX_DAG_RUN_ID=manual__2022-09-25T12:32:18.463521+00:00
[2022-09-25T12:32:27.270+0000] {base.py:71} INFO - Using connection ID 'postgres' for task execution.
[2022-09-25T12:32:27.273+0000] {sql.py:315} INFO - Running statement: select * from traffic_data limit 5;, parameters: None
[2022-09-25T12:32:27.273+0000] {sql.py:324} INFO - Rows affected: 5
[2022-09-25T12:32:27.281+0000] {taskinstance.py:1406} INFO - Marking task as SUCCESS. dag_id=migrate_data, task_id=read_data, execution_date=20220925T123218, start_date=20220925T123226, end_date=20220925T123227
[2022-09-25T12:32:27.329+0000] {local_task_job.py:164} INFO - Task exited with return code 0
[2022-09-25T12:32:27.355+0000] {local_task_job.py:273} INFO - 0 downstream tasks scheduled from follow-on schedule check
