[2022-09-25T12:24:04.363+0000] {taskinstance.py:1165} INFO - Dependencies all met for <TaskInstance: dbt_dag.model.migrate_to_dbt.view_data scheduled__2021-01-19T00:00:00+00:00 [queued]>
[2022-09-25T12:24:04.381+0000] {taskinstance.py:1165} INFO - Dependencies all met for <TaskInstance: dbt_dag.model.migrate_to_dbt.view_data scheduled__2021-01-19T00:00:00+00:00 [queued]>
[2022-09-25T12:24:04.381+0000] {taskinstance.py:1362} INFO - 
--------------------------------------------------------------------------------
[2022-09-25T12:24:04.382+0000] {taskinstance.py:1363} INFO - Starting attempt 1 of 2
[2022-09-25T12:24:04.382+0000] {taskinstance.py:1364} INFO - 
--------------------------------------------------------------------------------
[2022-09-25T12:24:04.439+0000] {taskinstance.py:1383} INFO - Executing <Task(BashOperator): model.migrate_to_dbt.view_data> on 2021-01-19 00:00:00+00:00
[2022-09-25T12:24:04.458+0000] {standard_task_runner.py:54} INFO - Started process 317 to run task
[2022-09-25T12:24:04.466+0000] {standard_task_runner.py:82} INFO - Running: ['***', 'tasks', 'run', 'dbt_dag', 'model.migrate_to_dbt.view_data', 'scheduled__2021-01-19T00:00:00+00:00', '--job-id', '119', '--raw', '--subdir', 'DAGS_FOLDER/dbt_dag.py', '--cfg-path', '/tmp/tmpb_a50vgj']
[2022-09-25T12:24:04.468+0000] {standard_task_runner.py:83} INFO - Job 119: Subtask model.migrate_to_dbt.view_data
[2022-09-25T12:24:04.471+0000] {dagbag.py:525} INFO - Filling up the DagBag from /opt/***/dags/dbt_dag.py
[2022-09-25T12:24:04.686+0000] {task_command.py:384} INFO - Running <TaskInstance: dbt_dag.model.migrate_to_dbt.view_data scheduled__2021-01-19T00:00:00+00:00 [running]> on host 2768f2fff4c2
[2022-09-25T12:24:05.017+0000] {taskinstance.py:1592} INFO - Exporting the following env vars:
AIRFLOW_CTX_DAG_EMAIL=isaaclucky88@gmail.com
AIRFLOW_CTX_DAG_OWNER=astronomer
AIRFLOW_CTX_DAG_ID=dbt_dag
AIRFLOW_CTX_TASK_ID=model.migrate_to_dbt.view_data
AIRFLOW_CTX_EXECUTION_DATE=2021-01-19T00:00:00+00:00
AIRFLOW_CTX_TRY_NUMBER=1
AIRFLOW_CTX_DAG_RUN_ID=scheduled__2021-01-19T00:00:00+00:00
[2022-09-25T12:24:05.022+0000] {subprocess.py:63} INFO - Tmp dir root location: 
 /tmp
[2022-09-25T12:24:05.029+0000] {subprocess.py:75} INFO - Running command: ['/bin/bash', '-c', '\n            cd /opt/***/migrate_to_dbt &&\n            dbt --no-write-json run --target prod --models view_data\n            ']
[2022-09-25T12:24:05.095+0000] {subprocess.py:86} INFO - Output:
[2022-09-25T12:24:05.099+0000] {subprocess.py:93} INFO - /bin/bash: line 3: dbt: command not found
[2022-09-25T12:24:05.102+0000] {subprocess.py:97} INFO - Command exited with return code 127
[2022-09-25T12:24:05.135+0000] {taskinstance.py:1851} ERROR - Task failed with exception
Traceback (most recent call last):
  File "/home/airflow/.local/lib/python3.7/site-packages/airflow/operators/bash.py", line 197, in execute
    f'Bash command failed. The command returned a non-zero exit code {result.exit_code}.'
airflow.exceptions.AirflowException: Bash command failed. The command returned a non-zero exit code 127.
[2022-09-25T12:24:05.146+0000] {taskinstance.py:1406} INFO - Marking task as UP_FOR_RETRY. dag_id=dbt_dag, task_id=model.migrate_to_dbt.view_data, execution_date=20210119T000000, start_date=20220925T122404, end_date=20220925T122405
[2022-09-25T12:24:05.181+0000] {standard_task_runner.py:107} ERROR - Failed to execute job 119 for task model.migrate_to_dbt.view_data (Bash command failed. The command returned a non-zero exit code 127.; 317)
[2022-09-25T12:24:05.235+0000] {local_task_job.py:164} INFO - Task exited with return code 1
[2022-09-25T12:24:05.316+0000] {local_task_job.py:273} INFO - 0 downstream tasks scheduled from follow-on schedule check
[2022-09-25T15:24:53.843+0000] {taskinstance.py:1165} INFO - Dependencies all met for <TaskInstance: dbt_dag.model.migrate_to_dbt.view_data scheduled__2021-01-19T00:00:00+00:00 [queued]>
[2022-09-25T15:24:53.867+0000] {taskinstance.py:1165} INFO - Dependencies all met for <TaskInstance: dbt_dag.model.migrate_to_dbt.view_data scheduled__2021-01-19T00:00:00+00:00 [queued]>
[2022-09-25T15:24:53.867+0000] {taskinstance.py:1362} INFO - 
--------------------------------------------------------------------------------
[2022-09-25T15:24:53.868+0000] {taskinstance.py:1363} INFO - Starting attempt 1 of 2
[2022-09-25T15:24:53.868+0000] {taskinstance.py:1364} INFO - 
--------------------------------------------------------------------------------
[2022-09-25T15:24:53.900+0000] {taskinstance.py:1383} INFO - Executing <Task(BashOperator): model.migrate_to_dbt.view_data> on 2021-01-19 00:00:00+00:00
[2022-09-25T15:24:53.909+0000] {standard_task_runner.py:54} INFO - Started process 2496 to run task
[2022-09-25T15:24:53.914+0000] {standard_task_runner.py:82} INFO - Running: ['***', 'tasks', 'run', 'dbt_dag', 'model.migrate_to_dbt.view_data', 'scheduled__2021-01-19T00:00:00+00:00', '--job-id', '110', '--raw', '--subdir', 'DAGS_FOLDER/dbt_dag.py', '--cfg-path', '/tmp/tmpprg6nonh']
[2022-09-25T15:24:53.916+0000] {standard_task_runner.py:83} INFO - Job 110: Subtask model.migrate_to_dbt.view_data
[2022-09-25T15:24:53.918+0000] {dagbag.py:525} INFO - Filling up the DagBag from /opt/***/dags/dbt_dag.py
[2022-09-25T15:24:54.106+0000] {task_command.py:384} INFO - Running <TaskInstance: dbt_dag.model.migrate_to_dbt.view_data scheduled__2021-01-19T00:00:00+00:00 [running]> on host 3c654011b3f0
[2022-09-25T15:24:54.213+0000] {taskinstance.py:1592} INFO - Exporting the following env vars:
AIRFLOW_CTX_DAG_EMAIL=isaaclucky88@gmail.com
AIRFLOW_CTX_DAG_OWNER=astronomer
AIRFLOW_CTX_DAG_ID=dbt_dag
AIRFLOW_CTX_TASK_ID=model.migrate_to_dbt.view_data
AIRFLOW_CTX_EXECUTION_DATE=2021-01-19T00:00:00+00:00
AIRFLOW_CTX_TRY_NUMBER=1
AIRFLOW_CTX_DAG_RUN_ID=scheduled__2021-01-19T00:00:00+00:00
[2022-09-25T15:24:54.215+0000] {subprocess.py:63} INFO - Tmp dir root location: 
 /tmp
[2022-09-25T15:24:54.215+0000] {subprocess.py:75} INFO - Running command: ['/bin/bash', '-c', '\n            cd /opt/***/migrate_to_dbt &&\n            dbt --no-write-json run --target prod --models view_data\n            ']
[2022-09-25T15:24:54.230+0000] {subprocess.py:86} INFO - Output:
[2022-09-25T15:24:54.234+0000] {subprocess.py:93} INFO - /bin/bash: line 3: dbt: command not found
[2022-09-25T15:24:54.235+0000] {subprocess.py:97} INFO - Command exited with return code 127
[2022-09-25T15:24:54.254+0000] {taskinstance.py:1851} ERROR - Task failed with exception
Traceback (most recent call last):
  File "/home/airflow/.local/lib/python3.7/site-packages/airflow/operators/bash.py", line 197, in execute
    f'Bash command failed. The command returned a non-zero exit code {result.exit_code}.'
airflow.exceptions.AirflowException: Bash command failed. The command returned a non-zero exit code 127.
[2022-09-25T15:24:54.259+0000] {taskinstance.py:1406} INFO - Marking task as UP_FOR_RETRY. dag_id=dbt_dag, task_id=model.migrate_to_dbt.view_data, execution_date=20210119T000000, start_date=20220925T152453, end_date=20220925T152454
[2022-09-25T15:24:54.276+0000] {standard_task_runner.py:107} ERROR - Failed to execute job 110 for task model.migrate_to_dbt.view_data (Bash command failed. The command returned a non-zero exit code 127.; 2496)
[2022-09-25T15:24:54.292+0000] {local_task_job.py:164} INFO - Task exited with return code 1
[2022-09-25T15:24:54.671+0000] {local_task_job.py:273} INFO - 0 downstream tasks scheduled from follow-on schedule check
