[2022-09-25T06:56:28.263+0000] {taskinstance.py:1165} INFO - Dependencies all met for <TaskInstance: dbt_dag.model.migrate_to_dbt.view_data scheduled__2021-01-05T00:00:00+00:00 [queued]>
[2022-09-25T06:56:28.284+0000] {taskinstance.py:1165} INFO - Dependencies all met for <TaskInstance: dbt_dag.model.migrate_to_dbt.view_data scheduled__2021-01-05T00:00:00+00:00 [queued]>
[2022-09-25T06:56:28.284+0000] {taskinstance.py:1362} INFO - 
--------------------------------------------------------------------------------
[2022-09-25T06:56:28.285+0000] {taskinstance.py:1363} INFO - Starting attempt 1 of 2
[2022-09-25T06:56:28.285+0000] {taskinstance.py:1364} INFO - 
--------------------------------------------------------------------------------
[2022-09-25T06:56:28.313+0000] {taskinstance.py:1383} INFO - Executing <Task(BashOperator): model.migrate_to_dbt.view_data> on 2021-01-05 00:00:00+00:00
[2022-09-25T06:56:28.323+0000] {standard_task_runner.py:54} INFO - Started process 1464 to run task
[2022-09-25T06:56:28.328+0000] {standard_task_runner.py:82} INFO - Running: ['***', 'tasks', 'run', 'dbt_dag', 'model.migrate_to_dbt.view_data', 'scheduled__2021-01-05T00:00:00+00:00', '--job-id', '43', '--raw', '--subdir', 'DAGS_FOLDER/dbt_dag.py', '--cfg-path', '/tmp/tmpjdakbijx']
[2022-09-25T06:56:28.329+0000] {standard_task_runner.py:83} INFO - Job 43: Subtask model.migrate_to_dbt.view_data
[2022-09-25T06:56:28.331+0000] {dagbag.py:525} INFO - Filling up the DagBag from /opt/***/dags/dbt_dag.py
[2022-09-25T06:56:28.445+0000] {task_command.py:384} INFO - Running <TaskInstance: dbt_dag.model.migrate_to_dbt.view_data scheduled__2021-01-05T00:00:00+00:00 [running]> on host 5aeb3e9582c2
[2022-09-25T06:56:28.562+0000] {taskinstance.py:1592} INFO - Exporting the following env vars:
AIRFLOW_CTX_DAG_EMAIL=isaaclucky88@gmail.com
AIRFLOW_CTX_DAG_OWNER=astronomer
AIRFLOW_CTX_DAG_ID=dbt_dag
AIRFLOW_CTX_TASK_ID=model.migrate_to_dbt.view_data
AIRFLOW_CTX_EXECUTION_DATE=2021-01-05T00:00:00+00:00
AIRFLOW_CTX_TRY_NUMBER=1
AIRFLOW_CTX_DAG_RUN_ID=scheduled__2021-01-05T00:00:00+00:00
[2022-09-25T06:56:28.564+0000] {subprocess.py:63} INFO - Tmp dir root location: 
 /tmp
[2022-09-25T06:56:28.565+0000] {subprocess.py:75} INFO - Running command: ['/bin/bash', '-c', '\n            cd /opt/***/migrate_to_dbt &&\n            dbt --no-write-json run --target prod --models view_data\n            ']
[2022-09-25T06:56:28.584+0000] {subprocess.py:86} INFO - Output:
[2022-09-25T06:56:28.587+0000] {subprocess.py:93} INFO - /bin/bash: line 3: dbt: command not found
[2022-09-25T06:56:28.587+0000] {subprocess.py:97} INFO - Command exited with return code 127
[2022-09-25T06:56:28.609+0000] {taskinstance.py:1851} ERROR - Task failed with exception
Traceback (most recent call last):
  File "/home/airflow/.local/lib/python3.7/site-packages/airflow/operators/bash.py", line 197, in execute
    f'Bash command failed. The command returned a non-zero exit code {result.exit_code}.'
airflow.exceptions.AirflowException: Bash command failed. The command returned a non-zero exit code 127.
[2022-09-25T06:56:28.616+0000] {taskinstance.py:1406} INFO - Marking task as UP_FOR_RETRY. dag_id=dbt_dag, task_id=model.migrate_to_dbt.view_data, execution_date=20210105T000000, start_date=20220925T065628, end_date=20220925T065628
[2022-09-25T06:56:28.639+0000] {standard_task_runner.py:107} ERROR - Failed to execute job 43 for task model.migrate_to_dbt.view_data (Bash command failed. The command returned a non-zero exit code 127.; 1464)
[2022-09-25T06:56:28.661+0000] {local_task_job.py:164} INFO - Task exited with return code 1
[2022-09-25T06:56:28.803+0000] {local_task_job.py:273} INFO - 0 downstream tasks scheduled from follow-on schedule check
[2022-09-25T12:33:24.143+0000] {taskinstance.py:1165} INFO - Dependencies all met for <TaskInstance: dbt_dag.model.migrate_to_dbt.view_data scheduled__2021-01-05T00:00:00+00:00 [queued]>
[2022-09-25T12:33:24.169+0000] {taskinstance.py:1165} INFO - Dependencies all met for <TaskInstance: dbt_dag.model.migrate_to_dbt.view_data scheduled__2021-01-05T00:00:00+00:00 [queued]>
[2022-09-25T12:33:24.170+0000] {taskinstance.py:1362} INFO - 
--------------------------------------------------------------------------------
[2022-09-25T12:33:24.170+0000] {taskinstance.py:1363} INFO - Starting attempt 1 of 2
[2022-09-25T12:33:24.170+0000] {taskinstance.py:1364} INFO - 
--------------------------------------------------------------------------------
[2022-09-25T12:33:24.206+0000] {taskinstance.py:1383} INFO - Executing <Task(BashOperator): model.migrate_to_dbt.view_data> on 2021-01-05 00:00:00+00:00
[2022-09-25T12:33:24.217+0000] {standard_task_runner.py:54} INFO - Started process 246 to run task
[2022-09-25T12:33:24.225+0000] {standard_task_runner.py:82} INFO - Running: ['***', 'tasks', 'run', 'dbt_dag', 'model.migrate_to_dbt.view_data', 'scheduled__2021-01-05T00:00:00+00:00', '--job-id', '37', '--raw', '--subdir', 'DAGS_FOLDER/dbt_dag.py', '--cfg-path', '/tmp/tmp10k0m_n8']
[2022-09-25T12:33:24.227+0000] {standard_task_runner.py:83} INFO - Job 37: Subtask model.migrate_to_dbt.view_data
[2022-09-25T12:33:24.228+0000] {dagbag.py:525} INFO - Filling up the DagBag from /opt/***/dags/dbt_dag.py
[2022-09-25T12:33:24.375+0000] {task_command.py:384} INFO - Running <TaskInstance: dbt_dag.model.migrate_to_dbt.view_data scheduled__2021-01-05T00:00:00+00:00 [running]> on host c138e22c1d18
[2022-09-25T12:33:24.516+0000] {taskinstance.py:1592} INFO - Exporting the following env vars:
AIRFLOW_CTX_DAG_EMAIL=isaaclucky88@gmail.com
AIRFLOW_CTX_DAG_OWNER=astronomer
AIRFLOW_CTX_DAG_ID=dbt_dag
AIRFLOW_CTX_TASK_ID=model.migrate_to_dbt.view_data
AIRFLOW_CTX_EXECUTION_DATE=2021-01-05T00:00:00+00:00
AIRFLOW_CTX_TRY_NUMBER=1
AIRFLOW_CTX_DAG_RUN_ID=scheduled__2021-01-05T00:00:00+00:00
[2022-09-25T12:33:24.518+0000] {subprocess.py:63} INFO - Tmp dir root location: 
 /tmp
[2022-09-25T12:33:24.519+0000] {subprocess.py:75} INFO - Running command: ['/bin/bash', '-c', '\n            cd /opt/***/migrate_to_dbt &&\n            dbt --no-write-json run --target prod --models view_data\n            ']
[2022-09-25T12:33:24.545+0000] {subprocess.py:86} INFO - Output:
[2022-09-25T12:33:24.548+0000] {subprocess.py:93} INFO - /bin/bash: line 3: dbt: command not found
[2022-09-25T12:33:24.550+0000] {subprocess.py:97} INFO - Command exited with return code 127
[2022-09-25T12:33:24.572+0000] {taskinstance.py:1851} ERROR - Task failed with exception
Traceback (most recent call last):
  File "/home/airflow/.local/lib/python3.7/site-packages/airflow/operators/bash.py", line 197, in execute
    f'Bash command failed. The command returned a non-zero exit code {result.exit_code}.'
airflow.exceptions.AirflowException: Bash command failed. The command returned a non-zero exit code 127.
[2022-09-25T12:33:24.577+0000] {taskinstance.py:1406} INFO - Marking task as UP_FOR_RETRY. dag_id=dbt_dag, task_id=model.migrate_to_dbt.view_data, execution_date=20210105T000000, start_date=20220925T123324, end_date=20220925T123324
[2022-09-25T12:33:24.599+0000] {standard_task_runner.py:107} ERROR - Failed to execute job 37 for task model.migrate_to_dbt.view_data (Bash command failed. The command returned a non-zero exit code 127.; 246)
[2022-09-25T12:33:24.637+0000] {local_task_job.py:164} INFO - Task exited with return code 1
[2022-09-25T12:33:24.760+0000] {local_task_job.py:273} INFO - 0 downstream tasks scheduled from follow-on schedule check
