[2022-09-25T06:56:28.276+0000] {taskinstance.py:1165} INFO - Dependencies all met for <TaskInstance: dbt_dag.model.migrate_to_dbt.cast_obj scheduled__2021-01-05T00:00:00+00:00 [queued]>
[2022-09-25T06:56:28.297+0000] {taskinstance.py:1165} INFO - Dependencies all met for <TaskInstance: dbt_dag.model.migrate_to_dbt.cast_obj scheduled__2021-01-05T00:00:00+00:00 [queued]>
[2022-09-25T06:56:28.298+0000] {taskinstance.py:1362} INFO - 
--------------------------------------------------------------------------------
[2022-09-25T06:56:28.298+0000] {taskinstance.py:1363} INFO - Starting attempt 1 of 2
[2022-09-25T06:56:28.298+0000] {taskinstance.py:1364} INFO - 
--------------------------------------------------------------------------------
[2022-09-25T06:56:28.330+0000] {taskinstance.py:1383} INFO - Executing <Task(BashOperator): model.migrate_to_dbt.cast_obj> on 2021-01-05 00:00:00+00:00
[2022-09-25T06:56:28.340+0000] {standard_task_runner.py:54} INFO - Started process 1465 to run task
[2022-09-25T06:56:28.346+0000] {standard_task_runner.py:82} INFO - Running: ['***', 'tasks', 'run', 'dbt_dag', 'model.migrate_to_dbt.cast_obj', 'scheduled__2021-01-05T00:00:00+00:00', '--job-id', '44', '--raw', '--subdir', 'DAGS_FOLDER/dbt_dag.py', '--cfg-path', '/tmp/tmp3tvofa65']
[2022-09-25T06:56:28.347+0000] {standard_task_runner.py:83} INFO - Job 44: Subtask model.migrate_to_dbt.cast_obj
[2022-09-25T06:56:28.349+0000] {dagbag.py:525} INFO - Filling up the DagBag from /opt/***/dags/dbt_dag.py
[2022-09-25T06:56:28.454+0000] {task_command.py:384} INFO - Running <TaskInstance: dbt_dag.model.migrate_to_dbt.cast_obj scheduled__2021-01-05T00:00:00+00:00 [running]> on host 5aeb3e9582c2
[2022-09-25T06:56:28.579+0000] {taskinstance.py:1592} INFO - Exporting the following env vars:
AIRFLOW_CTX_DAG_EMAIL=isaaclucky88@gmail.com
AIRFLOW_CTX_DAG_OWNER=astronomer
AIRFLOW_CTX_DAG_ID=dbt_dag
AIRFLOW_CTX_TASK_ID=model.migrate_to_dbt.cast_obj
AIRFLOW_CTX_EXECUTION_DATE=2021-01-05T00:00:00+00:00
AIRFLOW_CTX_TRY_NUMBER=1
AIRFLOW_CTX_DAG_RUN_ID=scheduled__2021-01-05T00:00:00+00:00
[2022-09-25T06:56:28.581+0000] {subprocess.py:63} INFO - Tmp dir root location: 
 /tmp
[2022-09-25T06:56:28.581+0000] {subprocess.py:75} INFO - Running command: ['/bin/bash', '-c', '\n            cd /opt/***/migrate_to_dbt &&\n            dbt --no-write-json run --target prod --models cast_obj\n            ']
[2022-09-25T06:56:28.600+0000] {subprocess.py:86} INFO - Output:
[2022-09-25T06:56:28.604+0000] {subprocess.py:93} INFO - /bin/bash: line 3: dbt: command not found
[2022-09-25T06:56:28.604+0000] {subprocess.py:97} INFO - Command exited with return code 127
[2022-09-25T06:56:28.622+0000] {taskinstance.py:1851} ERROR - Task failed with exception
Traceback (most recent call last):
  File "/home/airflow/.local/lib/python3.7/site-packages/airflow/operators/bash.py", line 197, in execute
    f'Bash command failed. The command returned a non-zero exit code {result.exit_code}.'
airflow.exceptions.AirflowException: Bash command failed. The command returned a non-zero exit code 127.
[2022-09-25T06:56:28.626+0000] {taskinstance.py:1406} INFO - Marking task as UP_FOR_RETRY. dag_id=dbt_dag, task_id=model.migrate_to_dbt.cast_obj, execution_date=20210105T000000, start_date=20220925T065628, end_date=20220925T065628
[2022-09-25T06:56:28.644+0000] {standard_task_runner.py:107} ERROR - Failed to execute job 44 for task model.migrate_to_dbt.cast_obj (Bash command failed. The command returned a non-zero exit code 127.; 1465)
[2022-09-25T06:56:28.677+0000] {local_task_job.py:164} INFO - Task exited with return code 1
[2022-09-25T06:56:28.856+0000] {local_task_job.py:273} INFO - 0 downstream tasks scheduled from follow-on schedule check
[2022-09-25T12:33:24.158+0000] {taskinstance.py:1165} INFO - Dependencies all met for <TaskInstance: dbt_dag.model.migrate_to_dbt.cast_obj scheduled__2021-01-05T00:00:00+00:00 [queued]>
[2022-09-25T12:33:24.179+0000] {taskinstance.py:1165} INFO - Dependencies all met for <TaskInstance: dbt_dag.model.migrate_to_dbt.cast_obj scheduled__2021-01-05T00:00:00+00:00 [queued]>
[2022-09-25T12:33:24.180+0000] {taskinstance.py:1362} INFO - 
--------------------------------------------------------------------------------
[2022-09-25T12:33:24.180+0000] {taskinstance.py:1363} INFO - Starting attempt 1 of 2
[2022-09-25T12:33:24.181+0000] {taskinstance.py:1364} INFO - 
--------------------------------------------------------------------------------
[2022-09-25T12:33:24.230+0000] {taskinstance.py:1383} INFO - Executing <Task(BashOperator): model.migrate_to_dbt.cast_obj> on 2021-01-05 00:00:00+00:00
[2022-09-25T12:33:24.245+0000] {standard_task_runner.py:54} INFO - Started process 249 to run task
[2022-09-25T12:33:24.255+0000] {standard_task_runner.py:82} INFO - Running: ['***', 'tasks', 'run', 'dbt_dag', 'model.migrate_to_dbt.cast_obj', 'scheduled__2021-01-05T00:00:00+00:00', '--job-id', '38', '--raw', '--subdir', 'DAGS_FOLDER/dbt_dag.py', '--cfg-path', '/tmp/tmp5qa1b1_w']
[2022-09-25T12:33:24.257+0000] {standard_task_runner.py:83} INFO - Job 38: Subtask model.migrate_to_dbt.cast_obj
[2022-09-25T12:33:24.259+0000] {dagbag.py:525} INFO - Filling up the DagBag from /opt/***/dags/dbt_dag.py
[2022-09-25T12:33:24.393+0000] {task_command.py:384} INFO - Running <TaskInstance: dbt_dag.model.migrate_to_dbt.cast_obj scheduled__2021-01-05T00:00:00+00:00 [running]> on host c138e22c1d18
[2022-09-25T12:33:24.541+0000] {taskinstance.py:1592} INFO - Exporting the following env vars:
AIRFLOW_CTX_DAG_EMAIL=isaaclucky88@gmail.com
AIRFLOW_CTX_DAG_OWNER=astronomer
AIRFLOW_CTX_DAG_ID=dbt_dag
AIRFLOW_CTX_TASK_ID=model.migrate_to_dbt.cast_obj
AIRFLOW_CTX_EXECUTION_DATE=2021-01-05T00:00:00+00:00
AIRFLOW_CTX_TRY_NUMBER=1
AIRFLOW_CTX_DAG_RUN_ID=scheduled__2021-01-05T00:00:00+00:00
[2022-09-25T12:33:24.543+0000] {subprocess.py:63} INFO - Tmp dir root location: 
 /tmp
[2022-09-25T12:33:24.543+0000] {subprocess.py:75} INFO - Running command: ['/bin/bash', '-c', '\n            cd /opt/***/migrate_to_dbt &&\n            dbt --no-write-json run --target prod --models cast_obj\n            ']
[2022-09-25T12:33:24.568+0000] {subprocess.py:86} INFO - Output:
[2022-09-25T12:33:24.574+0000] {subprocess.py:93} INFO - /bin/bash: line 3: dbt: command not found
[2022-09-25T12:33:24.575+0000] {subprocess.py:97} INFO - Command exited with return code 127
[2022-09-25T12:33:24.593+0000] {taskinstance.py:1851} ERROR - Task failed with exception
Traceback (most recent call last):
  File "/home/airflow/.local/lib/python3.7/site-packages/airflow/operators/bash.py", line 197, in execute
    f'Bash command failed. The command returned a non-zero exit code {result.exit_code}.'
airflow.exceptions.AirflowException: Bash command failed. The command returned a non-zero exit code 127.
[2022-09-25T12:33:24.599+0000] {taskinstance.py:1406} INFO - Marking task as UP_FOR_RETRY. dag_id=dbt_dag, task_id=model.migrate_to_dbt.cast_obj, execution_date=20210105T000000, start_date=20220925T123324, end_date=20220925T123324
[2022-09-25T12:33:24.625+0000] {standard_task_runner.py:107} ERROR - Failed to execute job 38 for task model.migrate_to_dbt.cast_obj (Bash command failed. The command returned a non-zero exit code 127.; 249)
[2022-09-25T12:33:24.668+0000] {local_task_job.py:164} INFO - Task exited with return code 1
[2022-09-25T12:33:24.811+0000] {local_task_job.py:273} INFO - 0 downstream tasks scheduled from follow-on schedule check
