[2022-09-25T12:23:29.493+0000] {taskinstance.py:1165} INFO - Dependencies all met for <TaskInstance: dbt_dag.model.migrate_to_dbt.view_data scheduled__2021-01-08T00:00:00+00:00 [queued]>
[2022-09-25T12:23:29.508+0000] {taskinstance.py:1165} INFO - Dependencies all met for <TaskInstance: dbt_dag.model.migrate_to_dbt.view_data scheduled__2021-01-08T00:00:00+00:00 [queued]>
[2022-09-25T12:23:29.509+0000] {taskinstance.py:1362} INFO - 
--------------------------------------------------------------------------------
[2022-09-25T12:23:29.509+0000] {taskinstance.py:1363} INFO - Starting attempt 1 of 2
[2022-09-25T12:23:29.509+0000] {taskinstance.py:1364} INFO - 
--------------------------------------------------------------------------------
[2022-09-25T12:23:29.527+0000] {taskinstance.py:1383} INFO - Executing <Task(BashOperator): model.migrate_to_dbt.view_data> on 2021-01-08 00:00:00+00:00
[2022-09-25T12:23:29.534+0000] {standard_task_runner.py:54} INFO - Started process 201 to run task
[2022-09-25T12:23:29.538+0000] {standard_task_runner.py:82} INFO - Running: ['***', 'tasks', 'run', 'dbt_dag', 'model.migrate_to_dbt.view_data', 'scheduled__2021-01-08T00:00:00+00:00', '--job-id', '97', '--raw', '--subdir', 'DAGS_FOLDER/dbt_dag.py', '--cfg-path', '/tmp/tmpat9rvn7i']
[2022-09-25T12:23:29.538+0000] {standard_task_runner.py:83} INFO - Job 97: Subtask model.migrate_to_dbt.view_data
[2022-09-25T12:23:29.539+0000] {dagbag.py:525} INFO - Filling up the DagBag from /opt/***/dags/dbt_dag.py
[2022-09-25T12:23:29.635+0000] {task_command.py:384} INFO - Running <TaskInstance: dbt_dag.model.migrate_to_dbt.view_data scheduled__2021-01-08T00:00:00+00:00 [running]> on host 2768f2fff4c2
[2022-09-25T12:23:29.729+0000] {taskinstance.py:1592} INFO - Exporting the following env vars:
AIRFLOW_CTX_DAG_EMAIL=isaaclucky88@gmail.com
AIRFLOW_CTX_DAG_OWNER=astronomer
AIRFLOW_CTX_DAG_ID=dbt_dag
AIRFLOW_CTX_TASK_ID=model.migrate_to_dbt.view_data
AIRFLOW_CTX_EXECUTION_DATE=2021-01-08T00:00:00+00:00
AIRFLOW_CTX_TRY_NUMBER=1
AIRFLOW_CTX_DAG_RUN_ID=scheduled__2021-01-08T00:00:00+00:00
[2022-09-25T12:23:29.730+0000] {subprocess.py:63} INFO - Tmp dir root location: 
 /tmp
[2022-09-25T12:23:29.730+0000] {subprocess.py:75} INFO - Running command: ['/bin/bash', '-c', '\n            cd /opt/***/migrate_to_dbt &&\n            dbt --no-write-json run --target prod --models view_data\n            ']
[2022-09-25T12:23:29.744+0000] {subprocess.py:86} INFO - Output:
[2022-09-25T12:23:29.747+0000] {subprocess.py:93} INFO - /bin/bash: line 3: dbt: command not found
[2022-09-25T12:23:29.748+0000] {subprocess.py:97} INFO - Command exited with return code 127
[2022-09-25T12:23:29.760+0000] {taskinstance.py:1851} ERROR - Task failed with exception
Traceback (most recent call last):
  File "/home/airflow/.local/lib/python3.7/site-packages/airflow/operators/bash.py", line 197, in execute
    f'Bash command failed. The command returned a non-zero exit code {result.exit_code}.'
airflow.exceptions.AirflowException: Bash command failed. The command returned a non-zero exit code 127.
[2022-09-25T12:23:29.764+0000] {taskinstance.py:1406} INFO - Marking task as UP_FOR_RETRY. dag_id=dbt_dag, task_id=model.migrate_to_dbt.view_data, execution_date=20210108T000000, start_date=20220925T122329, end_date=20220925T122329
[2022-09-25T12:23:29.778+0000] {standard_task_runner.py:107} ERROR - Failed to execute job 97 for task model.migrate_to_dbt.view_data (Bash command failed. The command returned a non-zero exit code 127.; 201)
[2022-09-25T12:23:29.790+0000] {local_task_job.py:164} INFO - Task exited with return code 1
[2022-09-25T12:23:29.911+0000] {local_task_job.py:273} INFO - 0 downstream tasks scheduled from follow-on schedule check
[2022-09-25T15:24:46.601+0000] {taskinstance.py:1165} INFO - Dependencies all met for <TaskInstance: dbt_dag.model.migrate_to_dbt.view_data scheduled__2021-01-08T00:00:00+00:00 [queued]>
[2022-09-25T15:24:46.620+0000] {taskinstance.py:1165} INFO - Dependencies all met for <TaskInstance: dbt_dag.model.migrate_to_dbt.view_data scheduled__2021-01-08T00:00:00+00:00 [queued]>
[2022-09-25T15:24:46.621+0000] {taskinstance.py:1362} INFO - 
--------------------------------------------------------------------------------
[2022-09-25T15:24:46.621+0000] {taskinstance.py:1363} INFO - Starting attempt 1 of 2
[2022-09-25T15:24:46.621+0000] {taskinstance.py:1364} INFO - 
--------------------------------------------------------------------------------
[2022-09-25T15:24:46.643+0000] {taskinstance.py:1383} INFO - Executing <Task(BashOperator): model.migrate_to_dbt.view_data> on 2021-01-08 00:00:00+00:00
[2022-09-25T15:24:46.649+0000] {standard_task_runner.py:54} INFO - Started process 2405 to run task
[2022-09-25T15:24:46.653+0000] {standard_task_runner.py:82} INFO - Running: ['***', 'tasks', 'run', 'dbt_dag', 'model.migrate_to_dbt.view_data', 'scheduled__2021-01-08T00:00:00+00:00', '--job-id', '87', '--raw', '--subdir', 'DAGS_FOLDER/dbt_dag.py', '--cfg-path', '/tmp/tmpbkf1untu']
[2022-09-25T15:24:46.654+0000] {standard_task_runner.py:83} INFO - Job 87: Subtask model.migrate_to_dbt.view_data
[2022-09-25T15:24:46.655+0000] {dagbag.py:525} INFO - Filling up the DagBag from /opt/***/dags/dbt_dag.py
[2022-09-25T15:24:46.780+0000] {task_command.py:384} INFO - Running <TaskInstance: dbt_dag.model.migrate_to_dbt.view_data scheduled__2021-01-08T00:00:00+00:00 [running]> on host 3c654011b3f0
[2022-09-25T15:24:46.932+0000] {taskinstance.py:1592} INFO - Exporting the following env vars:
AIRFLOW_CTX_DAG_EMAIL=isaaclucky88@gmail.com
AIRFLOW_CTX_DAG_OWNER=astronomer
AIRFLOW_CTX_DAG_ID=dbt_dag
AIRFLOW_CTX_TASK_ID=model.migrate_to_dbt.view_data
AIRFLOW_CTX_EXECUTION_DATE=2021-01-08T00:00:00+00:00
AIRFLOW_CTX_TRY_NUMBER=1
AIRFLOW_CTX_DAG_RUN_ID=scheduled__2021-01-08T00:00:00+00:00
[2022-09-25T15:24:46.933+0000] {subprocess.py:63} INFO - Tmp dir root location: 
 /tmp
[2022-09-25T15:24:46.934+0000] {subprocess.py:75} INFO - Running command: ['/bin/bash', '-c', '\n            cd /opt/***/migrate_to_dbt &&\n            dbt --no-write-json run --target prod --models view_data\n            ']
[2022-09-25T15:24:46.954+0000] {subprocess.py:86} INFO - Output:
[2022-09-25T15:24:46.956+0000] {subprocess.py:93} INFO - /bin/bash: line 3: dbt: command not found
[2022-09-25T15:24:46.957+0000] {subprocess.py:97} INFO - Command exited with return code 127
[2022-09-25T15:24:46.976+0000] {taskinstance.py:1851} ERROR - Task failed with exception
Traceback (most recent call last):
  File "/home/airflow/.local/lib/python3.7/site-packages/airflow/operators/bash.py", line 197, in execute
    f'Bash command failed. The command returned a non-zero exit code {result.exit_code}.'
airflow.exceptions.AirflowException: Bash command failed. The command returned a non-zero exit code 127.
[2022-09-25T15:24:46.981+0000] {taskinstance.py:1406} INFO - Marking task as UP_FOR_RETRY. dag_id=dbt_dag, task_id=model.migrate_to_dbt.view_data, execution_date=20210108T000000, start_date=20220925T152446, end_date=20220925T152446
[2022-09-25T15:24:47.005+0000] {standard_task_runner.py:107} ERROR - Failed to execute job 87 for task model.migrate_to_dbt.view_data (Bash command failed. The command returned a non-zero exit code 127.; 2405)
[2022-09-25T15:24:47.024+0000] {local_task_job.py:164} INFO - Task exited with return code 1
[2022-09-25T15:24:47.303+0000] {local_task_job.py:273} INFO - 0 downstream tasks scheduled from follow-on schedule check
