[2022-09-24T13:08:10.570+0000] {taskinstance.py:1165} INFO - Dependencies all met for <TaskInstance: migrate_data.read_data manual__2022-09-24T13:08:08.634693+00:00 [queued]>
[2022-09-24T13:08:10.591+0000] {taskinstance.py:1165} INFO - Dependencies all met for <TaskInstance: migrate_data.read_data manual__2022-09-24T13:08:08.634693+00:00 [queued]>
[2022-09-24T13:08:10.591+0000] {taskinstance.py:1362} INFO - 
--------------------------------------------------------------------------------
[2022-09-24T13:08:10.592+0000] {taskinstance.py:1363} INFO - Starting attempt 1 of 3
[2022-09-24T13:08:10.592+0000] {taskinstance.py:1364} INFO - 
--------------------------------------------------------------------------------
[2022-09-24T13:08:10.617+0000] {taskinstance.py:1383} INFO - Executing <Task(PostgresOperator): read_data> on 2022-09-24 13:08:08.634693+00:00
[2022-09-24T13:08:10.623+0000] {standard_task_runner.py:54} INFO - Started process 373 to run task
[2022-09-24T13:08:10.629+0000] {standard_task_runner.py:82} INFO - Running: ['***', 'tasks', 'run', 'migrate_data', 'read_data', 'manual__2022-09-24T13:08:08.634693+00:00', '--job-id', '5', '--raw', '--subdir', 'DAGS_FOLDER/migrate.py', '--cfg-path', '/tmp/tmp_00kghho']
[2022-09-24T13:08:10.630+0000] {standard_task_runner.py:83} INFO - Job 5: Subtask read_data
[2022-09-24T13:08:10.631+0000] {dagbag.py:525} INFO - Filling up the DagBag from /opt/***/dags/migrate.py
[2022-09-24T13:08:41.226+0000] {timeout.py:68} ERROR - Process timed out, PID: 373
[2022-09-24T13:08:42.450+0000] {dagbag.py:330} ERROR - Failed to import: /opt/***/dags/migrate.py
Traceback (most recent call last):
  File "/home/airflow/.local/lib/python3.7/site-packages/airflow/models/dagbag.py", line 326, in parse
    loader.exec_module(new_module)
  File "<frozen importlib._bootstrap_external>", line 728, in exec_module
  File "<frozen importlib._bootstrap>", line 219, in _call_with_frames_removed
  File "/opt/airflow/dags/migrate.py", line 3, in <module>
    import pandas as pd
  File "/home/airflow/.local/lib/python3.7/site-packages/pandas/__init__.py", line 143, in <module>
    from pandas.io.api import (
  File "/home/airflow/.local/lib/python3.7/site-packages/pandas/io/api.py", line 8, in <module>
    from pandas.io.excel import (
  File "/home/airflow/.local/lib/python3.7/site-packages/pandas/io/excel/__init__.py", line 6, in <module>
    from pandas.io.excel._odswriter import ODSWriter as _ODSWriter
  File "/home/airflow/.local/lib/python3.7/site-packages/pandas/io/excel/_odswriter.py", line 15, in <module>
    from pandas.io.formats.excel import ExcelCell
  File "/home/airflow/.local/lib/python3.7/site-packages/airflow/utils/timeout.py", line 69, in handle_timeout
    raise AirflowTaskTimeout(self.error_message)
airflow.exceptions.AirflowTaskTimeout: DagBag import timeout for /opt/***/dags/migrate.py after 30.0s.
Please take a look at these docs to improve your DAG import time:
* https://***.apache.org/docs/apache-***/2.4.0/best-practices.html#top-level-python-code
* https://***.apache.org/docs/apache-***/2.4.0/best-practices.html#reducing-dag-complexity, PID: 373
[2022-09-24T13:08:43.532+0000] {standard_task_runner.py:107} ERROR - Failed to execute job 5 for task read_data (Dag 'migrate_data' could not be found; either it does not exist or it failed to parse.; 373)
[2022-09-24T13:08:43.676+0000] {local_task_job.py:164} INFO - Task exited with return code 1
[2022-09-24T13:08:43.811+0000] {local_task_job.py:273} INFO - 0 downstream tasks scheduled from follow-on schedule check
