[2022-09-24T06:51:50.834+0000] {taskinstance.py:1165} INFO - Dependencies all met for <TaskInstance: migrate_data.read_data manual__2022-09-24T06:51:45.210184+00:00 [queued]>
[2022-09-24T06:51:50.847+0000] {taskinstance.py:1165} INFO - Dependencies all met for <TaskInstance: migrate_data.read_data manual__2022-09-24T06:51:45.210184+00:00 [queued]>
[2022-09-24T06:51:50.848+0000] {taskinstance.py:1362} INFO - 
--------------------------------------------------------------------------------
[2022-09-24T06:51:50.848+0000] {taskinstance.py:1363} INFO - Starting attempt 1 of 3
[2022-09-24T06:51:50.848+0000] {taskinstance.py:1364} INFO - 
--------------------------------------------------------------------------------
[2022-09-24T06:51:50.865+0000] {taskinstance.py:1383} INFO - Executing <Task(PostgresOperator): read_data> on 2022-09-24 06:51:45.210184+00:00
[2022-09-24T06:51:50.871+0000] {standard_task_runner.py:54} INFO - Started process 928 to run task
[2022-09-24T06:51:50.875+0000] {standard_task_runner.py:82} INFO - Running: ['***', 'tasks', 'run', 'migrate_data', 'read_data', 'manual__2022-09-24T06:51:45.210184+00:00', '--job-id', '54', '--raw', '--subdir', 'DAGS_FOLDER/migrate.py', '--cfg-path', '/tmp/tmpozw86kx8']
[2022-09-24T06:51:50.876+0000] {standard_task_runner.py:83} INFO - Job 54: Subtask read_data
[2022-09-24T06:51:50.877+0000] {dagbag.py:525} INFO - Filling up the DagBag from /opt/***/dags/migrate.py
[2022-09-24T06:51:51.358+0000] {task_command.py:384} INFO - Running <TaskInstance: migrate_data.read_data manual__2022-09-24T06:51:45.210184+00:00 [running]> on host 6b141fc40122
[2022-09-24T06:51:51.505+0000] {taskinstance.py:1592} INFO - Exporting the following env vars:
AIRFLOW_CTX_DAG_EMAIL=isaaclucky88@gmail.com
AIRFLOW_CTX_DAG_OWNER=yishaktadele
AIRFLOW_CTX_DAG_ID=migrate_data
AIRFLOW_CTX_TASK_ID=read_data
AIRFLOW_CTX_EXECUTION_DATE=2022-09-24T06:51:45.210184+00:00
AIRFLOW_CTX_TRY_NUMBER=1
AIRFLOW_CTX_DAG_RUN_ID=manual__2022-09-24T06:51:45.210184+00:00
[2022-09-24T06:51:51.519+0000] {base.py:71} INFO - Using connection ID 'postgres' for task execution.
[2022-09-24T06:51:51.524+0000] {sql.py:315} INFO - Running statement: select * from traffic_data limit 5;, parameters: None
[2022-09-24T06:51:51.525+0000] {sql.py:324} INFO - Rows affected: 5
[2022-09-24T06:51:51.544+0000] {taskinstance.py:1406} INFO - Marking task as SUCCESS. dag_id=migrate_data, task_id=read_data, execution_date=20220924T065145, start_date=20220924T065150, end_date=20220924T065151
[2022-09-24T06:51:51.608+0000] {local_task_job.py:164} INFO - Task exited with return code 0
[2022-09-24T06:51:51.633+0000] {local_task_job.py:273} INFO - 0 downstream tasks scheduled from follow-on schedule check
