[2022-09-25T12:23:19.448+0000] {taskinstance.py:1165} INFO - Dependencies all met for <TaskInstance: dbt_dag.model.migrate_to_dbt.view_data scheduled__2020-12-25T00:00:00+00:00 [queued]>
[2022-09-25T12:23:19.461+0000] {taskinstance.py:1165} INFO - Dependencies all met for <TaskInstance: dbt_dag.model.migrate_to_dbt.view_data scheduled__2020-12-25T00:00:00+00:00 [queued]>
[2022-09-25T12:23:19.462+0000] {taskinstance.py:1362} INFO - 
--------------------------------------------------------------------------------
[2022-09-25T12:23:19.462+0000] {taskinstance.py:1363} INFO - Starting attempt 2 of 2
[2022-09-25T12:23:19.462+0000] {taskinstance.py:1364} INFO - 
--------------------------------------------------------------------------------
[2022-09-25T12:23:19.483+0000] {taskinstance.py:1383} INFO - Executing <Task(BashOperator): model.migrate_to_dbt.view_data> on 2020-12-25 00:00:00+00:00
[2022-09-25T12:23:19.490+0000] {standard_task_runner.py:54} INFO - Started process 124 to run task
[2022-09-25T12:23:19.493+0000] {standard_task_runner.py:82} INFO - Running: ['***', 'tasks', 'run', 'dbt_dag', 'model.migrate_to_dbt.view_data', 'scheduled__2020-12-25T00:00:00+00:00', '--job-id', '81', '--raw', '--subdir', 'DAGS_FOLDER/dbt_dag.py', '--cfg-path', '/tmp/tmpejd74ae3']
[2022-09-25T12:23:19.493+0000] {standard_task_runner.py:83} INFO - Job 81: Subtask model.migrate_to_dbt.view_data
[2022-09-25T12:23:19.495+0000] {dagbag.py:525} INFO - Filling up the DagBag from /opt/***/dags/dbt_dag.py
[2022-09-25T12:23:19.566+0000] {task_command.py:384} INFO - Running <TaskInstance: dbt_dag.model.migrate_to_dbt.view_data scheduled__2020-12-25T00:00:00+00:00 [running]> on host 2768f2fff4c2
[2022-09-25T12:23:19.642+0000] {taskinstance.py:1592} INFO - Exporting the following env vars:
AIRFLOW_CTX_DAG_EMAIL=isaaclucky88@gmail.com
AIRFLOW_CTX_DAG_OWNER=astronomer
AIRFLOW_CTX_DAG_ID=dbt_dag
AIRFLOW_CTX_TASK_ID=model.migrate_to_dbt.view_data
AIRFLOW_CTX_EXECUTION_DATE=2020-12-25T00:00:00+00:00
AIRFLOW_CTX_TRY_NUMBER=2
AIRFLOW_CTX_DAG_RUN_ID=scheduled__2020-12-25T00:00:00+00:00
[2022-09-25T12:23:19.643+0000] {subprocess.py:63} INFO - Tmp dir root location: 
 /tmp
[2022-09-25T12:23:19.644+0000] {subprocess.py:75} INFO - Running command: ['/bin/bash', '-c', '\n            cd /opt/***/migrate_to_dbt &&\n            dbt --no-write-json run --target prod --models view_data\n            ']
[2022-09-25T12:23:19.657+0000] {subprocess.py:86} INFO - Output:
[2022-09-25T12:23:19.659+0000] {subprocess.py:93} INFO - /bin/bash: line 3: dbt: command not found
[2022-09-25T12:23:19.660+0000] {subprocess.py:97} INFO - Command exited with return code 127
[2022-09-25T12:23:19.675+0000] {taskinstance.py:1851} ERROR - Task failed with exception
Traceback (most recent call last):
  File "/home/airflow/.local/lib/python3.7/site-packages/airflow/operators/bash.py", line 197, in execute
    f'Bash command failed. The command returned a non-zero exit code {result.exit_code}.'
airflow.exceptions.AirflowException: Bash command failed. The command returned a non-zero exit code 127.
[2022-09-25T12:23:19.679+0000] {taskinstance.py:1406} INFO - Marking task as FAILED. dag_id=dbt_dag, task_id=model.migrate_to_dbt.view_data, execution_date=20201225T000000, start_date=20220925T122319, end_date=20220925T122319
[2022-09-25T12:23:19.695+0000] {standard_task_runner.py:107} ERROR - Failed to execute job 81 for task model.migrate_to_dbt.view_data (Bash command failed. The command returned a non-zero exit code 127.; 124)
[2022-09-25T12:23:19.704+0000] {local_task_job.py:164} INFO - Task exited with return code 1
[2022-09-25T12:23:19.740+0000] {local_task_job.py:273} INFO - 0 downstream tasks scheduled from follow-on schedule check
[2022-09-25T15:24:39.041+0000] {taskinstance.py:1165} INFO - Dependencies all met for <TaskInstance: dbt_dag.model.migrate_to_dbt.view_data scheduled__2020-12-25T00:00:00+00:00 [queued]>
[2022-09-25T15:24:39.072+0000] {taskinstance.py:1165} INFO - Dependencies all met for <TaskInstance: dbt_dag.model.migrate_to_dbt.view_data scheduled__2020-12-25T00:00:00+00:00 [queued]>
[2022-09-25T15:24:39.073+0000] {taskinstance.py:1362} INFO - 
--------------------------------------------------------------------------------
[2022-09-25T15:24:39.074+0000] {taskinstance.py:1363} INFO - Starting attempt 2 of 2
[2022-09-25T15:24:39.074+0000] {taskinstance.py:1364} INFO - 
--------------------------------------------------------------------------------
[2022-09-25T15:24:39.126+0000] {taskinstance.py:1383} INFO - Executing <Task(BashOperator): model.migrate_to_dbt.view_data> on 2020-12-25 00:00:00+00:00
[2022-09-25T15:24:39.181+0000] {standard_task_runner.py:54} INFO - Started process 2346 to run task
[2022-09-25T15:24:39.199+0000] {standard_task_runner.py:82} INFO - Running: ['***', 'tasks', 'run', 'dbt_dag', 'model.migrate_to_dbt.view_data', 'scheduled__2020-12-25T00:00:00+00:00', '--job-id', '73', '--raw', '--subdir', 'DAGS_FOLDER/dbt_dag.py', '--cfg-path', '/tmp/tmp4qd94ur6']
[2022-09-25T15:24:39.200+0000] {standard_task_runner.py:83} INFO - Job 73: Subtask model.migrate_to_dbt.view_data
[2022-09-25T15:24:39.202+0000] {dagbag.py:525} INFO - Filling up the DagBag from /opt/***/dags/dbt_dag.py
[2022-09-25T15:24:39.698+0000] {task_command.py:384} INFO - Running <TaskInstance: dbt_dag.model.migrate_to_dbt.view_data scheduled__2020-12-25T00:00:00+00:00 [running]> on host 3c654011b3f0
[2022-09-25T15:24:40.526+0000] {taskinstance.py:1592} INFO - Exporting the following env vars:
AIRFLOW_CTX_DAG_EMAIL=isaaclucky88@gmail.com
AIRFLOW_CTX_DAG_OWNER=astronomer
AIRFLOW_CTX_DAG_ID=dbt_dag
AIRFLOW_CTX_TASK_ID=model.migrate_to_dbt.view_data
AIRFLOW_CTX_EXECUTION_DATE=2020-12-25T00:00:00+00:00
AIRFLOW_CTX_TRY_NUMBER=2
AIRFLOW_CTX_DAG_RUN_ID=scheduled__2020-12-25T00:00:00+00:00
[2022-09-25T15:24:40.531+0000] {subprocess.py:63} INFO - Tmp dir root location: 
 /tmp
[2022-09-25T15:24:40.532+0000] {subprocess.py:75} INFO - Running command: ['/bin/bash', '-c', '\n            cd /opt/***/migrate_to_dbt &&\n            dbt --no-write-json run --target prod --models view_data\n            ']
[2022-09-25T15:24:40.611+0000] {subprocess.py:86} INFO - Output:
[2022-09-25T15:24:40.619+0000] {subprocess.py:93} INFO - /bin/bash: line 3: dbt: command not found
[2022-09-25T15:24:40.621+0000] {subprocess.py:97} INFO - Command exited with return code 127
[2022-09-25T15:24:40.667+0000] {taskinstance.py:1851} ERROR - Task failed with exception
Traceback (most recent call last):
  File "/home/airflow/.local/lib/python3.7/site-packages/airflow/operators/bash.py", line 197, in execute
    f'Bash command failed. The command returned a non-zero exit code {result.exit_code}.'
airflow.exceptions.AirflowException: Bash command failed. The command returned a non-zero exit code 127.
[2022-09-25T15:24:40.678+0000] {taskinstance.py:1406} INFO - Marking task as FAILED. dag_id=dbt_dag, task_id=model.migrate_to_dbt.view_data, execution_date=20201225T000000, start_date=20220925T152439, end_date=20220925T152440
[2022-09-25T15:24:40.728+0000] {standard_task_runner.py:107} ERROR - Failed to execute job 73 for task model.migrate_to_dbt.view_data (Bash command failed. The command returned a non-zero exit code 127.; 2346)
[2022-09-25T15:24:40.780+0000] {local_task_job.py:164} INFO - Task exited with return code 1
[2022-09-25T15:24:40.959+0000] {local_task_job.py:273} INFO - 0 downstream tasks scheduled from follow-on schedule check
