[2022-09-25T06:56:25.574+0000] {taskinstance.py:1165} INFO - Dependencies all met for <TaskInstance: dbt_dag.model.migrate_to_dbt.cast_obj scheduled__2020-12-31T00:00:00+00:00 [queued]>
[2022-09-25T06:56:25.595+0000] {taskinstance.py:1165} INFO - Dependencies all met for <TaskInstance: dbt_dag.model.migrate_to_dbt.cast_obj scheduled__2020-12-31T00:00:00+00:00 [queued]>
[2022-09-25T06:56:25.595+0000] {taskinstance.py:1362} INFO - 
--------------------------------------------------------------------------------
[2022-09-25T06:56:25.595+0000] {taskinstance.py:1363} INFO - Starting attempt 1 of 2
[2022-09-25T06:56:25.595+0000] {taskinstance.py:1364} INFO - 
--------------------------------------------------------------------------------
[2022-09-25T06:56:25.620+0000] {taskinstance.py:1383} INFO - Executing <Task(BashOperator): model.migrate_to_dbt.cast_obj> on 2020-12-31 00:00:00+00:00
[2022-09-25T06:56:25.633+0000] {standard_task_runner.py:54} INFO - Started process 1424 to run task
[2022-09-25T06:56:25.638+0000] {standard_task_runner.py:82} INFO - Running: ['***', 'tasks', 'run', 'dbt_dag', 'model.migrate_to_dbt.cast_obj', 'scheduled__2020-12-31T00:00:00+00:00', '--job-id', '33', '--raw', '--subdir', 'DAGS_FOLDER/dbt_dag.py', '--cfg-path', '/tmp/tmpjm68toxr']
[2022-09-25T06:56:25.639+0000] {standard_task_runner.py:83} INFO - Job 33: Subtask model.migrate_to_dbt.cast_obj
[2022-09-25T06:56:25.640+0000] {dagbag.py:525} INFO - Filling up the DagBag from /opt/***/dags/dbt_dag.py
[2022-09-25T06:56:25.833+0000] {task_command.py:384} INFO - Running <TaskInstance: dbt_dag.model.migrate_to_dbt.cast_obj scheduled__2020-12-31T00:00:00+00:00 [running]> on host 5aeb3e9582c2
[2022-09-25T06:56:26.057+0000] {taskinstance.py:1592} INFO - Exporting the following env vars:
AIRFLOW_CTX_DAG_EMAIL=isaaclucky88@gmail.com
AIRFLOW_CTX_DAG_OWNER=astronomer
AIRFLOW_CTX_DAG_ID=dbt_dag
AIRFLOW_CTX_TASK_ID=model.migrate_to_dbt.cast_obj
AIRFLOW_CTX_EXECUTION_DATE=2020-12-31T00:00:00+00:00
AIRFLOW_CTX_TRY_NUMBER=1
AIRFLOW_CTX_DAG_RUN_ID=scheduled__2020-12-31T00:00:00+00:00
[2022-09-25T06:56:26.058+0000] {subprocess.py:63} INFO - Tmp dir root location: 
 /tmp
[2022-09-25T06:56:26.059+0000] {subprocess.py:75} INFO - Running command: ['/bin/bash', '-c', '\n            cd /opt/***/migrate_to_dbt &&\n            dbt --no-write-json run --target prod --models cast_obj\n            ']
[2022-09-25T06:56:26.084+0000] {subprocess.py:86} INFO - Output:
[2022-09-25T06:56:26.088+0000] {subprocess.py:93} INFO - /bin/bash: line 3: dbt: command not found
[2022-09-25T06:56:26.089+0000] {subprocess.py:97} INFO - Command exited with return code 127
[2022-09-25T06:56:26.111+0000] {taskinstance.py:1851} ERROR - Task failed with exception
Traceback (most recent call last):
  File "/home/airflow/.local/lib/python3.7/site-packages/airflow/operators/bash.py", line 197, in execute
    f'Bash command failed. The command returned a non-zero exit code {result.exit_code}.'
airflow.exceptions.AirflowException: Bash command failed. The command returned a non-zero exit code 127.
[2022-09-25T06:56:26.119+0000] {taskinstance.py:1406} INFO - Marking task as UP_FOR_RETRY. dag_id=dbt_dag, task_id=model.migrate_to_dbt.cast_obj, execution_date=20201231T000000, start_date=20220925T065625, end_date=20220925T065626
[2022-09-25T06:56:26.146+0000] {standard_task_runner.py:107} ERROR - Failed to execute job 33 for task model.migrate_to_dbt.cast_obj (Bash command failed. The command returned a non-zero exit code 127.; 1424)
[2022-09-25T06:56:26.174+0000] {local_task_job.py:164} INFO - Task exited with return code 1
[2022-09-25T06:56:26.239+0000] {local_task_job.py:273} INFO - 0 downstream tasks scheduled from follow-on schedule check
[2022-09-25T12:33:20.539+0000] {taskinstance.py:1165} INFO - Dependencies all met for <TaskInstance: dbt_dag.model.migrate_to_dbt.cast_obj scheduled__2020-12-31T00:00:00+00:00 [queued]>
[2022-09-25T12:33:20.555+0000] {taskinstance.py:1165} INFO - Dependencies all met for <TaskInstance: dbt_dag.model.migrate_to_dbt.cast_obj scheduled__2020-12-31T00:00:00+00:00 [queued]>
[2022-09-25T12:33:20.556+0000] {taskinstance.py:1362} INFO - 
--------------------------------------------------------------------------------
[2022-09-25T12:33:20.556+0000] {taskinstance.py:1363} INFO - Starting attempt 1 of 2
[2022-09-25T12:33:20.556+0000] {taskinstance.py:1364} INFO - 
--------------------------------------------------------------------------------
[2022-09-25T12:33:20.581+0000] {taskinstance.py:1383} INFO - Executing <Task(BashOperator): model.migrate_to_dbt.cast_obj> on 2020-12-31 00:00:00+00:00
[2022-09-25T12:33:20.590+0000] {standard_task_runner.py:54} INFO - Started process 201 to run task
[2022-09-25T12:33:20.594+0000] {standard_task_runner.py:82} INFO - Running: ['***', 'tasks', 'run', 'dbt_dag', 'model.migrate_to_dbt.cast_obj', 'scheduled__2020-12-31T00:00:00+00:00', '--job-id', '27', '--raw', '--subdir', 'DAGS_FOLDER/dbt_dag.py', '--cfg-path', '/tmp/tmp7f32q9li']
[2022-09-25T12:33:20.595+0000] {standard_task_runner.py:83} INFO - Job 27: Subtask model.migrate_to_dbt.cast_obj
[2022-09-25T12:33:20.596+0000] {dagbag.py:525} INFO - Filling up the DagBag from /opt/***/dags/dbt_dag.py
[2022-09-25T12:33:20.769+0000] {task_command.py:384} INFO - Running <TaskInstance: dbt_dag.model.migrate_to_dbt.cast_obj scheduled__2020-12-31T00:00:00+00:00 [running]> on host c138e22c1d18
[2022-09-25T12:33:20.917+0000] {taskinstance.py:1592} INFO - Exporting the following env vars:
AIRFLOW_CTX_DAG_EMAIL=isaaclucky88@gmail.com
AIRFLOW_CTX_DAG_OWNER=astronomer
AIRFLOW_CTX_DAG_ID=dbt_dag
AIRFLOW_CTX_TASK_ID=model.migrate_to_dbt.cast_obj
AIRFLOW_CTX_EXECUTION_DATE=2020-12-31T00:00:00+00:00
AIRFLOW_CTX_TRY_NUMBER=1
AIRFLOW_CTX_DAG_RUN_ID=scheduled__2020-12-31T00:00:00+00:00
[2022-09-25T12:33:20.920+0000] {subprocess.py:63} INFO - Tmp dir root location: 
 /tmp
[2022-09-25T12:33:20.921+0000] {subprocess.py:75} INFO - Running command: ['/bin/bash', '-c', '\n            cd /opt/***/migrate_to_dbt &&\n            dbt --no-write-json run --target prod --models cast_obj\n            ']
[2022-09-25T12:33:20.953+0000] {subprocess.py:86} INFO - Output:
[2022-09-25T12:33:20.976+0000] {subprocess.py:93} INFO - /bin/bash: line 3: dbt: command not found
[2022-09-25T12:33:20.983+0000] {subprocess.py:97} INFO - Command exited with return code 127
[2022-09-25T12:33:21.019+0000] {taskinstance.py:1851} ERROR - Task failed with exception
Traceback (most recent call last):
  File "/home/airflow/.local/lib/python3.7/site-packages/airflow/operators/bash.py", line 197, in execute
    f'Bash command failed. The command returned a non-zero exit code {result.exit_code}.'
airflow.exceptions.AirflowException: Bash command failed. The command returned a non-zero exit code 127.
[2022-09-25T12:33:21.037+0000] {taskinstance.py:1406} INFO - Marking task as UP_FOR_RETRY. dag_id=dbt_dag, task_id=model.migrate_to_dbt.cast_obj, execution_date=20201231T000000, start_date=20220925T123320, end_date=20220925T123321
[2022-09-25T12:33:21.074+0000] {standard_task_runner.py:107} ERROR - Failed to execute job 27 for task model.migrate_to_dbt.cast_obj (Bash command failed. The command returned a non-zero exit code 127.; 201)
[2022-09-25T12:33:21.096+0000] {local_task_job.py:164} INFO - Task exited with return code 1
[2022-09-25T12:33:21.185+0000] {local_task_job.py:273} INFO - 0 downstream tasks scheduled from follow-on schedule check
