[2022-09-26T12:53:40.977+0000] {taskinstance.py:1165} INFO - Dependencies all met for <TaskInstance: dbt_dag.model.migrate_to_dbt.cast_obj scheduled__2022-05-23T00:00:00+00:00 [queued]>
[2022-09-26T12:53:40.995+0000] {taskinstance.py:1165} INFO - Dependencies all met for <TaskInstance: dbt_dag.model.migrate_to_dbt.cast_obj scheduled__2022-05-23T00:00:00+00:00 [queued]>
[2022-09-26T12:53:40.995+0000] {taskinstance.py:1362} INFO - 
--------------------------------------------------------------------------------
[2022-09-26T12:53:40.996+0000] {taskinstance.py:1363} INFO - Starting attempt 2 of 2
[2022-09-26T12:53:40.996+0000] {taskinstance.py:1364} INFO - 
--------------------------------------------------------------------------------
[2022-09-26T12:53:41.234+0000] {taskinstance.py:1383} INFO - Executing <Task(BashOperator): model.migrate_to_dbt.cast_obj> on 2022-05-23 00:00:00+00:00
[2022-09-26T12:53:41.243+0000] {standard_task_runner.py:54} INFO - Started process 3988 to run task
[2022-09-26T12:53:41.248+0000] {standard_task_runner.py:82} INFO - Running: ['***', 'tasks', 'run', 'dbt_dag', 'model.migrate_to_dbt.cast_obj', 'scheduled__2022-05-23T00:00:00+00:00', '--job-id', '2109', '--raw', '--subdir', 'DAGS_FOLDER/dbt_dag.py', '--cfg-path', '/tmp/tmp395qq4ov']
[2022-09-26T12:53:41.249+0000] {standard_task_runner.py:83} INFO - Job 2109: Subtask model.migrate_to_dbt.cast_obj
[2022-09-26T12:53:41.250+0000] {dagbag.py:525} INFO - Filling up the DagBag from /opt/***/dags/dbt_dag.py
[2022-09-26T12:53:41.396+0000] {task_command.py:384} INFO - Running <TaskInstance: dbt_dag.model.migrate_to_dbt.cast_obj scheduled__2022-05-23T00:00:00+00:00 [running]> on host 3c654011b3f0
[2022-09-26T12:53:41.564+0000] {taskinstance.py:1592} INFO - Exporting the following env vars:
AIRFLOW_CTX_DAG_EMAIL=isaaclucky88@gmail.com
AIRFLOW_CTX_DAG_OWNER=astronomer
AIRFLOW_CTX_DAG_ID=dbt_dag
AIRFLOW_CTX_TASK_ID=model.migrate_to_dbt.cast_obj
AIRFLOW_CTX_EXECUTION_DATE=2022-05-23T00:00:00+00:00
AIRFLOW_CTX_TRY_NUMBER=2
AIRFLOW_CTX_DAG_RUN_ID=scheduled__2022-05-23T00:00:00+00:00
[2022-09-26T12:53:41.565+0000] {subprocess.py:63} INFO - Tmp dir root location: 
 /tmp
[2022-09-26T12:53:41.566+0000] {subprocess.py:75} INFO - Running command: ['/bin/bash', '-c', '\n            cd /opt/***/migrate_to_dbt &&\n            dbt --no-write-json run --target prod --models cast_obj\n            ']
[2022-09-26T12:53:41.588+0000] {subprocess.py:86} INFO - Output:
[2022-09-26T12:53:41.593+0000] {subprocess.py:93} INFO - /bin/bash: line 3: dbt: command not found
[2022-09-26T12:53:41.594+0000] {subprocess.py:97} INFO - Command exited with return code 127
[2022-09-26T12:53:41.620+0000] {taskinstance.py:1851} ERROR - Task failed with exception
Traceback (most recent call last):
  File "/home/airflow/.local/lib/python3.7/site-packages/airflow/operators/bash.py", line 197, in execute
    f'Bash command failed. The command returned a non-zero exit code {result.exit_code}.'
airflow.exceptions.AirflowException: Bash command failed. The command returned a non-zero exit code 127.
[2022-09-26T12:53:41.627+0000] {taskinstance.py:1406} INFO - Marking task as FAILED. dag_id=dbt_dag, task_id=model.migrate_to_dbt.cast_obj, execution_date=20220523T000000, start_date=20220926T125340, end_date=20220926T125341
[2022-09-26T12:53:41.653+0000] {standard_task_runner.py:107} ERROR - Failed to execute job 2109 for task model.migrate_to_dbt.cast_obj (Bash command failed. The command returned a non-zero exit code 127.; 3988)
[2022-09-26T12:53:41.701+0000] {local_task_job.py:164} INFO - Task exited with return code 1
[2022-09-26T12:53:41.812+0000] {local_task_job.py:273} INFO - 0 downstream tasks scheduled from follow-on schedule check
