[2022-09-24T09:53:44.611+0000] {taskinstance.py:1165} INFO - Dependencies all met for <TaskInstance: migrate_data.read_data scheduled__2022-09-23T00:00:00+00:00 [queued]>
[2022-09-24T09:53:44.626+0000] {taskinstance.py:1165} INFO - Dependencies all met for <TaskInstance: migrate_data.read_data scheduled__2022-09-23T00:00:00+00:00 [queued]>
[2022-09-24T09:53:44.626+0000] {taskinstance.py:1362} INFO - 
--------------------------------------------------------------------------------
[2022-09-24T09:53:44.626+0000] {taskinstance.py:1363} INFO - Starting attempt 1 of 3
[2022-09-24T09:53:44.626+0000] {taskinstance.py:1364} INFO - 
--------------------------------------------------------------------------------
[2022-09-24T09:53:44.645+0000] {taskinstance.py:1383} INFO - Executing <Task(PostgresOperator): read_data> on 2022-09-23 00:00:00+00:00
[2022-09-24T09:53:44.652+0000] {standard_task_runner.py:54} INFO - Started process 349 to run task
[2022-09-24T09:53:44.656+0000] {standard_task_runner.py:82} INFO - Running: ['***', 'tasks', 'run', 'migrate_data', 'read_data', 'scheduled__2022-09-23T00:00:00+00:00', '--job-id', '14', '--raw', '--subdir', 'DAGS_FOLDER/migrate.py', '--cfg-path', '/tmp/tmpz_7uq7o_']
[2022-09-24T09:53:44.656+0000] {standard_task_runner.py:83} INFO - Job 14: Subtask read_data
[2022-09-24T09:53:44.658+0000] {dagbag.py:525} INFO - Filling up the DagBag from /opt/***/dags/migrate.py
[2022-09-24T09:53:45.305+0000] {task_command.py:384} INFO - Running <TaskInstance: migrate_data.read_data scheduled__2022-09-23T00:00:00+00:00 [running]> on host 4b5cbff5ff8c
[2022-09-24T09:53:45.403+0000] {taskinstance.py:1592} INFO - Exporting the following env vars:
AIRFLOW_CTX_DAG_EMAIL=isaaclucky88@gmail.com
AIRFLOW_CTX_DAG_OWNER=yishaktadele
AIRFLOW_CTX_DAG_ID=migrate_data
AIRFLOW_CTX_TASK_ID=read_data
AIRFLOW_CTX_EXECUTION_DATE=2022-09-23T00:00:00+00:00
AIRFLOW_CTX_TRY_NUMBER=1
AIRFLOW_CTX_DAG_RUN_ID=scheduled__2022-09-23T00:00:00+00:00
[2022-09-24T09:53:45.416+0000] {base.py:71} INFO - Using connection ID 'postgres' for task execution.
[2022-09-24T09:53:45.420+0000] {sql.py:315} INFO - Running statement: select * from traffic_data limit 5;, parameters: None
[2022-09-24T09:53:45.422+0000] {sql.py:324} INFO - Rows affected: 5
[2022-09-24T09:53:45.435+0000] {taskinstance.py:1406} INFO - Marking task as SUCCESS. dag_id=migrate_data, task_id=read_data, execution_date=20220923T000000, start_date=20220924T095344, end_date=20220924T095345
[2022-09-24T09:53:45.469+0000] {local_task_job.py:164} INFO - Task exited with return code 0
[2022-09-24T09:53:45.517+0000] {local_task_job.py:273} INFO - 0 downstream tasks scheduled from follow-on schedule check
[2022-09-24T11:23:44.926+0000] {taskinstance.py:1165} INFO - Dependencies all met for <TaskInstance: migrate_data.read_data scheduled__2022-09-23T00:00:00+00:00 [queued]>
[2022-09-24T11:23:44.941+0000] {taskinstance.py:1165} INFO - Dependencies all met for <TaskInstance: migrate_data.read_data scheduled__2022-09-23T00:00:00+00:00 [queued]>
[2022-09-24T11:23:44.941+0000] {taskinstance.py:1362} INFO - 
--------------------------------------------------------------------------------
[2022-09-24T11:23:44.941+0000] {taskinstance.py:1363} INFO - Starting attempt 1 of 3
[2022-09-24T11:23:44.941+0000] {taskinstance.py:1364} INFO - 
--------------------------------------------------------------------------------
[2022-09-24T11:23:44.960+0000] {taskinstance.py:1383} INFO - Executing <Task(PostgresOperator): read_data> on 2022-09-23 00:00:00+00:00
[2022-09-24T11:23:44.966+0000] {standard_task_runner.py:54} INFO - Started process 379 to run task
[2022-09-24T11:23:44.970+0000] {standard_task_runner.py:82} INFO - Running: ['***', 'tasks', 'run', 'migrate_data', 'read_data', 'scheduled__2022-09-23T00:00:00+00:00', '--job-id', '13', '--raw', '--subdir', 'DAGS_FOLDER/migrate.py', '--cfg-path', '/tmp/tmpyxn8e5jc']
[2022-09-24T11:23:44.971+0000] {standard_task_runner.py:83} INFO - Job 13: Subtask read_data
[2022-09-24T11:23:44.972+0000] {dagbag.py:525} INFO - Filling up the DagBag from /opt/***/dags/migrate.py
[2022-09-24T11:23:45.716+0000] {task_command.py:384} INFO - Running <TaskInstance: migrate_data.read_data scheduled__2022-09-23T00:00:00+00:00 [running]> on host d3bad4f46616
[2022-09-24T11:23:45.833+0000] {taskinstance.py:1592} INFO - Exporting the following env vars:
AIRFLOW_CTX_DAG_EMAIL=isaaclucky88@gmail.com
AIRFLOW_CTX_DAG_OWNER=yishaktadele
AIRFLOW_CTX_DAG_ID=migrate_data
AIRFLOW_CTX_TASK_ID=read_data
AIRFLOW_CTX_EXECUTION_DATE=2022-09-23T00:00:00+00:00
AIRFLOW_CTX_TRY_NUMBER=1
AIRFLOW_CTX_DAG_RUN_ID=scheduled__2022-09-23T00:00:00+00:00
[2022-09-24T11:23:45.852+0000] {base.py:71} INFO - Using connection ID 'postgres' for task execution.
[2022-09-24T11:23:45.858+0000] {sql.py:315} INFO - Running statement: select * from traffic_data limit 5;, parameters: None
[2022-09-24T11:23:45.859+0000] {sql.py:324} INFO - Rows affected: 5
[2022-09-24T11:23:45.875+0000] {taskinstance.py:1406} INFO - Marking task as SUCCESS. dag_id=migrate_data, task_id=read_data, execution_date=20220923T000000, start_date=20220924T112344, end_date=20220924T112345
[2022-09-24T11:23:45.904+0000] {local_task_job.py:164} INFO - Task exited with return code 0
[2022-09-24T11:23:45.930+0000] {local_task_job.py:273} INFO - 0 downstream tasks scheduled from follow-on schedule check
[2022-09-24T12:49:52.064+0000] {taskinstance.py:1165} INFO - Dependencies all met for <TaskInstance: migrate_data.read_data scheduled__2022-09-23T00:00:00+00:00 [queued]>
[2022-09-24T12:49:52.073+0000] {taskinstance.py:1165} INFO - Dependencies all met for <TaskInstance: migrate_data.read_data scheduled__2022-09-23T00:00:00+00:00 [queued]>
[2022-09-24T12:49:52.073+0000] {taskinstance.py:1362} INFO - 
--------------------------------------------------------------------------------
[2022-09-24T12:49:52.073+0000] {taskinstance.py:1363} INFO - Starting attempt 1 of 3
[2022-09-24T12:49:52.074+0000] {taskinstance.py:1364} INFO - 
--------------------------------------------------------------------------------
[2022-09-24T12:49:52.085+0000] {taskinstance.py:1383} INFO - Executing <Task(PostgresOperator): read_data> on 2022-09-23 00:00:00+00:00
[2022-09-24T12:49:52.093+0000] {standard_task_runner.py:54} INFO - Started process 309 to run task
[2022-09-24T12:49:52.096+0000] {standard_task_runner.py:82} INFO - Running: ['***', 'tasks', 'run', 'migrate_data', 'read_data', 'scheduled__2022-09-23T00:00:00+00:00', '--job-id', '5', '--raw', '--subdir', 'DAGS_FOLDER/migrate.py', '--cfg-path', '/tmp/tmp8wq16q7c']
[2022-09-24T12:49:52.096+0000] {standard_task_runner.py:83} INFO - Job 5: Subtask read_data
[2022-09-24T12:49:52.097+0000] {dagbag.py:525} INFO - Filling up the DagBag from /opt/***/dags/migrate.py
[2022-09-24T12:49:52.440+0000] {task_command.py:384} INFO - Running <TaskInstance: migrate_data.read_data scheduled__2022-09-23T00:00:00+00:00 [running]> on host 1d69b603112e
[2022-09-24T12:49:52.502+0000] {taskinstance.py:1592} INFO - Exporting the following env vars:
AIRFLOW_CTX_DAG_EMAIL=isaaclucky88@gmail.com
AIRFLOW_CTX_DAG_OWNER=yishaktadele
AIRFLOW_CTX_DAG_ID=migrate_data
AIRFLOW_CTX_TASK_ID=read_data
AIRFLOW_CTX_EXECUTION_DATE=2022-09-23T00:00:00+00:00
AIRFLOW_CTX_TRY_NUMBER=1
AIRFLOW_CTX_DAG_RUN_ID=scheduled__2022-09-23T00:00:00+00:00
[2022-09-24T12:49:52.512+0000] {base.py:71} INFO - Using connection ID 'postgres' for task execution.
[2022-09-24T12:49:52.515+0000] {sql.py:315} INFO - Running statement: select * from traffic_data limit 5;, parameters: None
[2022-09-24T12:49:52.515+0000] {sql.py:324} INFO - Rows affected: 5
[2022-09-24T12:49:52.526+0000] {taskinstance.py:1406} INFO - Marking task as SUCCESS. dag_id=migrate_data, task_id=read_data, execution_date=20220923T000000, start_date=20220924T124952, end_date=20220924T124952
[2022-09-24T12:49:52.589+0000] {local_task_job.py:164} INFO - Task exited with return code 0
[2022-09-24T12:49:52.608+0000] {local_task_job.py:273} INFO - 0 downstream tasks scheduled from follow-on schedule check
[2022-09-24T13:08:10.924+0000] {taskinstance.py:1165} INFO - Dependencies all met for <TaskInstance: migrate_data.read_data scheduled__2022-09-23T00:00:00+00:00 [queued]>
[2022-09-24T13:08:10.950+0000] {taskinstance.py:1165} INFO - Dependencies all met for <TaskInstance: migrate_data.read_data scheduled__2022-09-23T00:00:00+00:00 [queued]>
[2022-09-24T13:08:10.950+0000] {taskinstance.py:1362} INFO - 
--------------------------------------------------------------------------------
[2022-09-24T13:08:10.950+0000] {taskinstance.py:1363} INFO - Starting attempt 1 of 3
[2022-09-24T13:08:10.950+0000] {taskinstance.py:1364} INFO - 
--------------------------------------------------------------------------------
[2022-09-24T13:08:11.000+0000] {taskinstance.py:1383} INFO - Executing <Task(PostgresOperator): read_data> on 2022-09-23 00:00:00+00:00
[2022-09-24T13:08:11.008+0000] {standard_task_runner.py:54} INFO - Started process 377 to run task
[2022-09-24T13:08:11.016+0000] {standard_task_runner.py:82} INFO - Running: ['***', 'tasks', 'run', 'migrate_data', 'read_data', 'scheduled__2022-09-23T00:00:00+00:00', '--job-id', '6', '--raw', '--subdir', 'DAGS_FOLDER/migrate.py', '--cfg-path', '/tmp/tmp1ionkmpd']
[2022-09-24T13:08:11.017+0000] {standard_task_runner.py:83} INFO - Job 6: Subtask read_data
[2022-09-24T13:08:11.021+0000] {dagbag.py:525} INFO - Filling up the DagBag from /opt/***/dags/migrate.py
[2022-09-24T13:08:43.868+0000] {timeout.py:68} ERROR - Process timed out, PID: 377
[2022-09-24T13:08:43.870+0000] {dagbag.py:330} ERROR - Failed to import: /opt/***/dags/migrate.py
Traceback (most recent call last):
  File "/home/airflow/.local/lib/python3.7/site-packages/airflow/models/dagbag.py", line 326, in parse
    loader.exec_module(new_module)
  File "<frozen importlib._bootstrap_external>", line 728, in exec_module
  File "<frozen importlib._bootstrap>", line 219, in _call_with_frames_removed
  File "/opt/airflow/dags/migrate.py", line 3, in <module>
    import pandas as pd
  File "/home/airflow/.local/lib/python3.7/site-packages/pandas/__init__.py", line 22, in <module>
    from pandas.compat import (
  File "/home/airflow/.local/lib/python3.7/site-packages/pandas/compat/__init__.py", line 23, in <module>
    from pandas.compat.pyarrow import (
  File "/home/airflow/.local/lib/python3.7/site-packages/pandas/compat/pyarrow.py", line 6, in <module>
    import pyarrow as pa
  File "/home/airflow/.local/lib/python3.7/site-packages/pyarrow/__init__.py", line 63, in <module>
    import pyarrow.lib as _lib
  File "<frozen importlib._bootstrap>", line 416, in parent
  File "/home/airflow/.local/lib/python3.7/site-packages/airflow/utils/timeout.py", line 69, in handle_timeout
    raise AirflowTaskTimeout(self.error_message)
airflow.exceptions.AirflowTaskTimeout: DagBag import timeout for /opt/***/dags/migrate.py after 30.0s.
Please take a look at these docs to improve your DAG import time:
* https://***.apache.org/docs/apache-***/2.4.0/best-practices.html#top-level-python-code
* https://***.apache.org/docs/apache-***/2.4.0/best-practices.html#reducing-dag-complexity, PID: 377
[2022-09-24T13:08:43.897+0000] {standard_task_runner.py:107} ERROR - Failed to execute job 6 for task read_data (Dag 'migrate_data' could not be found; either it does not exist or it failed to parse.; 377)
[2022-09-24T13:08:43.969+0000] {local_task_job.py:164} INFO - Task exited with return code 1
[2022-09-24T13:08:44.039+0000] {local_task_job.py:273} INFO - 0 downstream tasks scheduled from follow-on schedule check
[2022-09-24T13:49:25.472+0000] {taskinstance.py:1165} INFO - Dependencies all met for <TaskInstance: migrate_data.read_data scheduled__2022-09-23T00:00:00+00:00 [queued]>
[2022-09-24T13:49:25.535+0000] {taskinstance.py:1165} INFO - Dependencies all met for <TaskInstance: migrate_data.read_data scheduled__2022-09-23T00:00:00+00:00 [queued]>
[2022-09-24T13:49:25.535+0000] {taskinstance.py:1362} INFO - 
--------------------------------------------------------------------------------
[2022-09-24T13:49:25.536+0000] {taskinstance.py:1363} INFO - Starting attempt 1 of 3
[2022-09-24T13:49:25.536+0000] {taskinstance.py:1364} INFO - 
--------------------------------------------------------------------------------
[2022-09-24T13:49:25.572+0000] {taskinstance.py:1383} INFO - Executing <Task(PostgresOperator): read_data> on 2022-09-23 00:00:00+00:00
[2022-09-24T13:49:25.606+0000] {standard_task_runner.py:54} INFO - Started process 914 to run task
[2022-09-24T13:49:25.634+0000] {standard_task_runner.py:82} INFO - Running: ['***', 'tasks', 'run', 'migrate_data', 'read_data', 'scheduled__2022-09-23T00:00:00+00:00', '--job-id', '5', '--raw', '--subdir', 'DAGS_FOLDER/migrate.py', '--cfg-path', '/tmp/tmp55uy1a4n']
[2022-09-24T13:49:25.635+0000] {standard_task_runner.py:83} INFO - Job 5: Subtask read_data
[2022-09-24T13:49:25.638+0000] {dagbag.py:525} INFO - Filling up the DagBag from /opt/***/dags/migrate.py
[2022-09-24T13:49:57.056+0000] {timeout.py:68} ERROR - Process timed out, PID: 914
[2022-09-24T13:49:59.300+0000] {dagbag.py:330} ERROR - Failed to import: /opt/***/dags/migrate.py
Traceback (most recent call last):
  File "/home/airflow/.local/lib/python3.7/site-packages/airflow/models/dagbag.py", line 326, in parse
    loader.exec_module(new_module)
  File "<frozen importlib._bootstrap_external>", line 728, in exec_module
  File "<frozen importlib._bootstrap>", line 219, in _call_with_frames_removed
  File "/opt/airflow/dags/migrate.py", line 55, in <module>
    dag=dag
  File "/home/airflow/.local/lib/python3.7/site-packages/airflow/models/baseoperator.py", line 408, in apply_defaults
    result = func(self, **kwargs, default_args=default_args)
  File "/home/airflow/.local/lib/python3.7/site-packages/airflow/providers/postgres/operators/postgres.py", line 64, in __init__
    super().__init__(**kwargs)
  File "/home/airflow/.local/lib/python3.7/site-packages/airflow/models/baseoperator.py", line 408, in apply_defaults
    result = func(self, **kwargs, default_args=default_args)
  File "/home/airflow/.local/lib/python3.7/site-packages/airflow/models/baseoperator.py", line 835, in __init__
    self.trigger_rule: TriggerRule = TriggerRule(trigger_rule)
  File "/home/airflow/.local/lib/python3.7/site-packages/airflow/models/baseoperator.py", line 994, in __setattr__
    super().__setattr__(key, value)
  File "/home/airflow/.local/lib/python3.7/site-packages/airflow/utils/timeout.py", line 69, in handle_timeout
    raise AirflowTaskTimeout(self.error_message)
airflow.exceptions.AirflowTaskTimeout: DagBag import timeout for /opt/***/dags/migrate.py after 30.0s.
Please take a look at these docs to improve your DAG import time:
* https://***.apache.org/docs/apache-***/2.4.0/best-practices.html#top-level-python-code
* https://***.apache.org/docs/apache-***/2.4.0/best-practices.html#reducing-dag-complexity, PID: 914
[2022-09-24T13:49:59.880+0000] {base_job.py:232} ERROR - LocalTaskJob heartbeat got an exception
Traceback (most recent call last):
  File "/home/airflow/.local/lib/python3.7/site-packages/sqlalchemy/engine/base.py", line 3243, in _wrap_pool_connect
    return fn()
  File "/home/airflow/.local/lib/python3.7/site-packages/sqlalchemy/pool/base.py", line 310, in connect
    return _ConnectionFairy._checkout(self)
  File "/home/airflow/.local/lib/python3.7/site-packages/sqlalchemy/pool/base.py", line 868, in _checkout
    fairy = _ConnectionRecord.checkout(pool)
  File "/home/airflow/.local/lib/python3.7/site-packages/sqlalchemy/pool/base.py", line 476, in checkout
    rec = pool._do_get()
  File "/home/airflow/.local/lib/python3.7/site-packages/sqlalchemy/pool/impl.py", line 256, in _do_get
    return self._create_connection()
  File "/home/airflow/.local/lib/python3.7/site-packages/sqlalchemy/pool/base.py", line 256, in _create_connection
    return _ConnectionRecord(self)
  File "/home/airflow/.local/lib/python3.7/site-packages/sqlalchemy/pool/base.py", line 371, in __init__
    self.__connect()
  File "/home/airflow/.local/lib/python3.7/site-packages/sqlalchemy/pool/base.py", line 666, in __connect
    pool.logger.debug("Error on connect(): %s", e)
  File "/home/airflow/.local/lib/python3.7/site-packages/sqlalchemy/util/langhelpers.py", line 72, in __exit__
    with_traceback=exc_tb,
  File "/home/airflow/.local/lib/python3.7/site-packages/sqlalchemy/util/compat.py", line 207, in raise_
    raise exception
  File "/home/airflow/.local/lib/python3.7/site-packages/sqlalchemy/pool/base.py", line 661, in __connect
    self.dbapi_connection = connection = pool._invoke_creator(self)
  File "/home/airflow/.local/lib/python3.7/site-packages/sqlalchemy/engine/create.py", line 590, in connect
    return dialect.connect(*cargs, **cparams)
  File "/home/airflow/.local/lib/python3.7/site-packages/sqlalchemy/engine/default.py", line 584, in connect
    return self.dbapi.connect(*cargs, **cparams)
  File "/home/airflow/.local/lib/python3.7/site-packages/psycopg2/__init__.py", line 122, in connect
    conn = _connect(dsn, connection_factory=connection_factory, **kwasync)
psycopg2.OperationalError: could not translate host name "postgres" to address: Temporary failure in name resolution


The above exception was the direct cause of the following exception:

Traceback (most recent call last):
  File "/home/airflow/.local/lib/python3.7/site-packages/airflow/jobs/base_job.py", line 204, in heartbeat
    session.merge(self)
  File "/home/airflow/.local/lib/python3.7/site-packages/sqlalchemy/orm/session.py", line 2961, in merge
    _resolve_conflict_map=_resolve_conflict_map,
  File "/home/airflow/.local/lib/python3.7/site-packages/sqlalchemy/orm/session.py", line 3039, in _merge
    options=options,
  File "/home/airflow/.local/lib/python3.7/site-packages/sqlalchemy/orm/session.py", line 2775, in get
    identity_token=identity_token,
  File "/home/airflow/.local/lib/python3.7/site-packages/sqlalchemy/orm/session.py", line 2878, in _get_impl
    load_options=load_options,
  File "/home/airflow/.local/lib/python3.7/site-packages/sqlalchemy/orm/loading.py", line 534, in load_on_pk_identity
    bind_arguments=bind_arguments,
  File "/home/airflow/.local/lib/python3.7/site-packages/sqlalchemy/orm/session.py", line 1688, in execute
    conn = self._connection_for_bind(bind)
  File "/home/airflow/.local/lib/python3.7/site-packages/sqlalchemy/orm/session.py", line 1530, in _connection_for_bind
    engine, execution_options
  File "/home/airflow/.local/lib/python3.7/site-packages/sqlalchemy/orm/session.py", line 747, in _connection_for_bind
    conn = bind.connect()
  File "/home/airflow/.local/lib/python3.7/site-packages/sqlalchemy/engine/base.py", line 3197, in connect
    return self._connection_cls(self, close_with_result=close_with_result)
  File "/home/airflow/.local/lib/python3.7/site-packages/sqlalchemy/engine/base.py", line 96, in __init__
    else engine.raw_connection()
  File "/home/airflow/.local/lib/python3.7/site-packages/sqlalchemy/engine/base.py", line 3276, in raw_connection
    return self._wrap_pool_connect(self.pool.connect, _connection)
  File "/home/airflow/.local/lib/python3.7/site-packages/sqlalchemy/engine/base.py", line 3247, in _wrap_pool_connect
    e, dialect, self
  File "/home/airflow/.local/lib/python3.7/site-packages/sqlalchemy/engine/base.py", line 2101, in _handle_dbapi_exception_noconnection
    sqlalchemy_exception, with_traceback=exc_info[2], from_=e
  File "/home/airflow/.local/lib/python3.7/site-packages/sqlalchemy/util/compat.py", line 207, in raise_
    raise exception
  File "/home/airflow/.local/lib/python3.7/site-packages/sqlalchemy/engine/base.py", line 3243, in _wrap_pool_connect
    return fn()
  File "/home/airflow/.local/lib/python3.7/site-packages/sqlalchemy/pool/base.py", line 310, in connect
    return _ConnectionFairy._checkout(self)
  File "/home/airflow/.local/lib/python3.7/site-packages/sqlalchemy/pool/base.py", line 868, in _checkout
    fairy = _ConnectionRecord.checkout(pool)
  File "/home/airflow/.local/lib/python3.7/site-packages/sqlalchemy/pool/base.py", line 476, in checkout
    rec = pool._do_get()
  File "/home/airflow/.local/lib/python3.7/site-packages/sqlalchemy/pool/impl.py", line 256, in _do_get
    return self._create_connection()
  File "/home/airflow/.local/lib/python3.7/site-packages/sqlalchemy/pool/base.py", line 256, in _create_connection
    return _ConnectionRecord(self)
  File "/home/airflow/.local/lib/python3.7/site-packages/sqlalchemy/pool/base.py", line 371, in __init__
    self.__connect()
  File "/home/airflow/.local/lib/python3.7/site-packages/sqlalchemy/pool/base.py", line 666, in __connect
    pool.logger.debug("Error on connect(): %s", e)
  File "/home/airflow/.local/lib/python3.7/site-packages/sqlalchemy/util/langhelpers.py", line 72, in __exit__
    with_traceback=exc_tb,
  File "/home/airflow/.local/lib/python3.7/site-packages/sqlalchemy/util/compat.py", line 207, in raise_
    raise exception
  File "/home/airflow/.local/lib/python3.7/site-packages/sqlalchemy/pool/base.py", line 661, in __connect
    self.dbapi_connection = connection = pool._invoke_creator(self)
  File "/home/airflow/.local/lib/python3.7/site-packages/sqlalchemy/engine/create.py", line 590, in connect
    return dialect.connect(*cargs, **cparams)
  File "/home/airflow/.local/lib/python3.7/site-packages/sqlalchemy/engine/default.py", line 584, in connect
    return self.dbapi.connect(*cargs, **cparams)
  File "/home/airflow/.local/lib/python3.7/site-packages/psycopg2/__init__.py", line 122, in connect
    conn = _connect(dsn, connection_factory=connection_factory, **kwasync)
sqlalchemy.exc.OperationalError: (psycopg2.OperationalError) could not translate host name "postgres" to address: Temporary failure in name resolution

(Background on this error at: https://sqlalche.me/e/14/e3q8)
[2022-09-24T13:50:14.320+0000] {standard_task_runner.py:107} ERROR - Failed to execute job 5 for task read_data (Dag 'migrate_data' could not be found; either it does not exist or it failed to parse.; 914)
[2022-09-24T13:50:14.435+0000] {local_task_job.py:164} INFO - Task exited with return code 1
[2022-09-24T13:50:14.536+0000] {local_task_job.py:273} INFO - 0 downstream tasks scheduled from follow-on schedule check
