[2022-09-26T12:16:45.452+0000] {taskinstance.py:1165} INFO - Dependencies all met for <TaskInstance: dbt_dag.model.migrate_to_dbt.view_data scheduled__2022-01-23T00:00:00+00:00 [queued]>
[2022-09-26T12:16:45.484+0000] {taskinstance.py:1165} INFO - Dependencies all met for <TaskInstance: dbt_dag.model.migrate_to_dbt.view_data scheduled__2022-01-23T00:00:00+00:00 [queued]>
[2022-09-26T12:16:45.485+0000] {taskinstance.py:1362} INFO - 
--------------------------------------------------------------------------------
[2022-09-26T12:16:45.485+0000] {taskinstance.py:1363} INFO - Starting attempt 2 of 2
[2022-09-26T12:16:45.485+0000] {taskinstance.py:1364} INFO - 
--------------------------------------------------------------------------------
[2022-09-26T12:16:45.554+0000] {taskinstance.py:1383} INFO - Executing <Task(BashOperator): model.migrate_to_dbt.view_data> on 2022-01-23 00:00:00+00:00
[2022-09-26T12:16:45.583+0000] {standard_task_runner.py:54} INFO - Started process 551 to run task
[2022-09-26T12:16:45.594+0000] {standard_task_runner.py:82} INFO - Running: ['***', 'tasks', 'run', 'dbt_dag', 'model.migrate_to_dbt.view_data', 'scheduled__2022-01-23T00:00:00+00:00', '--job-id', '1645', '--raw', '--subdir', 'DAGS_FOLDER/dbt_dag.py', '--cfg-path', '/tmp/tmpbgm3qq_v']
[2022-09-26T12:16:45.596+0000] {standard_task_runner.py:83} INFO - Job 1645: Subtask model.migrate_to_dbt.view_data
[2022-09-26T12:16:45.602+0000] {dagbag.py:525} INFO - Filling up the DagBag from /opt/***/dags/dbt_dag.py
[2022-09-26T12:16:45.954+0000] {task_command.py:384} INFO - Running <TaskInstance: dbt_dag.model.migrate_to_dbt.view_data scheduled__2022-01-23T00:00:00+00:00 [running]> on host 3c654011b3f0
[2022-09-26T12:16:46.196+0000] {taskinstance.py:1592} INFO - Exporting the following env vars:
AIRFLOW_CTX_DAG_EMAIL=isaaclucky88@gmail.com
AIRFLOW_CTX_DAG_OWNER=astronomer
AIRFLOW_CTX_DAG_ID=dbt_dag
AIRFLOW_CTX_TASK_ID=model.migrate_to_dbt.view_data
AIRFLOW_CTX_EXECUTION_DATE=2022-01-23T00:00:00+00:00
AIRFLOW_CTX_TRY_NUMBER=2
AIRFLOW_CTX_DAG_RUN_ID=scheduled__2022-01-23T00:00:00+00:00
[2022-09-26T12:16:46.198+0000] {subprocess.py:63} INFO - Tmp dir root location: 
 /tmp
[2022-09-26T12:16:46.199+0000] {subprocess.py:75} INFO - Running command: ['/bin/bash', '-c', '\n            cd /opt/***/migrate_to_dbt &&\n            dbt --no-write-json run --target prod --models view_data\n            ']
[2022-09-26T12:16:46.229+0000] {subprocess.py:86} INFO - Output:
[2022-09-26T12:16:46.233+0000] {subprocess.py:93} INFO - /bin/bash: line 3: dbt: command not found
[2022-09-26T12:16:46.234+0000] {subprocess.py:97} INFO - Command exited with return code 127
[2022-09-26T12:16:46.261+0000] {taskinstance.py:1851} ERROR - Task failed with exception
Traceback (most recent call last):
  File "/home/airflow/.local/lib/python3.7/site-packages/airflow/operators/bash.py", line 197, in execute
    f'Bash command failed. The command returned a non-zero exit code {result.exit_code}.'
airflow.exceptions.AirflowException: Bash command failed. The command returned a non-zero exit code 127.
[2022-09-26T12:16:46.273+0000] {taskinstance.py:1406} INFO - Marking task as FAILED. dag_id=dbt_dag, task_id=model.migrate_to_dbt.view_data, execution_date=20220123T000000, start_date=20220926T121645, end_date=20220926T121646
[2022-09-26T12:16:46.353+0000] {standard_task_runner.py:107} ERROR - Failed to execute job 1645 for task model.migrate_to_dbt.view_data (Bash command failed. The command returned a non-zero exit code 127.; 551)
[2022-09-26T12:16:46.398+0000] {local_task_job.py:164} INFO - Task exited with return code 1
[2022-09-26T12:16:46.898+0000] {local_task_job.py:273} INFO - 0 downstream tasks scheduled from follow-on schedule check
