[2022-09-25T12:24:00.043+0000] {taskinstance.py:1165} INFO - Dependencies all met for <TaskInstance: dbt_dag.model.migrate_to_dbt.view_data scheduled__2021-01-12T00:00:00+00:00 [queued]>
[2022-09-25T12:24:00.063+0000] {taskinstance.py:1165} INFO - Dependencies all met for <TaskInstance: dbt_dag.model.migrate_to_dbt.view_data scheduled__2021-01-12T00:00:00+00:00 [queued]>
[2022-09-25T12:24:00.063+0000] {taskinstance.py:1362} INFO - 
--------------------------------------------------------------------------------
[2022-09-25T12:24:00.063+0000] {taskinstance.py:1363} INFO - Starting attempt 1 of 2
[2022-09-25T12:24:00.064+0000] {taskinstance.py:1364} INFO - 
--------------------------------------------------------------------------------
[2022-09-25T12:24:00.086+0000] {taskinstance.py:1383} INFO - Executing <Task(BashOperator): model.migrate_to_dbt.view_data> on 2021-01-12 00:00:00+00:00
[2022-09-25T12:24:00.094+0000] {standard_task_runner.py:54} INFO - Started process 252 to run task
[2022-09-25T12:24:00.105+0000] {standard_task_runner.py:82} INFO - Running: ['***', 'tasks', 'run', 'dbt_dag', 'model.migrate_to_dbt.view_data', 'scheduled__2021-01-12T00:00:00+00:00', '--job-id', '104', '--raw', '--subdir', 'DAGS_FOLDER/dbt_dag.py', '--cfg-path', '/tmp/tmpszg6d48f']
[2022-09-25T12:24:00.106+0000] {standard_task_runner.py:83} INFO - Job 104: Subtask model.migrate_to_dbt.view_data
[2022-09-25T12:24:00.107+0000] {dagbag.py:525} INFO - Filling up the DagBag from /opt/***/dags/dbt_dag.py
[2022-09-25T12:24:00.221+0000] {task_command.py:384} INFO - Running <TaskInstance: dbt_dag.model.migrate_to_dbt.view_data scheduled__2021-01-12T00:00:00+00:00 [running]> on host 2768f2fff4c2
[2022-09-25T12:24:00.366+0000] {taskinstance.py:1592} INFO - Exporting the following env vars:
AIRFLOW_CTX_DAG_EMAIL=isaaclucky88@gmail.com
AIRFLOW_CTX_DAG_OWNER=astronomer
AIRFLOW_CTX_DAG_ID=dbt_dag
AIRFLOW_CTX_TASK_ID=model.migrate_to_dbt.view_data
AIRFLOW_CTX_EXECUTION_DATE=2021-01-12T00:00:00+00:00
AIRFLOW_CTX_TRY_NUMBER=1
AIRFLOW_CTX_DAG_RUN_ID=scheduled__2021-01-12T00:00:00+00:00
[2022-09-25T12:24:00.368+0000] {subprocess.py:63} INFO - Tmp dir root location: 
 /tmp
[2022-09-25T12:24:00.370+0000] {subprocess.py:75} INFO - Running command: ['/bin/bash', '-c', '\n            cd /opt/***/migrate_to_dbt &&\n            dbt --no-write-json run --target prod --models view_data\n            ']
[2022-09-25T12:24:00.399+0000] {subprocess.py:86} INFO - Output:
[2022-09-25T12:24:00.405+0000] {subprocess.py:93} INFO - /bin/bash: line 3: dbt: command not found
[2022-09-25T12:24:00.407+0000] {subprocess.py:97} INFO - Command exited with return code 127
[2022-09-25T12:24:00.439+0000] {taskinstance.py:1851} ERROR - Task failed with exception
Traceback (most recent call last):
  File "/home/airflow/.local/lib/python3.7/site-packages/airflow/operators/bash.py", line 197, in execute
    f'Bash command failed. The command returned a non-zero exit code {result.exit_code}.'
airflow.exceptions.AirflowException: Bash command failed. The command returned a non-zero exit code 127.
[2022-09-25T12:24:00.448+0000] {taskinstance.py:1406} INFO - Marking task as UP_FOR_RETRY. dag_id=dbt_dag, task_id=model.migrate_to_dbt.view_data, execution_date=20210112T000000, start_date=20220925T122400, end_date=20220925T122400
[2022-09-25T12:24:00.517+0000] {standard_task_runner.py:107} ERROR - Failed to execute job 104 for task model.migrate_to_dbt.view_data (Bash command failed. The command returned a non-zero exit code 127.; 252)
[2022-09-25T12:24:00.559+0000] {local_task_job.py:164} INFO - Task exited with return code 1
[2022-09-25T12:24:00.650+0000] {local_task_job.py:273} INFO - 0 downstream tasks scheduled from follow-on schedule check
[2022-09-25T15:24:49.391+0000] {taskinstance.py:1165} INFO - Dependencies all met for <TaskInstance: dbt_dag.model.migrate_to_dbt.view_data scheduled__2021-01-12T00:00:00+00:00 [queued]>
[2022-09-25T15:24:49.413+0000] {taskinstance.py:1165} INFO - Dependencies all met for <TaskInstance: dbt_dag.model.migrate_to_dbt.view_data scheduled__2021-01-12T00:00:00+00:00 [queued]>
[2022-09-25T15:24:49.413+0000] {taskinstance.py:1362} INFO - 
--------------------------------------------------------------------------------
[2022-09-25T15:24:49.413+0000] {taskinstance.py:1363} INFO - Starting attempt 1 of 2
[2022-09-25T15:24:49.413+0000] {taskinstance.py:1364} INFO - 
--------------------------------------------------------------------------------
[2022-09-25T15:24:49.453+0000] {taskinstance.py:1383} INFO - Executing <Task(BashOperator): model.migrate_to_dbt.view_data> on 2021-01-12 00:00:00+00:00
[2022-09-25T15:24:49.464+0000] {standard_task_runner.py:54} INFO - Started process 2440 to run task
[2022-09-25T15:24:49.469+0000] {standard_task_runner.py:82} INFO - Running: ['***', 'tasks', 'run', 'dbt_dag', 'model.migrate_to_dbt.view_data', 'scheduled__2021-01-12T00:00:00+00:00', '--job-id', '96', '--raw', '--subdir', 'DAGS_FOLDER/dbt_dag.py', '--cfg-path', '/tmp/tmpy80c4avw']
[2022-09-25T15:24:49.470+0000] {standard_task_runner.py:83} INFO - Job 96: Subtask model.migrate_to_dbt.view_data
[2022-09-25T15:24:49.472+0000] {dagbag.py:525} INFO - Filling up the DagBag from /opt/***/dags/dbt_dag.py
[2022-09-25T15:24:49.619+0000] {task_command.py:384} INFO - Running <TaskInstance: dbt_dag.model.migrate_to_dbt.view_data scheduled__2021-01-12T00:00:00+00:00 [running]> on host 3c654011b3f0
[2022-09-25T15:24:49.786+0000] {taskinstance.py:1592} INFO - Exporting the following env vars:
AIRFLOW_CTX_DAG_EMAIL=isaaclucky88@gmail.com
AIRFLOW_CTX_DAG_OWNER=astronomer
AIRFLOW_CTX_DAG_ID=dbt_dag
AIRFLOW_CTX_TASK_ID=model.migrate_to_dbt.view_data
AIRFLOW_CTX_EXECUTION_DATE=2021-01-12T00:00:00+00:00
AIRFLOW_CTX_TRY_NUMBER=1
AIRFLOW_CTX_DAG_RUN_ID=scheduled__2021-01-12T00:00:00+00:00
[2022-09-25T15:24:49.789+0000] {subprocess.py:63} INFO - Tmp dir root location: 
 /tmp
[2022-09-25T15:24:49.790+0000] {subprocess.py:75} INFO - Running command: ['/bin/bash', '-c', '\n            cd /opt/***/migrate_to_dbt &&\n            dbt --no-write-json run --target prod --models view_data\n            ']
[2022-09-25T15:24:49.814+0000] {subprocess.py:86} INFO - Output:
[2022-09-25T15:24:49.819+0000] {subprocess.py:93} INFO - /bin/bash: line 3: dbt: command not found
[2022-09-25T15:24:49.821+0000] {subprocess.py:97} INFO - Command exited with return code 127
[2022-09-25T15:24:49.846+0000] {taskinstance.py:1851} ERROR - Task failed with exception
Traceback (most recent call last):
  File "/home/airflow/.local/lib/python3.7/site-packages/airflow/operators/bash.py", line 197, in execute
    f'Bash command failed. The command returned a non-zero exit code {result.exit_code}.'
airflow.exceptions.AirflowException: Bash command failed. The command returned a non-zero exit code 127.
[2022-09-25T15:24:49.853+0000] {taskinstance.py:1406} INFO - Marking task as UP_FOR_RETRY. dag_id=dbt_dag, task_id=model.migrate_to_dbt.view_data, execution_date=20210112T000000, start_date=20220925T152449, end_date=20220925T152449
[2022-09-25T15:24:49.876+0000] {standard_task_runner.py:107} ERROR - Failed to execute job 96 for task model.migrate_to_dbt.view_data (Bash command failed. The command returned a non-zero exit code 127.; 2440)
[2022-09-25T15:24:49.920+0000] {local_task_job.py:164} INFO - Task exited with return code 1
[2022-09-25T15:24:49.973+0000] {local_task_job.py:273} INFO - 0 downstream tasks scheduled from follow-on schedule check
