[2022-09-26T11:39:05.485+0000] {taskinstance.py:1165} INFO - Dependencies all met for <TaskInstance: dbt_dag.model.migrate_to_dbt.cast_obj scheduled__2021-12-23T00:00:00+00:00 [queued]>
[2022-09-26T11:39:05.517+0000] {taskinstance.py:1165} INFO - Dependencies all met for <TaskInstance: dbt_dag.model.migrate_to_dbt.cast_obj scheduled__2021-12-23T00:00:00+00:00 [queued]>
[2022-09-26T11:39:05.519+0000] {taskinstance.py:1362} INFO - 
--------------------------------------------------------------------------------
[2022-09-26T11:39:05.519+0000] {taskinstance.py:1363} INFO - Starting attempt 1 of 2
[2022-09-26T11:39:05.519+0000] {taskinstance.py:1364} INFO - 
--------------------------------------------------------------------------------
[2022-09-26T11:39:05.563+0000] {taskinstance.py:1383} INFO - Executing <Task(BashOperator): model.migrate_to_dbt.cast_obj> on 2021-12-23 00:00:00+00:00
[2022-09-26T11:39:05.575+0000] {standard_task_runner.py:54} INFO - Started process 3771 to run task
[2022-09-26T11:39:05.588+0000] {standard_task_runner.py:82} INFO - Running: ['***', 'tasks', 'run', 'dbt_dag', 'model.migrate_to_dbt.cast_obj', 'scheduled__2021-12-23T00:00:00+00:00', '--job-id', '1461', '--raw', '--subdir', 'DAGS_FOLDER/dbt_dag.py', '--cfg-path', '/tmp/tmpr57m12a5']
[2022-09-26T11:39:05.590+0000] {standard_task_runner.py:83} INFO - Job 1461: Subtask model.migrate_to_dbt.cast_obj
[2022-09-26T11:39:05.593+0000] {dagbag.py:525} INFO - Filling up the DagBag from /opt/***/dags/dbt_dag.py
[2022-09-26T11:39:05.870+0000] {task_command.py:384} INFO - Running <TaskInstance: dbt_dag.model.migrate_to_dbt.cast_obj scheduled__2021-12-23T00:00:00+00:00 [running]> on host 3c654011b3f0
[2022-09-26T11:39:06.035+0000] {taskinstance.py:1592} INFO - Exporting the following env vars:
AIRFLOW_CTX_DAG_EMAIL=isaaclucky88@gmail.com
AIRFLOW_CTX_DAG_OWNER=astronomer
AIRFLOW_CTX_DAG_ID=dbt_dag
AIRFLOW_CTX_TASK_ID=model.migrate_to_dbt.cast_obj
AIRFLOW_CTX_EXECUTION_DATE=2021-12-23T00:00:00+00:00
AIRFLOW_CTX_TRY_NUMBER=1
AIRFLOW_CTX_DAG_RUN_ID=scheduled__2021-12-23T00:00:00+00:00
[2022-09-26T11:39:06.038+0000] {subprocess.py:63} INFO - Tmp dir root location: 
 /tmp
[2022-09-26T11:39:06.039+0000] {subprocess.py:75} INFO - Running command: ['/bin/bash', '-c', '\n            cd /opt/***/migrate_to_dbt &&\n            dbt --no-write-json run --target prod --models cast_obj\n            ']
[2022-09-26T11:39:06.057+0000] {subprocess.py:86} INFO - Output:
[2022-09-26T11:39:06.061+0000] {subprocess.py:93} INFO - /bin/bash: line 3: dbt: command not found
[2022-09-26T11:39:06.062+0000] {subprocess.py:97} INFO - Command exited with return code 127
[2022-09-26T11:39:06.087+0000] {taskinstance.py:1851} ERROR - Task failed with exception
Traceback (most recent call last):
  File "/home/airflow/.local/lib/python3.7/site-packages/airflow/operators/bash.py", line 197, in execute
    f'Bash command failed. The command returned a non-zero exit code {result.exit_code}.'
airflow.exceptions.AirflowException: Bash command failed. The command returned a non-zero exit code 127.
[2022-09-26T11:39:06.096+0000] {taskinstance.py:1406} INFO - Marking task as UP_FOR_RETRY. dag_id=dbt_dag, task_id=model.migrate_to_dbt.cast_obj, execution_date=20211223T000000, start_date=20220926T113905, end_date=20220926T113906
[2022-09-26T11:39:06.119+0000] {standard_task_runner.py:107} ERROR - Failed to execute job 1461 for task model.migrate_to_dbt.cast_obj (Bash command failed. The command returned a non-zero exit code 127.; 3771)
[2022-09-26T11:39:06.158+0000] {local_task_job.py:164} INFO - Task exited with return code 1
[2022-09-26T11:39:06.415+0000] {local_task_job.py:273} INFO - 0 downstream tasks scheduled from follow-on schedule check
