[2022-09-23T17:24:23.438+0000] {taskinstance.py:1165} INFO - Dependencies all met for <TaskInstance: extract.read_data manual__2022-09-23T17:24:20.262540+00:00 [queued]>
[2022-09-23T17:24:23.446+0000] {taskinstance.py:1165} INFO - Dependencies all met for <TaskInstance: extract.read_data manual__2022-09-23T17:24:20.262540+00:00 [queued]>
[2022-09-23T17:24:23.446+0000] {taskinstance.py:1362} INFO - 
--------------------------------------------------------------------------------
[2022-09-23T17:24:23.446+0000] {taskinstance.py:1363} INFO - Starting attempt 1 of 1
[2022-09-23T17:24:23.446+0000] {taskinstance.py:1364} INFO - 
--------------------------------------------------------------------------------
[2022-09-23T17:24:23.457+0000] {taskinstance.py:1383} INFO - Executing <Task(PostgresOperator): read_data> on 2022-09-23 17:24:20.262540+00:00
[2022-09-23T17:24:23.461+0000] {standard_task_runner.py:54} INFO - Started process 158 to run task
[2022-09-23T17:24:23.463+0000] {standard_task_runner.py:82} INFO - Running: ['***', 'tasks', 'run', 'extract', 'read_data', 'manual__2022-09-23T17:24:20.262540+00:00', '--job-id', '7', '--raw', '--subdir', 'DAGS_FOLDER/extract.py', '--cfg-path', '/tmp/tmpo1a0tud6']
[2022-09-23T17:24:23.464+0000] {standard_task_runner.py:83} INFO - Job 7: Subtask read_data
[2022-09-23T17:24:23.464+0000] {dagbag.py:525} INFO - Filling up the DagBag from /opt/***/dags/extract.py
[2022-09-23T17:24:23.565+0000] {task_command.py:384} INFO - Running <TaskInstance: extract.read_data manual__2022-09-23T17:24:20.262540+00:00 [running]> on host 67a1fca9620e
[2022-09-23T17:24:23.618+0000] {taskinstance.py:1592} INFO - Exporting the following env vars:
AIRFLOW_CTX_DAG_EMAIL=isaaclucky88@gmail.com
AIRFLOW_CTX_DAG_OWNER=yishaktadele
AIRFLOW_CTX_DAG_ID=extract
AIRFLOW_CTX_TASK_ID=read_data
AIRFLOW_CTX_EXECUTION_DATE=2022-09-23T17:24:20.262540+00:00
AIRFLOW_CTX_TRY_NUMBER=1
AIRFLOW_CTX_DAG_RUN_ID=manual__2022-09-23T17:24:20.262540+00:00
[2022-09-23T17:24:23.625+0000] {base.py:71} INFO - Using connection ID 'postgres' for task execution.
[2022-09-23T17:24:23.628+0000] {sql.py:315} INFO - Running statement: select distinct(type), SUM(avg_speed), AVG(traveled_d), count(type)
from public.objects
GROUP BY type;, parameters: None
[2022-09-23T17:24:23.630+0000] {sql.py:324} INFO - Rows affected: 6
[2022-09-23T17:24:23.639+0000] {taskinstance.py:1406} INFO - Marking task as SUCCESS. dag_id=extract, task_id=read_data, execution_date=20220923T172420, start_date=20220923T172423, end_date=20220923T172423
[2022-09-23T17:24:23.675+0000] {local_task_job.py:164} INFO - Task exited with return code 0
[2022-09-23T17:24:23.694+0000] {local_task_job.py:273} INFO - 0 downstream tasks scheduled from follow-on schedule check
