

============================== 2022-09-21 19:39:31.966368 | 90fe04ca-e6fc-415c-9202-33d8e0ea1bed ==============================
[0m19:39:31.966385 [info ] [MainThread]: Running with dbt=1.2.1
[0m19:39:31.967121 [debug] [MainThread]: running dbt with arguments {'write_json': True, 'use_colors': True, 'printer_width': 80, 'version_check': True, 'partial_parse': True, 'static_parser': True, 'profiles_dir': '/home/owon/.dbt', 'send_anonymous_usage_stats': True, 'event_buffer_size': 100000, 'quiet': False, 'no_print': False, 'project_name': 'migrate_to_dbt', 'skip_profile_setup': False, 'which': 'init', 'indirect_selection': 'eager'}
[0m19:39:31.967440 [debug] [MainThread]: Tracking: tracking
[0m19:39:31.968514 [debug] [MainThread]: Sending event: {'category': 'dbt', 'action': 'invocation', 'label': 'start', 'context': [<snowplow_tracker.self_describing_json.SelfDescribingJson object at 0x7fc623f5ab90>, <snowplow_tracker.self_describing_json.SelfDescribingJson object at 0x7fc625e95d50>, <snowplow_tracker.self_describing_json.SelfDescribingJson object at 0x7fc623fb4890>]}
[0m19:39:31.969082 [info ] [MainThread]: Creating dbt configuration folder at /home/owon/.dbt
[0m19:39:31.971214 [debug] [MainThread]: Starter project path: /home/owon/anaconda3/envs/issue/lib/python3.7/site-packages/dbt/include/starter_project
[0m19:40:23.098365 [info ] [MainThread]: Profile migrate_to_dbt written to /home/owon/.dbt/profiles.yml using target's sample configuration. Once updated, you'll be able to start developing with dbt.
[0m19:40:23.098999 [info ] [MainThread]: 
Your new dbt project "migrate_to_dbt" was created!

For more information on how to configure the profiles.yml file,
please consult the dbt documentation here:

  https://docs.getdbt.com/docs/configure-your-profile

One more thing:

Need help? Don't hesitate to reach out to us via GitHub issues or on Slack:

  https://community.getdbt.com/

Happy modeling!

[0m19:40:23.099618 [debug] [MainThread]: Sending event: {'category': 'dbt', 'action': 'invocation', 'label': 'end', 'context': [<snowplow_tracker.self_describing_json.SelfDescribingJson object at 0x7fc623fc9bd0>, <snowplow_tracker.self_describing_json.SelfDescribingJson object at 0x7fc623fc90d0>, <snowplow_tracker.self_describing_json.SelfDescribingJson object at 0x7fc623fc9cd0>]}
[0m19:40:23.100036 [debug] [MainThread]: Flushing usage events


============================== 2022-09-21 21:11:46.018274 | 95f4829e-e79b-40ef-bc32-8c20f615786f ==============================
[0m21:11:46.018294 [info ] [MainThread]: Running with dbt=1.2.1
[0m21:11:46.019278 [debug] [MainThread]: running dbt with arguments {'write_json': True, 'use_colors': True, 'printer_width': 80, 'version_check': True, 'partial_parse': True, 'static_parser': True, 'profiles_dir': '/home/owon/.dbt', 'send_anonymous_usage_stats': True, 'event_buffer_size': 100000, 'quiet': False, 'no_print': False, 'project_name': 'migrate_to_dbt', 'skip_profile_setup': False, 'which': 'init', 'indirect_selection': 'eager'}
[0m21:11:46.019611 [debug] [MainThread]: Tracking: tracking
[0m21:11:46.020943 [debug] [MainThread]: Sending event: {'category': 'dbt', 'action': 'invocation', 'label': 'start', 'context': [<snowplow_tracker.self_describing_json.SelfDescribingJson object at 0x7fc07bd6e9d0>, <snowplow_tracker.self_describing_json.SelfDescribingJson object at 0x7fc07bd64050>, <snowplow_tracker.self_describing_json.SelfDescribingJson object at 0x7fc07bd64f50>]}
[0m21:11:46.022654 [debug] [MainThread]: Starter project path: /home/owon/anaconda3/envs/issue/lib/python3.7/site-packages/dbt/include/starter_project
[0m21:11:58.871381 [info ] [MainThread]: 
Your new dbt project "migrate_to_dbt" was created!

For more information on how to configure the profiles.yml file,
please consult the dbt documentation here:

  https://docs.getdbt.com/docs/configure-your-profile

One more thing:

Need help? Don't hesitate to reach out to us via GitHub issues or on Slack:

  https://community.getdbt.com/

Happy modeling!

[0m21:11:58.872442 [debug] [MainThread]: Sending event: {'category': 'dbt', 'action': 'invocation', 'label': 'end', 'context': [<snowplow_tracker.self_describing_json.SelfDescribingJson object at 0x7fc07bd5f210>, <snowplow_tracker.self_describing_json.SelfDescribingJson object at 0x7fc07bd5fb10>, <snowplow_tracker.self_describing_json.SelfDescribingJson object at 0x7fc07bd64f50>]}
[0m21:11:58.873199 [debug] [MainThread]: Flushing usage events
