[2022-09-24T18:50:09.910+0000] {taskinstance.py:1165} INFO - Dependencies all met for <TaskInstance: dbt_dag.model.migrate_to_dbt.cast_obj manual__2022-09-24T18:50:08.491561+00:00 [queued]>
[2022-09-24T18:50:09.927+0000] {taskinstance.py:1165} INFO - Dependencies all met for <TaskInstance: dbt_dag.model.migrate_to_dbt.cast_obj manual__2022-09-24T18:50:08.491561+00:00 [queued]>
[2022-09-24T18:50:09.927+0000] {taskinstance.py:1362} INFO - 
--------------------------------------------------------------------------------
[2022-09-24T18:50:09.928+0000] {taskinstance.py:1363} INFO - Starting attempt 1 of 2
[2022-09-24T18:50:09.928+0000] {taskinstance.py:1364} INFO - 
--------------------------------------------------------------------------------
[2022-09-24T18:50:09.951+0000] {taskinstance.py:1383} INFO - Executing <Task(BashOperator): model.migrate_to_dbt.cast_obj> on 2022-09-24 18:50:08.491561+00:00
[2022-09-24T18:50:09.962+0000] {standard_task_runner.py:54} INFO - Started process 97 to run task
[2022-09-24T18:50:09.967+0000] {standard_task_runner.py:82} INFO - Running: ['***', 'tasks', 'run', 'dbt_dag', 'model.migrate_to_dbt.cast_obj', 'manual__2022-09-24T18:50:08.491561+00:00', '--job-id', '100', '--raw', '--subdir', 'DAGS_FOLDER/dbt_dag.py', '--cfg-path', '/tmp/tmp78_d7niz']
[2022-09-24T18:50:09.967+0000] {standard_task_runner.py:83} INFO - Job 100: Subtask model.migrate_to_dbt.cast_obj
[2022-09-24T18:50:09.968+0000] {dagbag.py:525} INFO - Filling up the DagBag from /opt/***/dags/dbt_dag.py
[2022-09-24T18:50:10.114+0000] {task_command.py:384} INFO - Running <TaskInstance: dbt_dag.model.migrate_to_dbt.cast_obj manual__2022-09-24T18:50:08.491561+00:00 [running]> on host 9f392930865c
[2022-09-24T18:50:10.251+0000] {taskinstance.py:1592} INFO - Exporting the following env vars:
AIRFLOW_CTX_DAG_EMAIL=isaaclucky88@gmail.com
AIRFLOW_CTX_DAG_OWNER=astronomer
AIRFLOW_CTX_DAG_ID=dbt_dag
AIRFLOW_CTX_TASK_ID=model.migrate_to_dbt.cast_obj
AIRFLOW_CTX_EXECUTION_DATE=2022-09-24T18:50:08.491561+00:00
AIRFLOW_CTX_TRY_NUMBER=1
AIRFLOW_CTX_DAG_RUN_ID=manual__2022-09-24T18:50:08.491561+00:00
[2022-09-24T18:50:10.252+0000] {subprocess.py:63} INFO - Tmp dir root location: 
 /tmp
[2022-09-24T18:50:10.253+0000] {subprocess.py:75} INFO - Running command: ['/bin/bash', '-c', '\n            cd /opt/***/migrate_to_dbt &&\n            dbt --no-write-json run --target prod --models cast_obj\n            ']
[2022-09-24T18:50:10.275+0000] {subprocess.py:86} INFO - Output:
[2022-09-24T18:50:10.278+0000] {subprocess.py:93} INFO - /bin/bash: line 3: dbt: command not found
[2022-09-24T18:50:10.279+0000] {subprocess.py:97} INFO - Command exited with return code 127
[2022-09-24T18:50:10.300+0000] {taskinstance.py:1851} ERROR - Task failed with exception
Traceback (most recent call last):
  File "/home/airflow/.local/lib/python3.7/site-packages/airflow/operators/bash.py", line 197, in execute
    f'Bash command failed. The command returned a non-zero exit code {result.exit_code}.'
airflow.exceptions.AirflowException: Bash command failed. The command returned a non-zero exit code 127.
[2022-09-24T18:50:10.306+0000] {taskinstance.py:1406} INFO - Marking task as UP_FOR_RETRY. dag_id=dbt_dag, task_id=model.migrate_to_dbt.cast_obj, execution_date=20220924T185008, start_date=20220924T185009, end_date=20220924T185010
[2022-09-24T18:50:10.325+0000] {standard_task_runner.py:107} ERROR - Failed to execute job 100 for task model.migrate_to_dbt.cast_obj (Bash command failed. The command returned a non-zero exit code 127.; 97)
[2022-09-24T18:50:10.339+0000] {local_task_job.py:164} INFO - Task exited with return code 1
[2022-09-24T18:50:10.418+0000] {local_task_job.py:273} INFO - 0 downstream tasks scheduled from follow-on schedule check
