[2022-09-26T10:56:54.991+0000] {taskinstance.py:1165} INFO - Dependencies all met for <TaskInstance: dbt_dag.model.migrate_to_dbt.view_data scheduled__2021-07-29T00:00:00+00:00 [queued]>
[2022-09-26T10:56:55.375+0000] {taskinstance.py:1165} INFO - Dependencies all met for <TaskInstance: dbt_dag.model.migrate_to_dbt.view_data scheduled__2021-07-29T00:00:00+00:00 [queued]>
[2022-09-26T10:56:55.376+0000] {taskinstance.py:1362} INFO - 
--------------------------------------------------------------------------------
[2022-09-26T10:56:55.377+0000] {taskinstance.py:1363} INFO - Starting attempt 2 of 2
[2022-09-26T10:56:55.377+0000] {taskinstance.py:1364} INFO - 
--------------------------------------------------------------------------------
[2022-09-26T10:56:55.596+0000] {taskinstance.py:1383} INFO - Executing <Task(BashOperator): model.migrate_to_dbt.view_data> on 2021-07-29 00:00:00+00:00
[2022-09-26T10:56:55.608+0000] {standard_task_runner.py:54} INFO - Started process 171 to run task
[2022-09-26T10:56:55.615+0000] {standard_task_runner.py:82} INFO - Running: ['***', 'tasks', 'run', 'dbt_dag', 'model.migrate_to_dbt.view_data', 'scheduled__2021-07-29T00:00:00+00:00', '--job-id', '911', '--raw', '--subdir', 'DAGS_FOLDER/dbt_dag.py', '--cfg-path', '/tmp/tmps6k2ookz']
[2022-09-26T10:56:55.616+0000] {standard_task_runner.py:83} INFO - Job 911: Subtask model.migrate_to_dbt.view_data
[2022-09-26T10:56:55.651+0000] {dagbag.py:525} INFO - Filling up the DagBag from /opt/***/dags/dbt_dag.py
[2022-09-26T10:56:56.024+0000] {task_command.py:384} INFO - Running <TaskInstance: dbt_dag.model.migrate_to_dbt.view_data scheduled__2021-07-29T00:00:00+00:00 [running]> on host 3c654011b3f0
[2022-09-26T10:56:56.464+0000] {taskinstance.py:1592} INFO - Exporting the following env vars:
AIRFLOW_CTX_DAG_EMAIL=isaaclucky88@gmail.com
AIRFLOW_CTX_DAG_OWNER=astronomer
AIRFLOW_CTX_DAG_ID=dbt_dag
AIRFLOW_CTX_TASK_ID=model.migrate_to_dbt.view_data
AIRFLOW_CTX_EXECUTION_DATE=2021-07-29T00:00:00+00:00
AIRFLOW_CTX_TRY_NUMBER=2
AIRFLOW_CTX_DAG_RUN_ID=scheduled__2021-07-29T00:00:00+00:00
[2022-09-26T10:56:56.467+0000] {subprocess.py:63} INFO - Tmp dir root location: 
 /tmp
[2022-09-26T10:56:56.468+0000] {subprocess.py:75} INFO - Running command: ['/bin/bash', '-c', '\n            cd /opt/***/migrate_to_dbt &&\n            dbt --no-write-json run --target prod --models view_data\n            ']
[2022-09-26T10:56:56.547+0000] {subprocess.py:86} INFO - Output:
[2022-09-26T10:56:56.548+0000] {subprocess.py:93} INFO - /bin/bash: line 3: dbt: command not found
[2022-09-26T10:56:56.549+0000] {subprocess.py:97} INFO - Command exited with return code 127
[2022-09-26T10:56:56.596+0000] {taskinstance.py:1851} ERROR - Task failed with exception
Traceback (most recent call last):
  File "/home/airflow/.local/lib/python3.7/site-packages/airflow/operators/bash.py", line 197, in execute
    f'Bash command failed. The command returned a non-zero exit code {result.exit_code}.'
airflow.exceptions.AirflowException: Bash command failed. The command returned a non-zero exit code 127.
[2022-09-26T10:56:56.632+0000] {taskinstance.py:1406} INFO - Marking task as FAILED. dag_id=dbt_dag, task_id=model.migrate_to_dbt.view_data, execution_date=20210729T000000, start_date=20220926T105655, end_date=20220926T105656
[2022-09-26T10:56:56.676+0000] {standard_task_runner.py:107} ERROR - Failed to execute job 911 for task model.migrate_to_dbt.view_data (Bash command failed. The command returned a non-zero exit code 127.; 171)
[2022-09-26T10:56:56.733+0000] {local_task_job.py:164} INFO - Task exited with return code 1
[2022-09-26T10:56:56.824+0000] {local_task_job.py:273} INFO - 0 downstream tasks scheduled from follow-on schedule check
