[2022-09-25T12:23:19.429+0000] {taskinstance.py:1165} INFO - Dependencies all met for <TaskInstance: dbt_dag.model.migrate_to_dbt.view_data scheduled__2020-12-26T00:00:00+00:00 [queued]>
[2022-09-25T12:23:19.441+0000] {taskinstance.py:1165} INFO - Dependencies all met for <TaskInstance: dbt_dag.model.migrate_to_dbt.view_data scheduled__2020-12-26T00:00:00+00:00 [queued]>
[2022-09-25T12:23:19.441+0000] {taskinstance.py:1362} INFO - 
--------------------------------------------------------------------------------
[2022-09-25T12:23:19.442+0000] {taskinstance.py:1363} INFO - Starting attempt 2 of 2
[2022-09-25T12:23:19.442+0000] {taskinstance.py:1364} INFO - 
--------------------------------------------------------------------------------
[2022-09-25T12:23:19.455+0000] {taskinstance.py:1383} INFO - Executing <Task(BashOperator): model.migrate_to_dbt.view_data> on 2020-12-26 00:00:00+00:00
[2022-09-25T12:23:19.461+0000] {standard_task_runner.py:54} INFO - Started process 121 to run task
[2022-09-25T12:23:19.464+0000] {standard_task_runner.py:82} INFO - Running: ['***', 'tasks', 'run', 'dbt_dag', 'model.migrate_to_dbt.view_data', 'scheduled__2020-12-26T00:00:00+00:00', '--job-id', '78', '--raw', '--subdir', 'DAGS_FOLDER/dbt_dag.py', '--cfg-path', '/tmp/tmpd12yotmn']
[2022-09-25T12:23:19.464+0000] {standard_task_runner.py:83} INFO - Job 78: Subtask model.migrate_to_dbt.view_data
[2022-09-25T12:23:19.465+0000] {dagbag.py:525} INFO - Filling up the DagBag from /opt/***/dags/dbt_dag.py
[2022-09-25T12:23:19.534+0000] {task_command.py:384} INFO - Running <TaskInstance: dbt_dag.model.migrate_to_dbt.view_data scheduled__2020-12-26T00:00:00+00:00 [running]> on host 2768f2fff4c2
[2022-09-25T12:23:19.620+0000] {taskinstance.py:1592} INFO - Exporting the following env vars:
AIRFLOW_CTX_DAG_EMAIL=isaaclucky88@gmail.com
AIRFLOW_CTX_DAG_OWNER=astronomer
AIRFLOW_CTX_DAG_ID=dbt_dag
AIRFLOW_CTX_TASK_ID=model.migrate_to_dbt.view_data
AIRFLOW_CTX_EXECUTION_DATE=2020-12-26T00:00:00+00:00
AIRFLOW_CTX_TRY_NUMBER=2
AIRFLOW_CTX_DAG_RUN_ID=scheduled__2020-12-26T00:00:00+00:00
[2022-09-25T12:23:19.621+0000] {subprocess.py:63} INFO - Tmp dir root location: 
 /tmp
[2022-09-25T12:23:19.622+0000] {subprocess.py:75} INFO - Running command: ['/bin/bash', '-c', '\n            cd /opt/***/migrate_to_dbt &&\n            dbt --no-write-json run --target prod --models view_data\n            ']
[2022-09-25T12:23:19.635+0000] {subprocess.py:86} INFO - Output:
[2022-09-25T12:23:19.637+0000] {subprocess.py:93} INFO - /bin/bash: line 3: dbt: command not found
[2022-09-25T12:23:19.638+0000] {subprocess.py:97} INFO - Command exited with return code 127
[2022-09-25T12:23:19.651+0000] {taskinstance.py:1851} ERROR - Task failed with exception
Traceback (most recent call last):
  File "/home/airflow/.local/lib/python3.7/site-packages/airflow/operators/bash.py", line 197, in execute
    f'Bash command failed. The command returned a non-zero exit code {result.exit_code}.'
airflow.exceptions.AirflowException: Bash command failed. The command returned a non-zero exit code 127.
[2022-09-25T12:23:19.655+0000] {taskinstance.py:1406} INFO - Marking task as FAILED. dag_id=dbt_dag, task_id=model.migrate_to_dbt.view_data, execution_date=20201226T000000, start_date=20220925T122319, end_date=20220925T122319
[2022-09-25T12:23:19.669+0000] {standard_task_runner.py:107} ERROR - Failed to execute job 78 for task model.migrate_to_dbt.view_data (Bash command failed. The command returned a non-zero exit code 127.; 121)
[2022-09-25T12:23:19.716+0000] {local_task_job.py:164} INFO - Task exited with return code 1
[2022-09-25T12:23:19.748+0000] {local_task_job.py:273} INFO - 0 downstream tasks scheduled from follow-on schedule check
[2022-09-25T15:24:39.056+0000] {taskinstance.py:1165} INFO - Dependencies all met for <TaskInstance: dbt_dag.model.migrate_to_dbt.view_data scheduled__2020-12-26T00:00:00+00:00 [queued]>
[2022-09-25T15:24:39.156+0000] {taskinstance.py:1165} INFO - Dependencies all met for <TaskInstance: dbt_dag.model.migrate_to_dbt.view_data scheduled__2020-12-26T00:00:00+00:00 [queued]>
[2022-09-25T15:24:39.157+0000] {taskinstance.py:1362} INFO - 
--------------------------------------------------------------------------------
[2022-09-25T15:24:39.157+0000] {taskinstance.py:1363} INFO - Starting attempt 2 of 2
[2022-09-25T15:24:39.158+0000] {taskinstance.py:1364} INFO - 
--------------------------------------------------------------------------------
[2022-09-25T15:24:39.223+0000] {taskinstance.py:1383} INFO - Executing <Task(BashOperator): model.migrate_to_dbt.view_data> on 2020-12-26 00:00:00+00:00
[2022-09-25T15:24:39.244+0000] {standard_task_runner.py:82} INFO - Running: ['***', 'tasks', 'run', 'dbt_dag', 'model.migrate_to_dbt.view_data', 'scheduled__2020-12-26T00:00:00+00:00', '--job-id', '74', '--raw', '--subdir', 'DAGS_FOLDER/dbt_dag.py', '--cfg-path', '/tmp/tmpbt5my7mq']
[2022-09-25T15:24:39.245+0000] {standard_task_runner.py:83} INFO - Job 74: Subtask model.migrate_to_dbt.view_data
[2022-09-25T15:24:39.247+0000] {dagbag.py:525} INFO - Filling up the DagBag from /opt/***/dags/dbt_dag.py
[2022-09-25T15:24:39.238+0000] {standard_task_runner.py:54} INFO - Started process 2351 to run task
[2022-09-25T15:24:39.888+0000] {task_command.py:384} INFO - Running <TaskInstance: dbt_dag.model.migrate_to_dbt.view_data scheduled__2020-12-26T00:00:00+00:00 [running]> on host 3c654011b3f0
[2022-09-25T15:24:40.333+0000] {taskinstance.py:1592} INFO - Exporting the following env vars:
AIRFLOW_CTX_DAG_EMAIL=isaaclucky88@gmail.com
AIRFLOW_CTX_DAG_OWNER=astronomer
AIRFLOW_CTX_DAG_ID=dbt_dag
AIRFLOW_CTX_TASK_ID=model.migrate_to_dbt.view_data
AIRFLOW_CTX_EXECUTION_DATE=2020-12-26T00:00:00+00:00
AIRFLOW_CTX_TRY_NUMBER=2
AIRFLOW_CTX_DAG_RUN_ID=scheduled__2020-12-26T00:00:00+00:00
[2022-09-25T15:24:40.340+0000] {subprocess.py:63} INFO - Tmp dir root location: 
 /tmp
[2022-09-25T15:24:40.341+0000] {subprocess.py:75} INFO - Running command: ['/bin/bash', '-c', '\n            cd /opt/***/migrate_to_dbt &&\n            dbt --no-write-json run --target prod --models view_data\n            ']
[2022-09-25T15:24:40.435+0000] {subprocess.py:86} INFO - Output:
[2022-09-25T15:24:40.454+0000] {subprocess.py:93} INFO - /bin/bash: line 3: dbt: command not found
[2022-09-25T15:24:40.476+0000] {subprocess.py:97} INFO - Command exited with return code 127
[2022-09-25T15:24:40.617+0000] {taskinstance.py:1851} ERROR - Task failed with exception
Traceback (most recent call last):
  File "/home/airflow/.local/lib/python3.7/site-packages/airflow/operators/bash.py", line 197, in execute
    f'Bash command failed. The command returned a non-zero exit code {result.exit_code}.'
airflow.exceptions.AirflowException: Bash command failed. The command returned a non-zero exit code 127.
[2022-09-25T15:24:40.658+0000] {taskinstance.py:1406} INFO - Marking task as FAILED. dag_id=dbt_dag, task_id=model.migrate_to_dbt.view_data, execution_date=20201226T000000, start_date=20220925T152439, end_date=20220925T152440
[2022-09-25T15:24:40.757+0000] {standard_task_runner.py:107} ERROR - Failed to execute job 74 for task model.migrate_to_dbt.view_data (Bash command failed. The command returned a non-zero exit code 127.; 2351)
[2022-09-25T15:24:40.831+0000] {local_task_job.py:164} INFO - Task exited with return code 1
[2022-09-25T15:24:41.378+0000] {local_task_job.py:273} INFO - 0 downstream tasks scheduled from follow-on schedule check
