[2022-09-24T19:10:45.599+0000] {taskinstance.py:1165} INFO - Dependencies all met for <TaskInstance: dbt_dag.dbt_init manual__2022-09-24T19:10:43.774583+00:00 [queued]>
[2022-09-24T19:10:45.615+0000] {taskinstance.py:1165} INFO - Dependencies all met for <TaskInstance: dbt_dag.dbt_init manual__2022-09-24T19:10:43.774583+00:00 [queued]>
[2022-09-24T19:10:45.616+0000] {taskinstance.py:1362} INFO - 
--------------------------------------------------------------------------------
[2022-09-24T19:10:45.616+0000] {taskinstance.py:1363} INFO - Starting attempt 1 of 2
[2022-09-24T19:10:45.616+0000] {taskinstance.py:1364} INFO - 
--------------------------------------------------------------------------------
[2022-09-24T19:10:45.643+0000] {taskinstance.py:1383} INFO - Executing <Task(BashOperator): dbt_init> on 2022-09-24 19:10:43.774583+00:00
[2022-09-24T19:10:45.649+0000] {standard_task_runner.py:54} INFO - Started process 340 to run task
[2022-09-24T19:10:45.654+0000] {standard_task_runner.py:82} INFO - Running: ['***', 'tasks', 'run', 'dbt_dag', 'dbt_init', 'manual__2022-09-24T19:10:43.774583+00:00', '--job-id', '115', '--raw', '--subdir', 'DAGS_FOLDER/dbt_dag.py', '--cfg-path', '/tmp/tmpfz1rpkd1']
[2022-09-24T19:10:45.654+0000] {standard_task_runner.py:83} INFO - Job 115: Subtask dbt_init
[2022-09-24T19:10:45.655+0000] {dagbag.py:525} INFO - Filling up the DagBag from /opt/***/dags/dbt_dag.py
[2022-09-24T19:10:45.754+0000] {task_command.py:384} INFO - Running <TaskInstance: dbt_dag.dbt_init manual__2022-09-24T19:10:43.774583+00:00 [running]> on host 1e3e39d515da
[2022-09-24T19:10:45.854+0000] {taskinstance.py:1592} INFO - Exporting the following env vars:
AIRFLOW_CTX_DAG_EMAIL=isaaclucky88@gmail.com
AIRFLOW_CTX_DAG_OWNER=astronomer
AIRFLOW_CTX_DAG_ID=dbt_dag
AIRFLOW_CTX_TASK_ID=dbt_init
AIRFLOW_CTX_EXECUTION_DATE=2022-09-24T19:10:43.774583+00:00
AIRFLOW_CTX_TRY_NUMBER=1
AIRFLOW_CTX_DAG_RUN_ID=manual__2022-09-24T19:10:43.774583+00:00
[2022-09-24T19:10:45.859+0000] {subprocess.py:63} INFO - Tmp dir root location: 
 /tmp
[2022-09-24T19:10:45.860+0000] {subprocess.py:75} INFO - Running command: ['/bin/bash', '-c', 'pip install dbt-postgres']
[2022-09-24T19:10:45.877+0000] {subprocess.py:86} INFO - Output:
[2022-09-24T19:10:47.432+0000] {subprocess.py:93} INFO - Defaulting to user installation because normal site-packages is not writeable
[2022-09-24T19:10:47.882+0000] {subprocess.py:93} INFO - Requirement already satisfied: dbt-postgres in /home/***/.local/lib/python3.7/site-packages (1.2.1)
[2022-09-24T19:10:47.888+0000] {subprocess.py:93} INFO - Requirement already satisfied: psycopg2-binary~=2.8 in /home/***/.local/lib/python3.7/site-packages (from dbt-postgres) (2.9.3)
[2022-09-24T19:10:47.889+0000] {subprocess.py:93} INFO - Requirement already satisfied: dbt-core==1.2.1 in /home/***/.local/lib/python3.7/site-packages (from dbt-postgres) (1.2.1)
[2022-09-24T19:10:47.929+0000] {subprocess.py:93} INFO - Requirement already satisfied: colorama<0.4.6,>=0.3.9 in /home/***/.local/lib/python3.7/site-packages (from dbt-core==1.2.1->dbt-postgres) (0.4.5)
[2022-09-24T19:10:47.930+0000] {subprocess.py:93} INFO - Requirement already satisfied: idna<4,>=2.5 in /home/***/.local/lib/python3.7/site-packages (from dbt-core==1.2.1->dbt-postgres) (3.4)
[2022-09-24T19:10:47.932+0000] {subprocess.py:93} INFO - Requirement already satisfied: mashumaro==2.9 in /home/***/.local/lib/python3.7/site-packages (from dbt-core==1.2.1->dbt-postgres) (2.9)
[2022-09-24T19:10:47.934+0000] {subprocess.py:93} INFO - Requirement already satisfied: packaging<22.0,>=20.9 in /home/***/.local/lib/python3.7/site-packages (from dbt-core==1.2.1->dbt-postgres) (21.3)
[2022-09-24T19:10:47.936+0000] {subprocess.py:93} INFO - Requirement already satisfied: hologram<=0.0.15,>=0.0.14 in /home/***/.local/lib/python3.7/site-packages (from dbt-core==1.2.1->dbt-postgres) (0.0.15)
[2022-09-24T19:10:47.937+0000] {subprocess.py:93} INFO - Requirement already satisfied: MarkupSafe<2.1,>=0.23 in /home/***/.local/lib/python3.7/site-packages (from dbt-core==1.2.1->dbt-postgres) (2.0.1)
[2022-09-24T19:10:47.939+0000] {subprocess.py:93} INFO - Requirement already satisfied: typing-extensions>=3.7.4 in /home/***/.local/lib/python3.7/site-packages (from dbt-core==1.2.1->dbt-postgres) (4.3.0)
[2022-09-24T19:10:47.940+0000] {subprocess.py:93} INFO - Requirement already satisfied: agate<1.6.4,>=1.6 in /home/***/.local/lib/python3.7/site-packages (from dbt-core==1.2.1->dbt-postgres) (1.6.3)
[2022-09-24T19:10:47.942+0000] {subprocess.py:93} INFO - Requirement already satisfied: isodate<0.7,>=0.6 in /home/***/.local/lib/python3.7/site-packages (from dbt-core==1.2.1->dbt-postgres) (0.6.1)
[2022-09-24T19:10:47.943+0000] {subprocess.py:93} INFO - Requirement already satisfied: click<9,>=7.0 in /home/***/.local/lib/python3.7/site-packages (from dbt-core==1.2.1->dbt-postgres) (8.1.3)
[2022-09-24T19:10:47.945+0000] {subprocess.py:93} INFO - Requirement already satisfied: requests<3.0.0 in /home/***/.local/lib/python3.7/site-packages (from dbt-core==1.2.1->dbt-postgres) (2.28.0)
[2022-09-24T19:10:47.946+0000] {subprocess.py:93} INFO - Requirement already satisfied: logbook<1.6,>=1.5 in /home/***/.local/lib/python3.7/site-packages (from dbt-core==1.2.1->dbt-postgres) (1.5.3)
[2022-09-24T19:10:47.947+0000] {subprocess.py:93} INFO - Requirement already satisfied: Jinja2==2.11.3 in /home/***/.local/lib/python3.7/site-packages (from dbt-core==1.2.1->dbt-postgres) (2.11.3)
[2022-09-24T19:10:47.949+0000] {subprocess.py:93} INFO - Requirement already satisfied: cffi<2.0.0,>=1.9 in /home/***/.local/lib/python3.7/site-packages (from dbt-core==1.2.1->dbt-postgres) (1.15.1)
[2022-09-24T19:10:47.950+0000] {subprocess.py:93} INFO - Requirement already satisfied: minimal-snowplow-tracker==0.0.2 in /home/***/.local/lib/python3.7/site-packages (from dbt-core==1.2.1->dbt-postgres) (0.0.2)
[2022-09-24T19:10:47.952+0000] {subprocess.py:93} INFO - Requirement already satisfied: werkzeug<3,>=1 in /home/***/.local/lib/python3.7/site-packages (from dbt-core==1.2.1->dbt-postgres) (2.1.2)
[2022-09-24T19:10:47.954+0000] {subprocess.py:93} INFO - Requirement already satisfied: networkx<2.8.1,>=2.3 in /home/***/.local/lib/python3.7/site-packages (from dbt-core==1.2.1->dbt-postgres) (2.6.3)
[2022-09-24T19:10:47.956+0000] {subprocess.py:93} INFO - Requirement already satisfied: dbt-extractor~=0.4.1 in /home/***/.local/lib/python3.7/site-packages (from dbt-core==1.2.1->dbt-postgres) (0.4.1)
[2022-09-24T19:10:47.957+0000] {subprocess.py:93} INFO - Requirement already satisfied: sqlparse<0.5,>=0.2.3 in /home/***/.local/lib/python3.7/site-packages (from dbt-core==1.2.1->dbt-postgres) (0.4.2)
[2022-09-24T19:10:47.977+0000] {subprocess.py:93} INFO - Requirement already satisfied: pyyaml>=3.13 in /home/***/.local/lib/python3.7/site-packages (from mashumaro==2.9->dbt-core==1.2.1->dbt-postgres) (6.0)
[2022-09-24T19:10:47.979+0000] {subprocess.py:93} INFO - Requirement already satisfied: msgpack>=0.5.6 in /home/***/.local/lib/python3.7/site-packages (from mashumaro==2.9->dbt-core==1.2.1->dbt-postgres) (1.0.4)
[2022-09-24T19:10:47.985+0000] {subprocess.py:93} INFO - Requirement already satisfied: six<2.0,>=1.9.0 in /home/***/.local/lib/python3.7/site-packages (from minimal-snowplow-tracker==0.0.2->dbt-core==1.2.1->dbt-postgres) (1.16.0)
[2022-09-24T19:10:48.023+0000] {subprocess.py:93} INFO - Requirement already satisfied: leather>=0.3.2 in /home/***/.local/lib/python3.7/site-packages (from agate<1.6.4,>=1.6->dbt-core==1.2.1->dbt-postgres) (0.3.4)
[2022-09-24T19:10:48.024+0000] {subprocess.py:93} INFO - Requirement already satisfied: parsedatetime!=2.5,!=2.6,>=2.1 in /home/***/.local/lib/python3.7/site-packages (from agate<1.6.4,>=1.6->dbt-core==1.2.1->dbt-postgres) (2.4)
[2022-09-24T19:10:48.026+0000] {subprocess.py:93} INFO - Requirement already satisfied: pytimeparse>=1.1.5 in /home/***/.local/lib/python3.7/site-packages (from agate<1.6.4,>=1.6->dbt-core==1.2.1->dbt-postgres) (1.1.8)
[2022-09-24T19:10:48.028+0000] {subprocess.py:93} INFO - Requirement already satisfied: python-slugify>=1.2.1 in /home/***/.local/lib/python3.7/site-packages (from agate<1.6.4,>=1.6->dbt-core==1.2.1->dbt-postgres) (6.1.2)
[2022-09-24T19:10:48.029+0000] {subprocess.py:93} INFO - Requirement already satisfied: Babel>=2.0 in /home/***/.local/lib/python3.7/site-packages (from agate<1.6.4,>=1.6->dbt-core==1.2.1->dbt-postgres) (2.10.3)
[2022-09-24T19:10:48.033+0000] {subprocess.py:93} INFO - Requirement already satisfied: pycparser in /home/***/.local/lib/python3.7/site-packages (from cffi<2.0.0,>=1.9->dbt-core==1.2.1->dbt-postgres) (2.21)
[2022-09-24T19:10:48.042+0000] {subprocess.py:93} INFO - Requirement already satisfied: importlib-metadata in /home/***/.local/lib/python3.7/site-packages (from click<9,>=7.0->dbt-core==1.2.1->dbt-postgres) (4.12.0)
[2022-09-24T19:10:48.057+0000] {subprocess.py:93} INFO - Requirement already satisfied: python-dateutil<2.9,>=2.8 in /home/***/.local/lib/python3.7/site-packages (from hologram<=0.0.15,>=0.0.14->dbt-core==1.2.1->dbt-postgres) (2.8.2)
[2022-09-24T19:10:48.058+0000] {subprocess.py:93} INFO - Requirement already satisfied: jsonschema<4.0,>=3.0 in /home/***/.local/lib/python3.7/site-packages (from hologram<=0.0.15,>=0.0.14->dbt-core==1.2.1->dbt-postgres) (3.2.0)
[2022-09-24T19:10:48.168+0000] {subprocess.py:93} INFO - Requirement already satisfied: pyparsing!=3.0.5,>=2.0.2 in /home/***/.local/lib/python3.7/site-packages (from packaging<22.0,>=20.9->dbt-core==1.2.1->dbt-postgres) (3.0.9)
[2022-09-24T19:10:48.195+0000] {subprocess.py:93} INFO - Requirement already satisfied: certifi>=2017.4.17 in /home/***/.local/lib/python3.7/site-packages (from requests<3.0.0->dbt-core==1.2.1->dbt-postgres) (2022.9.14)
[2022-09-24T19:10:48.197+0000] {subprocess.py:93} INFO - Requirement already satisfied: charset-normalizer~=2.0.0 in /home/***/.local/lib/python3.7/site-packages (from requests<3.0.0->dbt-core==1.2.1->dbt-postgres) (2.0.12)
[2022-09-24T19:10:48.201+0000] {subprocess.py:93} INFO - Requirement already satisfied: urllib3<1.27,>=1.21.1 in /home/***/.local/lib/python3.7/site-packages (from requests<3.0.0->dbt-core==1.2.1->dbt-postgres) (1.26.12)
[2022-09-24T19:10:48.248+0000] {subprocess.py:93} INFO - Requirement already satisfied: pytz>=2015.7 in /home/***/.local/lib/python3.7/site-packages (from Babel>=2.0->agate<1.6.4,>=1.6->dbt-core==1.2.1->dbt-postgres) (2022.1)
[2022-09-24T19:10:48.328+0000] {subprocess.py:93} INFO - Requirement already satisfied: attrs>=17.4.0 in /home/***/.local/lib/python3.7/site-packages (from jsonschema<4.0,>=3.0->hologram<=0.0.15,>=0.0.14->dbt-core==1.2.1->dbt-postgres) (22.1.0)
[2022-09-24T19:10:48.331+0000] {subprocess.py:93} INFO - Requirement already satisfied: pyrsistent>=0.14.0 in /home/***/.local/lib/python3.7/site-packages (from jsonschema<4.0,>=3.0->hologram<=0.0.15,>=0.0.14->dbt-core==1.2.1->dbt-postgres) (0.18.1)
[2022-09-24T19:10:48.332+0000] {subprocess.py:93} INFO - Requirement already satisfied: setuptools in /usr/local/lib/python3.7/site-packages (from jsonschema<4.0,>=3.0->hologram<=0.0.15,>=0.0.14->dbt-core==1.2.1->dbt-postgres) (57.5.0)
[2022-09-24T19:10:48.360+0000] {subprocess.py:93} INFO - Requirement already satisfied: future in /home/***/.local/lib/python3.7/site-packages (from parsedatetime!=2.5,!=2.6,>=2.1->agate<1.6.4,>=1.6->dbt-core==1.2.1->dbt-postgres) (0.18.2)
[2022-09-24T19:10:48.400+0000] {subprocess.py:93} INFO - Requirement already satisfied: text-unidecode>=1.3 in /home/***/.local/lib/python3.7/site-packages (from python-slugify>=1.2.1->agate<1.6.4,>=1.6->dbt-core==1.2.1->dbt-postgres) (1.3)
[2022-09-24T19:10:48.509+0000] {subprocess.py:93} INFO - Requirement already satisfied: zipp>=0.5 in /home/***/.local/lib/python3.7/site-packages (from importlib-metadata->click<9,>=7.0->dbt-core==1.2.1->dbt-postgres) (3.8.1)
[2022-09-24T19:10:57.911+0000] {subprocess.py:97} INFO - Command exited with return code 0
[2022-09-24T19:10:57.957+0000] {taskinstance.py:1406} INFO - Marking task as SUCCESS. dag_id=dbt_dag, task_id=dbt_init, execution_date=20220924T191043, start_date=20220924T191045, end_date=20220924T191057
[2022-09-24T19:10:58.004+0000] {local_task_job.py:164} INFO - Task exited with return code 0
[2022-09-24T19:10:58.048+0000] {local_task_job.py:273} INFO - 1 downstream tasks scheduled from follow-on schedule check
