[2022-09-24T09:51:01.470+0000] {taskinstance.py:1165} INFO - Dependencies all met for <TaskInstance: migrate_data.create_table manual__2022-09-24T09:51:00.244106+00:00 [queued]>
[2022-09-24T09:51:01.488+0000] {taskinstance.py:1165} INFO - Dependencies all met for <TaskInstance: migrate_data.create_table manual__2022-09-24T09:51:00.244106+00:00 [queued]>
[2022-09-24T09:51:01.488+0000] {taskinstance.py:1362} INFO - 
--------------------------------------------------------------------------------
[2022-09-24T09:51:01.488+0000] {taskinstance.py:1363} INFO - Starting attempt 1 of 3
[2022-09-24T09:51:01.488+0000] {taskinstance.py:1364} INFO - 
--------------------------------------------------------------------------------
[2022-09-24T09:51:01.507+0000] {taskinstance.py:1383} INFO - Executing <Task(PostgresOperator): create_table> on 2022-09-24 09:51:00.244106+00:00
[2022-09-24T09:51:01.515+0000] {standard_task_runner.py:54} INFO - Started process 212 to run task
[2022-09-24T09:51:01.519+0000] {standard_task_runner.py:82} INFO - Running: ['***', 'tasks', 'run', 'migrate_data', 'create_table', 'manual__2022-09-24T09:51:00.244106+00:00', '--job-id', '7', '--raw', '--subdir', 'DAGS_FOLDER/migrate.py', '--cfg-path', '/tmp/tmpx0o0tsua']
[2022-09-24T09:51:01.520+0000] {standard_task_runner.py:83} INFO - Job 7: Subtask create_table
[2022-09-24T09:51:01.521+0000] {dagbag.py:525} INFO - Filling up the DagBag from /opt/***/dags/migrate.py
[2022-09-24T09:51:02.137+0000] {task_command.py:384} INFO - Running <TaskInstance: migrate_data.create_table manual__2022-09-24T09:51:00.244106+00:00 [running]> on host 4b5cbff5ff8c
[2022-09-24T09:51:02.248+0000] {taskinstance.py:1592} INFO - Exporting the following env vars:
AIRFLOW_CTX_DAG_EMAIL=isaaclucky88@gmail.com
AIRFLOW_CTX_DAG_OWNER=yishaktadele
AIRFLOW_CTX_DAG_ID=migrate_data
AIRFLOW_CTX_TASK_ID=create_table
AIRFLOW_CTX_EXECUTION_DATE=2022-09-24T09:51:00.244106+00:00
AIRFLOW_CTX_TRY_NUMBER=1
AIRFLOW_CTX_DAG_RUN_ID=manual__2022-09-24T09:51:00.244106+00:00
[2022-09-24T09:51:02.260+0000] {base.py:71} INFO - Using connection ID 'postgres' for task execution.
[2022-09-24T09:51:02.265+0000] {sql.py:315} INFO - Running statement: -- CREATE DATABASE IF NOT EXISTS `city_traffic`;
CREATE TABLE IF NOT EXISTS  traffic_data (
   track_id INT PRIMARY KEY,
   type varchar(20),
   traveled_d FLOAT,
   avg_speed FLOAT,
   lat FLOAT,
   lon FLOAT,
   speed FLOAT, 
   lon_acc FLOAT,
   lat_acc FLOAT,
   time FLOAT
);, parameters: None
[2022-09-24T09:51:02.298+0000] {taskinstance.py:1406} INFO - Marking task as SUCCESS. dag_id=migrate_data, task_id=create_table, execution_date=20220924T095100, start_date=20220924T095101, end_date=20220924T095102
[2022-09-24T09:51:02.332+0000] {local_task_job.py:164} INFO - Task exited with return code 0
[2022-09-24T09:51:02.379+0000] {local_task_job.py:273} INFO - 1 downstream tasks scheduled from follow-on schedule check
