[2022-09-25T12:24:00.498+0000] {taskinstance.py:1165} INFO - Dependencies all met for <TaskInstance: dbt_dag.model.migrate_to_dbt.view_data scheduled__2021-01-13T00:00:00+00:00 [queued]>
[2022-09-25T12:24:00.528+0000] {taskinstance.py:1165} INFO - Dependencies all met for <TaskInstance: dbt_dag.model.migrate_to_dbt.view_data scheduled__2021-01-13T00:00:00+00:00 [queued]>
[2022-09-25T12:24:00.529+0000] {taskinstance.py:1362} INFO - 
--------------------------------------------------------------------------------
[2022-09-25T12:24:00.529+0000] {taskinstance.py:1363} INFO - Starting attempt 1 of 2
[2022-09-25T12:24:00.529+0000] {taskinstance.py:1364} INFO - 
--------------------------------------------------------------------------------
[2022-09-25T12:24:00.575+0000] {taskinstance.py:1383} INFO - Executing <Task(BashOperator): model.migrate_to_dbt.view_data> on 2021-01-13 00:00:00+00:00
[2022-09-25T12:24:00.584+0000] {standard_task_runner.py:54} INFO - Started process 260 to run task
[2022-09-25T12:24:00.589+0000] {standard_task_runner.py:82} INFO - Running: ['***', 'tasks', 'run', 'dbt_dag', 'model.migrate_to_dbt.view_data', 'scheduled__2021-01-13T00:00:00+00:00', '--job-id', '106', '--raw', '--subdir', 'DAGS_FOLDER/dbt_dag.py', '--cfg-path', '/tmp/tmp1g1snc6w']
[2022-09-25T12:24:00.589+0000] {standard_task_runner.py:83} INFO - Job 106: Subtask model.migrate_to_dbt.view_data
[2022-09-25T12:24:00.590+0000] {dagbag.py:525} INFO - Filling up the DagBag from /opt/***/dags/dbt_dag.py
[2022-09-25T12:24:00.736+0000] {task_command.py:384} INFO - Running <TaskInstance: dbt_dag.model.migrate_to_dbt.view_data scheduled__2021-01-13T00:00:00+00:00 [running]> on host 2768f2fff4c2
[2022-09-25T12:24:00.862+0000] {taskinstance.py:1592} INFO - Exporting the following env vars:
AIRFLOW_CTX_DAG_EMAIL=isaaclucky88@gmail.com
AIRFLOW_CTX_DAG_OWNER=astronomer
AIRFLOW_CTX_DAG_ID=dbt_dag
AIRFLOW_CTX_TASK_ID=model.migrate_to_dbt.view_data
AIRFLOW_CTX_EXECUTION_DATE=2021-01-13T00:00:00+00:00
AIRFLOW_CTX_TRY_NUMBER=1
AIRFLOW_CTX_DAG_RUN_ID=scheduled__2021-01-13T00:00:00+00:00
[2022-09-25T12:24:00.866+0000] {subprocess.py:63} INFO - Tmp dir root location: 
 /tmp
[2022-09-25T12:24:00.867+0000] {subprocess.py:75} INFO - Running command: ['/bin/bash', '-c', '\n            cd /opt/***/migrate_to_dbt &&\n            dbt --no-write-json run --target prod --models view_data\n            ']
[2022-09-25T12:24:00.888+0000] {subprocess.py:86} INFO - Output:
[2022-09-25T12:24:00.890+0000] {subprocess.py:93} INFO - /bin/bash: line 3: dbt: command not found
[2022-09-25T12:24:00.890+0000] {subprocess.py:97} INFO - Command exited with return code 127
[2022-09-25T12:24:00.914+0000] {taskinstance.py:1851} ERROR - Task failed with exception
Traceback (most recent call last):
  File "/home/airflow/.local/lib/python3.7/site-packages/airflow/operators/bash.py", line 197, in execute
    f'Bash command failed. The command returned a non-zero exit code {result.exit_code}.'
airflow.exceptions.AirflowException: Bash command failed. The command returned a non-zero exit code 127.
[2022-09-25T12:24:00.922+0000] {taskinstance.py:1406} INFO - Marking task as UP_FOR_RETRY. dag_id=dbt_dag, task_id=model.migrate_to_dbt.view_data, execution_date=20210113T000000, start_date=20220925T122400, end_date=20220925T122400
[2022-09-25T12:24:00.962+0000] {standard_task_runner.py:107} ERROR - Failed to execute job 106 for task model.migrate_to_dbt.view_data (Bash command failed. The command returned a non-zero exit code 127.; 260)
[2022-09-25T12:24:01.002+0000] {local_task_job.py:164} INFO - Task exited with return code 1
[2022-09-25T12:24:01.101+0000] {local_task_job.py:273} INFO - 0 downstream tasks scheduled from follow-on schedule check
[2022-09-25T15:24:49.946+0000] {taskinstance.py:1165} INFO - Dependencies all met for <TaskInstance: dbt_dag.model.migrate_to_dbt.view_data scheduled__2021-01-13T00:00:00+00:00 [queued]>
[2022-09-25T15:24:49.965+0000] {taskinstance.py:1165} INFO - Dependencies all met for <TaskInstance: dbt_dag.model.migrate_to_dbt.view_data scheduled__2021-01-13T00:00:00+00:00 [queued]>
[2022-09-25T15:24:49.966+0000] {taskinstance.py:1362} INFO - 
--------------------------------------------------------------------------------
[2022-09-25T15:24:49.966+0000] {taskinstance.py:1363} INFO - Starting attempt 1 of 2
[2022-09-25T15:24:49.966+0000] {taskinstance.py:1364} INFO - 
--------------------------------------------------------------------------------
[2022-09-25T15:24:49.994+0000] {taskinstance.py:1383} INFO - Executing <Task(BashOperator): model.migrate_to_dbt.view_data> on 2021-01-13 00:00:00+00:00
[2022-09-25T15:24:50.000+0000] {standard_task_runner.py:54} INFO - Started process 2448 to run task
[2022-09-25T15:24:50.004+0000] {standard_task_runner.py:82} INFO - Running: ['***', 'tasks', 'run', 'dbt_dag', 'model.migrate_to_dbt.view_data', 'scheduled__2021-01-13T00:00:00+00:00', '--job-id', '98', '--raw', '--subdir', 'DAGS_FOLDER/dbt_dag.py', '--cfg-path', '/tmp/tmpiugsvcdz']
[2022-09-25T15:24:50.005+0000] {standard_task_runner.py:83} INFO - Job 98: Subtask model.migrate_to_dbt.view_data
[2022-09-25T15:24:50.007+0000] {dagbag.py:525} INFO - Filling up the DagBag from /opt/***/dags/dbt_dag.py
[2022-09-25T15:24:50.113+0000] {task_command.py:384} INFO - Running <TaskInstance: dbt_dag.model.migrate_to_dbt.view_data scheduled__2021-01-13T00:00:00+00:00 [running]> on host 3c654011b3f0
[2022-09-25T15:24:50.343+0000] {taskinstance.py:1592} INFO - Exporting the following env vars:
AIRFLOW_CTX_DAG_EMAIL=isaaclucky88@gmail.com
AIRFLOW_CTX_DAG_OWNER=astronomer
AIRFLOW_CTX_DAG_ID=dbt_dag
AIRFLOW_CTX_TASK_ID=model.migrate_to_dbt.view_data
AIRFLOW_CTX_EXECUTION_DATE=2021-01-13T00:00:00+00:00
AIRFLOW_CTX_TRY_NUMBER=1
AIRFLOW_CTX_DAG_RUN_ID=scheduled__2021-01-13T00:00:00+00:00
[2022-09-25T15:24:50.345+0000] {subprocess.py:63} INFO - Tmp dir root location: 
 /tmp
[2022-09-25T15:24:50.346+0000] {subprocess.py:75} INFO - Running command: ['/bin/bash', '-c', '\n            cd /opt/***/migrate_to_dbt &&\n            dbt --no-write-json run --target prod --models view_data\n            ']
[2022-09-25T15:24:50.367+0000] {subprocess.py:86} INFO - Output:
[2022-09-25T15:24:50.371+0000] {subprocess.py:93} INFO - /bin/bash: line 3: dbt: command not found
[2022-09-25T15:24:50.372+0000] {subprocess.py:97} INFO - Command exited with return code 127
[2022-09-25T15:24:50.395+0000] {taskinstance.py:1851} ERROR - Task failed with exception
Traceback (most recent call last):
  File "/home/airflow/.local/lib/python3.7/site-packages/airflow/operators/bash.py", line 197, in execute
    f'Bash command failed. The command returned a non-zero exit code {result.exit_code}.'
airflow.exceptions.AirflowException: Bash command failed. The command returned a non-zero exit code 127.
[2022-09-25T15:24:50.403+0000] {taskinstance.py:1406} INFO - Marking task as UP_FOR_RETRY. dag_id=dbt_dag, task_id=model.migrate_to_dbt.view_data, execution_date=20210113T000000, start_date=20220925T152449, end_date=20220925T152450
[2022-09-25T15:24:50.427+0000] {standard_task_runner.py:107} ERROR - Failed to execute job 98 for task model.migrate_to_dbt.view_data (Bash command failed. The command returned a non-zero exit code 127.; 2448)
[2022-09-25T15:24:50.459+0000] {local_task_job.py:164} INFO - Task exited with return code 1
[2022-09-25T15:24:50.597+0000] {local_task_job.py:273} INFO - 0 downstream tasks scheduled from follow-on schedule check
