[2022-09-26T11:18:06.965+0000] {taskinstance.py:1165} INFO - Dependencies all met for <TaskInstance: dbt_dag.model.migrate_to_dbt.view_data scheduled__2021-10-21T00:00:00+00:00 [queued]>
[2022-09-26T11:18:06.989+0000] {taskinstance.py:1165} INFO - Dependencies all met for <TaskInstance: dbt_dag.model.migrate_to_dbt.view_data scheduled__2021-10-21T00:00:00+00:00 [queued]>
[2022-09-26T11:18:06.989+0000] {taskinstance.py:1362} INFO - 
--------------------------------------------------------------------------------
[2022-09-26T11:18:06.989+0000] {taskinstance.py:1363} INFO - Starting attempt 1 of 2
[2022-09-26T11:18:06.990+0000] {taskinstance.py:1364} INFO - 
--------------------------------------------------------------------------------
[2022-09-26T11:18:07.031+0000] {taskinstance.py:1383} INFO - Executing <Task(BashOperator): model.migrate_to_dbt.view_data> on 2021-10-21 00:00:00+00:00
[2022-09-26T11:18:07.038+0000] {standard_task_runner.py:54} INFO - Started process 1850 to run task
[2022-09-26T11:18:07.043+0000] {standard_task_runner.py:82} INFO - Running: ['***', 'tasks', 'run', 'dbt_dag', 'model.migrate_to_dbt.view_data', 'scheduled__2021-10-21T00:00:00+00:00', '--job-id', '1207', '--raw', '--subdir', 'DAGS_FOLDER/dbt_dag.py', '--cfg-path', '/tmp/tmp1m50nz1l']
[2022-09-26T11:18:07.044+0000] {standard_task_runner.py:83} INFO - Job 1207: Subtask model.migrate_to_dbt.view_data
[2022-09-26T11:18:07.046+0000] {dagbag.py:525} INFO - Filling up the DagBag from /opt/***/dags/dbt_dag.py
[2022-09-26T11:18:07.184+0000] {task_command.py:384} INFO - Running <TaskInstance: dbt_dag.model.migrate_to_dbt.view_data scheduled__2021-10-21T00:00:00+00:00 [running]> on host 3c654011b3f0
[2022-09-26T11:18:07.300+0000] {taskinstance.py:1592} INFO - Exporting the following env vars:
AIRFLOW_CTX_DAG_EMAIL=isaaclucky88@gmail.com
AIRFLOW_CTX_DAG_OWNER=astronomer
AIRFLOW_CTX_DAG_ID=dbt_dag
AIRFLOW_CTX_TASK_ID=model.migrate_to_dbt.view_data
AIRFLOW_CTX_EXECUTION_DATE=2021-10-21T00:00:00+00:00
AIRFLOW_CTX_TRY_NUMBER=1
AIRFLOW_CTX_DAG_RUN_ID=scheduled__2021-10-21T00:00:00+00:00
[2022-09-26T11:18:07.302+0000] {subprocess.py:63} INFO - Tmp dir root location: 
 /tmp
[2022-09-26T11:18:07.303+0000] {subprocess.py:75} INFO - Running command: ['/bin/bash', '-c', '\n            cd /opt/***/migrate_to_dbt &&\n            dbt --no-write-json run --target prod --models view_data\n            ']
[2022-09-26T11:18:07.328+0000] {subprocess.py:86} INFO - Output:
[2022-09-26T11:18:07.335+0000] {subprocess.py:93} INFO - /bin/bash: line 3: dbt: command not found
[2022-09-26T11:18:07.336+0000] {subprocess.py:97} INFO - Command exited with return code 127
[2022-09-26T11:18:07.357+0000] {taskinstance.py:1851} ERROR - Task failed with exception
Traceback (most recent call last):
  File "/home/airflow/.local/lib/python3.7/site-packages/airflow/operators/bash.py", line 197, in execute
    f'Bash command failed. The command returned a non-zero exit code {result.exit_code}.'
airflow.exceptions.AirflowException: Bash command failed. The command returned a non-zero exit code 127.
[2022-09-26T11:18:07.363+0000] {taskinstance.py:1406} INFO - Marking task as UP_FOR_RETRY. dag_id=dbt_dag, task_id=model.migrate_to_dbt.view_data, execution_date=20211021T000000, start_date=20220926T111806, end_date=20220926T111807
[2022-09-26T11:18:07.387+0000] {standard_task_runner.py:107} ERROR - Failed to execute job 1207 for task model.migrate_to_dbt.view_data (Bash command failed. The command returned a non-zero exit code 127.; 1850)
[2022-09-26T11:18:07.414+0000] {local_task_job.py:164} INFO - Task exited with return code 1
[2022-09-26T11:18:07.463+0000] {local_task_job.py:273} INFO - 0 downstream tasks scheduled from follow-on schedule check
