[2022-09-25T12:23:29.917+0000] {taskinstance.py:1165} INFO - Dependencies all met for <TaskInstance: dbt_dag.model.migrate_to_dbt.view_data scheduled__2021-01-09T00:00:00+00:00 [queued]>
[2022-09-25T12:23:29.931+0000] {taskinstance.py:1165} INFO - Dependencies all met for <TaskInstance: dbt_dag.model.migrate_to_dbt.view_data scheduled__2021-01-09T00:00:00+00:00 [queued]>
[2022-09-25T12:23:29.932+0000] {taskinstance.py:1362} INFO - 
--------------------------------------------------------------------------------
[2022-09-25T12:23:29.932+0000] {taskinstance.py:1363} INFO - Starting attempt 1 of 2
[2022-09-25T12:23:29.932+0000] {taskinstance.py:1364} INFO - 
--------------------------------------------------------------------------------
[2022-09-25T12:23:29.951+0000] {taskinstance.py:1383} INFO - Executing <Task(BashOperator): model.migrate_to_dbt.view_data> on 2021-01-09 00:00:00+00:00
[2022-09-25T12:23:29.957+0000] {standard_task_runner.py:54} INFO - Started process 208 to run task
[2022-09-25T12:23:29.960+0000] {standard_task_runner.py:82} INFO - Running: ['***', 'tasks', 'run', 'dbt_dag', 'model.migrate_to_dbt.view_data', 'scheduled__2021-01-09T00:00:00+00:00', '--job-id', '98', '--raw', '--subdir', 'DAGS_FOLDER/dbt_dag.py', '--cfg-path', '/tmp/tmptwffwfvv']
[2022-09-25T12:23:29.961+0000] {standard_task_runner.py:83} INFO - Job 98: Subtask model.migrate_to_dbt.view_data
[2022-09-25T12:23:29.962+0000] {dagbag.py:525} INFO - Filling up the DagBag from /opt/***/dags/dbt_dag.py
[2022-09-25T12:23:30.052+0000] {task_command.py:384} INFO - Running <TaskInstance: dbt_dag.model.migrate_to_dbt.view_data scheduled__2021-01-09T00:00:00+00:00 [running]> on host 2768f2fff4c2
[2022-09-25T12:23:30.140+0000] {taskinstance.py:1592} INFO - Exporting the following env vars:
AIRFLOW_CTX_DAG_EMAIL=isaaclucky88@gmail.com
AIRFLOW_CTX_DAG_OWNER=astronomer
AIRFLOW_CTX_DAG_ID=dbt_dag
AIRFLOW_CTX_TASK_ID=model.migrate_to_dbt.view_data
AIRFLOW_CTX_EXECUTION_DATE=2021-01-09T00:00:00+00:00
AIRFLOW_CTX_TRY_NUMBER=1
AIRFLOW_CTX_DAG_RUN_ID=scheduled__2021-01-09T00:00:00+00:00
[2022-09-25T12:23:30.141+0000] {subprocess.py:63} INFO - Tmp dir root location: 
 /tmp
[2022-09-25T12:23:30.141+0000] {subprocess.py:75} INFO - Running command: ['/bin/bash', '-c', '\n            cd /opt/***/migrate_to_dbt &&\n            dbt --no-write-json run --target prod --models view_data\n            ']
[2022-09-25T12:23:30.153+0000] {subprocess.py:86} INFO - Output:
[2022-09-25T12:23:30.155+0000] {subprocess.py:93} INFO - /bin/bash: line 3: dbt: command not found
[2022-09-25T12:23:30.156+0000] {subprocess.py:97} INFO - Command exited with return code 127
[2022-09-25T12:23:30.169+0000] {taskinstance.py:1851} ERROR - Task failed with exception
Traceback (most recent call last):
  File "/home/airflow/.local/lib/python3.7/site-packages/airflow/operators/bash.py", line 197, in execute
    f'Bash command failed. The command returned a non-zero exit code {result.exit_code}.'
airflow.exceptions.AirflowException: Bash command failed. The command returned a non-zero exit code 127.
[2022-09-25T12:23:30.173+0000] {taskinstance.py:1406} INFO - Marking task as UP_FOR_RETRY. dag_id=dbt_dag, task_id=model.migrate_to_dbt.view_data, execution_date=20210109T000000, start_date=20220925T122329, end_date=20220925T122330
[2022-09-25T12:23:30.187+0000] {standard_task_runner.py:107} ERROR - Failed to execute job 98 for task model.migrate_to_dbt.view_data (Bash command failed. The command returned a non-zero exit code 127.; 208)
[2022-09-25T12:23:30.212+0000] {local_task_job.py:164} INFO - Task exited with return code 1
[2022-09-25T12:23:30.284+0000] {local_task_job.py:273} INFO - 0 downstream tasks scheduled from follow-on schedule check
[2022-09-25T15:24:47.440+0000] {taskinstance.py:1165} INFO - Dependencies all met for <TaskInstance: dbt_dag.model.migrate_to_dbt.view_data scheduled__2021-01-09T00:00:00+00:00 [queued]>
[2022-09-25T15:24:47.466+0000] {taskinstance.py:1165} INFO - Dependencies all met for <TaskInstance: dbt_dag.model.migrate_to_dbt.view_data scheduled__2021-01-09T00:00:00+00:00 [queued]>
[2022-09-25T15:24:47.466+0000] {taskinstance.py:1362} INFO - 
--------------------------------------------------------------------------------
[2022-09-25T15:24:47.466+0000] {taskinstance.py:1363} INFO - Starting attempt 1 of 2
[2022-09-25T15:24:47.466+0000] {taskinstance.py:1364} INFO - 
--------------------------------------------------------------------------------
[2022-09-25T15:24:47.531+0000] {taskinstance.py:1383} INFO - Executing <Task(BashOperator): model.migrate_to_dbt.view_data> on 2021-01-09 00:00:00+00:00
[2022-09-25T15:24:47.541+0000] {standard_task_runner.py:54} INFO - Started process 2416 to run task
[2022-09-25T15:24:47.544+0000] {standard_task_runner.py:82} INFO - Running: ['***', 'tasks', 'run', 'dbt_dag', 'model.migrate_to_dbt.view_data', 'scheduled__2021-01-09T00:00:00+00:00', '--job-id', '89', '--raw', '--subdir', 'DAGS_FOLDER/dbt_dag.py', '--cfg-path', '/tmp/tmpbr2a7sjx']
[2022-09-25T15:24:47.545+0000] {standard_task_runner.py:83} INFO - Job 89: Subtask model.migrate_to_dbt.view_data
[2022-09-25T15:24:47.547+0000] {dagbag.py:525} INFO - Filling up the DagBag from /opt/***/dags/dbt_dag.py
[2022-09-25T15:24:47.708+0000] {task_command.py:384} INFO - Running <TaskInstance: dbt_dag.model.migrate_to_dbt.view_data scheduled__2021-01-09T00:00:00+00:00 [running]> on host 3c654011b3f0
[2022-09-25T15:24:47.903+0000] {taskinstance.py:1592} INFO - Exporting the following env vars:
AIRFLOW_CTX_DAG_EMAIL=isaaclucky88@gmail.com
AIRFLOW_CTX_DAG_OWNER=astronomer
AIRFLOW_CTX_DAG_ID=dbt_dag
AIRFLOW_CTX_TASK_ID=model.migrate_to_dbt.view_data
AIRFLOW_CTX_EXECUTION_DATE=2021-01-09T00:00:00+00:00
AIRFLOW_CTX_TRY_NUMBER=1
AIRFLOW_CTX_DAG_RUN_ID=scheduled__2021-01-09T00:00:00+00:00
[2022-09-25T15:24:47.906+0000] {subprocess.py:63} INFO - Tmp dir root location: 
 /tmp
[2022-09-25T15:24:47.907+0000] {subprocess.py:75} INFO - Running command: ['/bin/bash', '-c', '\n            cd /opt/***/migrate_to_dbt &&\n            dbt --no-write-json run --target prod --models view_data\n            ']
[2022-09-25T15:24:47.936+0000] {subprocess.py:86} INFO - Output:
[2022-09-25T15:24:47.940+0000] {subprocess.py:93} INFO - /bin/bash: line 3: dbt: command not found
[2022-09-25T15:24:47.941+0000] {subprocess.py:97} INFO - Command exited with return code 127
[2022-09-25T15:24:47.980+0000] {taskinstance.py:1851} ERROR - Task failed with exception
Traceback (most recent call last):
  File "/home/airflow/.local/lib/python3.7/site-packages/airflow/operators/bash.py", line 197, in execute
    f'Bash command failed. The command returned a non-zero exit code {result.exit_code}.'
airflow.exceptions.AirflowException: Bash command failed. The command returned a non-zero exit code 127.
[2022-09-25T15:24:47.994+0000] {taskinstance.py:1406} INFO - Marking task as UP_FOR_RETRY. dag_id=dbt_dag, task_id=model.migrate_to_dbt.view_data, execution_date=20210109T000000, start_date=20220925T152447, end_date=20220925T152447
[2022-09-25T15:24:48.033+0000] {standard_task_runner.py:107} ERROR - Failed to execute job 89 for task model.migrate_to_dbt.view_data (Bash command failed. The command returned a non-zero exit code 127.; 2416)
[2022-09-25T15:24:48.080+0000] {local_task_job.py:164} INFO - Task exited with return code 1
[2022-09-25T15:24:48.199+0000] {local_task_job.py:273} INFO - 0 downstream tasks scheduled from follow-on schedule check
