[2022-09-25T12:23:20.874+0000] {taskinstance.py:1165} INFO - Dependencies all met for <TaskInstance: dbt_dag.model.migrate_to_dbt.view_data scheduled__2020-12-29T00:00:00+00:00 [queued]>
[2022-09-25T12:23:20.889+0000] {taskinstance.py:1165} INFO - Dependencies all met for <TaskInstance: dbt_dag.model.migrate_to_dbt.view_data scheduled__2020-12-29T00:00:00+00:00 [queued]>
[2022-09-25T12:23:20.890+0000] {taskinstance.py:1362} INFO - 
--------------------------------------------------------------------------------
[2022-09-25T12:23:20.890+0000] {taskinstance.py:1363} INFO - Starting attempt 2 of 2
[2022-09-25T12:23:20.890+0000] {taskinstance.py:1364} INFO - 
--------------------------------------------------------------------------------
[2022-09-25T12:23:20.920+0000] {taskinstance.py:1383} INFO - Executing <Task(BashOperator): model.migrate_to_dbt.view_data> on 2020-12-29 00:00:00+00:00
[2022-09-25T12:23:20.927+0000] {standard_task_runner.py:54} INFO - Started process 139 to run task
[2022-09-25T12:23:20.931+0000] {standard_task_runner.py:82} INFO - Running: ['***', 'tasks', 'run', 'dbt_dag', 'model.migrate_to_dbt.view_data', 'scheduled__2020-12-29T00:00:00+00:00', '--job-id', '84', '--raw', '--subdir', 'DAGS_FOLDER/dbt_dag.py', '--cfg-path', '/tmp/tmpwcz495y3']
[2022-09-25T12:23:20.932+0000] {standard_task_runner.py:83} INFO - Job 84: Subtask model.migrate_to_dbt.view_data
[2022-09-25T12:23:20.933+0000] {dagbag.py:525} INFO - Filling up the DagBag from /opt/***/dags/dbt_dag.py
[2022-09-25T12:23:21.017+0000] {task_command.py:384} INFO - Running <TaskInstance: dbt_dag.model.migrate_to_dbt.view_data scheduled__2020-12-29T00:00:00+00:00 [running]> on host 2768f2fff4c2
[2022-09-25T12:23:21.113+0000] {taskinstance.py:1592} INFO - Exporting the following env vars:
AIRFLOW_CTX_DAG_EMAIL=isaaclucky88@gmail.com
AIRFLOW_CTX_DAG_OWNER=astronomer
AIRFLOW_CTX_DAG_ID=dbt_dag
AIRFLOW_CTX_TASK_ID=model.migrate_to_dbt.view_data
AIRFLOW_CTX_EXECUTION_DATE=2020-12-29T00:00:00+00:00
AIRFLOW_CTX_TRY_NUMBER=2
AIRFLOW_CTX_DAG_RUN_ID=scheduled__2020-12-29T00:00:00+00:00
[2022-09-25T12:23:21.114+0000] {subprocess.py:63} INFO - Tmp dir root location: 
 /tmp
[2022-09-25T12:23:21.114+0000] {subprocess.py:75} INFO - Running command: ['/bin/bash', '-c', '\n            cd /opt/***/migrate_to_dbt &&\n            dbt --no-write-json run --target prod --models view_data\n            ']
[2022-09-25T12:23:21.128+0000] {subprocess.py:86} INFO - Output:
[2022-09-25T12:23:21.131+0000] {subprocess.py:93} INFO - /bin/bash: line 3: dbt: command not found
[2022-09-25T12:23:21.132+0000] {subprocess.py:97} INFO - Command exited with return code 127
[2022-09-25T12:23:21.149+0000] {taskinstance.py:1851} ERROR - Task failed with exception
Traceback (most recent call last):
  File "/home/airflow/.local/lib/python3.7/site-packages/airflow/operators/bash.py", line 197, in execute
    f'Bash command failed. The command returned a non-zero exit code {result.exit_code}.'
airflow.exceptions.AirflowException: Bash command failed. The command returned a non-zero exit code 127.
[2022-09-25T12:23:21.154+0000] {taskinstance.py:1406} INFO - Marking task as FAILED. dag_id=dbt_dag, task_id=model.migrate_to_dbt.view_data, execution_date=20201229T000000, start_date=20220925T122320, end_date=20220925T122321
[2022-09-25T12:23:21.173+0000] {standard_task_runner.py:107} ERROR - Failed to execute job 84 for task model.migrate_to_dbt.view_data (Bash command failed. The command returned a non-zero exit code 127.; 139)
[2022-09-25T12:23:21.183+0000] {local_task_job.py:164} INFO - Task exited with return code 1
[2022-09-25T12:23:21.234+0000] {local_task_job.py:273} INFO - 0 downstream tasks scheduled from follow-on schedule check
[2022-09-25T15:24:39.046+0000] {taskinstance.py:1165} INFO - Dependencies all met for <TaskInstance: dbt_dag.model.migrate_to_dbt.view_data scheduled__2020-12-29T00:00:00+00:00 [queued]>
[2022-09-25T15:24:39.078+0000] {taskinstance.py:1165} INFO - Dependencies all met for <TaskInstance: dbt_dag.model.migrate_to_dbt.view_data scheduled__2020-12-29T00:00:00+00:00 [queued]>
[2022-09-25T15:24:39.078+0000] {taskinstance.py:1362} INFO - 
--------------------------------------------------------------------------------
[2022-09-25T15:24:39.079+0000] {taskinstance.py:1363} INFO - Starting attempt 2 of 2
[2022-09-25T15:24:39.079+0000] {taskinstance.py:1364} INFO - 
--------------------------------------------------------------------------------
[2022-09-25T15:24:39.122+0000] {taskinstance.py:1383} INFO - Executing <Task(BashOperator): model.migrate_to_dbt.view_data> on 2020-12-29 00:00:00+00:00
[2022-09-25T15:24:39.188+0000] {standard_task_runner.py:82} INFO - Running: ['***', 'tasks', 'run', 'dbt_dag', 'model.migrate_to_dbt.view_data', 'scheduled__2020-12-29T00:00:00+00:00', '--job-id', '76', '--raw', '--subdir', 'DAGS_FOLDER/dbt_dag.py', '--cfg-path', '/tmp/tmpj5s2imth']
[2022-09-25T15:24:39.190+0000] {standard_task_runner.py:83} INFO - Job 76: Subtask model.migrate_to_dbt.view_data
[2022-09-25T15:24:39.192+0000] {dagbag.py:525} INFO - Filling up the DagBag from /opt/***/dags/dbt_dag.py
[2022-09-25T15:24:39.183+0000] {standard_task_runner.py:54} INFO - Started process 2345 to run task
[2022-09-25T15:24:39.897+0000] {task_command.py:384} INFO - Running <TaskInstance: dbt_dag.model.migrate_to_dbt.view_data scheduled__2020-12-29T00:00:00+00:00 [running]> on host 3c654011b3f0
[2022-09-25T15:24:40.628+0000] {taskinstance.py:1592} INFO - Exporting the following env vars:
AIRFLOW_CTX_DAG_EMAIL=isaaclucky88@gmail.com
AIRFLOW_CTX_DAG_OWNER=astronomer
AIRFLOW_CTX_DAG_ID=dbt_dag
AIRFLOW_CTX_TASK_ID=model.migrate_to_dbt.view_data
AIRFLOW_CTX_EXECUTION_DATE=2020-12-29T00:00:00+00:00
AIRFLOW_CTX_TRY_NUMBER=2
AIRFLOW_CTX_DAG_RUN_ID=scheduled__2020-12-29T00:00:00+00:00
[2022-09-25T15:24:40.636+0000] {subprocess.py:63} INFO - Tmp dir root location: 
 /tmp
[2022-09-25T15:24:40.637+0000] {subprocess.py:75} INFO - Running command: ['/bin/bash', '-c', '\n            cd /opt/***/migrate_to_dbt &&\n            dbt --no-write-json run --target prod --models view_data\n            ']
[2022-09-25T15:24:40.706+0000] {subprocess.py:86} INFO - Output:
[2022-09-25T15:24:40.739+0000] {subprocess.py:93} INFO - /bin/bash: line 3: dbt: command not found
[2022-09-25T15:24:40.746+0000] {subprocess.py:97} INFO - Command exited with return code 127
[2022-09-25T15:24:40.778+0000] {taskinstance.py:1851} ERROR - Task failed with exception
Traceback (most recent call last):
  File "/home/airflow/.local/lib/python3.7/site-packages/airflow/operators/bash.py", line 197, in execute
    f'Bash command failed. The command returned a non-zero exit code {result.exit_code}.'
airflow.exceptions.AirflowException: Bash command failed. The command returned a non-zero exit code 127.
[2022-09-25T15:24:40.790+0000] {taskinstance.py:1406} INFO - Marking task as FAILED. dag_id=dbt_dag, task_id=model.migrate_to_dbt.view_data, execution_date=20201229T000000, start_date=20220925T152439, end_date=20220925T152440
[2022-09-25T15:24:40.853+0000] {standard_task_runner.py:107} ERROR - Failed to execute job 76 for task model.migrate_to_dbt.view_data (Bash command failed. The command returned a non-zero exit code 127.; 2345)
[2022-09-25T15:24:40.880+0000] {local_task_job.py:164} INFO - Task exited with return code 1
[2022-09-25T15:24:41.403+0000] {local_task_job.py:273} INFO - 0 downstream tasks scheduled from follow-on schedule check
