[2022-09-26T11:47:59.135+0000] {taskinstance.py:1165} INFO - Dependencies all met for <TaskInstance: dbt_dag.model.migrate_to_dbt.view_data scheduled__2022-01-06T00:00:00+00:00 [queued]>
[2022-09-26T11:47:59.195+0000] {taskinstance.py:1165} INFO - Dependencies all met for <TaskInstance: dbt_dag.model.migrate_to_dbt.view_data scheduled__2022-01-06T00:00:00+00:00 [queued]>
[2022-09-26T11:47:59.195+0000] {taskinstance.py:1362} INFO - 
--------------------------------------------------------------------------------
[2022-09-26T11:47:59.196+0000] {taskinstance.py:1363} INFO - Starting attempt 1 of 2
[2022-09-26T11:47:59.196+0000] {taskinstance.py:1364} INFO - 
--------------------------------------------------------------------------------
[2022-09-26T11:47:59.258+0000] {taskinstance.py:1383} INFO - Executing <Task(BashOperator): model.migrate_to_dbt.view_data> on 2022-01-06 00:00:00+00:00
[2022-09-26T11:47:59.269+0000] {standard_task_runner.py:54} INFO - Started process 4226 to run task
[2022-09-26T11:47:59.280+0000] {standard_task_runner.py:82} INFO - Running: ['***', 'tasks', 'run', 'dbt_dag', 'model.migrate_to_dbt.view_data', 'scheduled__2022-01-06T00:00:00+00:00', '--job-id', '1520', '--raw', '--subdir', 'DAGS_FOLDER/dbt_dag.py', '--cfg-path', '/tmp/tmp5hkibg8f']
[2022-09-26T11:47:59.282+0000] {standard_task_runner.py:83} INFO - Job 1520: Subtask model.migrate_to_dbt.view_data
[2022-09-26T11:47:59.285+0000] {dagbag.py:525} INFO - Filling up the DagBag from /opt/***/dags/dbt_dag.py
[2022-09-26T11:47:59.970+0000] {task_command.py:384} INFO - Running <TaskInstance: dbt_dag.model.migrate_to_dbt.view_data scheduled__2022-01-06T00:00:00+00:00 [running]> on host 3c654011b3f0
[2022-09-26T11:48:01.340+0000] {taskinstance.py:1592} INFO - Exporting the following env vars:
AIRFLOW_CTX_DAG_EMAIL=isaaclucky88@gmail.com
AIRFLOW_CTX_DAG_OWNER=astronomer
AIRFLOW_CTX_DAG_ID=dbt_dag
AIRFLOW_CTX_TASK_ID=model.migrate_to_dbt.view_data
AIRFLOW_CTX_EXECUTION_DATE=2022-01-06T00:00:00+00:00
AIRFLOW_CTX_TRY_NUMBER=1
AIRFLOW_CTX_DAG_RUN_ID=scheduled__2022-01-06T00:00:00+00:00
[2022-09-26T11:48:01.492+0000] {subprocess.py:63} INFO - Tmp dir root location: 
 /tmp
[2022-09-26T11:48:01.505+0000] {subprocess.py:75} INFO - Running command: ['/bin/bash', '-c', '\n            cd /opt/***/migrate_to_dbt &&\n            dbt --no-write-json run --target prod --models view_data\n            ']
[2022-09-26T11:48:01.795+0000] {subprocess.py:86} INFO - Output:
[2022-09-26T11:48:03.549+0000] {subprocess.py:93} INFO - /bin/bash: line 3: dbt: command not found
[2022-09-26T11:48:04.045+0000] {subprocess.py:97} INFO - Command exited with return code 127
[2022-09-26T11:48:56.402+0000] {standard_task_runner.py:107} ERROR - Failed to execute job 1520 for task model.migrate_to_dbt.view_data ((psycopg2.OperationalError) could not translate host name "postgres" to address: Temporary failure in name resolution

(Background on this error at: https://sqlalche.me/e/14/e3q8); 4226)
[2022-09-26T11:49:00.188+0000] {local_task_job.py:164} INFO - Task exited with return code 1
[2022-09-26T11:50:06.043+0000] {local_task_job.py:273} INFO - 0 downstream tasks scheduled from follow-on schedule check
