[2022-09-25T12:24:02.323+0000] {taskinstance.py:1165} INFO - Dependencies all met for <TaskInstance: dbt_dag.model.migrate_to_dbt.cast_obj scheduled__2021-01-16T00:00:00+00:00 [queued]>
[2022-09-25T12:24:02.363+0000] {taskinstance.py:1165} INFO - Dependencies all met for <TaskInstance: dbt_dag.model.migrate_to_dbt.cast_obj scheduled__2021-01-16T00:00:00+00:00 [queued]>
[2022-09-25T12:24:02.364+0000] {taskinstance.py:1362} INFO - 
--------------------------------------------------------------------------------
[2022-09-25T12:24:02.364+0000] {taskinstance.py:1363} INFO - Starting attempt 1 of 2
[2022-09-25T12:24:02.364+0000] {taskinstance.py:1364} INFO - 
--------------------------------------------------------------------------------
[2022-09-25T12:24:02.429+0000] {taskinstance.py:1383} INFO - Executing <Task(BashOperator): model.migrate_to_dbt.cast_obj> on 2021-01-16 00:00:00+00:00
[2022-09-25T12:24:02.451+0000] {standard_task_runner.py:54} INFO - Started process 284 to run task
[2022-09-25T12:24:02.460+0000] {standard_task_runner.py:82} INFO - Running: ['***', 'tasks', 'run', 'dbt_dag', 'model.migrate_to_dbt.cast_obj', 'scheduled__2021-01-16T00:00:00+00:00', '--job-id', '112', '--raw', '--subdir', 'DAGS_FOLDER/dbt_dag.py', '--cfg-path', '/tmp/tmp6m0f1we6']
[2022-09-25T12:24:02.462+0000] {standard_task_runner.py:83} INFO - Job 112: Subtask model.migrate_to_dbt.cast_obj
[2022-09-25T12:24:02.473+0000] {dagbag.py:525} INFO - Filling up the DagBag from /opt/***/dags/dbt_dag.py
[2022-09-25T12:24:02.685+0000] {task_command.py:384} INFO - Running <TaskInstance: dbt_dag.model.migrate_to_dbt.cast_obj scheduled__2021-01-16T00:00:00+00:00 [running]> on host 2768f2fff4c2
[2022-09-25T12:24:02.838+0000] {taskinstance.py:1592} INFO - Exporting the following env vars:
AIRFLOW_CTX_DAG_EMAIL=isaaclucky88@gmail.com
AIRFLOW_CTX_DAG_OWNER=astronomer
AIRFLOW_CTX_DAG_ID=dbt_dag
AIRFLOW_CTX_TASK_ID=model.migrate_to_dbt.cast_obj
AIRFLOW_CTX_EXECUTION_DATE=2021-01-16T00:00:00+00:00
AIRFLOW_CTX_TRY_NUMBER=1
AIRFLOW_CTX_DAG_RUN_ID=scheduled__2021-01-16T00:00:00+00:00
[2022-09-25T12:24:02.840+0000] {subprocess.py:63} INFO - Tmp dir root location: 
 /tmp
[2022-09-25T12:24:02.841+0000] {subprocess.py:75} INFO - Running command: ['/bin/bash', '-c', '\n            cd /opt/***/migrate_to_dbt &&\n            dbt --no-write-json run --target prod --models cast_obj\n            ']
[2022-09-25T12:24:02.868+0000] {subprocess.py:86} INFO - Output:
[2022-09-25T12:24:02.874+0000] {subprocess.py:93} INFO - /bin/bash: line 3: dbt: command not found
[2022-09-25T12:24:02.875+0000] {subprocess.py:97} INFO - Command exited with return code 127
[2022-09-25T12:24:02.907+0000] {taskinstance.py:1851} ERROR - Task failed with exception
Traceback (most recent call last):
  File "/home/airflow/.local/lib/python3.7/site-packages/airflow/operators/bash.py", line 197, in execute
    f'Bash command failed. The command returned a non-zero exit code {result.exit_code}.'
airflow.exceptions.AirflowException: Bash command failed. The command returned a non-zero exit code 127.
[2022-09-25T12:24:02.915+0000] {taskinstance.py:1406} INFO - Marking task as UP_FOR_RETRY. dag_id=dbt_dag, task_id=model.migrate_to_dbt.cast_obj, execution_date=20210116T000000, start_date=20220925T122402, end_date=20220925T122402
[2022-09-25T12:24:02.969+0000] {standard_task_runner.py:107} ERROR - Failed to execute job 112 for task model.migrate_to_dbt.cast_obj (Bash command failed. The command returned a non-zero exit code 127.; 284)
[2022-09-25T12:24:03.050+0000] {local_task_job.py:164} INFO - Task exited with return code 1
[2022-09-25T12:24:03.114+0000] {local_task_job.py:273} INFO - 0 downstream tasks scheduled from follow-on schedule check
[2022-09-25T15:24:51.842+0000] {taskinstance.py:1165} INFO - Dependencies all met for <TaskInstance: dbt_dag.model.migrate_to_dbt.cast_obj scheduled__2021-01-16T00:00:00+00:00 [queued]>
[2022-09-25T15:24:51.862+0000] {taskinstance.py:1165} INFO - Dependencies all met for <TaskInstance: dbt_dag.model.migrate_to_dbt.cast_obj scheduled__2021-01-16T00:00:00+00:00 [queued]>
[2022-09-25T15:24:51.863+0000] {taskinstance.py:1362} INFO - 
--------------------------------------------------------------------------------
[2022-09-25T15:24:51.863+0000] {taskinstance.py:1363} INFO - Starting attempt 1 of 2
[2022-09-25T15:24:51.863+0000] {taskinstance.py:1364} INFO - 
--------------------------------------------------------------------------------
[2022-09-25T15:24:51.892+0000] {taskinstance.py:1383} INFO - Executing <Task(BashOperator): model.migrate_to_dbt.cast_obj> on 2021-01-16 00:00:00+00:00
[2022-09-25T15:24:51.899+0000] {standard_task_runner.py:54} INFO - Started process 2472 to run task
[2022-09-25T15:24:51.903+0000] {standard_task_runner.py:82} INFO - Running: ['***', 'tasks', 'run', 'dbt_dag', 'model.migrate_to_dbt.cast_obj', 'scheduled__2021-01-16T00:00:00+00:00', '--job-id', '104', '--raw', '--subdir', 'DAGS_FOLDER/dbt_dag.py', '--cfg-path', '/tmp/tmp0jz0ckv1']
[2022-09-25T15:24:51.904+0000] {standard_task_runner.py:83} INFO - Job 104: Subtask model.migrate_to_dbt.cast_obj
[2022-09-25T15:24:51.905+0000] {dagbag.py:525} INFO - Filling up the DagBag from /opt/***/dags/dbt_dag.py
[2022-09-25T15:24:52.056+0000] {task_command.py:384} INFO - Running <TaskInstance: dbt_dag.model.migrate_to_dbt.cast_obj scheduled__2021-01-16T00:00:00+00:00 [running]> on host 3c654011b3f0
[2022-09-25T15:24:52.205+0000] {taskinstance.py:1592} INFO - Exporting the following env vars:
AIRFLOW_CTX_DAG_EMAIL=isaaclucky88@gmail.com
AIRFLOW_CTX_DAG_OWNER=astronomer
AIRFLOW_CTX_DAG_ID=dbt_dag
AIRFLOW_CTX_TASK_ID=model.migrate_to_dbt.cast_obj
AIRFLOW_CTX_EXECUTION_DATE=2021-01-16T00:00:00+00:00
AIRFLOW_CTX_TRY_NUMBER=1
AIRFLOW_CTX_DAG_RUN_ID=scheduled__2021-01-16T00:00:00+00:00
[2022-09-25T15:24:52.206+0000] {subprocess.py:63} INFO - Tmp dir root location: 
 /tmp
[2022-09-25T15:24:52.207+0000] {subprocess.py:75} INFO - Running command: ['/bin/bash', '-c', '\n            cd /opt/***/migrate_to_dbt &&\n            dbt --no-write-json run --target prod --models cast_obj\n            ']
[2022-09-25T15:24:52.228+0000] {subprocess.py:86} INFO - Output:
[2022-09-25T15:24:52.232+0000] {subprocess.py:93} INFO - /bin/bash: line 3: dbt: command not found
[2022-09-25T15:24:52.233+0000] {subprocess.py:97} INFO - Command exited with return code 127
[2022-09-25T15:24:52.259+0000] {taskinstance.py:1851} ERROR - Task failed with exception
Traceback (most recent call last):
  File "/home/airflow/.local/lib/python3.7/site-packages/airflow/operators/bash.py", line 197, in execute
    f'Bash command failed. The command returned a non-zero exit code {result.exit_code}.'
airflow.exceptions.AirflowException: Bash command failed. The command returned a non-zero exit code 127.
[2022-09-25T15:24:52.266+0000] {taskinstance.py:1406} INFO - Marking task as UP_FOR_RETRY. dag_id=dbt_dag, task_id=model.migrate_to_dbt.cast_obj, execution_date=20210116T000000, start_date=20220925T152451, end_date=20220925T152452
[2022-09-25T15:24:52.293+0000] {standard_task_runner.py:107} ERROR - Failed to execute job 104 for task model.migrate_to_dbt.cast_obj (Bash command failed. The command returned a non-zero exit code 127.; 2472)
[2022-09-25T15:24:52.315+0000] {local_task_job.py:164} INFO - Task exited with return code 1
[2022-09-25T15:24:52.394+0000] {local_task_job.py:273} INFO - 0 downstream tasks scheduled from follow-on schedule check
