[2022-09-25T06:56:25.595+0000] {taskinstance.py:1165} INFO - Dependencies all met for <TaskInstance: dbt_dag.model.migrate_to_dbt.view_data scheduled__2020-12-31T00:00:00+00:00 [queued]>
[2022-09-25T06:56:25.617+0000] {taskinstance.py:1165} INFO - Dependencies all met for <TaskInstance: dbt_dag.model.migrate_to_dbt.view_data scheduled__2020-12-31T00:00:00+00:00 [queued]>
[2022-09-25T06:56:25.618+0000] {taskinstance.py:1362} INFO - 
--------------------------------------------------------------------------------
[2022-09-25T06:56:25.618+0000] {taskinstance.py:1363} INFO - Starting attempt 1 of 2
[2022-09-25T06:56:25.618+0000] {taskinstance.py:1364} INFO - 
--------------------------------------------------------------------------------
[2022-09-25T06:56:25.650+0000] {taskinstance.py:1383} INFO - Executing <Task(BashOperator): model.migrate_to_dbt.view_data> on 2020-12-31 00:00:00+00:00
[2022-09-25T06:56:25.658+0000] {standard_task_runner.py:54} INFO - Started process 1425 to run task
[2022-09-25T06:56:25.664+0000] {standard_task_runner.py:82} INFO - Running: ['***', 'tasks', 'run', 'dbt_dag', 'model.migrate_to_dbt.view_data', 'scheduled__2020-12-31T00:00:00+00:00', '--job-id', '34', '--raw', '--subdir', 'DAGS_FOLDER/dbt_dag.py', '--cfg-path', '/tmp/tmpxi6o4i_x']
[2022-09-25T06:56:25.665+0000] {standard_task_runner.py:83} INFO - Job 34: Subtask model.migrate_to_dbt.view_data
[2022-09-25T06:56:25.666+0000] {dagbag.py:525} INFO - Filling up the DagBag from /opt/***/dags/dbt_dag.py
[2022-09-25T06:56:25.896+0000] {task_command.py:384} INFO - Running <TaskInstance: dbt_dag.model.migrate_to_dbt.view_data scheduled__2020-12-31T00:00:00+00:00 [running]> on host 5aeb3e9582c2
[2022-09-25T06:56:26.100+0000] {taskinstance.py:1592} INFO - Exporting the following env vars:
AIRFLOW_CTX_DAG_EMAIL=isaaclucky88@gmail.com
AIRFLOW_CTX_DAG_OWNER=astronomer
AIRFLOW_CTX_DAG_ID=dbt_dag
AIRFLOW_CTX_TASK_ID=model.migrate_to_dbt.view_data
AIRFLOW_CTX_EXECUTION_DATE=2020-12-31T00:00:00+00:00
AIRFLOW_CTX_TRY_NUMBER=1
AIRFLOW_CTX_DAG_RUN_ID=scheduled__2020-12-31T00:00:00+00:00
[2022-09-25T06:56:26.102+0000] {subprocess.py:63} INFO - Tmp dir root location: 
 /tmp
[2022-09-25T06:56:26.103+0000] {subprocess.py:75} INFO - Running command: ['/bin/bash', '-c', '\n            cd /opt/***/migrate_to_dbt &&\n            dbt --no-write-json run --target prod --models view_data\n            ']
[2022-09-25T06:56:26.124+0000] {subprocess.py:86} INFO - Output:
[2022-09-25T06:56:26.127+0000] {subprocess.py:93} INFO - /bin/bash: line 3: dbt: command not found
[2022-09-25T06:56:26.129+0000] {subprocess.py:97} INFO - Command exited with return code 127
[2022-09-25T06:56:26.150+0000] {taskinstance.py:1851} ERROR - Task failed with exception
Traceback (most recent call last):
  File "/home/airflow/.local/lib/python3.7/site-packages/airflow/operators/bash.py", line 197, in execute
    f'Bash command failed. The command returned a non-zero exit code {result.exit_code}.'
airflow.exceptions.AirflowException: Bash command failed. The command returned a non-zero exit code 127.
[2022-09-25T06:56:26.156+0000] {taskinstance.py:1406} INFO - Marking task as UP_FOR_RETRY. dag_id=dbt_dag, task_id=model.migrate_to_dbt.view_data, execution_date=20201231T000000, start_date=20220925T065625, end_date=20220925T065626
[2022-09-25T06:56:26.178+0000] {standard_task_runner.py:107} ERROR - Failed to execute job 34 for task model.migrate_to_dbt.view_data (Bash command failed. The command returned a non-zero exit code 127.; 1425)
[2022-09-25T06:56:26.204+0000] {local_task_job.py:164} INFO - Task exited with return code 1
[2022-09-25T06:56:26.285+0000] {local_task_job.py:273} INFO - 0 downstream tasks scheduled from follow-on schedule check
