[2022-09-24T19:21:29.022+0000] {taskinstance.py:1165} INFO - Dependencies all met for <TaskInstance: dbt_dag.dbt_run manual__2022-09-24T19:10:43.774583+00:00 [queued]>
[2022-09-24T19:21:29.046+0000] {taskinstance.py:1165} INFO - Dependencies all met for <TaskInstance: dbt_dag.dbt_run manual__2022-09-24T19:10:43.774583+00:00 [queued]>
[2022-09-24T19:21:29.046+0000] {taskinstance.py:1362} INFO - 
--------------------------------------------------------------------------------
[2022-09-24T19:21:29.046+0000] {taskinstance.py:1363} INFO - Starting attempt 2 of 2
[2022-09-24T19:21:29.047+0000] {taskinstance.py:1364} INFO - 
--------------------------------------------------------------------------------
[2022-09-24T19:21:29.082+0000] {taskinstance.py:1383} INFO - Executing <Task(BashOperator): dbt_run> on 2022-09-24 19:10:43.774583+00:00
[2022-09-24T19:21:29.089+0000] {standard_task_runner.py:54} INFO - Started process 72 to run task
[2022-09-24T19:21:29.097+0000] {standard_task_runner.py:82} INFO - Running: ['***', 'tasks', 'run', 'dbt_dag', 'dbt_run', 'manual__2022-09-24T19:10:43.774583+00:00', '--job-id', '127', '--raw', '--subdir', 'DAGS_FOLDER/dbt_dag.py', '--cfg-path', '/tmp/tmpqoxi43nc']
[2022-09-24T19:21:29.098+0000] {standard_task_runner.py:83} INFO - Job 127: Subtask dbt_run
[2022-09-24T19:21:29.099+0000] {dagbag.py:525} INFO - Filling up the DagBag from /opt/***/dags/dbt_dag.py
[2022-09-24T19:21:29.346+0000] {task_command.py:384} INFO - Running <TaskInstance: dbt_dag.dbt_run manual__2022-09-24T19:10:43.774583+00:00 [running]> on host 8357518ffc5e
[2022-09-24T19:21:29.487+0000] {taskinstance.py:1592} INFO - Exporting the following env vars:
AIRFLOW_CTX_DAG_EMAIL=isaaclucky88@gmail.com
AIRFLOW_CTX_DAG_OWNER=astronomer
AIRFLOW_CTX_DAG_ID=dbt_dag
AIRFLOW_CTX_TASK_ID=dbt_run
AIRFLOW_CTX_EXECUTION_DATE=2022-09-24T19:10:43.774583+00:00
AIRFLOW_CTX_TRY_NUMBER=2
AIRFLOW_CTX_DAG_RUN_ID=manual__2022-09-24T19:10:43.774583+00:00
[2022-09-24T19:21:29.489+0000] {subprocess.py:63} INFO - Tmp dir root location: 
 /tmp
[2022-09-24T19:21:29.490+0000] {subprocess.py:75} INFO - Running command: ['/bin/bash', '-c', 'dbt run']
[2022-09-24T19:21:29.510+0000] {subprocess.py:86} INFO - Output:
[2022-09-24T19:21:29.513+0000] {subprocess.py:93} INFO - /bin/bash: line 1: dbt: command not found
[2022-09-24T19:21:29.514+0000] {subprocess.py:97} INFO - Command exited with return code 127
[2022-09-24T19:21:29.532+0000] {taskinstance.py:1851} ERROR - Task failed with exception
Traceback (most recent call last):
  File "/home/airflow/.local/lib/python3.7/site-packages/airflow/operators/bash.py", line 197, in execute
    f'Bash command failed. The command returned a non-zero exit code {result.exit_code}.'
airflow.exceptions.AirflowException: Bash command failed. The command returned a non-zero exit code 127.
[2022-09-24T19:21:29.540+0000] {taskinstance.py:1406} INFO - Marking task as FAILED. dag_id=dbt_dag, task_id=dbt_run, execution_date=20220924T191043, start_date=20220924T192129, end_date=20220924T192129
[2022-09-24T19:21:29.587+0000] {standard_task_runner.py:107} ERROR - Failed to execute job 127 for task dbt_run (Bash command failed. The command returned a non-zero exit code 127.; 72)
[2022-09-24T19:21:29.630+0000] {local_task_job.py:164} INFO - Task exited with return code 1
[2022-09-24T19:21:29.681+0000] {local_task_job.py:273} INFO - 0 downstream tasks scheduled from follow-on schedule check
