[2022-09-25T12:23:22.261+0000] {taskinstance.py:1165} INFO - Dependencies all met for <TaskInstance: dbt_dag.model.migrate_to_dbt.view_data scheduled__2021-01-02T00:00:00+00:00 [queued]>
[2022-09-25T12:23:22.278+0000] {taskinstance.py:1165} INFO - Dependencies all met for <TaskInstance: dbt_dag.model.migrate_to_dbt.view_data scheduled__2021-01-02T00:00:00+00:00 [queued]>
[2022-09-25T12:23:22.278+0000] {taskinstance.py:1362} INFO - 
--------------------------------------------------------------------------------
[2022-09-25T12:23:22.278+0000] {taskinstance.py:1363} INFO - Starting attempt 2 of 2
[2022-09-25T12:23:22.278+0000] {taskinstance.py:1364} INFO - 
--------------------------------------------------------------------------------
[2022-09-25T12:23:22.300+0000] {taskinstance.py:1383} INFO - Executing <Task(BashOperator): model.migrate_to_dbt.view_data> on 2021-01-02 00:00:00+00:00
[2022-09-25T12:23:22.307+0000] {standard_task_runner.py:54} INFO - Started process 156 to run task
[2022-09-25T12:23:22.310+0000] {standard_task_runner.py:82} INFO - Running: ['***', 'tasks', 'run', 'dbt_dag', 'model.migrate_to_dbt.view_data', 'scheduled__2021-01-02T00:00:00+00:00', '--job-id', '89', '--raw', '--subdir', 'DAGS_FOLDER/dbt_dag.py', '--cfg-path', '/tmp/tmpafqf6yum']
[2022-09-25T12:23:22.310+0000] {standard_task_runner.py:83} INFO - Job 89: Subtask model.migrate_to_dbt.view_data
[2022-09-25T12:23:22.311+0000] {dagbag.py:525} INFO - Filling up the DagBag from /opt/***/dags/dbt_dag.py
[2022-09-25T12:23:22.387+0000] {task_command.py:384} INFO - Running <TaskInstance: dbt_dag.model.migrate_to_dbt.view_data scheduled__2021-01-02T00:00:00+00:00 [running]> on host 2768f2fff4c2
[2022-09-25T12:23:22.472+0000] {taskinstance.py:1592} INFO - Exporting the following env vars:
AIRFLOW_CTX_DAG_EMAIL=isaaclucky88@gmail.com
AIRFLOW_CTX_DAG_OWNER=astronomer
AIRFLOW_CTX_DAG_ID=dbt_dag
AIRFLOW_CTX_TASK_ID=model.migrate_to_dbt.view_data
AIRFLOW_CTX_EXECUTION_DATE=2021-01-02T00:00:00+00:00
AIRFLOW_CTX_TRY_NUMBER=2
AIRFLOW_CTX_DAG_RUN_ID=scheduled__2021-01-02T00:00:00+00:00
[2022-09-25T12:23:22.474+0000] {subprocess.py:63} INFO - Tmp dir root location: 
 /tmp
[2022-09-25T12:23:22.474+0000] {subprocess.py:75} INFO - Running command: ['/bin/bash', '-c', '\n            cd /opt/***/migrate_to_dbt &&\n            dbt --no-write-json run --target prod --models view_data\n            ']
[2022-09-25T12:23:22.487+0000] {subprocess.py:86} INFO - Output:
[2022-09-25T12:23:22.489+0000] {subprocess.py:93} INFO - /bin/bash: line 3: dbt: command not found
[2022-09-25T12:23:22.490+0000] {subprocess.py:97} INFO - Command exited with return code 127
[2022-09-25T12:23:22.500+0000] {taskinstance.py:1851} ERROR - Task failed with exception
Traceback (most recent call last):
  File "/home/airflow/.local/lib/python3.7/site-packages/airflow/operators/bash.py", line 197, in execute
    f'Bash command failed. The command returned a non-zero exit code {result.exit_code}.'
airflow.exceptions.AirflowException: Bash command failed. The command returned a non-zero exit code 127.
[2022-09-25T12:23:22.504+0000] {taskinstance.py:1406} INFO - Marking task as FAILED. dag_id=dbt_dag, task_id=model.migrate_to_dbt.view_data, execution_date=20210102T000000, start_date=20220925T122322, end_date=20220925T122322
[2022-09-25T12:23:22.516+0000] {standard_task_runner.py:107} ERROR - Failed to execute job 89 for task model.migrate_to_dbt.view_data (Bash command failed. The command returned a non-zero exit code 127.; 156)
[2022-09-25T12:23:22.561+0000] {local_task_job.py:164} INFO - Task exited with return code 1
[2022-09-25T12:23:22.599+0000] {local_task_job.py:273} INFO - 0 downstream tasks scheduled from follow-on schedule check
[2022-09-25T15:24:41.619+0000] {taskinstance.py:1165} INFO - Dependencies all met for <TaskInstance: dbt_dag.model.migrate_to_dbt.view_data scheduled__2021-01-02T00:00:00+00:00 [queued]>
[2022-09-25T15:24:41.646+0000] {taskinstance.py:1165} INFO - Dependencies all met for <TaskInstance: dbt_dag.model.migrate_to_dbt.view_data scheduled__2021-01-02T00:00:00+00:00 [queued]>
[2022-09-25T15:24:41.646+0000] {taskinstance.py:1362} INFO - 
--------------------------------------------------------------------------------
[2022-09-25T15:24:41.647+0000] {taskinstance.py:1363} INFO - Starting attempt 2 of 2
[2022-09-25T15:24:41.647+0000] {taskinstance.py:1364} INFO - 
--------------------------------------------------------------------------------
[2022-09-25T15:24:41.712+0000] {taskinstance.py:1383} INFO - Executing <Task(BashOperator): model.migrate_to_dbt.view_data> on 2021-01-02 00:00:00+00:00
[2022-09-25T15:24:41.757+0000] {standard_task_runner.py:54} INFO - Started process 2381 to run task
[2022-09-25T15:24:41.771+0000] {standard_task_runner.py:82} INFO - Running: ['***', 'tasks', 'run', 'dbt_dag', 'model.migrate_to_dbt.view_data', 'scheduled__2021-01-02T00:00:00+00:00', '--job-id', '81', '--raw', '--subdir', 'DAGS_FOLDER/dbt_dag.py', '--cfg-path', '/tmp/tmp8oxka10b']
[2022-09-25T15:24:41.773+0000] {standard_task_runner.py:83} INFO - Job 81: Subtask model.migrate_to_dbt.view_data
[2022-09-25T15:24:41.780+0000] {dagbag.py:525} INFO - Filling up the DagBag from /opt/***/dags/dbt_dag.py
[2022-09-25T15:24:42.058+0000] {task_command.py:384} INFO - Running <TaskInstance: dbt_dag.model.migrate_to_dbt.view_data scheduled__2021-01-02T00:00:00+00:00 [running]> on host 3c654011b3f0
[2022-09-25T15:24:42.257+0000] {taskinstance.py:1592} INFO - Exporting the following env vars:
AIRFLOW_CTX_DAG_EMAIL=isaaclucky88@gmail.com
AIRFLOW_CTX_DAG_OWNER=astronomer
AIRFLOW_CTX_DAG_ID=dbt_dag
AIRFLOW_CTX_TASK_ID=model.migrate_to_dbt.view_data
AIRFLOW_CTX_EXECUTION_DATE=2021-01-02T00:00:00+00:00
AIRFLOW_CTX_TRY_NUMBER=2
AIRFLOW_CTX_DAG_RUN_ID=scheduled__2021-01-02T00:00:00+00:00
[2022-09-25T15:24:42.259+0000] {subprocess.py:63} INFO - Tmp dir root location: 
 /tmp
[2022-09-25T15:24:42.264+0000] {subprocess.py:75} INFO - Running command: ['/bin/bash', '-c', '\n            cd /opt/***/migrate_to_dbt &&\n            dbt --no-write-json run --target prod --models view_data\n            ']
[2022-09-25T15:24:42.340+0000] {subprocess.py:86} INFO - Output:
[2022-09-25T15:24:42.344+0000] {subprocess.py:93} INFO - /bin/bash: line 3: dbt: command not found
[2022-09-25T15:24:42.349+0000] {subprocess.py:97} INFO - Command exited with return code 127
[2022-09-25T15:24:42.401+0000] {taskinstance.py:1851} ERROR - Task failed with exception
Traceback (most recent call last):
  File "/home/airflow/.local/lib/python3.7/site-packages/airflow/operators/bash.py", line 197, in execute
    f'Bash command failed. The command returned a non-zero exit code {result.exit_code}.'
airflow.exceptions.AirflowException: Bash command failed. The command returned a non-zero exit code 127.
[2022-09-25T15:24:42.413+0000] {taskinstance.py:1406} INFO - Marking task as FAILED. dag_id=dbt_dag, task_id=model.migrate_to_dbt.view_data, execution_date=20210102T000000, start_date=20220925T152441, end_date=20220925T152442
[2022-09-25T15:24:42.457+0000] {standard_task_runner.py:107} ERROR - Failed to execute job 81 for task model.migrate_to_dbt.view_data (Bash command failed. The command returned a non-zero exit code 127.; 2381)
[2022-09-25T15:24:42.483+0000] {local_task_job.py:164} INFO - Task exited with return code 1
[2022-09-25T15:24:42.613+0000] {local_task_job.py:273} INFO - 0 downstream tasks scheduled from follow-on schedule check
