[2022-09-26T08:30:22.013+0000] {taskinstance.py:1165} INFO - Dependencies all met for <TaskInstance: dbt_dag.model.migrate_to_dbt.cast_obj scheduled__2021-05-24T00:00:00+00:00 [queued]>
[2022-09-26T08:30:22.046+0000] {taskinstance.py:1165} INFO - Dependencies all met for <TaskInstance: dbt_dag.model.migrate_to_dbt.cast_obj scheduled__2021-05-24T00:00:00+00:00 [queued]>
[2022-09-26T08:30:22.046+0000] {taskinstance.py:1362} INFO - 
--------------------------------------------------------------------------------
[2022-09-26T08:30:22.047+0000] {taskinstance.py:1363} INFO - Starting attempt 2 of 2
[2022-09-26T08:30:22.047+0000] {taskinstance.py:1364} INFO - 
--------------------------------------------------------------------------------
[2022-09-26T08:30:22.074+0000] {taskinstance.py:1383} INFO - Executing <Task(BashOperator): model.migrate_to_dbt.cast_obj> on 2021-05-24 00:00:00+00:00
[2022-09-26T08:30:22.093+0000] {standard_task_runner.py:54} INFO - Started process 3539 to run task
[2022-09-26T08:30:22.099+0000] {standard_task_runner.py:82} INFO - Running: ['***', 'tasks', 'run', 'dbt_dag', 'model.migrate_to_dbt.cast_obj', 'scheduled__2021-05-24T00:00:00+00:00', '--job-id', '647', '--raw', '--subdir', 'DAGS_FOLDER/dbt_dag.py', '--cfg-path', '/tmp/tmpq1a3z_z2']
[2022-09-26T08:30:22.100+0000] {standard_task_runner.py:83} INFO - Job 647: Subtask model.migrate_to_dbt.cast_obj
[2022-09-26T08:30:22.101+0000] {dagbag.py:525} INFO - Filling up the DagBag from /opt/***/dags/dbt_dag.py
[2022-09-26T08:30:22.232+0000] {task_command.py:384} INFO - Running <TaskInstance: dbt_dag.model.migrate_to_dbt.cast_obj scheduled__2021-05-24T00:00:00+00:00 [running]> on host 3c654011b3f0
[2022-09-26T08:30:22.376+0000] {taskinstance.py:1592} INFO - Exporting the following env vars:
AIRFLOW_CTX_DAG_EMAIL=isaaclucky88@gmail.com
AIRFLOW_CTX_DAG_OWNER=astronomer
AIRFLOW_CTX_DAG_ID=dbt_dag
AIRFLOW_CTX_TASK_ID=model.migrate_to_dbt.cast_obj
AIRFLOW_CTX_EXECUTION_DATE=2021-05-24T00:00:00+00:00
AIRFLOW_CTX_TRY_NUMBER=2
AIRFLOW_CTX_DAG_RUN_ID=scheduled__2021-05-24T00:00:00+00:00
[2022-09-26T08:30:22.378+0000] {subprocess.py:63} INFO - Tmp dir root location: 
 /tmp
[2022-09-26T08:30:22.378+0000] {subprocess.py:75} INFO - Running command: ['/bin/bash', '-c', '\n            cd /opt/***/migrate_to_dbt &&\n            dbt --no-write-json run --target prod --models cast_obj\n            ']
[2022-09-26T08:30:22.393+0000] {subprocess.py:86} INFO - Output:
[2022-09-26T08:30:22.397+0000] {subprocess.py:93} INFO - /bin/bash: line 3: dbt: command not found
[2022-09-26T08:30:22.398+0000] {subprocess.py:97} INFO - Command exited with return code 127
[2022-09-26T08:30:22.423+0000] {taskinstance.py:1851} ERROR - Task failed with exception
Traceback (most recent call last):
  File "/home/airflow/.local/lib/python3.7/site-packages/airflow/operators/bash.py", line 197, in execute
    f'Bash command failed. The command returned a non-zero exit code {result.exit_code}.'
airflow.exceptions.AirflowException: Bash command failed. The command returned a non-zero exit code 127.
[2022-09-26T08:30:22.434+0000] {taskinstance.py:1406} INFO - Marking task as FAILED. dag_id=dbt_dag, task_id=model.migrate_to_dbt.cast_obj, execution_date=20210524T000000, start_date=20220926T083022, end_date=20220926T083022
[2022-09-26T08:30:22.463+0000] {standard_task_runner.py:107} ERROR - Failed to execute job 647 for task model.migrate_to_dbt.cast_obj (Bash command failed. The command returned a non-zero exit code 127.; 3539)
[2022-09-26T08:30:22.511+0000] {local_task_job.py:164} INFO - Task exited with return code 1
[2022-09-26T08:30:22.742+0000] {local_task_job.py:273} INFO - 0 downstream tasks scheduled from follow-on schedule check
