[2022-09-21T19:54:40.025+0000] {processor.py:156} INFO - Started process (PID=51) to work on /opt/airflow/dags/extract.py
[2022-09-21T19:54:40.027+0000] {processor.py:758} INFO - Processing file /opt/airflow/dags/extract.py for tasks to queue
[2022-09-21T19:54:40.029+0000] {logging_mixin.py:117} INFO - [2022-09-21T19:54:40.028+0000] {dagbag.py:525} INFO - Filling up the DagBag from /opt/airflow/dags/extract.py
[2022-09-21T19:54:40.102+0000] {processor.py:768} INFO - DAG(s) dict_keys(['example_dag']) retrieved from /opt/airflow/dags/extract.py
[2022-09-21T19:54:40.845+0000] {logging_mixin.py:117} INFO - [2022-09-21T19:54:40.845+0000] {manager.py:508} INFO - Created Permission View: can read on DAG:example_dag
[2022-09-21T19:54:40.866+0000] {logging_mixin.py:117} INFO - [2022-09-21T19:54:40.865+0000] {manager.py:508} INFO - Created Permission View: can edit on DAG:example_dag
[2022-09-21T19:54:40.881+0000] {logging_mixin.py:117} INFO - [2022-09-21T19:54:40.881+0000] {manager.py:508} INFO - Created Permission View: can delete on DAG:example_dag
[2022-09-21T19:54:40.882+0000] {logging_mixin.py:117} INFO - [2022-09-21T19:54:40.882+0000] {dag.py:2573} INFO - Sync 1 DAGs
[2022-09-21T19:54:40.909+0000] {logging_mixin.py:117} INFO - [2022-09-21T19:54:40.909+0000] {dag.py:2594} INFO - Creating ORM DAG for example_dag
[2022-09-21T19:54:40.929+0000] {logging_mixin.py:117} INFO - [2022-09-21T19:54:40.929+0000] {dag.py:3328} INFO - Setting next_dagrun for example_dag to 2016-01-01T00:00:00+00:00, run_after=2016-01-02T00:00:00+00:00
[2022-09-21T19:54:40.955+0000] {processor.py:178} INFO - Processing /opt/airflow/dags/extract.py took 0.945 seconds
[2022-09-21T19:55:11.213+0000] {processor.py:156} INFO - Started process (PID=71) to work on /opt/airflow/dags/extract.py
[2022-09-21T19:55:11.214+0000] {processor.py:758} INFO - Processing file /opt/airflow/dags/extract.py for tasks to queue
[2022-09-21T19:55:11.216+0000] {logging_mixin.py:117} INFO - [2022-09-21T19:55:11.216+0000] {dagbag.py:525} INFO - Filling up the DagBag from /opt/airflow/dags/extract.py
[2022-09-21T19:55:11.274+0000] {processor.py:768} INFO - DAG(s) dict_keys(['example_dag']) retrieved from /opt/airflow/dags/extract.py
[2022-09-21T19:55:11.675+0000] {logging_mixin.py:117} INFO - [2022-09-21T19:55:11.675+0000] {dag.py:2573} INFO - Sync 1 DAGs
[2022-09-21T19:55:11.722+0000] {logging_mixin.py:117} INFO - [2022-09-21T19:55:11.722+0000] {dag.py:3328} INFO - Setting next_dagrun for example_dag to 2016-01-01T00:00:00+00:00, run_after=2016-01-02T00:00:00+00:00
[2022-09-21T19:55:11.745+0000] {processor.py:178} INFO - Processing /opt/airflow/dags/extract.py took 0.538 seconds
[2022-09-21T19:55:41.955+0000] {processor.py:156} INFO - Started process (PID=100) to work on /opt/airflow/dags/extract.py
[2022-09-21T19:55:41.963+0000] {processor.py:758} INFO - Processing file /opt/airflow/dags/extract.py for tasks to queue
[2022-09-21T19:55:41.963+0000] {logging_mixin.py:117} INFO - [2022-09-21T19:55:41.963+0000] {dagbag.py:525} INFO - Filling up the DagBag from /opt/airflow/dags/extract.py
[2022-09-21T19:55:41.982+0000] {processor.py:768} INFO - DAG(s) dict_keys(['example_dag']) retrieved from /opt/airflow/dags/extract.py
[2022-09-21T19:55:42.240+0000] {logging_mixin.py:117} INFO - [2022-09-21T19:55:42.240+0000] {dag.py:2573} INFO - Sync 1 DAGs
[2022-09-21T19:55:42.296+0000] {logging_mixin.py:117} INFO - [2022-09-21T19:55:42.295+0000] {dag.py:3328} INFO - Setting next_dagrun for example_dag to 2016-01-01T00:00:00+00:00, run_after=2016-01-02T00:00:00+00:00
[2022-09-21T19:55:42.328+0000] {processor.py:178} INFO - Processing /opt/airflow/dags/extract.py took 0.377 seconds
[2022-09-21T19:56:12.578+0000] {processor.py:156} INFO - Started process (PID=119) to work on /opt/airflow/dags/extract.py
[2022-09-21T19:56:12.580+0000] {processor.py:758} INFO - Processing file /opt/airflow/dags/extract.py for tasks to queue
[2022-09-21T19:56:12.581+0000] {logging_mixin.py:117} INFO - [2022-09-21T19:56:12.581+0000] {dagbag.py:525} INFO - Filling up the DagBag from /opt/airflow/dags/extract.py
[2022-09-21T19:56:12.994+0000] {processor.py:768} INFO - DAG(s) dict_keys(['example_dag']) retrieved from /opt/airflow/dags/extract.py
[2022-09-21T19:56:13.041+0000] {logging_mixin.py:117} INFO - [2022-09-21T19:56:13.041+0000] {dag.py:2573} INFO - Sync 1 DAGs
[2022-09-21T19:56:13.078+0000] {logging_mixin.py:117} INFO - [2022-09-21T19:56:13.078+0000] {dag.py:3328} INFO - Setting next_dagrun for example_dag to 2016-01-01T00:00:00+00:00, run_after=2016-01-02T00:00:00+00:00
[2022-09-21T19:56:13.107+0000] {processor.py:178} INFO - Processing /opt/airflow/dags/extract.py took 0.540 seconds
[2022-09-21T19:56:43.330+0000] {processor.py:156} INFO - Started process (PID=146) to work on /opt/airflow/dags/extract.py
[2022-09-21T19:56:43.331+0000] {processor.py:758} INFO - Processing file /opt/airflow/dags/extract.py for tasks to queue
[2022-09-21T19:56:43.331+0000] {logging_mixin.py:117} INFO - [2022-09-21T19:56:43.331+0000] {dagbag.py:525} INFO - Filling up the DagBag from /opt/airflow/dags/extract.py
[2022-09-21T19:56:43.620+0000] {processor.py:768} INFO - DAG(s) dict_keys(['example_dag']) retrieved from /opt/airflow/dags/extract.py
[2022-09-21T19:56:43.667+0000] {logging_mixin.py:117} INFO - [2022-09-21T19:56:43.666+0000] {dag.py:2573} INFO - Sync 1 DAGs
[2022-09-21T19:56:43.704+0000] {logging_mixin.py:117} INFO - [2022-09-21T19:56:43.703+0000] {dag.py:3328} INFO - Setting next_dagrun for example_dag to 2016-01-01T00:00:00+00:00, run_after=2016-01-02T00:00:00+00:00
[2022-09-21T19:56:43.728+0000] {processor.py:178} INFO - Processing /opt/airflow/dags/extract.py took 0.402 seconds
[2022-09-21T19:57:13.929+0000] {processor.py:156} INFO - Started process (PID=165) to work on /opt/airflow/dags/extract.py
[2022-09-21T19:57:13.938+0000] {processor.py:758} INFO - Processing file /opt/airflow/dags/extract.py for tasks to queue
[2022-09-21T19:57:13.940+0000] {logging_mixin.py:117} INFO - [2022-09-21T19:57:13.939+0000] {dagbag.py:525} INFO - Filling up the DagBag from /opt/airflow/dags/extract.py
[2022-09-21T19:57:13.974+0000] {processor.py:768} INFO - DAG(s) dict_keys(['example_dag']) retrieved from /opt/airflow/dags/extract.py
[2022-09-21T19:57:14.026+0000] {logging_mixin.py:117} INFO - [2022-09-21T19:57:14.026+0000] {dag.py:2573} INFO - Sync 1 DAGs
[2022-09-21T19:57:14.062+0000] {logging_mixin.py:117} INFO - [2022-09-21T19:57:14.062+0000] {dag.py:3328} INFO - Setting next_dagrun for example_dag to 2016-01-01T00:00:00+00:00, run_after=2016-01-02T00:00:00+00:00
[2022-09-21T19:57:14.093+0000] {processor.py:178} INFO - Processing /opt/airflow/dags/extract.py took 0.167 seconds
[2022-09-21T19:57:35.065+0000] {processor.py:156} INFO - Started process (PID=184) to work on /opt/airflow/dags/extract.py
[2022-09-21T19:57:35.067+0000] {processor.py:758} INFO - Processing file /opt/airflow/dags/extract.py for tasks to queue
[2022-09-21T19:57:35.067+0000] {logging_mixin.py:117} INFO - [2022-09-21T19:57:35.067+0000] {dagbag.py:525} INFO - Filling up the DagBag from /opt/airflow/dags/extract.py
[2022-09-21T19:57:35.236+0000] {logging_mixin.py:117} INFO - [2022-09-21T19:57:35.234+0000] {dagbag.py:330} ERROR - Failed to import: /opt/airflow/dags/extract.py
Traceback (most recent call last):
  File "/home/airflow/.local/lib/python3.7/site-packages/airflow/models/dagbag.py", line 326, in parse
    loader.exec_module(new_module)
  File "<frozen importlib._bootstrap_external>", line 728, in exec_module
  File "<frozen importlib._bootstrap>", line 219, in _call_with_frames_removed
  File "/opt/airflow/dags/extract.py", line 60, in <module>
    html_content="<h3>Data migrated successfully</h3>",
  File "/home/airflow/.local/lib/python3.7/site-packages/airflow/models/baseoperator.py", line 408, in apply_defaults
    result = func(self, **kwargs, default_args=default_args)
  File "/home/airflow/.local/lib/python3.7/site-packages/airflow/operators/email.py", line 64, in __init__
    super().__init__(**kwargs)
  File "/home/airflow/.local/lib/python3.7/site-packages/airflow/models/baseoperator.py", line 408, in apply_defaults
    result = func(self, **kwargs, default_args=default_args)
TypeError: __init__() missing 1 required positional argument: 'task_id'
[2022-09-21T19:57:35.237+0000] {processor.py:770} WARNING - No viable dags retrieved from /opt/airflow/dags/extract.py
[2022-09-21T19:57:35.262+0000] {processor.py:178} INFO - Processing /opt/airflow/dags/extract.py took 0.200 seconds
[2022-09-21T19:58:05.443+0000] {processor.py:156} INFO - Started process (PID=203) to work on /opt/airflow/dags/extract.py
[2022-09-21T19:58:05.446+0000] {processor.py:758} INFO - Processing file /opt/airflow/dags/extract.py for tasks to queue
[2022-09-21T19:58:05.447+0000] {logging_mixin.py:117} INFO - [2022-09-21T19:58:05.446+0000] {dagbag.py:525} INFO - Filling up the DagBag from /opt/airflow/dags/extract.py
[2022-09-21T19:58:05.557+0000] {logging_mixin.py:117} INFO - [2022-09-21T19:58:05.555+0000] {dagbag.py:330} ERROR - Failed to import: /opt/airflow/dags/extract.py
Traceback (most recent call last):
  File "/home/airflow/.local/lib/python3.7/site-packages/airflow/models/dagbag.py", line 326, in parse
    loader.exec_module(new_module)
  File "<frozen importlib._bootstrap_external>", line 728, in exec_module
  File "<frozen importlib._bootstrap>", line 219, in _call_with_frames_removed
  File "/opt/airflow/dags/extract.py", line 60, in <module>
    html_content="<h3>Data migrated successfully</h3>",
  File "/home/airflow/.local/lib/python3.7/site-packages/airflow/models/baseoperator.py", line 408, in apply_defaults
    result = func(self, **kwargs, default_args=default_args)
  File "/home/airflow/.local/lib/python3.7/site-packages/airflow/operators/email.py", line 64, in __init__
    super().__init__(**kwargs)
  File "/home/airflow/.local/lib/python3.7/site-packages/airflow/models/baseoperator.py", line 408, in apply_defaults
    result = func(self, **kwargs, default_args=default_args)
TypeError: __init__() missing 1 required positional argument: 'task_id'
[2022-09-21T19:58:05.558+0000] {processor.py:770} WARNING - No viable dags retrieved from /opt/airflow/dags/extract.py
[2022-09-21T19:58:05.585+0000] {processor.py:178} INFO - Processing /opt/airflow/dags/extract.py took 0.151 seconds
[2022-09-21T19:58:35.668+0000] {processor.py:156} INFO - Started process (PID=231) to work on /opt/airflow/dags/extract.py
[2022-09-21T19:58:35.677+0000] {processor.py:758} INFO - Processing file /opt/airflow/dags/extract.py for tasks to queue
[2022-09-21T19:58:35.679+0000] {logging_mixin.py:117} INFO - [2022-09-21T19:58:35.678+0000] {dagbag.py:525} INFO - Filling up the DagBag from /opt/airflow/dags/extract.py
[2022-09-21T19:58:35.780+0000] {logging_mixin.py:117} INFO - [2022-09-21T19:58:35.778+0000] {dagbag.py:330} ERROR - Failed to import: /opt/airflow/dags/extract.py
Traceback (most recent call last):
  File "/home/airflow/.local/lib/python3.7/site-packages/airflow/models/dagbag.py", line 326, in parse
    loader.exec_module(new_module)
  File "<frozen importlib._bootstrap_external>", line 728, in exec_module
  File "<frozen importlib._bootstrap>", line 219, in _call_with_frames_removed
  File "/opt/airflow/dags/extract.py", line 60, in <module>
    html_content="<h3>Data migrated successfully</h3>",
  File "/home/airflow/.local/lib/python3.7/site-packages/airflow/models/baseoperator.py", line 408, in apply_defaults
    result = func(self, **kwargs, default_args=default_args)
  File "/home/airflow/.local/lib/python3.7/site-packages/airflow/operators/email.py", line 64, in __init__
    super().__init__(**kwargs)
  File "/home/airflow/.local/lib/python3.7/site-packages/airflow/models/baseoperator.py", line 408, in apply_defaults
    result = func(self, **kwargs, default_args=default_args)
TypeError: __init__() missing 1 required positional argument: 'task_id'
[2022-09-21T19:58:35.780+0000] {processor.py:770} WARNING - No viable dags retrieved from /opt/airflow/dags/extract.py
[2022-09-21T19:58:35.810+0000] {processor.py:178} INFO - Processing /opt/airflow/dags/extract.py took 0.152 seconds
[2022-09-21T19:59:06.015+0000] {processor.py:156} INFO - Started process (PID=250) to work on /opt/airflow/dags/extract.py
[2022-09-21T19:59:06.016+0000] {processor.py:758} INFO - Processing file /opt/airflow/dags/extract.py for tasks to queue
[2022-09-21T19:59:06.017+0000] {logging_mixin.py:117} INFO - [2022-09-21T19:59:06.016+0000] {dagbag.py:525} INFO - Filling up the DagBag from /opt/airflow/dags/extract.py
[2022-09-21T19:59:06.110+0000] {logging_mixin.py:117} INFO - [2022-09-21T19:59:06.108+0000] {dagbag.py:330} ERROR - Failed to import: /opt/airflow/dags/extract.py
Traceback (most recent call last):
  File "/home/airflow/.local/lib/python3.7/site-packages/airflow/models/dagbag.py", line 326, in parse
    loader.exec_module(new_module)
  File "<frozen importlib._bootstrap_external>", line 728, in exec_module
  File "<frozen importlib._bootstrap>", line 219, in _call_with_frames_removed
  File "/opt/airflow/dags/extract.py", line 60, in <module>
    html_content="<h3>Data migrated successfully</h3>",
  File "/home/airflow/.local/lib/python3.7/site-packages/airflow/models/baseoperator.py", line 408, in apply_defaults
    result = func(self, **kwargs, default_args=default_args)
  File "/home/airflow/.local/lib/python3.7/site-packages/airflow/operators/email.py", line 64, in __init__
    super().__init__(**kwargs)
  File "/home/airflow/.local/lib/python3.7/site-packages/airflow/models/baseoperator.py", line 408, in apply_defaults
    result = func(self, **kwargs, default_args=default_args)
TypeError: __init__() missing 1 required positional argument: 'task_id'
[2022-09-21T19:59:06.110+0000] {processor.py:770} WARNING - No viable dags retrieved from /opt/airflow/dags/extract.py
[2022-09-21T19:59:06.140+0000] {processor.py:178} INFO - Processing /opt/airflow/dags/extract.py took 0.129 seconds
[2022-09-21T19:59:36.222+0000] {processor.py:156} INFO - Started process (PID=277) to work on /opt/airflow/dags/extract.py
[2022-09-21T19:59:36.230+0000] {processor.py:758} INFO - Processing file /opt/airflow/dags/extract.py for tasks to queue
[2022-09-21T19:59:36.230+0000] {logging_mixin.py:117} INFO - [2022-09-21T19:59:36.230+0000] {dagbag.py:525} INFO - Filling up the DagBag from /opt/airflow/dags/extract.py
[2022-09-21T19:59:36.325+0000] {logging_mixin.py:117} INFO - [2022-09-21T19:59:36.323+0000] {dagbag.py:330} ERROR - Failed to import: /opt/airflow/dags/extract.py
Traceback (most recent call last):
  File "/home/airflow/.local/lib/python3.7/site-packages/airflow/models/dagbag.py", line 326, in parse
    loader.exec_module(new_module)
  File "<frozen importlib._bootstrap_external>", line 728, in exec_module
  File "<frozen importlib._bootstrap>", line 219, in _call_with_frames_removed
  File "/opt/airflow/dags/extract.py", line 60, in <module>
    html_content="<h3>Data migrated successfully</h3>",
  File "/home/airflow/.local/lib/python3.7/site-packages/airflow/models/baseoperator.py", line 408, in apply_defaults
    result = func(self, **kwargs, default_args=default_args)
  File "/home/airflow/.local/lib/python3.7/site-packages/airflow/operators/email.py", line 64, in __init__
    super().__init__(**kwargs)
  File "/home/airflow/.local/lib/python3.7/site-packages/airflow/models/baseoperator.py", line 408, in apply_defaults
    result = func(self, **kwargs, default_args=default_args)
TypeError: __init__() missing 1 required positional argument: 'task_id'
[2022-09-21T19:59:36.325+0000] {processor.py:770} WARNING - No viable dags retrieved from /opt/airflow/dags/extract.py
[2022-09-21T19:59:36.349+0000] {processor.py:178} INFO - Processing /opt/airflow/dags/extract.py took 0.132 seconds
[2022-09-21T20:00:06.567+0000] {processor.py:156} INFO - Started process (PID=295) to work on /opt/airflow/dags/extract.py
[2022-09-21T20:00:06.575+0000] {processor.py:758} INFO - Processing file /opt/airflow/dags/extract.py for tasks to queue
[2022-09-21T20:00:06.577+0000] {logging_mixin.py:117} INFO - [2022-09-21T20:00:06.576+0000] {dagbag.py:525} INFO - Filling up the DagBag from /opt/airflow/dags/extract.py
[2022-09-21T20:00:06.682+0000] {logging_mixin.py:117} INFO - [2022-09-21T20:00:06.680+0000] {dagbag.py:330} ERROR - Failed to import: /opt/airflow/dags/extract.py
Traceback (most recent call last):
  File "/home/airflow/.local/lib/python3.7/site-packages/airflow/models/dagbag.py", line 326, in parse
    loader.exec_module(new_module)
  File "<frozen importlib._bootstrap_external>", line 728, in exec_module
  File "<frozen importlib._bootstrap>", line 219, in _call_with_frames_removed
  File "/opt/airflow/dags/extract.py", line 60, in <module>
    html_content="<h3>Data migrated successfully</h3>",
  File "/home/airflow/.local/lib/python3.7/site-packages/airflow/models/baseoperator.py", line 408, in apply_defaults
    result = func(self, **kwargs, default_args=default_args)
  File "/home/airflow/.local/lib/python3.7/site-packages/airflow/operators/email.py", line 64, in __init__
    super().__init__(**kwargs)
  File "/home/airflow/.local/lib/python3.7/site-packages/airflow/models/baseoperator.py", line 408, in apply_defaults
    result = func(self, **kwargs, default_args=default_args)
TypeError: __init__() missing 1 required positional argument: 'task_id'
[2022-09-21T20:00:06.682+0000] {processor.py:770} WARNING - No viable dags retrieved from /opt/airflow/dags/extract.py
[2022-09-21T20:00:06.713+0000] {processor.py:178} INFO - Processing /opt/airflow/dags/extract.py took 0.150 seconds
[2022-09-21T20:00:36.780+0000] {processor.py:156} INFO - Started process (PID=323) to work on /opt/airflow/dags/extract.py
[2022-09-21T20:00:36.789+0000] {processor.py:758} INFO - Processing file /opt/airflow/dags/extract.py for tasks to queue
[2022-09-21T20:00:36.791+0000] {logging_mixin.py:117} INFO - [2022-09-21T20:00:36.790+0000] {dagbag.py:525} INFO - Filling up the DagBag from /opt/airflow/dags/extract.py
[2022-09-21T20:00:36.899+0000] {logging_mixin.py:117} INFO - [2022-09-21T20:00:36.897+0000] {dagbag.py:330} ERROR - Failed to import: /opt/airflow/dags/extract.py
Traceback (most recent call last):
  File "/home/airflow/.local/lib/python3.7/site-packages/airflow/models/dagbag.py", line 326, in parse
    loader.exec_module(new_module)
  File "<frozen importlib._bootstrap_external>", line 728, in exec_module
  File "<frozen importlib._bootstrap>", line 219, in _call_with_frames_removed
  File "/opt/airflow/dags/extract.py", line 60, in <module>
    html_content="<h3>Data migrated successfully</h3>",
  File "/home/airflow/.local/lib/python3.7/site-packages/airflow/models/baseoperator.py", line 408, in apply_defaults
    result = func(self, **kwargs, default_args=default_args)
  File "/home/airflow/.local/lib/python3.7/site-packages/airflow/operators/email.py", line 64, in __init__
    super().__init__(**kwargs)
  File "/home/airflow/.local/lib/python3.7/site-packages/airflow/models/baseoperator.py", line 408, in apply_defaults
    result = func(self, **kwargs, default_args=default_args)
TypeError: __init__() missing 1 required positional argument: 'task_id'
[2022-09-21T20:00:36.899+0000] {processor.py:770} WARNING - No viable dags retrieved from /opt/airflow/dags/extract.py
[2022-09-21T20:00:36.936+0000] {processor.py:178} INFO - Processing /opt/airflow/dags/extract.py took 0.162 seconds
[2022-09-21T20:01:07.117+0000] {processor.py:156} INFO - Started process (PID=341) to work on /opt/airflow/dags/extract.py
[2022-09-21T20:01:07.125+0000] {processor.py:758} INFO - Processing file /opt/airflow/dags/extract.py for tasks to queue
[2022-09-21T20:01:07.126+0000] {logging_mixin.py:117} INFO - [2022-09-21T20:01:07.126+0000] {dagbag.py:525} INFO - Filling up the DagBag from /opt/airflow/dags/extract.py
[2022-09-21T20:01:07.221+0000] {logging_mixin.py:117} INFO - [2022-09-21T20:01:07.220+0000] {dagbag.py:330} ERROR - Failed to import: /opt/airflow/dags/extract.py
Traceback (most recent call last):
  File "/home/airflow/.local/lib/python3.7/site-packages/airflow/models/dagbag.py", line 326, in parse
    loader.exec_module(new_module)
  File "<frozen importlib._bootstrap_external>", line 728, in exec_module
  File "<frozen importlib._bootstrap>", line 219, in _call_with_frames_removed
  File "/opt/airflow/dags/extract.py", line 60, in <module>
    html_content="<h3>Data migrated successfully</h3>",
  File "/home/airflow/.local/lib/python3.7/site-packages/airflow/models/baseoperator.py", line 408, in apply_defaults
    result = func(self, **kwargs, default_args=default_args)
  File "/home/airflow/.local/lib/python3.7/site-packages/airflow/operators/email.py", line 64, in __init__
    super().__init__(**kwargs)
  File "/home/airflow/.local/lib/python3.7/site-packages/airflow/models/baseoperator.py", line 408, in apply_defaults
    result = func(self, **kwargs, default_args=default_args)
TypeError: __init__() missing 1 required positional argument: 'task_id'
[2022-09-21T20:01:07.222+0000] {processor.py:770} WARNING - No viable dags retrieved from /opt/airflow/dags/extract.py
[2022-09-21T20:01:07.244+0000] {processor.py:178} INFO - Processing /opt/airflow/dags/extract.py took 0.131 seconds
[2022-09-21T20:01:37.366+0000] {processor.py:156} INFO - Started process (PID=369) to work on /opt/airflow/dags/extract.py
[2022-09-21T20:01:37.368+0000] {processor.py:758} INFO - Processing file /opt/airflow/dags/extract.py for tasks to queue
[2022-09-21T20:01:37.369+0000] {logging_mixin.py:117} INFO - [2022-09-21T20:01:37.369+0000] {dagbag.py:525} INFO - Filling up the DagBag from /opt/airflow/dags/extract.py
[2022-09-21T20:01:37.472+0000] {logging_mixin.py:117} INFO - [2022-09-21T20:01:37.470+0000] {dagbag.py:330} ERROR - Failed to import: /opt/airflow/dags/extract.py
Traceback (most recent call last):
  File "/home/airflow/.local/lib/python3.7/site-packages/airflow/models/dagbag.py", line 326, in parse
    loader.exec_module(new_module)
  File "<frozen importlib._bootstrap_external>", line 728, in exec_module
  File "<frozen importlib._bootstrap>", line 219, in _call_with_frames_removed
  File "/opt/airflow/dags/extract.py", line 60, in <module>
    html_content="<h3>Data migrated successfully</h3>",
  File "/home/airflow/.local/lib/python3.7/site-packages/airflow/models/baseoperator.py", line 408, in apply_defaults
    result = func(self, **kwargs, default_args=default_args)
  File "/home/airflow/.local/lib/python3.7/site-packages/airflow/operators/email.py", line 64, in __init__
    super().__init__(**kwargs)
  File "/home/airflow/.local/lib/python3.7/site-packages/airflow/models/baseoperator.py", line 408, in apply_defaults
    result = func(self, **kwargs, default_args=default_args)
TypeError: __init__() missing 1 required positional argument: 'task_id'
[2022-09-21T20:01:37.472+0000] {processor.py:770} WARNING - No viable dags retrieved from /opt/airflow/dags/extract.py
[2022-09-21T20:01:37.497+0000] {processor.py:178} INFO - Processing /opt/airflow/dags/extract.py took 0.136 seconds
[2022-09-21T20:01:47.525+0000] {processor.py:156} INFO - Started process (PID=380) to work on /opt/airflow/dags/extract.py
[2022-09-21T20:01:47.526+0000] {processor.py:758} INFO - Processing file /opt/airflow/dags/extract.py for tasks to queue
[2022-09-21T20:01:47.527+0000] {logging_mixin.py:117} INFO - [2022-09-21T20:01:47.527+0000] {dagbag.py:525} INFO - Filling up the DagBag from /opt/airflow/dags/extract.py
[2022-09-21T20:01:47.701+0000] {processor.py:768} INFO - DAG(s) dict_keys(['extract']) retrieved from /opt/airflow/dags/extract.py
[2022-09-21T20:01:47.854+0000] {logging_mixin.py:117} INFO - [2022-09-21T20:01:47.854+0000] {manager.py:508} INFO - Created Permission View: can read on DAG:extract
[2022-09-21T20:01:47.867+0000] {logging_mixin.py:117} INFO - [2022-09-21T20:01:47.866+0000] {manager.py:508} INFO - Created Permission View: can edit on DAG:extract
[2022-09-21T20:01:47.876+0000] {logging_mixin.py:117} INFO - [2022-09-21T20:01:47.876+0000] {manager.py:508} INFO - Created Permission View: can delete on DAG:extract
[2022-09-21T20:01:47.877+0000] {logging_mixin.py:117} INFO - [2022-09-21T20:01:47.876+0000] {dag.py:2573} INFO - Sync 1 DAGs
[2022-09-21T20:01:47.897+0000] {logging_mixin.py:117} INFO - [2022-09-21T20:01:47.897+0000] {dag.py:2594} INFO - Creating ORM DAG for extract
[2022-09-21T20:01:47.914+0000] {logging_mixin.py:117} INFO - [2022-09-21T20:01:47.914+0000] {dag.py:3328} INFO - Setting next_dagrun for extract to None, run_after=None
[2022-09-21T20:01:47.937+0000] {processor.py:178} INFO - Processing /opt/airflow/dags/extract.py took 0.416 seconds
[2022-09-21T20:02:34.837+0000] {processor.py:156} INFO - Started process (PID=48) to work on /opt/airflow/dags/extract.py
[2022-09-21T20:02:34.839+0000] {processor.py:758} INFO - Processing file /opt/airflow/dags/extract.py for tasks to queue
[2022-09-21T20:02:34.840+0000] {logging_mixin.py:117} INFO - [2022-09-21T20:02:34.840+0000] {dagbag.py:525} INFO - Filling up the DagBag from /opt/airflow/dags/extract.py
[2022-09-21T20:02:35.441+0000] {processor.py:768} INFO - DAG(s) dict_keys(['extract']) retrieved from /opt/airflow/dags/extract.py
[2022-09-21T20:02:35.636+0000] {logging_mixin.py:117} INFO - [2022-09-21T20:02:35.636+0000] {dag.py:2573} INFO - Sync 1 DAGs
[2022-09-21T20:02:35.696+0000] {logging_mixin.py:117} INFO - [2022-09-21T20:02:35.696+0000] {dag.py:3328} INFO - Setting next_dagrun for extract to None, run_after=None
[2022-09-21T20:02:35.736+0000] {processor.py:178} INFO - Processing /opt/airflow/dags/extract.py took 0.907 seconds
[2022-09-21T20:02:42.819+0000] {processor.py:156} INFO - Started process (PID=52) to work on /opt/airflow/dags/extract.py
[2022-09-21T20:02:42.823+0000] {processor.py:758} INFO - Processing file /opt/airflow/dags/extract.py for tasks to queue
[2022-09-21T20:02:42.824+0000] {logging_mixin.py:117} INFO - [2022-09-21T20:02:42.824+0000] {dagbag.py:525} INFO - Filling up the DagBag from /opt/airflow/dags/extract.py
[2022-09-21T20:02:43.329+0000] {processor.py:768} INFO - DAG(s) dict_keys(['extract']) retrieved from /opt/airflow/dags/extract.py
[2022-09-21T20:02:43.388+0000] {logging_mixin.py:117} INFO - [2022-09-21T20:02:43.387+0000] {dag.py:2573} INFO - Sync 1 DAGs
[2022-09-21T20:02:43.473+0000] {logging_mixin.py:117} INFO - [2022-09-21T20:02:43.473+0000] {dag.py:3328} INFO - Setting next_dagrun for extract to None, run_after=None
[2022-09-21T20:02:43.514+0000] {processor.py:178} INFO - Processing /opt/airflow/dags/extract.py took 0.706 seconds
[2022-09-21T20:03:14.003+0000] {processor.py:156} INFO - Started process (PID=83) to work on /opt/airflow/dags/extract.py
[2022-09-21T20:03:14.005+0000] {processor.py:758} INFO - Processing file /opt/airflow/dags/extract.py for tasks to queue
[2022-09-21T20:03:14.007+0000] {logging_mixin.py:117} INFO - [2022-09-21T20:03:14.006+0000] {dagbag.py:525} INFO - Filling up the DagBag from /opt/airflow/dags/extract.py
[2022-09-21T20:03:14.337+0000] {processor.py:768} INFO - DAG(s) dict_keys(['extract']) retrieved from /opt/airflow/dags/extract.py
[2022-09-21T20:03:14.441+0000] {logging_mixin.py:117} INFO - [2022-09-21T20:03:14.441+0000] {dag.py:2573} INFO - Sync 1 DAGs
[2022-09-21T20:03:14.473+0000] {logging_mixin.py:117} INFO - [2022-09-21T20:03:14.473+0000] {dag.py:3328} INFO - Setting next_dagrun for extract to None, run_after=None
[2022-09-21T20:03:14.499+0000] {processor.py:178} INFO - Processing /opt/airflow/dags/extract.py took 0.501 seconds
[2022-09-21T20:03:44.592+0000] {processor.py:156} INFO - Started process (PID=103) to work on /opt/airflow/dags/extract.py
[2022-09-21T20:03:44.594+0000] {processor.py:758} INFO - Processing file /opt/airflow/dags/extract.py for tasks to queue
[2022-09-21T20:03:44.595+0000] {logging_mixin.py:117} INFO - [2022-09-21T20:03:44.595+0000] {dagbag.py:525} INFO - Filling up the DagBag from /opt/airflow/dags/extract.py
[2022-09-21T20:03:44.854+0000] {processor.py:768} INFO - DAG(s) dict_keys(['extract']) retrieved from /opt/airflow/dags/extract.py
[2022-09-21T20:03:44.899+0000] {logging_mixin.py:117} INFO - [2022-09-21T20:03:44.899+0000] {dag.py:2573} INFO - Sync 1 DAGs
[2022-09-21T20:03:44.932+0000] {logging_mixin.py:117} INFO - [2022-09-21T20:03:44.932+0000] {dag.py:3328} INFO - Setting next_dagrun for extract to None, run_after=None
[2022-09-21T20:03:44.963+0000] {processor.py:178} INFO - Processing /opt/airflow/dags/extract.py took 0.375 seconds
[2022-09-21T20:04:15.177+0000] {processor.py:156} INFO - Started process (PID=131) to work on /opt/airflow/dags/extract.py
[2022-09-21T20:04:15.186+0000] {processor.py:758} INFO - Processing file /opt/airflow/dags/extract.py for tasks to queue
[2022-09-21T20:04:15.187+0000] {logging_mixin.py:117} INFO - [2022-09-21T20:04:15.187+0000] {dagbag.py:525} INFO - Filling up the DagBag from /opt/airflow/dags/extract.py
[2022-09-21T20:04:15.468+0000] {processor.py:768} INFO - DAG(s) dict_keys(['extract']) retrieved from /opt/airflow/dags/extract.py
[2022-09-21T20:04:15.520+0000] {logging_mixin.py:117} INFO - [2022-09-21T20:04:15.520+0000] {dag.py:2573} INFO - Sync 1 DAGs
[2022-09-21T20:04:15.561+0000] {logging_mixin.py:117} INFO - [2022-09-21T20:04:15.561+0000] {dag.py:3328} INFO - Setting next_dagrun for extract to None, run_after=None
[2022-09-21T20:04:15.587+0000] {processor.py:178} INFO - Processing /opt/airflow/dags/extract.py took 0.416 seconds
[2022-09-21T20:04:45.815+0000] {processor.py:156} INFO - Started process (PID=150) to work on /opt/airflow/dags/extract.py
[2022-09-21T20:04:45.966+0000] {processor.py:758} INFO - Processing file /opt/airflow/dags/extract.py for tasks to queue
[2022-09-21T20:04:45.967+0000] {logging_mixin.py:117} INFO - [2022-09-21T20:04:45.966+0000] {dagbag.py:525} INFO - Filling up the DagBag from /opt/airflow/dags/extract.py
[2022-09-21T20:04:46.056+0000] {processor.py:768} INFO - DAG(s) dict_keys(['extract']) retrieved from /opt/airflow/dags/extract.py
[2022-09-21T20:04:46.100+0000] {logging_mixin.py:117} INFO - [2022-09-21T20:04:46.100+0000] {dag.py:2573} INFO - Sync 1 DAGs
[2022-09-21T20:04:46.132+0000] {logging_mixin.py:117} INFO - [2022-09-21T20:04:46.132+0000] {dag.py:3328} INFO - Setting next_dagrun for extract to None, run_after=None
[2022-09-21T20:04:46.163+0000] {processor.py:178} INFO - Processing /opt/airflow/dags/extract.py took 0.352 seconds
[2022-09-21T20:05:16.546+0000] {processor.py:156} INFO - Started process (PID=177) to work on /opt/airflow/dags/extract.py
[2022-09-21T20:05:16.555+0000] {processor.py:758} INFO - Processing file /opt/airflow/dags/extract.py for tasks to queue
[2022-09-21T20:05:16.555+0000] {logging_mixin.py:117} INFO - [2022-09-21T20:05:16.555+0000] {dagbag.py:525} INFO - Filling up the DagBag from /opt/airflow/dags/extract.py
[2022-09-21T20:05:16.673+0000] {processor.py:768} INFO - DAG(s) dict_keys(['extract']) retrieved from /opt/airflow/dags/extract.py
[2022-09-21T20:05:16.744+0000] {logging_mixin.py:117} INFO - [2022-09-21T20:05:16.743+0000] {dag.py:2573} INFO - Sync 1 DAGs
[2022-09-21T20:05:16.792+0000] {logging_mixin.py:117} INFO - [2022-09-21T20:05:16.792+0000] {dag.py:3328} INFO - Setting next_dagrun for extract to None, run_after=None
[2022-09-21T20:05:16.832+0000] {processor.py:178} INFO - Processing /opt/airflow/dags/extract.py took 0.291 seconds
[2022-09-21T20:05:47.083+0000] {processor.py:156} INFO - Started process (PID=196) to work on /opt/airflow/dags/extract.py
[2022-09-21T20:05:47.092+0000] {processor.py:758} INFO - Processing file /opt/airflow/dags/extract.py for tasks to queue
[2022-09-21T20:05:47.093+0000] {logging_mixin.py:117} INFO - [2022-09-21T20:05:47.093+0000] {dagbag.py:525} INFO - Filling up the DagBag from /opt/airflow/dags/extract.py
[2022-09-21T20:05:47.225+0000] {processor.py:768} INFO - DAG(s) dict_keys(['extract']) retrieved from /opt/airflow/dags/extract.py
[2022-09-21T20:05:47.367+0000] {logging_mixin.py:117} INFO - [2022-09-21T20:05:47.367+0000] {dag.py:2573} INFO - Sync 1 DAGs
[2022-09-21T20:05:47.414+0000] {logging_mixin.py:117} INFO - [2022-09-21T20:05:47.413+0000] {dag.py:3328} INFO - Setting next_dagrun for extract to None, run_after=None
[2022-09-21T20:05:47.454+0000] {processor.py:178} INFO - Processing /opt/airflow/dags/extract.py took 0.380 seconds
[2022-09-21T20:06:17.680+0000] {processor.py:156} INFO - Started process (PID=224) to work on /opt/airflow/dags/extract.py
[2022-09-21T20:06:17.681+0000] {processor.py:758} INFO - Processing file /opt/airflow/dags/extract.py for tasks to queue
[2022-09-21T20:06:17.682+0000] {logging_mixin.py:117} INFO - [2022-09-21T20:06:17.682+0000] {dagbag.py:525} INFO - Filling up the DagBag from /opt/airflow/dags/extract.py
[2022-09-21T20:06:17.790+0000] {processor.py:768} INFO - DAG(s) dict_keys(['extract']) retrieved from /opt/airflow/dags/extract.py
[2022-09-21T20:06:17.841+0000] {logging_mixin.py:117} INFO - [2022-09-21T20:06:17.841+0000] {dag.py:2573} INFO - Sync 1 DAGs
[2022-09-21T20:06:17.877+0000] {logging_mixin.py:117} INFO - [2022-09-21T20:06:17.877+0000] {dag.py:3328} INFO - Setting next_dagrun for extract to None, run_after=None
[2022-09-21T20:06:17.909+0000] {processor.py:178} INFO - Processing /opt/airflow/dags/extract.py took 0.235 seconds
[2022-09-21T20:06:48.142+0000] {processor.py:156} INFO - Started process (PID=243) to work on /opt/airflow/dags/extract.py
[2022-09-21T20:06:48.150+0000] {processor.py:758} INFO - Processing file /opt/airflow/dags/extract.py for tasks to queue
[2022-09-21T20:06:48.151+0000] {logging_mixin.py:117} INFO - [2022-09-21T20:06:48.151+0000] {dagbag.py:525} INFO - Filling up the DagBag from /opt/airflow/dags/extract.py
[2022-09-21T20:06:48.251+0000] {processor.py:768} INFO - DAG(s) dict_keys(['extract']) retrieved from /opt/airflow/dags/extract.py
[2022-09-21T20:06:48.302+0000] {logging_mixin.py:117} INFO - [2022-09-21T20:06:48.302+0000] {dag.py:2573} INFO - Sync 1 DAGs
[2022-09-21T20:06:48.337+0000] {logging_mixin.py:117} INFO - [2022-09-21T20:06:48.337+0000] {dag.py:3328} INFO - Setting next_dagrun for extract to None, run_after=None
[2022-09-21T20:06:48.367+0000] {processor.py:178} INFO - Processing /opt/airflow/dags/extract.py took 0.229 seconds
[2022-09-21T20:07:18.504+0000] {processor.py:156} INFO - Started process (PID=271) to work on /opt/airflow/dags/extract.py
[2022-09-21T20:07:18.515+0000] {processor.py:758} INFO - Processing file /opt/airflow/dags/extract.py for tasks to queue
[2022-09-21T20:07:18.519+0000] {logging_mixin.py:117} INFO - [2022-09-21T20:07:18.519+0000] {dagbag.py:525} INFO - Filling up the DagBag from /opt/airflow/dags/extract.py
[2022-09-21T20:07:19.721+0000] {processor.py:768} INFO - DAG(s) dict_keys(['extract']) retrieved from /opt/airflow/dags/extract.py
[2022-09-21T20:07:20.791+0000] {logging_mixin.py:117} INFO - [2022-09-21T20:07:20.791+0000] {dag.py:2573} INFO - Sync 1 DAGs
[2022-09-21T20:07:21.039+0000] {logging_mixin.py:117} INFO - [2022-09-21T20:07:21.038+0000] {dag.py:3328} INFO - Setting next_dagrun for extract to None, run_after=None
[2022-09-21T20:07:21.294+0000] {processor.py:178} INFO - Processing /opt/airflow/dags/extract.py took 2.813 seconds
[2022-09-21T20:07:52.494+0000] {processor.py:156} INFO - Started process (PID=281) to work on /opt/airflow/dags/extract.py
[2022-09-21T20:07:52.505+0000] {processor.py:758} INFO - Processing file /opt/airflow/dags/extract.py for tasks to queue
[2022-09-21T20:07:52.506+0000] {logging_mixin.py:117} INFO - [2022-09-21T20:07:52.505+0000] {dagbag.py:525} INFO - Filling up the DagBag from /opt/airflow/dags/extract.py
[2022-09-21T20:07:53.743+0000] {processor.py:768} INFO - DAG(s) dict_keys(['extract']) retrieved from /opt/airflow/dags/extract.py
[2022-09-21T20:07:54.030+0000] {logging_mixin.py:117} INFO - [2022-09-21T20:07:54.030+0000] {dag.py:2573} INFO - Sync 1 DAGs
[2022-09-21T20:07:54.163+0000] {logging_mixin.py:117} INFO - [2022-09-21T20:07:54.163+0000] {dag.py:3328} INFO - Setting next_dagrun for extract to None, run_after=None
[2022-09-21T20:07:54.203+0000] {processor.py:178} INFO - Processing /opt/airflow/dags/extract.py took 1.748 seconds
[2022-09-21T20:08:25.164+0000] {processor.py:156} INFO - Started process (PID=300) to work on /opt/airflow/dags/extract.py
[2022-09-21T20:08:25.167+0000] {processor.py:758} INFO - Processing file /opt/airflow/dags/extract.py for tasks to queue
[2022-09-21T20:08:25.168+0000] {logging_mixin.py:117} INFO - [2022-09-21T20:08:25.168+0000] {dagbag.py:525} INFO - Filling up the DagBag from /opt/airflow/dags/extract.py
[2022-09-21T20:08:33.581+0000] {processor.py:768} INFO - DAG(s) dict_keys(['extract']) retrieved from /opt/airflow/dags/extract.py
[2022-09-21T20:08:33.846+0000] {logging_mixin.py:117} INFO - [2022-09-21T20:08:33.846+0000] {dag.py:2573} INFO - Sync 1 DAGs
[2022-09-21T20:08:33.924+0000] {logging_mixin.py:117} INFO - [2022-09-21T20:08:33.923+0000] {dag.py:3328} INFO - Setting next_dagrun for extract to None, run_after=None
[2022-09-21T20:08:33.961+0000] {processor.py:178} INFO - Processing /opt/airflow/dags/extract.py took 8.841 seconds
[2022-09-21T20:09:04.212+0000] {processor.py:156} INFO - Started process (PID=327) to work on /opt/airflow/dags/extract.py
[2022-09-21T20:09:04.214+0000] {processor.py:758} INFO - Processing file /opt/airflow/dags/extract.py for tasks to queue
[2022-09-21T20:09:04.214+0000] {logging_mixin.py:117} INFO - [2022-09-21T20:09:04.214+0000] {dagbag.py:525} INFO - Filling up the DagBag from /opt/airflow/dags/extract.py
[2022-09-21T20:09:04.444+0000] {processor.py:768} INFO - DAG(s) dict_keys(['extract']) retrieved from /opt/airflow/dags/extract.py
[2022-09-21T20:09:04.514+0000] {logging_mixin.py:117} INFO - [2022-09-21T20:09:04.514+0000] {dag.py:2573} INFO - Sync 1 DAGs
[2022-09-21T20:09:04.557+0000] {logging_mixin.py:117} INFO - [2022-09-21T20:09:04.556+0000] {dag.py:3328} INFO - Setting next_dagrun for extract to None, run_after=None
[2022-09-21T20:09:04.583+0000] {processor.py:178} INFO - Processing /opt/airflow/dags/extract.py took 0.378 seconds
[2022-09-21T20:09:34.775+0000] {processor.py:156} INFO - Started process (PID=346) to work on /opt/airflow/dags/extract.py
[2022-09-21T20:09:34.777+0000] {processor.py:758} INFO - Processing file /opt/airflow/dags/extract.py for tasks to queue
[2022-09-21T20:09:34.777+0000] {logging_mixin.py:117} INFO - [2022-09-21T20:09:34.777+0000] {dagbag.py:525} INFO - Filling up the DagBag from /opt/airflow/dags/extract.py
[2022-09-21T20:09:34.920+0000] {processor.py:768} INFO - DAG(s) dict_keys(['extract']) retrieved from /opt/airflow/dags/extract.py
[2022-09-21T20:09:34.980+0000] {logging_mixin.py:117} INFO - [2022-09-21T20:09:34.980+0000] {dag.py:2573} INFO - Sync 1 DAGs
[2022-09-21T20:09:35.018+0000] {logging_mixin.py:117} INFO - [2022-09-21T20:09:35.018+0000] {dag.py:3328} INFO - Setting next_dagrun for extract to None, run_after=None
[2022-09-21T20:09:35.043+0000] {processor.py:178} INFO - Processing /opt/airflow/dags/extract.py took 0.272 seconds
[2022-09-21T20:10:05.255+0000] {processor.py:156} INFO - Started process (PID=374) to work on /opt/airflow/dags/extract.py
[2022-09-21T20:10:05.257+0000] {processor.py:758} INFO - Processing file /opt/airflow/dags/extract.py for tasks to queue
[2022-09-21T20:10:05.259+0000] {logging_mixin.py:117} INFO - [2022-09-21T20:10:05.259+0000] {dagbag.py:525} INFO - Filling up the DagBag from /opt/airflow/dags/extract.py
[2022-09-21T20:10:05.430+0000] {processor.py:768} INFO - DAG(s) dict_keys(['extract']) retrieved from /opt/airflow/dags/extract.py
[2022-09-21T20:10:05.492+0000] {logging_mixin.py:117} INFO - [2022-09-21T20:10:05.492+0000] {dag.py:2573} INFO - Sync 1 DAGs
[2022-09-21T20:10:05.528+0000] {logging_mixin.py:117} INFO - [2022-09-21T20:10:05.528+0000] {dag.py:3328} INFO - Setting next_dagrun for extract to None, run_after=None
[2022-09-21T20:10:05.552+0000] {processor.py:178} INFO - Processing /opt/airflow/dags/extract.py took 0.305 seconds
[2022-09-21T20:10:35.758+0000] {processor.py:156} INFO - Started process (PID=393) to work on /opt/airflow/dags/extract.py
[2022-09-21T20:10:35.761+0000] {processor.py:758} INFO - Processing file /opt/airflow/dags/extract.py for tasks to queue
[2022-09-21T20:10:35.762+0000] {logging_mixin.py:117} INFO - [2022-09-21T20:10:35.762+0000] {dagbag.py:525} INFO - Filling up the DagBag from /opt/airflow/dags/extract.py
[2022-09-21T20:10:35.930+0000] {processor.py:768} INFO - DAG(s) dict_keys(['extract']) retrieved from /opt/airflow/dags/extract.py
[2022-09-21T20:10:36.010+0000] {logging_mixin.py:117} INFO - [2022-09-21T20:10:36.010+0000] {dag.py:2573} INFO - Sync 1 DAGs
[2022-09-21T20:10:36.048+0000] {logging_mixin.py:117} INFO - [2022-09-21T20:10:36.048+0000] {dag.py:3328} INFO - Setting next_dagrun for extract to None, run_after=None
[2022-09-21T20:10:36.074+0000] {processor.py:178} INFO - Processing /opt/airflow/dags/extract.py took 0.326 seconds
[2022-09-21T20:12:39.408+0000] {processor.py:156} INFO - Started process (PID=403) to work on /opt/airflow/dags/extract.py
[2022-09-21T20:12:39.424+0000] {processor.py:758} INFO - Processing file /opt/airflow/dags/extract.py for tasks to queue
[2022-09-21T20:12:39.434+0000] {logging_mixin.py:117} INFO - [2022-09-21T20:12:39.434+0000] {dagbag.py:525} INFO - Filling up the DagBag from /opt/airflow/dags/extract.py
[2022-09-21T20:12:41.608+0000] {processor.py:768} INFO - DAG(s) dict_keys(['extract']) retrieved from /opt/airflow/dags/extract.py
[2022-09-21T20:12:46.069+0000] {logging_mixin.py:117} INFO - [2022-09-21T20:12:45.927+0000] {dag.py:2573} INFO - Sync 1 DAGs
[2022-09-21T20:13:59.548+0000] {processor.py:156} INFO - Started process (PID=413) to work on /opt/airflow/dags/extract.py
[2022-09-21T20:13:59.562+0000] {processor.py:758} INFO - Processing file /opt/airflow/dags/extract.py for tasks to queue
[2022-09-21T20:13:59.563+0000] {logging_mixin.py:117} INFO - [2022-09-21T20:13:59.563+0000] {dagbag.py:525} INFO - Filling up the DagBag from /opt/airflow/dags/extract.py
[2022-09-21T20:14:01.338+0000] {processor.py:768} INFO - DAG(s) dict_keys(['extract']) retrieved from /opt/airflow/dags/extract.py
[2022-09-21T20:14:02.260+0000] {logging_mixin.py:117} INFO - [2022-09-21T20:14:02.250+0000] {dag.py:2573} INFO - Sync 1 DAGs
[2022-09-21T20:14:02.526+0000] {logging_mixin.py:117} INFO - [2022-09-21T20:14:02.523+0000] {dag.py:3328} INFO - Setting next_dagrun for extract to None, run_after=None
[2022-09-21T20:14:02.751+0000] {processor.py:178} INFO - Processing /opt/airflow/dags/extract.py took 3.257 seconds
[2022-09-21T20:14:48.725+0000] {processor.py:156} INFO - Started process (PID=421) to work on /opt/airflow/dags/extract.py
[2022-09-21T20:14:54.880+0000] {processor.py:758} INFO - Processing file /opt/airflow/dags/extract.py for tasks to queue
[2022-09-21T20:14:54.978+0000] {logging_mixin.py:117} INFO - [2022-09-21T20:14:54.967+0000] {dagbag.py:525} INFO - Filling up the DagBag from /opt/airflow/dags/extract.py
[2022-09-21T20:15:19.938+0000] {processor.py:768} INFO - DAG(s) dict_keys(['extract']) retrieved from /opt/airflow/dags/extract.py
[2022-09-21T20:15:20.734+0000] {logging_mixin.py:117} INFO - [2022-09-21T20:15:20.728+0000] {dag.py:2573} INFO - Sync 1 DAGs
[2022-09-21T20:15:20.866+0000] {logging_mixin.py:117} INFO - [2022-09-21T20:15:20.866+0000] {dag.py:3328} INFO - Setting next_dagrun for extract to None, run_after=None
[2022-09-21T20:15:20.917+0000] {processor.py:178} INFO - Processing /opt/airflow/dags/extract.py took 41.381 seconds
[2022-09-21T20:15:51.126+0000] {processor.py:156} INFO - Started process (PID=442) to work on /opt/airflow/dags/extract.py
[2022-09-21T20:15:51.127+0000] {processor.py:758} INFO - Processing file /opt/airflow/dags/extract.py for tasks to queue
[2022-09-21T20:15:51.128+0000] {logging_mixin.py:117} INFO - [2022-09-21T20:15:51.128+0000] {dagbag.py:525} INFO - Filling up the DagBag from /opt/airflow/dags/extract.py
[2022-09-21T20:15:51.270+0000] {processor.py:768} INFO - DAG(s) dict_keys(['extract']) retrieved from /opt/airflow/dags/extract.py
[2022-09-21T20:15:51.337+0000] {logging_mixin.py:117} INFO - [2022-09-21T20:15:51.336+0000] {dag.py:2573} INFO - Sync 1 DAGs
[2022-09-21T20:15:51.371+0000] {logging_mixin.py:117} INFO - [2022-09-21T20:15:51.371+0000] {dag.py:3328} INFO - Setting next_dagrun for extract to None, run_after=None
[2022-09-21T20:15:51.396+0000] {processor.py:178} INFO - Processing /opt/airflow/dags/extract.py took 0.275 seconds
[2022-09-21T20:16:21.586+0000] {processor.py:156} INFO - Started process (PID=470) to work on /opt/airflow/dags/extract.py
[2022-09-21T20:16:21.587+0000] {processor.py:758} INFO - Processing file /opt/airflow/dags/extract.py for tasks to queue
[2022-09-21T20:16:21.587+0000] {logging_mixin.py:117} INFO - [2022-09-21T20:16:21.587+0000] {dagbag.py:525} INFO - Filling up the DagBag from /opt/airflow/dags/extract.py
[2022-09-21T20:16:21.688+0000] {processor.py:768} INFO - DAG(s) dict_keys(['extract']) retrieved from /opt/airflow/dags/extract.py
[2022-09-21T20:16:21.738+0000] {logging_mixin.py:117} INFO - [2022-09-21T20:16:21.738+0000] {dag.py:2573} INFO - Sync 1 DAGs
[2022-09-21T20:16:21.784+0000] {logging_mixin.py:117} INFO - [2022-09-21T20:16:21.783+0000] {dag.py:3328} INFO - Setting next_dagrun for extract to None, run_after=None
[2022-09-21T20:16:21.807+0000] {processor.py:178} INFO - Processing /opt/airflow/dags/extract.py took 0.225 seconds
[2022-09-21T20:16:51.997+0000] {processor.py:156} INFO - Started process (PID=488) to work on /opt/airflow/dags/extract.py
[2022-09-21T20:16:51.998+0000] {processor.py:758} INFO - Processing file /opt/airflow/dags/extract.py for tasks to queue
[2022-09-21T20:16:51.999+0000] {logging_mixin.py:117} INFO - [2022-09-21T20:16:51.999+0000] {dagbag.py:525} INFO - Filling up the DagBag from /opt/airflow/dags/extract.py
[2022-09-21T20:16:52.101+0000] {processor.py:768} INFO - DAG(s) dict_keys(['extract']) retrieved from /opt/airflow/dags/extract.py
[2022-09-21T20:16:52.151+0000] {logging_mixin.py:117} INFO - [2022-09-21T20:16:52.151+0000] {dag.py:2573} INFO - Sync 1 DAGs
[2022-09-21T20:16:52.187+0000] {logging_mixin.py:117} INFO - [2022-09-21T20:16:52.187+0000] {dag.py:3328} INFO - Setting next_dagrun for extract to None, run_after=None
[2022-09-21T20:16:52.217+0000] {processor.py:178} INFO - Processing /opt/airflow/dags/extract.py took 0.224 seconds
[2022-09-21T20:17:22.430+0000] {processor.py:156} INFO - Started process (PID=516) to work on /opt/airflow/dags/extract.py
[2022-09-21T20:17:22.438+0000] {processor.py:758} INFO - Processing file /opt/airflow/dags/extract.py for tasks to queue
[2022-09-21T20:17:22.439+0000] {logging_mixin.py:117} INFO - [2022-09-21T20:17:22.439+0000] {dagbag.py:525} INFO - Filling up the DagBag from /opt/airflow/dags/extract.py
[2022-09-21T20:17:22.544+0000] {processor.py:768} INFO - DAG(s) dict_keys(['extract']) retrieved from /opt/airflow/dags/extract.py
[2022-09-21T20:17:22.606+0000] {logging_mixin.py:117} INFO - [2022-09-21T20:17:22.605+0000] {dag.py:2573} INFO - Sync 1 DAGs
[2022-09-21T20:17:22.658+0000] {logging_mixin.py:117} INFO - [2022-09-21T20:17:22.657+0000] {dag.py:3328} INFO - Setting next_dagrun for extract to None, run_after=None
[2022-09-21T20:17:22.690+0000] {processor.py:178} INFO - Processing /opt/airflow/dags/extract.py took 0.263 seconds
[2022-09-21T20:17:52.884+0000] {processor.py:156} INFO - Started process (PID=535) to work on /opt/airflow/dags/extract.py
[2022-09-21T20:17:52.887+0000] {processor.py:758} INFO - Processing file /opt/airflow/dags/extract.py for tasks to queue
[2022-09-21T20:17:52.888+0000] {logging_mixin.py:117} INFO - [2022-09-21T20:17:52.888+0000] {dagbag.py:525} INFO - Filling up the DagBag from /opt/airflow/dags/extract.py
[2022-09-21T20:17:53.066+0000] {processor.py:768} INFO - DAG(s) dict_keys(['extract']) retrieved from /opt/airflow/dags/extract.py
[2022-09-21T20:17:53.139+0000] {logging_mixin.py:117} INFO - [2022-09-21T20:17:53.139+0000] {dag.py:2573} INFO - Sync 1 DAGs
[2022-09-21T20:17:53.181+0000] {logging_mixin.py:117} INFO - [2022-09-21T20:17:53.181+0000] {dag.py:3328} INFO - Setting next_dagrun for extract to None, run_after=None
[2022-09-21T20:17:53.209+0000] {processor.py:178} INFO - Processing /opt/airflow/dags/extract.py took 0.335 seconds
[2022-09-21T20:18:23.383+0000] {processor.py:156} INFO - Started process (PID=554) to work on /opt/airflow/dags/extract.py
[2022-09-21T20:18:23.385+0000] {processor.py:758} INFO - Processing file /opt/airflow/dags/extract.py for tasks to queue
[2022-09-21T20:18:23.386+0000] {logging_mixin.py:117} INFO - [2022-09-21T20:18:23.386+0000] {dagbag.py:525} INFO - Filling up the DagBag from /opt/airflow/dags/extract.py
[2022-09-21T20:18:23.596+0000] {processor.py:768} INFO - DAG(s) dict_keys(['extract']) retrieved from /opt/airflow/dags/extract.py
[2022-09-21T20:18:23.672+0000] {logging_mixin.py:117} INFO - [2022-09-21T20:18:23.672+0000] {dag.py:2573} INFO - Sync 1 DAGs
[2022-09-21T20:18:23.717+0000] {logging_mixin.py:117} INFO - [2022-09-21T20:18:23.716+0000] {dag.py:3328} INFO - Setting next_dagrun for extract to None, run_after=None
[2022-09-21T20:18:23.741+0000] {processor.py:178} INFO - Processing /opt/airflow/dags/extract.py took 0.364 seconds
[2022-09-21T20:18:53.910+0000] {processor.py:156} INFO - Started process (PID=582) to work on /opt/airflow/dags/extract.py
[2022-09-21T20:18:53.911+0000] {processor.py:758} INFO - Processing file /opt/airflow/dags/extract.py for tasks to queue
[2022-09-21T20:18:53.911+0000] {logging_mixin.py:117} INFO - [2022-09-21T20:18:53.911+0000] {dagbag.py:525} INFO - Filling up the DagBag from /opt/airflow/dags/extract.py
[2022-09-21T20:18:54.013+0000] {processor.py:768} INFO - DAG(s) dict_keys(['extract']) retrieved from /opt/airflow/dags/extract.py
[2022-09-21T20:18:54.081+0000] {logging_mixin.py:117} INFO - [2022-09-21T20:18:54.080+0000] {dag.py:2573} INFO - Sync 1 DAGs
[2022-09-21T20:18:54.142+0000] {logging_mixin.py:117} INFO - [2022-09-21T20:18:54.142+0000] {dag.py:3328} INFO - Setting next_dagrun for extract to None, run_after=None
[2022-09-21T20:18:54.189+0000] {processor.py:178} INFO - Processing /opt/airflow/dags/extract.py took 0.283 seconds
[2022-09-21T20:19:24.412+0000] {processor.py:156} INFO - Started process (PID=601) to work on /opt/airflow/dags/extract.py
[2022-09-21T20:19:24.414+0000] {processor.py:758} INFO - Processing file /opt/airflow/dags/extract.py for tasks to queue
[2022-09-21T20:19:24.415+0000] {logging_mixin.py:117} INFO - [2022-09-21T20:19:24.414+0000] {dagbag.py:525} INFO - Filling up the DagBag from /opt/airflow/dags/extract.py
[2022-09-21T20:19:24.520+0000] {processor.py:768} INFO - DAG(s) dict_keys(['extract']) retrieved from /opt/airflow/dags/extract.py
[2022-09-21T20:19:24.578+0000] {logging_mixin.py:117} INFO - [2022-09-21T20:19:24.578+0000] {dag.py:2573} INFO - Sync 1 DAGs
[2022-09-21T20:19:24.613+0000] {logging_mixin.py:117} INFO - [2022-09-21T20:19:24.613+0000] {dag.py:3328} INFO - Setting next_dagrun for extract to None, run_after=None
[2022-09-21T20:19:24.637+0000] {processor.py:178} INFO - Processing /opt/airflow/dags/extract.py took 0.231 seconds
[2022-09-21T20:19:54.835+0000] {processor.py:156} INFO - Started process (PID=629) to work on /opt/airflow/dags/extract.py
[2022-09-21T20:19:54.836+0000] {processor.py:758} INFO - Processing file /opt/airflow/dags/extract.py for tasks to queue
[2022-09-21T20:19:54.837+0000] {logging_mixin.py:117} INFO - [2022-09-21T20:19:54.837+0000] {dagbag.py:525} INFO - Filling up the DagBag from /opt/airflow/dags/extract.py
[2022-09-21T20:19:54.950+0000] {processor.py:768} INFO - DAG(s) dict_keys(['extract']) retrieved from /opt/airflow/dags/extract.py
[2022-09-21T20:19:55.004+0000] {logging_mixin.py:117} INFO - [2022-09-21T20:19:55.004+0000] {dag.py:2573} INFO - Sync 1 DAGs
[2022-09-21T20:19:55.041+0000] {logging_mixin.py:117} INFO - [2022-09-21T20:19:55.041+0000] {dag.py:3328} INFO - Setting next_dagrun for extract to None, run_after=None
[2022-09-21T20:19:55.065+0000] {processor.py:178} INFO - Processing /opt/airflow/dags/extract.py took 0.235 seconds
[2022-09-21T20:20:25.267+0000] {processor.py:156} INFO - Started process (PID=648) to work on /opt/airflow/dags/extract.py
[2022-09-21T20:20:25.268+0000] {processor.py:758} INFO - Processing file /opt/airflow/dags/extract.py for tasks to queue
[2022-09-21T20:20:25.269+0000] {logging_mixin.py:117} INFO - [2022-09-21T20:20:25.268+0000] {dagbag.py:525} INFO - Filling up the DagBag from /opt/airflow/dags/extract.py
[2022-09-21T20:20:25.371+0000] {processor.py:768} INFO - DAG(s) dict_keys(['extract']) retrieved from /opt/airflow/dags/extract.py
[2022-09-21T20:20:25.422+0000] {logging_mixin.py:117} INFO - [2022-09-21T20:20:25.422+0000] {dag.py:2573} INFO - Sync 1 DAGs
[2022-09-21T20:20:25.459+0000] {logging_mixin.py:117} INFO - [2022-09-21T20:20:25.459+0000] {dag.py:3328} INFO - Setting next_dagrun for extract to None, run_after=None
[2022-09-21T20:20:25.483+0000] {processor.py:178} INFO - Processing /opt/airflow/dags/extract.py took 0.221 seconds
[2022-09-21T20:20:55.674+0000] {processor.py:156} INFO - Started process (PID=676) to work on /opt/airflow/dags/extract.py
[2022-09-21T20:20:55.677+0000] {processor.py:758} INFO - Processing file /opt/airflow/dags/extract.py for tasks to queue
[2022-09-21T20:20:55.678+0000] {logging_mixin.py:117} INFO - [2022-09-21T20:20:55.677+0000] {dagbag.py:525} INFO - Filling up the DagBag from /opt/airflow/dags/extract.py
[2022-09-21T20:20:55.787+0000] {processor.py:768} INFO - DAG(s) dict_keys(['extract']) retrieved from /opt/airflow/dags/extract.py
[2022-09-21T20:20:55.843+0000] {logging_mixin.py:117} INFO - [2022-09-21T20:20:55.843+0000] {dag.py:2573} INFO - Sync 1 DAGs
[2022-09-21T20:20:55.885+0000] {logging_mixin.py:117} INFO - [2022-09-21T20:20:55.885+0000] {dag.py:3328} INFO - Setting next_dagrun for extract to None, run_after=None
[2022-09-21T20:20:55.922+0000] {processor.py:178} INFO - Processing /opt/airflow/dags/extract.py took 0.252 seconds
[2022-09-21T20:21:26.141+0000] {processor.py:156} INFO - Started process (PID=695) to work on /opt/airflow/dags/extract.py
[2022-09-21T20:21:26.142+0000] {processor.py:758} INFO - Processing file /opt/airflow/dags/extract.py for tasks to queue
[2022-09-21T20:21:26.143+0000] {logging_mixin.py:117} INFO - [2022-09-21T20:21:26.143+0000] {dagbag.py:525} INFO - Filling up the DagBag from /opt/airflow/dags/extract.py
[2022-09-21T20:21:26.274+0000] {processor.py:768} INFO - DAG(s) dict_keys(['extract']) retrieved from /opt/airflow/dags/extract.py
[2022-09-21T20:21:26.338+0000] {logging_mixin.py:117} INFO - [2022-09-21T20:21:26.338+0000] {dag.py:2573} INFO - Sync 1 DAGs
[2022-09-21T20:21:26.389+0000] {logging_mixin.py:117} INFO - [2022-09-21T20:21:26.389+0000] {dag.py:3328} INFO - Setting next_dagrun for extract to None, run_after=None
[2022-09-21T20:21:26.411+0000] {processor.py:178} INFO - Processing /opt/airflow/dags/extract.py took 0.277 seconds
[2022-09-21T20:21:56.610+0000] {processor.py:156} INFO - Started process (PID=723) to work on /opt/airflow/dags/extract.py
[2022-09-21T20:21:56.618+0000] {processor.py:758} INFO - Processing file /opt/airflow/dags/extract.py for tasks to queue
[2022-09-21T20:21:56.619+0000] {logging_mixin.py:117} INFO - [2022-09-21T20:21:56.618+0000] {dagbag.py:525} INFO - Filling up the DagBag from /opt/airflow/dags/extract.py
[2022-09-21T20:21:56.724+0000] {processor.py:768} INFO - DAG(s) dict_keys(['extract']) retrieved from /opt/airflow/dags/extract.py
[2022-09-21T20:21:56.837+0000] {logging_mixin.py:117} INFO - [2022-09-21T20:21:56.837+0000] {dag.py:2573} INFO - Sync 1 DAGs
[2022-09-21T20:21:56.872+0000] {logging_mixin.py:117} INFO - [2022-09-21T20:21:56.872+0000] {dag.py:3328} INFO - Setting next_dagrun for extract to None, run_after=None
[2022-09-21T20:21:56.898+0000] {processor.py:178} INFO - Processing /opt/airflow/dags/extract.py took 0.292 seconds
[2022-09-21T20:22:27.094+0000] {processor.py:156} INFO - Started process (PID=742) to work on /opt/airflow/dags/extract.py
[2022-09-21T20:22:27.095+0000] {processor.py:758} INFO - Processing file /opt/airflow/dags/extract.py for tasks to queue
[2022-09-21T20:22:27.096+0000] {logging_mixin.py:117} INFO - [2022-09-21T20:22:27.096+0000] {dagbag.py:525} INFO - Filling up the DagBag from /opt/airflow/dags/extract.py
[2022-09-21T20:22:27.215+0000] {processor.py:768} INFO - DAG(s) dict_keys(['extract']) retrieved from /opt/airflow/dags/extract.py
[2022-09-21T20:22:27.267+0000] {logging_mixin.py:117} INFO - [2022-09-21T20:22:27.267+0000] {dag.py:2573} INFO - Sync 1 DAGs
[2022-09-21T20:22:27.303+0000] {logging_mixin.py:117} INFO - [2022-09-21T20:22:27.303+0000] {dag.py:3328} INFO - Setting next_dagrun for extract to None, run_after=None
[2022-09-21T20:22:27.334+0000] {processor.py:178} INFO - Processing /opt/airflow/dags/extract.py took 0.244 seconds
[2022-09-21T20:22:57.525+0000] {processor.py:156} INFO - Started process (PID=770) to work on /opt/airflow/dags/extract.py
[2022-09-21T20:22:57.526+0000] {processor.py:758} INFO - Processing file /opt/airflow/dags/extract.py for tasks to queue
[2022-09-21T20:22:57.527+0000] {logging_mixin.py:117} INFO - [2022-09-21T20:22:57.527+0000] {dagbag.py:525} INFO - Filling up the DagBag from /opt/airflow/dags/extract.py
[2022-09-21T20:22:57.660+0000] {processor.py:768} INFO - DAG(s) dict_keys(['extract']) retrieved from /opt/airflow/dags/extract.py
[2022-09-21T20:22:57.741+0000] {logging_mixin.py:117} INFO - [2022-09-21T20:22:57.741+0000] {dag.py:2573} INFO - Sync 1 DAGs
[2022-09-21T20:22:57.783+0000] {logging_mixin.py:117} INFO - [2022-09-21T20:22:57.783+0000] {dag.py:3328} INFO - Setting next_dagrun for extract to None, run_after=None
[2022-09-21T20:22:57.813+0000] {processor.py:178} INFO - Processing /opt/airflow/dags/extract.py took 0.294 seconds
[2022-09-21T20:23:28.011+0000] {processor.py:156} INFO - Started process (PID=789) to work on /opt/airflow/dags/extract.py
[2022-09-21T20:23:28.017+0000] {processor.py:758} INFO - Processing file /opt/airflow/dags/extract.py for tasks to queue
[2022-09-21T20:23:28.018+0000] {logging_mixin.py:117} INFO - [2022-09-21T20:23:28.018+0000] {dagbag.py:525} INFO - Filling up the DagBag from /opt/airflow/dags/extract.py
[2022-09-21T20:23:28.129+0000] {processor.py:768} INFO - DAG(s) dict_keys(['extract']) retrieved from /opt/airflow/dags/extract.py
[2022-09-21T20:23:28.188+0000] {logging_mixin.py:117} INFO - [2022-09-21T20:23:28.188+0000] {dag.py:2573} INFO - Sync 1 DAGs
[2022-09-21T20:23:28.228+0000] {logging_mixin.py:117} INFO - [2022-09-21T20:23:28.228+0000] {dag.py:3328} INFO - Setting next_dagrun for extract to None, run_after=None
[2022-09-21T20:23:28.252+0000] {processor.py:178} INFO - Processing /opt/airflow/dags/extract.py took 0.245 seconds
[2022-09-21T20:23:58.471+0000] {processor.py:156} INFO - Started process (PID=817) to work on /opt/airflow/dags/extract.py
[2022-09-21T20:23:58.480+0000] {processor.py:758} INFO - Processing file /opt/airflow/dags/extract.py for tasks to queue
[2022-09-21T20:23:58.481+0000] {logging_mixin.py:117} INFO - [2022-09-21T20:23:58.480+0000] {dagbag.py:525} INFO - Filling up the DagBag from /opt/airflow/dags/extract.py
[2022-09-21T20:23:58.585+0000] {processor.py:768} INFO - DAG(s) dict_keys(['extract']) retrieved from /opt/airflow/dags/extract.py
[2022-09-21T20:23:58.643+0000] {logging_mixin.py:117} INFO - [2022-09-21T20:23:58.643+0000] {dag.py:2573} INFO - Sync 1 DAGs
[2022-09-21T20:23:58.682+0000] {logging_mixin.py:117} INFO - [2022-09-21T20:23:58.681+0000] {dag.py:3328} INFO - Setting next_dagrun for extract to None, run_after=None
[2022-09-21T20:23:58.704+0000] {processor.py:178} INFO - Processing /opt/airflow/dags/extract.py took 0.244 seconds
[2022-09-21T20:24:28.901+0000] {processor.py:156} INFO - Started process (PID=836) to work on /opt/airflow/dags/extract.py
[2022-09-21T20:24:28.908+0000] {processor.py:758} INFO - Processing file /opt/airflow/dags/extract.py for tasks to queue
[2022-09-21T20:24:28.909+0000] {logging_mixin.py:117} INFO - [2022-09-21T20:24:28.909+0000] {dagbag.py:525} INFO - Filling up the DagBag from /opt/airflow/dags/extract.py
[2022-09-21T20:24:29.011+0000] {processor.py:768} INFO - DAG(s) dict_keys(['extract']) retrieved from /opt/airflow/dags/extract.py
[2022-09-21T20:24:29.064+0000] {logging_mixin.py:117} INFO - [2022-09-21T20:24:29.064+0000] {dag.py:2573} INFO - Sync 1 DAGs
[2022-09-21T20:24:29.099+0000] {logging_mixin.py:117} INFO - [2022-09-21T20:24:29.099+0000] {dag.py:3328} INFO - Setting next_dagrun for extract to None, run_after=None
[2022-09-21T20:24:29.129+0000] {processor.py:178} INFO - Processing /opt/airflow/dags/extract.py took 0.232 seconds
[2022-09-21T20:24:47.012+0000] {processor.py:156} INFO - Started process (PID=855) to work on /opt/airflow/dags/extract.py
[2022-09-21T20:24:47.013+0000] {processor.py:758} INFO - Processing file /opt/airflow/dags/extract.py for tasks to queue
[2022-09-21T20:24:47.015+0000] {logging_mixin.py:117} INFO - [2022-09-21T20:24:47.014+0000] {dagbag.py:525} INFO - Filling up the DagBag from /opt/airflow/dags/extract.py
[2022-09-21T20:24:47.146+0000] {processor.py:768} INFO - DAG(s) dict_keys(['extract']) retrieved from /opt/airflow/dags/extract.py
[2022-09-21T20:24:47.200+0000] {logging_mixin.py:117} INFO - [2022-09-21T20:24:47.200+0000] {dag.py:2573} INFO - Sync 1 DAGs
[2022-09-21T20:24:47.234+0000] {logging_mixin.py:117} INFO - [2022-09-21T20:24:47.234+0000] {dag.py:3328} INFO - Setting next_dagrun for extract to None, run_after=None
[2022-09-21T20:24:47.263+0000] {processor.py:178} INFO - Processing /opt/airflow/dags/extract.py took 0.255 seconds
[2022-09-21T20:25:17.423+0000] {processor.py:156} INFO - Started process (PID=875) to work on /opt/airflow/dags/extract.py
[2022-09-21T20:25:17.431+0000] {processor.py:758} INFO - Processing file /opt/airflow/dags/extract.py for tasks to queue
[2022-09-21T20:25:17.432+0000] {logging_mixin.py:117} INFO - [2022-09-21T20:25:17.432+0000] {dagbag.py:525} INFO - Filling up the DagBag from /opt/airflow/dags/extract.py
[2022-09-21T20:25:17.564+0000] {processor.py:768} INFO - DAG(s) dict_keys(['extract']) retrieved from /opt/airflow/dags/extract.py
[2022-09-21T20:25:17.678+0000] {logging_mixin.py:117} INFO - [2022-09-21T20:25:17.678+0000] {dag.py:2573} INFO - Sync 1 DAGs
[2022-09-21T20:25:17.713+0000] {logging_mixin.py:117} INFO - [2022-09-21T20:25:17.713+0000] {dag.py:3328} INFO - Setting next_dagrun for extract to None, run_after=None
[2022-09-21T20:25:17.741+0000] {processor.py:178} INFO - Processing /opt/airflow/dags/extract.py took 0.323 seconds
[2022-09-21T20:25:47.903+0000] {processor.py:156} INFO - Started process (PID=902) to work on /opt/airflow/dags/extract.py
[2022-09-21T20:25:47.911+0000] {processor.py:758} INFO - Processing file /opt/airflow/dags/extract.py for tasks to queue
[2022-09-21T20:25:47.912+0000] {logging_mixin.py:117} INFO - [2022-09-21T20:25:47.912+0000] {dagbag.py:525} INFO - Filling up the DagBag from /opt/airflow/dags/extract.py
[2022-09-21T20:25:48.030+0000] {processor.py:768} INFO - DAG(s) dict_keys(['extract']) retrieved from /opt/airflow/dags/extract.py
[2022-09-21T20:25:48.086+0000] {logging_mixin.py:117} INFO - [2022-09-21T20:25:48.086+0000] {dag.py:2573} INFO - Sync 1 DAGs
[2022-09-21T20:25:48.122+0000] {logging_mixin.py:117} INFO - [2022-09-21T20:25:48.121+0000] {dag.py:3328} INFO - Setting next_dagrun for extract to None, run_after=None
[2022-09-21T20:25:48.144+0000] {processor.py:178} INFO - Processing /opt/airflow/dags/extract.py took 0.246 seconds
[2022-09-21T20:26:18.347+0000] {processor.py:156} INFO - Started process (PID=920) to work on /opt/airflow/dags/extract.py
[2022-09-21T20:26:18.348+0000] {processor.py:758} INFO - Processing file /opt/airflow/dags/extract.py for tasks to queue
[2022-09-21T20:26:18.349+0000] {logging_mixin.py:117} INFO - [2022-09-21T20:26:18.349+0000] {dagbag.py:525} INFO - Filling up the DagBag from /opt/airflow/dags/extract.py
[2022-09-21T20:26:18.454+0000] {processor.py:768} INFO - DAG(s) dict_keys(['extract']) retrieved from /opt/airflow/dags/extract.py
[2022-09-21T20:26:18.505+0000] {logging_mixin.py:117} INFO - [2022-09-21T20:26:18.505+0000] {dag.py:2573} INFO - Sync 1 DAGs
[2022-09-21T20:26:18.541+0000] {logging_mixin.py:117} INFO - [2022-09-21T20:26:18.541+0000] {dag.py:3328} INFO - Setting next_dagrun for extract to None, run_after=None
[2022-09-21T20:26:18.566+0000] {processor.py:178} INFO - Processing /opt/airflow/dags/extract.py took 0.223 seconds
