[2022-09-24T19:11:28.147+0000] {taskinstance.py:1165} INFO - Dependencies all met for <TaskInstance: dbt_dag.dbt_run manual__2022-09-24T19:06:25.452518+00:00 [queued]>
[2022-09-24T19:11:28.160+0000] {taskinstance.py:1165} INFO - Dependencies all met for <TaskInstance: dbt_dag.dbt_run manual__2022-09-24T19:06:25.452518+00:00 [queued]>
[2022-09-24T19:11:28.161+0000] {taskinstance.py:1362} INFO - 
--------------------------------------------------------------------------------
[2022-09-24T19:11:28.161+0000] {taskinstance.py:1363} INFO - Starting attempt 2 of 2
[2022-09-24T19:11:28.161+0000] {taskinstance.py:1364} INFO - 
--------------------------------------------------------------------------------
[2022-09-24T19:11:28.181+0000] {taskinstance.py:1383} INFO - Executing <Task(BashOperator): dbt_run> on 2022-09-24 19:06:25.452518+00:00
[2022-09-24T19:11:28.186+0000] {standard_task_runner.py:54} INFO - Started process 389 to run task
[2022-09-24T19:11:28.191+0000] {standard_task_runner.py:82} INFO - Running: ['***', 'tasks', 'run', 'dbt_dag', 'dbt_run', 'manual__2022-09-24T19:06:25.452518+00:00', '--job-id', '120', '--raw', '--subdir', 'DAGS_FOLDER/dbt_dag.py', '--cfg-path', '/tmp/tmphd3y6yn6']
[2022-09-24T19:11:28.191+0000] {standard_task_runner.py:83} INFO - Job 120: Subtask dbt_run
[2022-09-24T19:11:28.192+0000] {dagbag.py:525} INFO - Filling up the DagBag from /opt/***/dags/dbt_dag.py
[2022-09-24T19:11:28.334+0000] {task_command.py:384} INFO - Running <TaskInstance: dbt_dag.dbt_run manual__2022-09-24T19:06:25.452518+00:00 [running]> on host 1e3e39d515da
[2022-09-24T19:11:28.499+0000] {taskinstance.py:1592} INFO - Exporting the following env vars:
AIRFLOW_CTX_DAG_EMAIL=isaaclucky88@gmail.com
AIRFLOW_CTX_DAG_OWNER=astronomer
AIRFLOW_CTX_DAG_ID=dbt_dag
AIRFLOW_CTX_TASK_ID=dbt_run
AIRFLOW_CTX_EXECUTION_DATE=2022-09-24T19:06:25.452518+00:00
AIRFLOW_CTX_TRY_NUMBER=2
AIRFLOW_CTX_DAG_RUN_ID=manual__2022-09-24T19:06:25.452518+00:00
[2022-09-24T19:11:28.501+0000] {subprocess.py:63} INFO - Tmp dir root location: 
 /tmp
[2022-09-24T19:11:28.502+0000] {subprocess.py:75} INFO - Running command: ['/bin/bash', '-c', 'dbt run']
[2022-09-24T19:11:28.516+0000] {subprocess.py:86} INFO - Output:
[2022-09-24T19:11:33.704+0000] {subprocess.py:93} INFO - [0m19:11:33  Encountered an error:
[2022-09-24T19:11:33.704+0000] {subprocess.py:93} INFO - Runtime Error
[2022-09-24T19:11:33.705+0000] {subprocess.py:93} INFO -   fatal: Not a dbt project (or any of the parent directories). Missing dbt_project.yml file
[2022-09-24T19:11:33.706+0000] {subprocess.py:93} INFO - [0m19:11:33  Traceback (most recent call last):
[2022-09-24T19:11:33.706+0000] {subprocess.py:93} INFO -   File "/home/***/.local/lib/python3.7/site-packages/dbt/main.py", line 129, in main
[2022-09-24T19:11:33.706+0000] {subprocess.py:93} INFO -     results, succeeded = handle_and_check(args)
[2022-09-24T19:11:33.706+0000] {subprocess.py:93} INFO -   File "/home/***/.local/lib/python3.7/site-packages/dbt/main.py", line 191, in handle_and_check
[2022-09-24T19:11:33.706+0000] {subprocess.py:93} INFO -     task, res = run_from_args(parsed)
[2022-09-24T19:11:33.707+0000] {subprocess.py:93} INFO -   File "/home/***/.local/lib/python3.7/site-packages/dbt/main.py", line 218, in run_from_args
[2022-09-24T19:11:33.707+0000] {subprocess.py:93} INFO -     task = parsed.cls.from_args(args=parsed)
[2022-09-24T19:11:33.707+0000] {subprocess.py:93} INFO -   File "/home/***/.local/lib/python3.7/site-packages/dbt/task/base.py", line 184, in from_args
[2022-09-24T19:11:33.707+0000] {subprocess.py:93} INFO -     move_to_nearest_project_dir(args)
[2022-09-24T19:11:33.707+0000] {subprocess.py:93} INFO -   File "/home/***/.local/lib/python3.7/site-packages/dbt/task/base.py", line 171, in move_to_nearest_project_dir
[2022-09-24T19:11:33.708+0000] {subprocess.py:93} INFO -     nearest_project_dir = get_nearest_project_dir(args)
[2022-09-24T19:11:33.708+0000] {subprocess.py:93} INFO -   File "/home/***/.local/lib/python3.7/site-packages/dbt/task/base.py", line 165, in get_nearest_project_dir
[2022-09-24T19:11:33.708+0000] {subprocess.py:93} INFO -     "fatal: Not a dbt project (or any of the parent directories). "
[2022-09-24T19:11:33.708+0000] {subprocess.py:93} INFO - dbt.exceptions.RuntimeException: Runtime Error
[2022-09-24T19:11:33.708+0000] {subprocess.py:93} INFO -   fatal: Not a dbt project (or any of the parent directories). Missing dbt_project.yml file
[2022-09-24T19:11:33.709+0000] {subprocess.py:93} INFO - 
[2022-09-24T19:11:33.884+0000] {subprocess.py:97} INFO - Command exited with return code 2
[2022-09-24T19:11:33.906+0000] {taskinstance.py:1851} ERROR - Task failed with exception
Traceback (most recent call last):
  File "/home/airflow/.local/lib/python3.7/site-packages/airflow/operators/bash.py", line 197, in execute
    f'Bash command failed. The command returned a non-zero exit code {result.exit_code}.'
airflow.exceptions.AirflowException: Bash command failed. The command returned a non-zero exit code 2.
[2022-09-24T19:11:33.912+0000] {taskinstance.py:1406} INFO - Marking task as FAILED. dag_id=dbt_dag, task_id=dbt_run, execution_date=20220924T190625, start_date=20220924T191128, end_date=20220924T191133
[2022-09-24T19:11:33.936+0000] {standard_task_runner.py:107} ERROR - Failed to execute job 120 for task dbt_run (Bash command failed. The command returned a non-zero exit code 2.; 389)
[2022-09-24T19:11:33.972+0000] {local_task_job.py:164} INFO - Task exited with return code 1
[2022-09-24T19:11:34.012+0000] {local_task_job.py:273} INFO - 0 downstream tasks scheduled from follow-on schedule check
