[2022-09-23T21:20:59.620+0000] {taskinstance.py:1165} INFO - Dependencies all met for <TaskInstance: extract.extract_data manual__2022-09-23T21:20:55.634499+00:00 [queued]>
[2022-09-23T21:20:59.647+0000] {taskinstance.py:1165} INFO - Dependencies all met for <TaskInstance: extract.extract_data manual__2022-09-23T21:20:55.634499+00:00 [queued]>
[2022-09-23T21:20:59.647+0000] {taskinstance.py:1362} INFO - 
--------------------------------------------------------------------------------
[2022-09-23T21:20:59.647+0000] {taskinstance.py:1363} INFO - Starting attempt 1 of 1
[2022-09-23T21:20:59.647+0000] {taskinstance.py:1364} INFO - 
--------------------------------------------------------------------------------
[2022-09-23T21:20:59.687+0000] {taskinstance.py:1383} INFO - Executing <Task(PostgresOperator): extract_data> on 2022-09-23 21:20:55.634499+00:00
[2022-09-23T21:20:59.696+0000] {standard_task_runner.py:54} INFO - Started process 135 to run task
[2022-09-23T21:20:59.702+0000] {standard_task_runner.py:82} INFO - Running: ['***', 'tasks', 'run', 'extract', 'extract_data', 'manual__2022-09-23T21:20:55.634499+00:00', '--job-id', '5', '--raw', '--subdir', 'DAGS_FOLDER/extract.py', '--cfg-path', '/tmp/tmpxfmxhjb9']
[2022-09-23T21:20:59.702+0000] {standard_task_runner.py:83} INFO - Job 5: Subtask extract_data
[2022-09-23T21:20:59.704+0000] {dagbag.py:525} INFO - Filling up the DagBag from /opt/***/dags/extract.py
[2022-09-23T21:21:00.519+0000] {task_command.py:384} INFO - Running <TaskInstance: extract.extract_data manual__2022-09-23T21:20:55.634499+00:00 [running]> on host 5a2e1a5b1229
[2022-09-23T21:21:00.813+0000] {taskinstance.py:1592} INFO - Exporting the following env vars:
AIRFLOW_CTX_DAG_EMAIL=isaaclucky88@gmail.com
AIRFLOW_CTX_DAG_OWNER=yishaktadele
AIRFLOW_CTX_DAG_ID=extract
AIRFLOW_CTX_TASK_ID=extract_data
AIRFLOW_CTX_EXECUTION_DATE=2022-09-23T21:20:55.634499+00:00
AIRFLOW_CTX_TRY_NUMBER=1
AIRFLOW_CTX_DAG_RUN_ID=manual__2022-09-23T21:20:55.634499+00:00
[2022-09-23T21:21:00.852+0000] {base.py:71} INFO - Using connection ID 'postgres' for task execution.
[2022-09-23T21:21:00.857+0000] {sql.py:315} INFO - Running statement: COPY objects(track_id, type,traveled_d, avg_speed, lat, lon, speed, lon_acc, lat_acc, time)
FROM '/data/d1_0830_0900.csv'
DELIMITER ','
CSV HEADER;, parameters: None
[2022-09-23T21:21:00.875+0000] {sql.py:324} INFO - Rows affected: 922
[2022-09-23T21:21:00.904+0000] {taskinstance.py:1406} INFO - Marking task as SUCCESS. dag_id=extract, task_id=extract_data, execution_date=20220923T212055, start_date=20220923T212059, end_date=20220923T212100
[2022-09-23T21:21:00.957+0000] {local_task_job.py:164} INFO - Task exited with return code 0
[2022-09-23T21:21:01.000+0000] {local_task_job.py:273} INFO - 1 downstream tasks scheduled from follow-on schedule check
