[2022-09-25T06:56:23.734+0000] {taskinstance.py:1165} INFO - Dependencies all met for <TaskInstance: dbt_dag.model.migrate_to_dbt.view_data scheduled__2020-12-28T00:00:00+00:00 [queued]>
[2022-09-25T06:56:23.868+0000] {taskinstance.py:1165} INFO - Dependencies all met for <TaskInstance: dbt_dag.model.migrate_to_dbt.view_data scheduled__2020-12-28T00:00:00+00:00 [queued]>
[2022-09-25T06:56:23.874+0000] {taskinstance.py:1362} INFO - 
--------------------------------------------------------------------------------
[2022-09-25T06:56:23.877+0000] {taskinstance.py:1363} INFO - Starting attempt 1 of 2
[2022-09-25T06:56:23.877+0000] {taskinstance.py:1364} INFO - 
--------------------------------------------------------------------------------
[2022-09-25T06:56:23.952+0000] {taskinstance.py:1383} INFO - Executing <Task(BashOperator): model.migrate_to_dbt.view_data> on 2020-12-28 00:00:00+00:00
[2022-09-25T06:56:23.980+0000] {standard_task_runner.py:54} INFO - Started process 1401 to run task
[2022-09-25T06:56:23.998+0000] {standard_task_runner.py:82} INFO - Running: ['***', 'tasks', 'run', 'dbt_dag', 'model.migrate_to_dbt.view_data', 'scheduled__2020-12-28T00:00:00+00:00', '--job-id', '28', '--raw', '--subdir', 'DAGS_FOLDER/dbt_dag.py', '--cfg-path', '/tmp/tmpj_cdpata']
[2022-09-25T06:56:24.003+0000] {standard_task_runner.py:83} INFO - Job 28: Subtask model.migrate_to_dbt.view_data
[2022-09-25T06:56:24.013+0000] {dagbag.py:525} INFO - Filling up the DagBag from /opt/***/dags/dbt_dag.py
[2022-09-25T06:56:24.313+0000] {task_command.py:384} INFO - Running <TaskInstance: dbt_dag.model.migrate_to_dbt.view_data scheduled__2020-12-28T00:00:00+00:00 [running]> on host 5aeb3e9582c2
[2022-09-25T06:56:24.616+0000] {taskinstance.py:1592} INFO - Exporting the following env vars:
AIRFLOW_CTX_DAG_EMAIL=isaaclucky88@gmail.com
AIRFLOW_CTX_DAG_OWNER=astronomer
AIRFLOW_CTX_DAG_ID=dbt_dag
AIRFLOW_CTX_TASK_ID=model.migrate_to_dbt.view_data
AIRFLOW_CTX_EXECUTION_DATE=2020-12-28T00:00:00+00:00
AIRFLOW_CTX_TRY_NUMBER=1
AIRFLOW_CTX_DAG_RUN_ID=scheduled__2020-12-28T00:00:00+00:00
[2022-09-25T06:56:24.619+0000] {subprocess.py:63} INFO - Tmp dir root location: 
 /tmp
[2022-09-25T06:56:24.621+0000] {subprocess.py:75} INFO - Running command: ['/bin/bash', '-c', '\n            cd /opt/***/migrate_to_dbt &&\n            dbt --no-write-json run --target prod --models view_data\n            ']
[2022-09-25T06:56:24.684+0000] {subprocess.py:86} INFO - Output:
[2022-09-25T06:56:24.700+0000] {subprocess.py:93} INFO - /bin/bash: line 3: dbt: command not found
[2022-09-25T06:56:24.704+0000] {subprocess.py:97} INFO - Command exited with return code 127
[2022-09-25T06:56:24.754+0000] {taskinstance.py:1851} ERROR - Task failed with exception
Traceback (most recent call last):
  File "/home/airflow/.local/lib/python3.7/site-packages/airflow/operators/bash.py", line 197, in execute
    f'Bash command failed. The command returned a non-zero exit code {result.exit_code}.'
airflow.exceptions.AirflowException: Bash command failed. The command returned a non-zero exit code 127.
[2022-09-25T06:56:24.768+0000] {taskinstance.py:1406} INFO - Marking task as UP_FOR_RETRY. dag_id=dbt_dag, task_id=model.migrate_to_dbt.view_data, execution_date=20201228T000000, start_date=20220925T065623, end_date=20220925T065624
[2022-09-25T06:56:24.831+0000] {standard_task_runner.py:107} ERROR - Failed to execute job 28 for task model.migrate_to_dbt.view_data (Bash command failed. The command returned a non-zero exit code 127.; 1401)
[2022-09-25T06:56:24.888+0000] {local_task_job.py:164} INFO - Task exited with return code 1
[2022-09-25T06:56:25.231+0000] {local_task_job.py:273} INFO - 0 downstream tasks scheduled from follow-on schedule check
[2022-09-25T12:33:19.063+0000] {taskinstance.py:1165} INFO - Dependencies all met for <TaskInstance: dbt_dag.model.migrate_to_dbt.view_data scheduled__2020-12-28T00:00:00+00:00 [queued]>
[2022-09-25T12:33:19.082+0000] {taskinstance.py:1165} INFO - Dependencies all met for <TaskInstance: dbt_dag.model.migrate_to_dbt.view_data scheduled__2020-12-28T00:00:00+00:00 [queued]>
[2022-09-25T12:33:19.082+0000] {taskinstance.py:1362} INFO - 
--------------------------------------------------------------------------------
[2022-09-25T12:33:19.083+0000] {taskinstance.py:1363} INFO - Starting attempt 1 of 2
[2022-09-25T12:33:19.083+0000] {taskinstance.py:1364} INFO - 
--------------------------------------------------------------------------------
[2022-09-25T12:33:19.100+0000] {taskinstance.py:1383} INFO - Executing <Task(BashOperator): model.migrate_to_dbt.view_data> on 2020-12-28 00:00:00+00:00
[2022-09-25T12:33:19.107+0000] {standard_task_runner.py:54} INFO - Started process 176 to run task
[2022-09-25T12:33:19.110+0000] {standard_task_runner.py:82} INFO - Running: ['***', 'tasks', 'run', 'dbt_dag', 'model.migrate_to_dbt.view_data', 'scheduled__2020-12-28T00:00:00+00:00', '--job-id', '22', '--raw', '--subdir', 'DAGS_FOLDER/dbt_dag.py', '--cfg-path', '/tmp/tmp8vy_6zgz']
[2022-09-25T12:33:19.111+0000] {standard_task_runner.py:83} INFO - Job 22: Subtask model.migrate_to_dbt.view_data
[2022-09-25T12:33:19.111+0000] {dagbag.py:525} INFO - Filling up the DagBag from /opt/***/dags/dbt_dag.py
[2022-09-25T12:33:19.207+0000] {task_command.py:384} INFO - Running <TaskInstance: dbt_dag.model.migrate_to_dbt.view_data scheduled__2020-12-28T00:00:00+00:00 [running]> on host c138e22c1d18
[2022-09-25T12:33:19.394+0000] {taskinstance.py:1592} INFO - Exporting the following env vars:
AIRFLOW_CTX_DAG_EMAIL=isaaclucky88@gmail.com
AIRFLOW_CTX_DAG_OWNER=astronomer
AIRFLOW_CTX_DAG_ID=dbt_dag
AIRFLOW_CTX_TASK_ID=model.migrate_to_dbt.view_data
AIRFLOW_CTX_EXECUTION_DATE=2020-12-28T00:00:00+00:00
AIRFLOW_CTX_TRY_NUMBER=1
AIRFLOW_CTX_DAG_RUN_ID=scheduled__2020-12-28T00:00:00+00:00
[2022-09-25T12:33:19.396+0000] {subprocess.py:63} INFO - Tmp dir root location: 
 /tmp
[2022-09-25T12:33:19.398+0000] {subprocess.py:75} INFO - Running command: ['/bin/bash', '-c', '\n            cd /opt/***/migrate_to_dbt &&\n            dbt --no-write-json run --target prod --models view_data\n            ']
[2022-09-25T12:33:19.427+0000] {subprocess.py:86} INFO - Output:
[2022-09-25T12:33:19.432+0000] {subprocess.py:93} INFO - /bin/bash: line 3: dbt: command not found
[2022-09-25T12:33:19.434+0000] {subprocess.py:97} INFO - Command exited with return code 127
[2022-09-25T12:33:19.459+0000] {taskinstance.py:1851} ERROR - Task failed with exception
Traceback (most recent call last):
  File "/home/airflow/.local/lib/python3.7/site-packages/airflow/operators/bash.py", line 197, in execute
    f'Bash command failed. The command returned a non-zero exit code {result.exit_code}.'
airflow.exceptions.AirflowException: Bash command failed. The command returned a non-zero exit code 127.
[2022-09-25T12:33:19.468+0000] {taskinstance.py:1406} INFO - Marking task as UP_FOR_RETRY. dag_id=dbt_dag, task_id=model.migrate_to_dbt.view_data, execution_date=20201228T000000, start_date=20220925T123319, end_date=20220925T123319
[2022-09-25T12:33:19.492+0000] {standard_task_runner.py:107} ERROR - Failed to execute job 22 for task model.migrate_to_dbt.view_data (Bash command failed. The command returned a non-zero exit code 127.; 176)
[2022-09-25T12:33:19.523+0000] {local_task_job.py:164} INFO - Task exited with return code 1
[2022-09-25T12:33:19.795+0000] {local_task_job.py:273} INFO - 0 downstream tasks scheduled from follow-on schedule check
